{"name":"testValidateStudentDashboardAccessControl","status":"failed","statusDetails":{"known":false,"muted":false,"flaky":false,"message":"\nThe following assertion failed:\n1) \nat ParentTestCaseSuite.testValidateStudentDashboardAccessControl(ParentTestCaseSuite.java:116)\n","trace":"org.assertj.core.api.SoftAssertionError: \nThe following assertion failed:\n1) \nat ParentTestCaseSuite.testValidateStudentDashboardAccessControl(ParentTestCaseSuite.java:116)\n\n\tat org.assertj.core.error.AssertionErrorCreator.multipleSoftAssertionsError(AssertionErrorCreator.java:100)\n\tat org.assertj.core.api.AbstractSoftAssertions.assertAll(AbstractSoftAssertions.java:38)\n\tat org.assertj.core.api.AbstractSoftAssertions.assertAll(AbstractSoftAssertions.java:43)\n\tat abekaUISuite.ParentTestCaseSuite.testValidateStudentDashboardAccessControl(ParentTestCaseSuite.java:117)\n\tat java.base/jdk.internal.reflect.NativeMethodAccessorImpl.invoke0(Native Method)\n\tat java.base/jdk.internal.reflect.NativeMethodAccessorImpl.invoke(NativeMethodAccessorImpl.java:78)\n\tat java.base/jdk.internal.reflect.DelegatingMethodAccessorImpl.invoke(DelegatingMethodAccessorImpl.java:43)\n\tat java.base/java.lang.reflect.Method.invoke(Method.java:567)\n\tat org.testng.internal.MethodInvocationHelper.invokeMethod(MethodInvocationHelper.java:133)\n\tat org.testng.internal.TestInvoker.invokeMethod(TestInvoker.java:598)\n\tat org.testng.internal.TestInvoker.invokeTestMethod(TestInvoker.java:173)\n\tat org.testng.internal.MethodRunner.runInSequence(MethodRunner.java:46)\n\tat org.testng.internal.TestInvoker$MethodInvocationAgent.invoke(TestInvoker.java:824)\n\tat org.testng.internal.TestInvoker.invokeTestMethods(TestInvoker.java:146)\n\tat org.testng.internal.TestMethodWorker.invokeTestMethods(TestMethodWorker.java:146)\n\tat org.testng.internal.TestMethodWorker.run(TestMethodWorker.java:128)\n\tat java.base/java.util.ArrayList.forEach(ArrayList.java:1511)\n\tat org.testng.TestRunner.privateRun(TestRunner.java:794)\n\tat org.testng.TestRunner.run(TestRunner.java:596)\n\tat org.testng.SuiteRunner.runTest(SuiteRunner.java:377)\n\tat org.testng.SuiteRunner.runSequentially(SuiteRunner.java:371)\n\tat org.testng.SuiteRunner.privateRun(SuiteRunner.java:332)\n\tat org.testng.SuiteRunner.run(SuiteRunner.java:276)\n\tat org.testng.SuiteRunnerWorker.runSuite(SuiteRunnerWorker.java:53)\n\tat org.testng.SuiteRunnerWorker.run(SuiteRunnerWorker.java:96)\n\tat org.testng.TestNG.runSuitesSequentially(TestNG.java:1212)\n\tat org.testng.TestNG.runSuitesLocally(TestNG.java:1134)\n\tat org.testng.TestNG.runSuites(TestNG.java:1063)\n\tat org.testng.TestNG.run(TestNG.java:1031)\n\tat com.intellij.rt.testng.IDEARemoteTestNG.run(IDEARemoteTestNG.java:66)\n\tat com.intellij.rt.testng.RemoteTestNGStarter.main(RemoteTestNGStarter.java:109)\n"},"stage":"finished","steps":[],"attachments":[],"parameters":[{"name":"arg2","value":""},{"name":"platform","value":"Windows 10"},{"name":"arg1","value":"RCG1234"},{"name":"browser","value":"Chrome"},{"name":"arg0","value":"syed.rcg"}],"start":1622183592984,"stop":1622183592994,"uuid":"0cdb2730-59ae-4b60-b04b-4ab43bcc79c2","historyId":"46a4e71f6c3e341d43d1c67278c2a779","fullName":"abekaUISuite.ParentTestCaseSuite.testValidateStudentDashboardAccessControl","labels":[{"name":"package","value":"abekaUISuite.ParentTestCaseSuite"},{"name":"testClass","value":"abekaUISuite.ParentTestCaseSuite"},{"name":"testMethod","value":"testValidateStudentDashboardAccessControl"},{"name":"parentSuite","value":"All Test Suite"},{"name":"suite","value":"D:/Automation/Framework/AbekaAutomationFW"},{"name":"subSuite","value":"abekaUISuite.ParentTestCaseSuite"},{"name":"host","value":"Admins-MacBook-Pro.local"},{"name":"thread","value":"8611@Admins-MacBook-Pro.local.main(1)"},{"name":"framework","value":"testng"},{"name":"language","value":"java"}],"links":[]}