{"name":"testValidateStudentAbleToWatchVideoStreaming","status":"failed","statusDetails":{"known":false,"muted":false,"flaky":false,"message":"Element not found {By.xpath: (//*[normalize-space(text())='Log in / Create Account' or normalize-space(@value)='Log in / Create Account']|//text()[normalize-space()='Log in / Create Account'])[1]}\nExpected: exist\nScreenshot: file:/Users/admin/Automation/AbekaTemp/QA-Automation/build/reports/tests/1625591161162.3.png\nPage source: file:/Users/admin/Automation/AbekaTemp/QA-Automation/build/reports/tests/1625591161162.3.html\nTimeout: 4 s.\nCaused by: NoSuchElementException: no such element: Unable to locate element: {\"method\":\"xpath\",\"selector\":\"(//*[normalize-space(text())='Log in / Create Account' or normalize-space(@value)='Log in / Create Account']|//text()[normalize-space()='Log in / Create Account'])[1]\"}","trace":"Element not found {By.xpath: (//*[normalize-space(text())='Log in / Create Account' or normalize-space(@value)='Log in / Create Account']|//text()[normalize-space()='Log in / Create Account'])[1]}\nExpected: exist\nScreenshot: file:/Users/admin/Automation/AbekaTemp/QA-Automation/build/reports/tests/1625591161162.3.png\nPage source: file:/Users/admin/Automation/AbekaTemp/QA-Automation/build/reports/tests/1625591161162.3.html\nTimeout: 4 s.\nCaused by: NoSuchElementException: no such element: Unable to locate element: {\"method\":\"xpath\",\"selector\":\"(//*[normalize-space(text())='Log in / Create Account' or normalize-space(@value)='Log in / Create Account']|//text()[normalize-space()='Log in / Create Account'])[1]\"}\n\tat com.codeborne.selenide.impl.WebElementSource.createElementNotFoundError(WebElementSource.java:83)\n\tat com.codeborne.selenide.impl.ElementFinder.createElementNotFoundError(ElementFinder.java:136)\n\tat com.codeborne.selenide.impl.ExceptionWrapper.wrap(ExceptionWrapper.java:32)\n\tat com.codeborne.selenide.impl.SelenideElementProxy.dispatchAndRetry(SelenideElementProxy.java:155)\n\tat com.codeborne.selenide.impl.SelenideElementProxy.invoke(SelenideElementProxy.java:85)\n\tat com.sun.proxy.$Proxy26.getWrappedElement(Unknown Source)\n\tat org.openqa.selenium.remote.internal.WebElementToJsonConverter.apply(WebElementToJsonConverter.java:50)\n\tat java.base/java.util.stream.ReferencePipeline$3$1.accept(ReferencePipeline.java:195)\n\tat java.base/java.util.Spliterators$ArraySpliterator.forEachRemaining(Spliterators.java:948)\n\tat java.base/java.util.stream.AbstractPipeline.copyInto(AbstractPipeline.java:484)\n\tat java.base/java.util.stream.AbstractPipeline.wrapAndCopyInto(AbstractPipeline.java:474)\n\tat java.base/java.util.stream.ReduceOps$ReduceOp.evaluateSequential(ReduceOps.java:913)\n\tat java.base/java.util.stream.AbstractPipeline.evaluate(AbstractPipeline.java:234)\n\tat java.base/java.util.stream.ReferencePipeline.collect(ReferencePipeline.java:578)\n\tat org.openqa.selenium.remote.RemoteWebDriver.executeScript(RemoteWebDriver.java:484)\n\tat base.SelenideExtended.clickByJavaScript(SelenideExtended.java:360)\n\tat base.SelenideExtended.click(SelenideExtended.java:51)\n\tat base.GenericAction.loginToAbeka(GenericAction.java:49)\n\tat abekaUISuite.ParentTestCaseSuiteTest.testValidateStudentAbleToWatchVideoStreaming(ParentTestCaseSuiteTest.java:75)\n\tat java.base/jdk.internal.reflect.NativeMethodAccessorImpl.invoke0(Native Method)\n\tat java.base/jdk.internal.reflect.NativeMethodAccessorImpl.invoke(NativeMethodAccessorImpl.java:62)\n\tat java.base/jdk.internal.reflect.DelegatingMethodAccessorImpl.invoke(DelegatingMethodAccessorImpl.java:43)\n\tat java.base/java.lang.reflect.Method.invoke(Method.java:566)\n\tat org.testng.internal.MethodInvocationHelper.invokeMethod(MethodInvocationHelper.java:133)\n\tat org.testng.internal.TestInvoker.invokeMethod(TestInvoker.java:598)\n\tat org.testng.internal.TestInvoker.invokeTestMethod(TestInvoker.java:173)\n\tat org.testng.internal.MethodRunner.runInSequence(MethodRunner.java:46)\n\tat org.testng.internal.TestInvoker$MethodInvocationAgent.invoke(TestInvoker.java:824)\n\tat org.testng.internal.TestInvoker.invokeTestMethods(TestInvoker.java:146)\n\tat org.testng.internal.TestMethodWorker.invokeTestMethods(TestMethodWorker.java:146)\n\tat org.testng.internal.TestMethodWorker.run(TestMethodWorker.java:128)\n\tat java.base/java.util.ArrayList.forEach(ArrayList.java:1541)\n\tat org.testng.TestRunner.privateRun(TestRunner.java:794)\n\tat org.testng.TestRunner.run(TestRunner.java:596)\n\tat org.testng.SuiteRunner.runTest(SuiteRunner.java:377)\n\tat org.testng.SuiteRunner.runSequentially(SuiteRunner.java:371)\n\tat org.testng.SuiteRunner.privateRun(SuiteRunner.java:332)\n\tat org.testng.SuiteRunner.run(SuiteRunner.java:276)\n\tat org.testng.SuiteRunnerWorker.runSuite(SuiteRunnerWorker.java:53)\n\tat org.testng.SuiteRunnerWorker.run(SuiteRunnerWorker.java:96)\n\tat org.testng.TestNG.runSuitesSequentially(TestNG.java:1212)\n\tat org.testng.TestNG.runSuitesLocally(TestNG.java:1134)\n\tat org.testng.TestNG.runSuites(TestNG.java:1063)\n\tat org.testng.TestNG.run(TestNG.java:1031)\n\tat com.intellij.rt.testng.IDEARemoteTestNG.run(IDEARemoteTestNG.java:66)\n\tat com.intellij.rt.testng.RemoteTestNGStarter.main(RemoteTestNGStarter.java:109)\nCaused by: org.openqa.selenium.NoSuchElementException: no such element: Unable to locate element: {\"method\":\"xpath\",\"selector\":\"(//*[normalize-space(text())='Log in / Create Account' or normalize-space(@value)='Log in / Create Account']|//text()[normalize-space()='Log in / Create Account'])[1]\"}\n  (Session info: chrome=91.0.4472.114)\nFor documentation on this error, please visit: https://www.seleniumhq.org/exceptions/no_such_element.html\nBuild info: version: '3.141.59', revision: 'e82be7d358', time: '2018-11-14T08:17:03'\nSystem info: host: 'Admins-MacBook-Pro.local', ip: '2401:4900:1900:82d6:adf6:9df4:1265:be24%en0', os.name: 'Mac OS X', os.arch: 'x86_64', os.version: '10.16', java.version: '11.0.11'\nDriver info: org.openqa.selenium.chrome.ChromeDriver\nCapabilities {acceptInsecureCerts: false, browserName: chrome, browserVersion: 91.0.4472.114, chrome: {chromedriverVersion: 91.0.4472.101 (af52a90bf870..., userDataDir: /var/folders/f3/yksbpmdj1dj...}, goog:chromeOptions: {debuggerAddress: localhost:57763}, javascriptEnabled: true, networkConnectionEnabled: false, pageLoadStrategy: normal, platform: MAC, platformName: MAC, proxy: Proxy(), setWindowRect: true, strictFileInteractability: false, timeouts: {implicit: 0, pageLoad: 300000, script: 30000}, unhandledPromptBehavior: dismiss and notify, webauthn:extension:largeBlob: true, webauthn:virtualAuthenticators: true}\nSession ID: db0cbf8379960cbd861ae05c6df6d6aa\n*** Element info: {Using=xpath, value=(//*[normalize-space(text())='Log in / Create Account' or normalize-space(@value)='Log in / Create Account']|//text()[normalize-space()='Log in / Create Account'])[1]}\n\tat java.base/jdk.internal.reflect.NativeConstructorAccessorImpl.newInstance0(Native Method)\n\tat java.base/jdk.internal.reflect.NativeConstructorAccessorImpl.newInstance(NativeConstructorAccessorImpl.java:62)\n\tat java.base/jdk.internal.reflect.DelegatingConstructorAccessorImpl.newInstance(DelegatingConstructorAccessorImpl.java:45)\n\tat java.base/java.lang.reflect.Constructor.newInstance(Constructor.java:490)\n\tat org.openqa.selenium.remote.http.W3CHttpResponseCodec.createException(W3CHttpResponseCodec.java:187)\n\tat org.openqa.selenium.remote.http.W3CHttpResponseCodec.decode(W3CHttpResponseCodec.java:122)\n\tat org.openqa.selenium.remote.http.W3CHttpResponseCodec.decode(W3CHttpResponseCodec.java:49)\n\tat org.openqa.selenium.remote.HttpCommandExecutor.execute(HttpCommandExecutor.java:158)\n\tat org.openqa.selenium.remote.service.DriverCommandExecutor.execute(DriverCommandExecutor.java:83)\n\tat org.openqa.selenium.remote.RemoteWebDriver.execute(RemoteWebDriver.java:552)\n\tat org.openqa.selenium.remote.RemoteWebDriver.findElement(RemoteWebDriver.java:323)\n\tat org.openqa.selenium.remote.RemoteWebDriver.findElementByXPath(RemoteWebDriver.java:428)\n\tat org.openqa.selenium.By$ByXPath.findElement(By.java:353)\n\tat org.openqa.selenium.remote.RemoteWebDriver.findElement(RemoteWebDriver.java:315)\n\tat com.codeborne.selenide.impl.WebElementSelector.findElement(WebElementSelector.java:59)\n\tat com.codeborne.selenide.impl.WebElementSelector.findElement(WebElementSelector.java:34)\n\tat com.codeborne.selenide.impl.ElementFinder.getWebElement(ElementFinder.java:104)\n\tat com.codeborne.selenide.commands.GetWrappedElement.execute(GetWrappedElement.java:19)\n\tat com.codeborne.selenide.commands.GetWrappedElement.execute(GetWrappedElement.java:13)\n\tat com.codeborne.selenide.commands.Commands.execute(Commands.java:155)\n\tat com.codeborne.selenide.impl.SelenideElementProxy.dispatchAndRetry(SelenideElementProxy.java:133)\n\t... 42 more\n"},"stage":"finished","steps":[{"name":"$(\"$$(1 elements)[0]\") is(visible)","status":"passed","stage":"finished","steps":[],"attachments":[],"parameters":[],"start":1625591028660,"stop":1625591028686},{"name":"$(\"$$(1 elements)[0]\") is(visible)","status":"passed","stage":"finished","steps":[],"attachments":[],"parameters":[],"start":1625591029699,"stop":1625591029715},{"name":"$(\"$$(1 elements)[0]\") should be([exist, 30 s.])","status":"passed","stage":"finished","steps":[],"attachments":[],"parameters":[],"start":1625591029757,"stop":1625591029767},{"name":"$(\"$$(1 elements)[0]\") click()","status":"passed","stage":"finished","steps":[],"attachments":[],"parameters":[],"start":1625591029767,"stop":1625591029835},{"name":"$(\"By.xpath: (//*[normalize-space(text())='Log in' or normalize-space(@value)='Log in']|//text()[normalize-space()='Log in'])[1][0]\") should be([exist, 30 s.])","status":"passed","stage":"finished","steps":[],"attachments":[],"parameters":[],"start":1625591029835,"stop":1625591029861},{"name":"$(\"By.xpath: (//*[normalize-space(text())='Log in' or normalize-space(@value)='Log in']|//text()[normalize-space()='Log in'])[1][0]\") should be([exist, 30 s.])","status":"passed","stage":"finished","steps":[],"attachments":[],"parameters":[],"start":1625591029862,"stop":1625591029879},{"name":"$(\"By.xpath: (//*[normalize-space(text())='Log in' or normalize-space(@value)='Log in']|//text()[normalize-space()='Log in'])[1][0]\") should be([exist, 30 s.])","status":"passed","stage":"finished","steps":[],"attachments":[],"parameters":[],"start":1625591029892,"stop":1625591029911},{"name":"$(\"$$(1 elements)[0]\") get wrapped element()","status":"passed","stage":"finished","steps":[],"attachments":[],"parameters":[],"start":1625591029911,"stop":1625591029911},{"name":"$(\"$$(1 elements)[0]\") get wrapped element()","status":"passed","stage":"finished","steps":[],"attachments":[],"parameters":[],"start":1625591029918,"stop":1625591029918},{"name":"$(\"$$(1 elements)[0]\") should be([exist, 30 s.])","status":"passed","stage":"finished","steps":[],"attachments":[],"parameters":[],"start":1625591030097,"stop":1625591030107},{"name":"$(\"$$(1 elements)[0]\") click()","status":"passed","stage":"finished","steps":[],"attachments":[],"parameters":[],"start":1625591030107,"stop":1625591030163},{"name":"$(\"By.xpath: (//*[normalize-space(text())='Log in / Create Account' or normalize-space(@value)='Log in / Create Account']|//text()[normalize-space()='Log in / Create Account'])[1][0]\") should be([exist, 30 s.])","status":"passed","stage":"finished","steps":[],"attachments":[],"parameters":[],"start":1625591030168,"stop":1625591030196},{"name":"$(\"By.xpath: (//*[normalize-space(text())='Log in / Create Account' or normalize-space(@value)='Log in / Create Account']|//text()[normalize-space()='Log in / Create Account'])[1][0]\") should be([exist, 30 s.])","status":"passed","stage":"finished","steps":[],"attachments":[],"parameters":[],"start":1625591030196,"stop":1625591030219},{"name":"$(\"By.xpath: (//*[normalize-space(text())='Log in / Create Account' or normalize-space(@value)='Log in / Create Account']|//text()[normalize-space()='Log in / Create Account'])[1][0]\") should be([exist, 30 s.])","status":"passed","stage":"finished","steps":[],"attachments":[],"parameters":[],"start":1625591030236,"stop":1625591030263},{"name":"$(\"$$(1 elements)[0]\") get wrapped element()","status":"passed","stage":"finished","steps":[],"attachments":[],"parameters":[],"start":1625591030263,"stop":1625591030263},{"name":"$(\"$$(1 elements)[0]\") get wrapped element()","status":"passed","stage":"finished","steps":[],"attachments":[],"parameters":[],"start":1625591030269,"stop":1625591030269},{"name":"$(\"$$(1 elements)[0]\") should be([exist, 30 s.])","status":"passed","stage":"finished","steps":[],"attachments":[],"parameters":[],"start":1625591030460,"stop":1625591030474},{"name":"$(\"$$(1 elements)[0]\") click()","status":"failed","statusDetails":{"known":false,"muted":false,"flaky":false,"message":"TimeoutException: timeout: Timed out receiving message from renderer: 120.000\nScreenshot: file:/Users/admin/Automation/AbekaTemp/QA-Automation/build/reports/tests/1625591150538.2.png\nPage source: file:/Users/admin/Automation/AbekaTemp/QA-Automation/build/reports/tests/1625591150538.2.html\nTimeout: 4 s.\nCaused by: TimeoutException: timeout: Timed out receiving message from renderer: 120.000","trace":"TimeoutException: timeout: Timed out receiving message from renderer: 120.000\nScreenshot: file:/Users/admin/Automation/AbekaTemp/QA-Automation/build/reports/tests/1625591150538.2.png\nPage source: file:/Users/admin/Automation/AbekaTemp/QA-Automation/build/reports/tests/1625591150538.2.html\nTimeout: 4 s.\nCaused by: TimeoutException: timeout: Timed out receiving message from renderer: 120.000\n\tat com.codeborne.selenide.ex.UIAssertionError.wrapToUIAssertionError(UIAssertionError.java:83)\n\tat com.codeborne.selenide.ex.UIAssertionError.wrapThrowable(UIAssertionError.java:74)\n\tat com.codeborne.selenide.ex.UIAssertionError.wrap(UIAssertionError.java:68)\n\tat com.codeborne.selenide.impl.SelenideElementProxy.invoke(SelenideElementProxy.java:95)\n\tat com.sun.proxy.$Proxy26.click(Unknown Source)\n\tat base.SelenideExtended.click(SelenideExtended.java:82)\n\tat base.SelenideExtended.click(SelenideExtended.java:47)\n\tat base.GenericAction.loginToAbeka(GenericAction.java:49)\n\tat abekaUISuite.ParentTestCaseSuiteTest.testValidateStudentAbleToWatchVideoStreaming(ParentTestCaseSuiteTest.java:75)\n\tat java.base/jdk.internal.reflect.NativeMethodAccessorImpl.invoke0(Native Method)\n\tat java.base/jdk.internal.reflect.NativeMethodAccessorImpl.invoke(NativeMethodAccessorImpl.java:62)\n\tat java.base/jdk.internal.reflect.DelegatingMethodAccessorImpl.invoke(DelegatingMethodAccessorImpl.java:43)\n\tat java.base/java.lang.reflect.Method.invoke(Method.java:566)\n\tat org.testng.internal.MethodInvocationHelper.invokeMethod(MethodInvocationHelper.java:133)\n\tat org.testng.internal.TestInvoker.invokeMethod(TestInvoker.java:598)\n\tat org.testng.internal.TestInvoker.invokeTestMethod(TestInvoker.java:173)\n\tat org.testng.internal.MethodRunner.runInSequence(MethodRunner.java:46)\n\tat org.testng.internal.TestInvoker$MethodInvocationAgent.invoke(TestInvoker.java:824)\n\tat org.testng.internal.TestInvoker.invokeTestMethods(TestInvoker.java:146)\n\tat org.testng.internal.TestMethodWorker.invokeTestMethods(TestMethodWorker.java:146)\n\tat org.testng.internal.TestMethodWorker.run(TestMethodWorker.java:128)\n\tat java.base/java.util.ArrayList.forEach(ArrayList.java:1541)\n\tat org.testng.TestRunner.privateRun(TestRunner.java:794)\n\tat org.testng.TestRunner.run(TestRunner.java:596)\n\tat org.testng.SuiteRunner.runTest(SuiteRunner.java:377)\n\tat org.testng.SuiteRunner.runSequentially(SuiteRunner.java:371)\n\tat org.testng.SuiteRunner.privateRun(SuiteRunner.java:332)\n\tat org.testng.SuiteRunner.run(SuiteRunner.java:276)\n\tat org.testng.SuiteRunnerWorker.runSuite(SuiteRunnerWorker.java:53)\n\tat org.testng.SuiteRunnerWorker.run(SuiteRunnerWorker.java:96)\n\tat org.testng.TestNG.runSuitesSequentially(TestNG.java:1212)\n\tat org.testng.TestNG.runSuitesLocally(TestNG.java:1134)\n\tat org.testng.TestNG.runSuites(TestNG.java:1063)\n\tat org.testng.TestNG.run(TestNG.java:1031)\n\tat com.intellij.rt.testng.IDEARemoteTestNG.run(IDEARemoteTestNG.java:66)\n\tat com.intellij.rt.testng.RemoteTestNGStarter.main(RemoteTestNGStarter.java:109)\nCaused by: org.openqa.selenium.TimeoutException: timeout: Timed out receiving message from renderer: 120.000\n  (Session info: chrome=91.0.4472.114)\nBuild info: version: '3.141.59', revision: 'e82be7d358', time: '2018-11-14T08:17:03'\nSystem info: host: 'Admins-MacBook-Pro.local', ip: '2401:4900:1900:82d6:adf6:9df4:1265:be24%en0', os.name: 'Mac OS X', os.arch: 'x86_64', os.version: '10.16', java.version: '11.0.11'\nDriver info: org.openqa.selenium.chrome.ChromeDriver\nCapabilities {acceptInsecureCerts: false, browserName: chrome, browserVersion: 91.0.4472.114, chrome: {chromedriverVersion: 91.0.4472.101 (af52a90bf870..., userDataDir: /var/folders/f3/yksbpmdj1dj...}, goog:chromeOptions: {debuggerAddress: localhost:57763}, javascriptEnabled: true, networkConnectionEnabled: false, pageLoadStrategy: normal, platform: MAC, platformName: MAC, proxy: Proxy(), setWindowRect: true, strictFileInteractability: false, timeouts: {implicit: 0, pageLoad: 300000, script: 30000}, unhandledPromptBehavior: dismiss and notify, webauthn:extension:largeBlob: true, webauthn:virtualAuthenticators: true}\nSession ID: db0cbf8379960cbd861ae05c6df6d6aa\n\tat java.base/jdk.internal.reflect.NativeConstructorAccessorImpl.newInstance0(Native Method)\n\tat java.base/jdk.internal.reflect.NativeConstructorAccessorImpl.newInstance(NativeConstructorAccessorImpl.java:62)\n\tat java.base/jdk.internal.reflect.DelegatingConstructorAccessorImpl.newInstance(DelegatingConstructorAccessorImpl.java:45)\n\tat java.base/java.lang.reflect.Constructor.newInstance(Constructor.java:490)\n\tat org.openqa.selenium.remote.http.W3CHttpResponseCodec.createException(W3CHttpResponseCodec.java:187)\n\tat org.openqa.selenium.remote.http.W3CHttpResponseCodec.decode(W3CHttpResponseCodec.java:122)\n\tat org.openqa.selenium.remote.http.W3CHttpResponseCodec.decode(W3CHttpResponseCodec.java:49)\n\tat org.openqa.selenium.remote.HttpCommandExecutor.execute(HttpCommandExecutor.java:158)\n\tat org.openqa.selenium.remote.service.DriverCommandExecutor.execute(DriverCommandExecutor.java:83)\n\tat org.openqa.selenium.remote.RemoteWebDriver.execute(RemoteWebDriver.java:552)\n\tat org.openqa.selenium.remote.RemoteWebElement.execute(RemoteWebElement.java:285)\n\tat org.openqa.selenium.remote.RemoteWebElement.click(RemoteWebElement.java:84)\n\tat com.codeborne.selenide.commands.Click.click(Click.java:46)\n\tat com.codeborne.selenide.commands.Click.execute(Click.java:27)\n\tat com.codeborne.selenide.commands.Click.execute(Click.java:16)\n\tat com.codeborne.selenide.commands.Commands.execute(Commands.java:155)\n\tat com.codeborne.selenide.impl.SelenideElementProxy.dispatchAndRetry(SelenideElementProxy.java:133)\n\tat com.codeborne.selenide.impl.SelenideElementProxy.invoke(SelenideElementProxy.java:85)\n\t... 32 more\n"},"stage":"finished","steps":[],"attachments":[{"name":"Screenshot","source":"fda653e7-b404-42a8-95ab-ea3fb71755d5-attachment.png","type":"image/png"}],"parameters":[],"start":1625591030474,"stop":1625591151112},{"name":"$(\"$$(1 elements)[0]\") get wrapped element()","status":"passed","stage":"finished","steps":[],"attachments":[],"parameters":[],"start":1625591151112,"stop":1625591151112},{"name":"$(\"By.xpath: (//*[normalize-space(text())='Log in / Create Account' or normalize-space(@value)='Log in / Create Account']|//text()[normalize-space()='Log in / Create Account'])[1]\") get wrapped element()","status":"failed","statusDetails":{"known":false,"muted":false,"flaky":false,"message":"Element not found {By.xpath: (//*[normalize-space(text())='Log in / Create Account' or normalize-space(@value)='Log in / Create Account']|//text()[normalize-space()='Log in / Create Account'])[1]}\nExpected: exist\nScreenshot: file:/Users/admin/Automation/AbekaTemp/QA-Automation/build/reports/tests/1625591161162.3.png\nPage source: file:/Users/admin/Automation/AbekaTemp/QA-Automation/build/reports/tests/1625591161162.3.html\nTimeout: 4 s.\nCaused by: NoSuchElementException: no such element: Unable to locate element: {\"method\":\"xpath\",\"selector\":\"(//*[normalize-space(text())='Log in / Create Account' or normalize-space(@value)='Log in / Create Account']|//text()[normalize-space()='Log in / Create Account'])[1]\"}","trace":"Element not found {By.xpath: (//*[normalize-space(text())='Log in / Create Account' or normalize-space(@value)='Log in / Create Account']|//text()[normalize-space()='Log in / Create Account'])[1]}\nExpected: exist\nScreenshot: file:/Users/admin/Automation/AbekaTemp/QA-Automation/build/reports/tests/1625591161162.3.png\nPage source: file:/Users/admin/Automation/AbekaTemp/QA-Automation/build/reports/tests/1625591161162.3.html\nTimeout: 4 s.\nCaused by: NoSuchElementException: no such element: Unable to locate element: {\"method\":\"xpath\",\"selector\":\"(//*[normalize-space(text())='Log in / Create Account' or normalize-space(@value)='Log in / Create Account']|//text()[normalize-space()='Log in / Create Account'])[1]\"}\n\tat com.codeborne.selenide.impl.WebElementSource.createElementNotFoundError(WebElementSource.java:83)\n\tat com.codeborne.selenide.impl.ElementFinder.createElementNotFoundError(ElementFinder.java:136)\n\tat com.codeborne.selenide.impl.ExceptionWrapper.wrap(ExceptionWrapper.java:32)\n\tat com.codeborne.selenide.impl.SelenideElementProxy.dispatchAndRetry(SelenideElementProxy.java:155)\n\tat com.codeborne.selenide.impl.SelenideElementProxy.invoke(SelenideElementProxy.java:85)\n\tat com.sun.proxy.$Proxy26.getWrappedElement(Unknown Source)\n\tat org.openqa.selenium.remote.internal.WebElementToJsonConverter.apply(WebElementToJsonConverter.java:50)\n\tat java.base/java.util.stream.ReferencePipeline$3$1.accept(ReferencePipeline.java:195)\n\tat java.base/java.util.Spliterators$ArraySpliterator.forEachRemaining(Spliterators.java:948)\n\tat java.base/java.util.stream.AbstractPipeline.copyInto(AbstractPipeline.java:484)\n\tat java.base/java.util.stream.AbstractPipeline.wrapAndCopyInto(AbstractPipeline.java:474)\n\tat java.base/java.util.stream.ReduceOps$ReduceOp.evaluateSequential(ReduceOps.java:913)\n\tat java.base/java.util.stream.AbstractPipeline.evaluate(AbstractPipeline.java:234)\n\tat java.base/java.util.stream.ReferencePipeline.collect(ReferencePipeline.java:578)\n\tat org.openqa.selenium.remote.RemoteWebDriver.executeScript(RemoteWebDriver.java:484)\n\tat base.SelenideExtended.clickByJavaScript(SelenideExtended.java:360)\n\tat base.SelenideExtended.click(SelenideExtended.java:51)\n\tat base.GenericAction.loginToAbeka(GenericAction.java:49)\n\tat abekaUISuite.ParentTestCaseSuiteTest.testValidateStudentAbleToWatchVideoStreaming(ParentTestCaseSuiteTest.java:75)\n\tat java.base/jdk.internal.reflect.NativeMethodAccessorImpl.invoke0(Native Method)\n\tat java.base/jdk.internal.reflect.NativeMethodAccessorImpl.invoke(NativeMethodAccessorImpl.java:62)\n\tat java.base/jdk.internal.reflect.DelegatingMethodAccessorImpl.invoke(DelegatingMethodAccessorImpl.java:43)\n\tat java.base/java.lang.reflect.Method.invoke(Method.java:566)\n\tat org.testng.internal.MethodInvocationHelper.invokeMethod(MethodInvocationHelper.java:133)\n\tat org.testng.internal.TestInvoker.invokeMethod(TestInvoker.java:598)\n\tat org.testng.internal.TestInvoker.invokeTestMethod(TestInvoker.java:173)\n\tat org.testng.internal.MethodRunner.runInSequence(MethodRunner.java:46)\n\tat org.testng.internal.TestInvoker$MethodInvocationAgent.invoke(TestInvoker.java:824)\n\tat org.testng.internal.TestInvoker.invokeTestMethods(TestInvoker.java:146)\n\tat org.testng.internal.TestMethodWorker.invokeTestMethods(TestMethodWorker.java:146)\n\tat org.testng.internal.TestMethodWorker.run(TestMethodWorker.java:128)\n\tat java.base/java.util.ArrayList.forEach(ArrayList.java:1541)\n\tat org.testng.TestRunner.privateRun(TestRunner.java:794)\n\tat org.testng.TestRunner.run(TestRunner.java:596)\n\tat org.testng.SuiteRunner.runTest(SuiteRunner.java:377)\n\tat org.testng.SuiteRunner.runSequentially(SuiteRunner.java:371)\n\tat org.testng.SuiteRunner.privateRun(SuiteRunner.java:332)\n\tat org.testng.SuiteRunner.run(SuiteRunner.java:276)\n\tat org.testng.SuiteRunnerWorker.runSuite(SuiteRunnerWorker.java:53)\n\tat org.testng.SuiteRunnerWorker.run(SuiteRunnerWorker.java:96)\n\tat org.testng.TestNG.runSuitesSequentially(TestNG.java:1212)\n\tat org.testng.TestNG.runSuitesLocally(TestNG.java:1134)\n\tat org.testng.TestNG.runSuites(TestNG.java:1063)\n\tat org.testng.TestNG.run(TestNG.java:1031)\n\tat com.intellij.rt.testng.IDEARemoteTestNG.run(IDEARemoteTestNG.java:66)\n\tat com.intellij.rt.testng.RemoteTestNGStarter.main(RemoteTestNGStarter.java:109)\nCaused by: org.openqa.selenium.NoSuchElementException: no such element: Unable to locate element: {\"method\":\"xpath\",\"selector\":\"(//*[normalize-space(text())='Log in / Create Account' or normalize-space(@value)='Log in / Create Account']|//text()[normalize-space()='Log in / Create Account'])[1]\"}\n  (Session info: chrome=91.0.4472.114)\nFor documentation on this error, please visit: https://www.seleniumhq.org/exceptions/no_such_element.html\nBuild info: version: '3.141.59', revision: 'e82be7d358', time: '2018-11-14T08:17:03'\nSystem info: host: 'Admins-MacBook-Pro.local', ip: '2401:4900:1900:82d6:adf6:9df4:1265:be24%en0', os.name: 'Mac OS X', os.arch: 'x86_64', os.version: '10.16', java.version: '11.0.11'\nDriver info: org.openqa.selenium.chrome.ChromeDriver\nCapabilities {acceptInsecureCerts: false, browserName: chrome, browserVersion: 91.0.4472.114, chrome: {chromedriverVersion: 91.0.4472.101 (af52a90bf870..., userDataDir: /var/folders/f3/yksbpmdj1dj...}, goog:chromeOptions: {debuggerAddress: localhost:57763}, javascriptEnabled: true, networkConnectionEnabled: false, pageLoadStrategy: normal, platform: MAC, platformName: MAC, proxy: Proxy(), setWindowRect: true, strictFileInteractability: false, timeouts: {implicit: 0, pageLoad: 300000, script: 30000}, unhandledPromptBehavior: dismiss and notify, webauthn:extension:largeBlob: true, webauthn:virtualAuthenticators: true}\nSession ID: db0cbf8379960cbd861ae05c6df6d6aa\n*** Element info: {Using=xpath, value=(//*[normalize-space(text())='Log in / Create Account' or normalize-space(@value)='Log in / Create Account']|//text()[normalize-space()='Log in / Create Account'])[1]}\n\tat java.base/jdk.internal.reflect.NativeConstructorAccessorImpl.newInstance0(Native Method)\n\tat java.base/jdk.internal.reflect.NativeConstructorAccessorImpl.newInstance(NativeConstructorAccessorImpl.java:62)\n\tat java.base/jdk.internal.reflect.DelegatingConstructorAccessorImpl.newInstance(DelegatingConstructorAccessorImpl.java:45)\n\tat java.base/java.lang.reflect.Constructor.newInstance(Constructor.java:490)\n\tat org.openqa.selenium.remote.http.W3CHttpResponseCodec.createException(W3CHttpResponseCodec.java:187)\n\tat org.openqa.selenium.remote.http.W3CHttpResponseCodec.decode(W3CHttpResponseCodec.java:122)\n\tat org.openqa.selenium.remote.http.W3CHttpResponseCodec.decode(W3CHttpResponseCodec.java:49)\n\tat org.openqa.selenium.remote.HttpCommandExecutor.execute(HttpCommandExecutor.java:158)\n\tat org.openqa.selenium.remote.service.DriverCommandExecutor.execute(DriverCommandExecutor.java:83)\n\tat org.openqa.selenium.remote.RemoteWebDriver.execute(RemoteWebDriver.java:552)\n\tat org.openqa.selenium.remote.RemoteWebDriver.findElement(RemoteWebDriver.java:323)\n\tat org.openqa.selenium.remote.RemoteWebDriver.findElementByXPath(RemoteWebDriver.java:428)\n\tat org.openqa.selenium.By$ByXPath.findElement(By.java:353)\n\tat org.openqa.selenium.remote.RemoteWebDriver.findElement(RemoteWebDriver.java:315)\n\tat com.codeborne.selenide.impl.WebElementSelector.findElement(WebElementSelector.java:59)\n\tat com.codeborne.selenide.impl.WebElementSelector.findElement(WebElementSelector.java:34)\n\tat com.codeborne.selenide.impl.ElementFinder.getWebElement(ElementFinder.java:104)\n\tat com.codeborne.selenide.commands.GetWrappedElement.execute(GetWrappedElement.java:19)\n\tat com.codeborne.selenide.commands.GetWrappedElement.execute(GetWrappedElement.java:13)\n\tat com.codeborne.selenide.commands.Commands.execute(Commands.java:155)\n\tat com.codeborne.selenide.impl.SelenideElementProxy.dispatchAndRetry(SelenideElementProxy.java:133)\n\t... 42 more\n"},"stage":"finished","steps":[],"attachments":[{"name":"Screenshot","source":"ca22b08b-8510-4975-a879-c58b5941d830-attachment.png","type":"image/png"}],"parameters":[],"start":1625591151119,"stop":1625591161681}],"attachments":[],"parameters":[{"name":"arg3","value":""},{"name":"arg2","value":""},{"name":"platform","value":"Mac"},{"name":"arg1","value":"RCG1234"},{"name":"browser","value":"chrome"},{"name":"arg0","value":"syed.rcg"}],"start":1625591027643,"stop":1625591161682,"uuid":"10c14386-48fc-4f50-a1b1-e731ca743ee9","historyId":"a951d659b1a939f2c53fb8f94072635c","fullName":"abekaUISuite.ParentTestCaseSuiteTest.testValidateStudentAbleToWatchVideoStreaming","labels":[{"name":"package","value":"abekaUISuite.ParentTestCaseSuiteTest"},{"name":"testClass","value":"abekaUISuite.ParentTestCaseSuiteTest"},{"name":"testMethod","value":"testValidateStudentAbleToWatchVideoStreaming"},{"name":"parentSuite","value":"All Test Suite"},{"name":"suite","value":"Smoke Suite test"},{"name":"subSuite","value":"abekaUISuite.ParentTestCaseSuiteTest"},{"name":"host","value":"Admins-MacBook-Pro.local"},{"name":"thread","value":"11068@Admins-MacBook-Pro.local.main(1)"},{"name":"framework","value":"testng"},{"name":"language","value":"java"}],"links":[]}