{"name":"validateSwitchPenmanShipScenarioGradeOne","status":"failed","statusDetails":{"known":false,"muted":false,"flaky":false,"message":"\nThe following 22 assertions failed:\n1) [Lesson 1 of Bible subject is not present in My lessons today section] \nExpecting value to be true but was false\nat StudentsScreen.validateMyLessonsTodaySectionData(StudentsScreen.java:694)\n2) [Lesson 1 of Classroom Routines subject is not present in My lessons today section] \nExpecting value to be true but was false\nat StudentsScreen.validateMyLessonsTodaySectionData(StudentsScreen.java:694)\n3) [Lesson 1 of Seatwork Explanation (Cursive) subject is not present in My lessons today section] \nExpecting value to be true but was false\nat StudentsScreen.validateMyLessonsTodaySectionData(StudentsScreen.java:694)\n4) [Lesson 1 of Phonics/Language subject is not present in My lessons today section] \nExpecting value to be true but was false\nat StudentsScreen.validateMyLessonsTodaySectionData(StudentsScreen.java:694)\n5) [Lesson 1 of Cursive Writing subject is not present in My lessons today section] \nExpecting value to be true but was false\nat StudentsScreen.validateMyLessonsTodaySectionData(StudentsScreen.java:694)\n6) [Lesson 1 of Spelling/Poetry subject is not present in My lessons today section] \nExpecting value to be true but was false\nat StudentsScreen.validateMyLessonsTodaySectionData(StudentsScreen.java:694)\n7) [Lesson 1 of Arithmetic subject is not present in My lessons today section] \nExpecting value to be true but was false\nat StudentsScreen.validateMyLessonsTodaySectionData(StudentsScreen.java:694)\n8) [Lesson 1 of Combination Practice subject is not present in My lessons today section] \nExpecting value to be true but was false\nat StudentsScreen.validateMyLessonsTodaySectionData(StudentsScreen.java:694)\n9) [Lesson 1 of Activity Time subject is not present in My lessons today section] \nExpecting value to be true but was false\nat StudentsScreen.validateMyLessonsTodaySectionData(StudentsScreen.java:694)\n10) No DB records found for following query: \n/*Ge my lessons today from SD DB*/\nWITH\n    studentAssignments AS (SELECT *\n                             FROM homeschoolhouse.student_assignments@abadb assign\n                             JOIN homeschoolhouse.student_assignments_types@abadb types\n                               ON assign.assignment_type_fk = types.assignment_type_pk\n                            WHERE assign.student_id = '430352'\n                              AND types.name IN('DVD', 'VIDEO')),\n    videoAssignments AS (SELECT ap_grade, ap_end_dt, eventID, apref, start_date, end_date, completion_date, lesson_number, lock_assignment, segment_id_fk, subject, subject_id_fk, assignType,\n                                short_description, long_description, da_testassignmentid, pr_form, pr_version, pr_school, pr_boxletter, pr_itemnumber, pr_subitemnumber, grade,\n                                book_item_number, image_url, ap_credt, teacher, sub_start_date, sortorder, sessionsrequired, requirementsRemaining,\n                                CASE\n                                    WHEN SUM(requirementsRemaining) OVER (PARTITION BY subject_id_fk, lesson_number) = 0 THEN 'Y'\n                                    ELSE 'N'\n                                END AS IsRequirementMet,\n                                subscription_number_pk, latest_point, restart_at, completed\n                           FROM (SELECT ap_grade, ap_end_dt, eventid, apref, start_date, end_date, completion_date, lesson_number, lock_assignment, segment_id_fk, subject, subject_id_fk, assignType,\n                                        short_description, long_description, da_testassignmentid, pr_form, pr_version, pr_school, pr_boxletter, pr_itemnumber, pr_subitemnumber, grade,\n                                        book_item_number, image_url, ap_credt, teacher, sub_start_date, sortorder,\n                                        sessionsrequired, sessionoptioncount, min(sessionRemaining) OVER (PARTITION BY subject_id_fk, supergroup, lesson_number) AS requirementsRemaining,\n                                        subscription_number_pk, latest_point, restart_at, completed\n                                   FROM (SELECT ap_grade, ap_end_dt, assign.student_assignments_id AS eventID, assign.apref, assign.start_date, assign.end_date, assign.completion_date, segments.lesson AS lesson_number,\n                                                assign.lock_assignment, assign.segment_id_fk, assign.subject, assign.subject_id_fk,\n                                                CASE mediatypes.name\n                                                    WHEN 'STREAMING' THEN 'LESSON'\n                                                    ELSE 'DVD'\n                                                END AS assignType,\n                                                sessions.sessionname AS short_description, 'Lesson ' || segments.lesson AS long_description, assign.da_testassignmentid,\n                                                assign.pr_form, assign.pr_version, assign.pr_school, assign.pr_boxletter, assign.pr_itemnumber, COALESCE(assign.pr_subitemnumber, 0) AS pr_subitemnumber,\n                                                subjects.grade, to_number(subjects.book_item_number) AS book_item_number, subjects.image_url, appld.ap_credt,\n                                                CASE\n                                                    WHEN NVL(title.ttitl_nbr, 0) IN (3, 9, 10, 20, 21) THEN NVL(title.ttitledesc,'') || ' ' || NVL(teacher.teacher_last_name,'')\n                                                    ELSE NVL(title.ttitledesc,'') || '. ' || NVL(teacher.teacher_last_name,'')\n                                                END AS teacher, subs.start_date AS sub_start_date, sessions.sortorder, COALESCE(sessions.supergroup, sessions.sessiontype) AS supergroup, segments.sessionsrequired, segments.sessionoptioncount,\n                                                CASE\n                                                    WHEN assign.completion_date IS NOT NULL THEN 0\n                                                    ELSE 1\n                                                END AS sessionRemaining, subs.subscription_number_pk, COALESCE(uitems.latest_point, 0) AS latest_point, COALESCE(uitems.restart_at, 0) AS restart_at,\n                                                CASE\n                                                    WHEN uitems.completed IS NULL THEN\n                                                        CASE\n                                                            WHEN assign.completion_date IS NOT NULL THEN 'Y'\n                                                            ELSE 'N'\n                                                        END\n                                                    ELSE COALESCE(uitems.completed, 'N')\n                                                END AS completed\n                                           FROM studentAssignments assign\n                                           JOIN abadb.appld\n                                             ON assign.apref = appld.ap_apref\n                                           JOIN abashared.vlessonsegmentrequirements segments\n                                             ON assign.segment_id_fk = segments.segmentid\n                                           JOIN abashared.vsessiontypes sessions\n                                             ON segments.sessiontypeid = sessions.sessiontypeid\n                                           JOIN abashared.vsubjects subjects\n                                             ON subjects.subjectid = assign.subject_id_fk\n                                           -- streaming only? use JOIN\n                                           -- with DVDs? use LEFT JOIN\n                                           JOIN abashared.streaming_subscriptions subs\n                                             ON assign.apref = subs.application_number\n                                           -- streaming only? use JOIN\n                                           -- with DVDs? use LEFT JOIN                                    \n                                           JOIN abashared.streaming_subscriptions_items subitems\n                                             ON subs.subscription_number_pk = subitems.subscription_number_fk\n                                            AND subitems.subject_id_fk = assign.subject_id_fk\n                                      LEFT JOIN abashared.streaming_users_items uitems\n                                             ON uitems.subscription_items_fk = subitems.subscription_items_pk\n                                            AND uitems.segment_id_fk = segments.segmentid\n                                      LEFT JOIN abashared.teacher_subjects teacher_sbj\n                                             ON teacher_sbj.subject_id_fk = segments.subjectid\n                                      LEFT JOIN abashared.teachers teacher\n                                             ON teacher.teacher_pk = teacher_sbj.teacher_pk_fk\n                                           JOIN abadb.ttitl title\n                                             ON title.ttitl_nbr = teacher.teacher_title\n                                      LEFT JOIN abashared.unfinished_rchdr urchdr\n                                             ON appld.ap_apref = urchdr.rch_apref\n                                           JOIN enrollment.media_format_types@abadb mediatypes\n                                             ON mediatypes.media_format_type_id = appld.media_format_type_id\n                                          WHERE (subs.subscription_status_fk = 1\n                                                    OR subs.subscription_status_fk IS NULL\n                                                    OR mediatypes.name != 'STREAMING')\n                                            AND (sessions.subject_group = subitems.subject_group\n                                                    OR subitems.subject_group IS NULL\n                                                    OR sessions.subject_group IS NULL\n                                                    OR uitems.completed = 'Y')\n                                            AND (TRUNC(SYSDATE)  BETWEEN COALESCE(subs.start_date, to_date(appld.ap_beg_dt, 'yyyymmdd') - 14, trunc(sysdate)) AND COALESCE(subs.end_date, appld.ap_end_dt, trunc(sysdate))\n                                                    OR (mediatypes.name != 'STREAMING' AND (TRUNC(SYSDATE) BETWEEN to_date(appld.ap_beg_dt, 'yyyymmdd') - 14  AND COALESCE(appld.ap_end_dt, trunc(sysdate)) ) ) )\n                                            AND (segments.lesson BETWEEN subitems.start_lesson_number and subitems.end_lesson_number\n                                                    OR subs.subscription_status_fk IS NULL\n                                                    OR mediatypes.name != 'STREAMING')\n                                            AND (urchdr.rch_status IN ('A', 'I')\n                                                    OR appld.ap_credt != 'Y')\n                                            AND (sessions.pen_key = appld.pen_key OR sessions.pen_key IS NULL)\n                                            AND appld.ap_status = 8\n                                        )\n                                )\n                        ),\n    nextLessonsMinLesson AS (SELECT DISTINCT assign.ap_end_dt, assign.ap_grade, assign.subject_id_fk, assign.apref, MIN(assign.lesson_number) OVER(PARTITION BY assign.subject_id_fk) AS nextLesson, MIN(assign.lesson_number) OVER(PARTITION BY assign.apref) AS minLesson\n                               FROM videoAssignments assign\n                              WHERE assign.completion_date IS NULL\n                                AND assign.IsRequirementMet = 'N'\n                           GROUP BY assign.ap_grade, assign.ap_end_dt, assign.subject_id_fk, assign.apref, assign.lesson_number),\n    lastCompletedLessons AS (SELECT DISTINCT assign.ap_grade, assign.ap_end_dt, assign.subject_id_fk, MAX(assign.lesson_number) OVER(PARTITION BY assign.subject_id_fk) AS lastCompletedLesson\n                               FROM videoAssignments assign\n                              WHERE assign.completion_date IS NOT NULL\n                                AND assign.IsRequirementMet = 'Y'\n                           GROUP BY assign.ap_grade, assign.ap_end_dt, assign.subject_id_fk, assign.lesson_number)\n                           \n    SELECT vAssign.ap_grade, vAssign.ap_end_dt, vAssign.apref, vAssign.eventID AS eventID, vAssign.start_date, vAssign.end_date, vAssign.short_description, vAssign.long_description, vAssign.completion_date,\n           vAssign.assignType, CAST(vAssign.subject_id_fk AS NUMBER(10)) AS subject_id_fk, vAssign.segment_id_fk, vAssign.subject, 0 AS linkitTestID, vAssign.da_testassignmentid, vAssign.book_item_number, vAssign.image_url, vAssign.lock_assignment,\n           vAssign.pr_form, vAssign.pr_version, vAssign.pr_school, vAssign.pr_boxletter, vAssign.pr_itemnumber, vAssign.pr_subitemnumber, CAST(vAssign.sortorder AS NUMBER(3)) AS sortorder, vAssign.lesson_number,\n           vAssign.subscription_number_pk, vAssign.restart_at, vAssign.latest_point, vAssign.completed, vAssign.teacher, vAssign.ap_credt, 'N' AS lockedlesson,\n           vAssign.requirementsRemaining, vAssign.IsRequirementMet\n      FROM videoAssignments vAssign\n LEFT JOIN lastCompletedLessons lCL\n        ON vAssign.subject_id_fk = lCL.subject_id_fk\n LEFT JOIN nextLessonsMinLesson nLML\n        ON vAssign.subject_id_fk = nLML.subject_id_fk\n       AND vAssign.apref = nLML.apref\n     WHERE vAssign.lesson_number = CASE\n                                       WHEN (vAssign.grade IN(14,15,1,2,3,4,5,6) AND 'N' = ' ') OR 'N' = 'Y' THEN nLmL.minLesson\n                                       WHEN (vAssign.grade IN(7,8,9,10,11,12) AND 'N' = ' ') OR 'N' = 'N' THEN nLmL.nextLesson\n                                   END\n        OR (vAssign.grade IN(7,8,9,10,11,12) AND trunc(vAssign.completion_date) = trunc(sysdate) )\n  ORDER BY vAssign.completion_date desc, vAssign.sub_start_date, vAssign.sortorder, vAssign.lesson_number\n DBSD\nat DatabaseExtended.executeAndGetSelectQueryData(DatabaseExtended.java:87)\n11) [Lesson 1 of Bible subject is not present in My lessons today section] \nExpecting value to be true but was false\nat StudentsScreen.validateMyLessonsTodaySectionData(StudentsScreen.java:694)\n12) [Lesson 1 of Classroom Routines subject is not present in My lessons today section] \nExpecting value to be true but was false\nat StudentsScreen.validateMyLessonsTodaySectionData(StudentsScreen.java:694)\n13) [Lesson 1 of Seatwork Explanation (Manuscript) subject is not present in My lessons today section] \nExpecting value to be true but was false\nat StudentsScreen.validateMyLessonsTodaySectionData(StudentsScreen.java:694)\n14) [Lesson 4 of AM Giraffes subject is not present in My lessons today section] \nExpecting value to be true but was false\nat StudentsScreen.validateMyLessonsTodaySectionData(StudentsScreen.java:694)\n15) [Lesson 4 of AM Monkeys subject is not present in My lessons today section] \nExpecting value to be true but was false\nat StudentsScreen.validateMyLessonsTodaySectionData(StudentsScreen.java:694)\n16) [Lesson 4 of AM Elephants subject is not present in My lessons today section] \nExpecting value to be true but was false\nat StudentsScreen.validateMyLessonsTodaySectionData(StudentsScreen.java:694)\n17) [Lesson 1 of Phonics/Language subject is not present in My lessons today section] \nExpecting value to be true but was false\nat StudentsScreen.validateMyLessonsTodaySectionData(StudentsScreen.java:694)\n18) [Lesson 1 of Manuscript Writing subject is not present in My lessons today section] \nExpecting value to be true but was false\nat StudentsScreen.validateMyLessonsTodaySectionData(StudentsScreen.java:694)\n19) [Lesson 1 of Spelling/Poetry subject is not present in My lessons today section] \nExpecting value to be true but was false\nat StudentsScreen.validateMyLessonsTodaySectionData(StudentsScreen.java:694)\n20) [Lesson 1 of Combination Practice subject is not present in My lessons today section] \nExpecting value to be true but was false\nat StudentsScreen.validateMyLessonsTodaySectionData(StudentsScreen.java:694)\n21) [Lesson 1 of Arithmetic subject is not present in My lessons today section] \nExpecting value to be true but was false\nat StudentsScreen.validateMyLessonsTodaySectionData(StudentsScreen.java:694)\n22) [Lesson 1 of Activity Time subject is not present in My lessons today section] \nExpecting value to be true but was false\nat StudentsScreen.validateMyLessonsTodaySectionData(StudentsScreen.java:694)\n","trace":"org.assertj.core.api.SoftAssertionError: \nThe following 22 assertions failed:\n1) [Lesson 1 of Bible subject is not present in My lessons today section] \nExpecting value to be true but was false\nat StudentsScreen.validateMyLessonsTodaySectionData(StudentsScreen.java:694)\n2) [Lesson 1 of Classroom Routines subject is not present in My lessons today section] \nExpecting value to be true but was false\nat StudentsScreen.validateMyLessonsTodaySectionData(StudentsScreen.java:694)\n3) [Lesson 1 of Seatwork Explanation (Cursive) subject is not present in My lessons today section] \nExpecting value to be true but was false\nat StudentsScreen.validateMyLessonsTodaySectionData(StudentsScreen.java:694)\n4) [Lesson 1 of Phonics/Language subject is not present in My lessons today section] \nExpecting value to be true but was false\nat StudentsScreen.validateMyLessonsTodaySectionData(StudentsScreen.java:694)\n5) [Lesson 1 of Cursive Writing subject is not present in My lessons today section] \nExpecting value to be true but was false\nat StudentsScreen.validateMyLessonsTodaySectionData(StudentsScreen.java:694)\n6) [Lesson 1 of Spelling/Poetry subject is not present in My lessons today section] \nExpecting value to be true but was false\nat StudentsScreen.validateMyLessonsTodaySectionData(StudentsScreen.java:694)\n7) [Lesson 1 of Arithmetic subject is not present in My lessons today section] \nExpecting value to be true but was false\nat StudentsScreen.validateMyLessonsTodaySectionData(StudentsScreen.java:694)\n8) [Lesson 1 of Combination Practice subject is not present in My lessons today section] \nExpecting value to be true but was false\nat StudentsScreen.validateMyLessonsTodaySectionData(StudentsScreen.java:694)\n9) [Lesson 1 of Activity Time subject is not present in My lessons today section] \nExpecting value to be true but was false\nat StudentsScreen.validateMyLessonsTodaySectionData(StudentsScreen.java:694)\n10) No DB records found for following query: \n/*Ge my lessons today from SD DB*/\nWITH\n    studentAssignments AS (SELECT *\n                             FROM homeschoolhouse.student_assignments@abadb assign\n                             JOIN homeschoolhouse.student_assignments_types@abadb types\n                               ON assign.assignment_type_fk = types.assignment_type_pk\n                            WHERE assign.student_id = '430352'\n                              AND types.name IN('DVD', 'VIDEO')),\n    videoAssignments AS (SELECT ap_grade, ap_end_dt, eventID, apref, start_date, end_date, completion_date, lesson_number, lock_assignment, segment_id_fk, subject, subject_id_fk, assignType,\n                                short_description, long_description, da_testassignmentid, pr_form, pr_version, pr_school, pr_boxletter, pr_itemnumber, pr_subitemnumber, grade,\n                                book_item_number, image_url, ap_credt, teacher, sub_start_date, sortorder, sessionsrequired, requirementsRemaining,\n                                CASE\n                                    WHEN SUM(requirementsRemaining) OVER (PARTITION BY subject_id_fk, lesson_number) = 0 THEN 'Y'\n                                    ELSE 'N'\n                                END AS IsRequirementMet,\n                                subscription_number_pk, latest_point, restart_at, completed\n                           FROM (SELECT ap_grade, ap_end_dt, eventid, apref, start_date, end_date, completion_date, lesson_number, lock_assignment, segment_id_fk, subject, subject_id_fk, assignType,\n                                        short_description, long_description, da_testassignmentid, pr_form, pr_version, pr_school, pr_boxletter, pr_itemnumber, pr_subitemnumber, grade,\n                                        book_item_number, image_url, ap_credt, teacher, sub_start_date, sortorder,\n                                        sessionsrequired, sessionoptioncount, min(sessionRemaining) OVER (PARTITION BY subject_id_fk, supergroup, lesson_number) AS requirementsRemaining,\n                                        subscription_number_pk, latest_point, restart_at, completed\n                                   FROM (SELECT ap_grade, ap_end_dt, assign.student_assignments_id AS eventID, assign.apref, assign.start_date, assign.end_date, assign.completion_date, segments.lesson AS lesson_number,\n                                                assign.lock_assignment, assign.segment_id_fk, assign.subject, assign.subject_id_fk,\n                                                CASE mediatypes.name\n                                                    WHEN 'STREAMING' THEN 'LESSON'\n                                                    ELSE 'DVD'\n                                                END AS assignType,\n                                                sessions.sessionname AS short_description, 'Lesson ' || segments.lesson AS long_description, assign.da_testassignmentid,\n                                                assign.pr_form, assign.pr_version, assign.pr_school, assign.pr_boxletter, assign.pr_itemnumber, COALESCE(assign.pr_subitemnumber, 0) AS pr_subitemnumber,\n                                                subjects.grade, to_number(subjects.book_item_number) AS book_item_number, subjects.image_url, appld.ap_credt,\n                                                CASE\n                                                    WHEN NVL(title.ttitl_nbr, 0) IN (3, 9, 10, 20, 21) THEN NVL(title.ttitledesc,'') || ' ' || NVL(teacher.teacher_last_name,'')\n                                                    ELSE NVL(title.ttitledesc,'') || '. ' || NVL(teacher.teacher_last_name,'')\n                                                END AS teacher, subs.start_date AS sub_start_date, sessions.sortorder, COALESCE(sessions.supergroup, sessions.sessiontype) AS supergroup, segments.sessionsrequired, segments.sessionoptioncount,\n                                                CASE\n                                                    WHEN assign.completion_date IS NOT NULL THEN 0\n                                                    ELSE 1\n                                                END AS sessionRemaining, subs.subscription_number_pk, COALESCE(uitems.latest_point, 0) AS latest_point, COALESCE(uitems.restart_at, 0) AS restart_at,\n                                                CASE\n                                                    WHEN uitems.completed IS NULL THEN\n                                                        CASE\n                                                            WHEN assign.completion_date IS NOT NULL THEN 'Y'\n                                                            ELSE 'N'\n                                                        END\n                                                    ELSE COALESCE(uitems.completed, 'N')\n                                                END AS completed\n                                           FROM studentAssignments assign\n                                           JOIN abadb.appld\n                                             ON assign.apref = appld.ap_apref\n                                           JOIN abashared.vlessonsegmentrequirements segments\n                                             ON assign.segment_id_fk = segments.segmentid\n                                           JOIN abashared.vsessiontypes sessions\n                                             ON segments.sessiontypeid = sessions.sessiontypeid\n                                           JOIN abashared.vsubjects subjects\n                                             ON subjects.subjectid = assign.subject_id_fk\n                                           -- streaming only? use JOIN\n                                           -- with DVDs? use LEFT JOIN\n                                           JOIN abashared.streaming_subscriptions subs\n                                             ON assign.apref = subs.application_number\n                                           -- streaming only? use JOIN\n                                           -- with DVDs? use LEFT JOIN                                    \n                                           JOIN abashared.streaming_subscriptions_items subitems\n                                             ON subs.subscription_number_pk = subitems.subscription_number_fk\n                                            AND subitems.subject_id_fk = assign.subject_id_fk\n                                      LEFT JOIN abashared.streaming_users_items uitems\n                                             ON uitems.subscription_items_fk = subitems.subscription_items_pk\n                                            AND uitems.segment_id_fk = segments.segmentid\n                                      LEFT JOIN abashared.teacher_subjects teacher_sbj\n                                             ON teacher_sbj.subject_id_fk = segments.subjectid\n                                      LEFT JOIN abashared.teachers teacher\n                                             ON teacher.teacher_pk = teacher_sbj.teacher_pk_fk\n                                           JOIN abadb.ttitl title\n                                             ON title.ttitl_nbr = teacher.teacher_title\n                                      LEFT JOIN abashared.unfinished_rchdr urchdr\n                                             ON appld.ap_apref = urchdr.rch_apref\n                                           JOIN enrollment.media_format_types@abadb mediatypes\n                                             ON mediatypes.media_format_type_id = appld.media_format_type_id\n                                          WHERE (subs.subscription_status_fk = 1\n                                                    OR subs.subscription_status_fk IS NULL\n                                                    OR mediatypes.name != 'STREAMING')\n                                            AND (sessions.subject_group = subitems.subject_group\n                                                    OR subitems.subject_group IS NULL\n                                                    OR sessions.subject_group IS NULL\n                                                    OR uitems.completed = 'Y')\n                                            AND (TRUNC(SYSDATE)  BETWEEN COALESCE(subs.start_date, to_date(appld.ap_beg_dt, 'yyyymmdd') - 14, trunc(sysdate)) AND COALESCE(subs.end_date, appld.ap_end_dt, trunc(sysdate))\n                                                    OR (mediatypes.name != 'STREAMING' AND (TRUNC(SYSDATE) BETWEEN to_date(appld.ap_beg_dt, 'yyyymmdd') - 14  AND COALESCE(appld.ap_end_dt, trunc(sysdate)) ) ) )\n                                            AND (segments.lesson BETWEEN subitems.start_lesson_number and subitems.end_lesson_number\n                                                    OR subs.subscription_status_fk IS NULL\n                                                    OR mediatypes.name != 'STREAMING')\n                                            AND (urchdr.rch_status IN ('A', 'I')\n                                                    OR appld.ap_credt != 'Y')\n                                            AND (sessions.pen_key = appld.pen_key OR sessions.pen_key IS NULL)\n                                            AND appld.ap_status = 8\n                                        )\n                                )\n                        ),\n    nextLessonsMinLesson AS (SELECT DISTINCT assign.ap_end_dt, assign.ap_grade, assign.subject_id_fk, assign.apref, MIN(assign.lesson_number) OVER(PARTITION BY assign.subject_id_fk) AS nextLesson, MIN(assign.lesson_number) OVER(PARTITION BY assign.apref) AS minLesson\n                               FROM videoAssignments assign\n                              WHERE assign.completion_date IS NULL\n                                AND assign.IsRequirementMet = 'N'\n                           GROUP BY assign.ap_grade, assign.ap_end_dt, assign.subject_id_fk, assign.apref, assign.lesson_number),\n    lastCompletedLessons AS (SELECT DISTINCT assign.ap_grade, assign.ap_end_dt, assign.subject_id_fk, MAX(assign.lesson_number) OVER(PARTITION BY assign.subject_id_fk) AS lastCompletedLesson\n                               FROM videoAssignments assign\n                              WHERE assign.completion_date IS NOT NULL\n                                AND assign.IsRequirementMet = 'Y'\n                           GROUP BY assign.ap_grade, assign.ap_end_dt, assign.subject_id_fk, assign.lesson_number)\n                           \n    SELECT vAssign.ap_grade, vAssign.ap_end_dt, vAssign.apref, vAssign.eventID AS eventID, vAssign.start_date, vAssign.end_date, vAssign.short_description, vAssign.long_description, vAssign.completion_date,\n           vAssign.assignType, CAST(vAssign.subject_id_fk AS NUMBER(10)) AS subject_id_fk, vAssign.segment_id_fk, vAssign.subject, 0 AS linkitTestID, vAssign.da_testassignmentid, vAssign.book_item_number, vAssign.image_url, vAssign.lock_assignment,\n           vAssign.pr_form, vAssign.pr_version, vAssign.pr_school, vAssign.pr_boxletter, vAssign.pr_itemnumber, vAssign.pr_subitemnumber, CAST(vAssign.sortorder AS NUMBER(3)) AS sortorder, vAssign.lesson_number,\n           vAssign.subscription_number_pk, vAssign.restart_at, vAssign.latest_point, vAssign.completed, vAssign.teacher, vAssign.ap_credt, 'N' AS lockedlesson,\n           vAssign.requirementsRemaining, vAssign.IsRequirementMet\n      FROM videoAssignments vAssign\n LEFT JOIN lastCompletedLessons lCL\n        ON vAssign.subject_id_fk = lCL.subject_id_fk\n LEFT JOIN nextLessonsMinLesson nLML\n        ON vAssign.subject_id_fk = nLML.subject_id_fk\n       AND vAssign.apref = nLML.apref\n     WHERE vAssign.lesson_number = CASE\n                                       WHEN (vAssign.grade IN(14,15,1,2,3,4,5,6) AND 'N' = ' ') OR 'N' = 'Y' THEN nLmL.minLesson\n                                       WHEN (vAssign.grade IN(7,8,9,10,11,12) AND 'N' = ' ') OR 'N' = 'N' THEN nLmL.nextLesson\n                                   END\n        OR (vAssign.grade IN(7,8,9,10,11,12) AND trunc(vAssign.completion_date) = trunc(sysdate) )\n  ORDER BY vAssign.completion_date desc, vAssign.sub_start_date, vAssign.sortorder, vAssign.lesson_number\n DBSD\nat DatabaseExtended.executeAndGetSelectQueryData(DatabaseExtended.java:87)\n11) [Lesson 1 of Bible subject is not present in My lessons today section] \nExpecting value to be true but was false\nat StudentsScreen.validateMyLessonsTodaySectionData(StudentsScreen.java:694)\n12) [Lesson 1 of Classroom Routines subject is not present in My lessons today section] \nExpecting value to be true but was false\nat StudentsScreen.validateMyLessonsTodaySectionData(StudentsScreen.java:694)\n13) [Lesson 1 of Seatwork Explanation (Manuscript) subject is not present in My lessons today section] \nExpecting value to be true but was false\nat StudentsScreen.validateMyLessonsTodaySectionData(StudentsScreen.java:694)\n14) [Lesson 4 of AM Giraffes subject is not present in My lessons today section] \nExpecting value to be true but was false\nat StudentsScreen.validateMyLessonsTodaySectionData(StudentsScreen.java:694)\n15) [Lesson 4 of AM Monkeys subject is not present in My lessons today section] \nExpecting value to be true but was false\nat StudentsScreen.validateMyLessonsTodaySectionData(StudentsScreen.java:694)\n16) [Lesson 4 of AM Elephants subject is not present in My lessons today section] \nExpecting value to be true but was false\nat StudentsScreen.validateMyLessonsTodaySectionData(StudentsScreen.java:694)\n17) [Lesson 1 of Phonics/Language subject is not present in My lessons today section] \nExpecting value to be true but was false\nat StudentsScreen.validateMyLessonsTodaySectionData(StudentsScreen.java:694)\n18) [Lesson 1 of Manuscript Writing subject is not present in My lessons today section] \nExpecting value to be true but was false\nat StudentsScreen.validateMyLessonsTodaySectionData(StudentsScreen.java:694)\n19) [Lesson 1 of Spelling/Poetry subject is not present in My lessons today section] \nExpecting value to be true but was false\nat StudentsScreen.validateMyLessonsTodaySectionData(StudentsScreen.java:694)\n20) [Lesson 1 of Combination Practice subject is not present in My lessons today section] \nExpecting value to be true but was false\nat StudentsScreen.validateMyLessonsTodaySectionData(StudentsScreen.java:694)\n21) [Lesson 1 of Arithmetic subject is not present in My lessons today section] \nExpecting value to be true but was false\nat StudentsScreen.validateMyLessonsTodaySectionData(StudentsScreen.java:694)\n22) [Lesson 1 of Activity Time subject is not present in My lessons today section] \nExpecting value to be true but was false\nat StudentsScreen.validateMyLessonsTodaySectionData(StudentsScreen.java:694)\n\n\tat org.assertj.core.error.AssertionErrorCreator.multipleSoftAssertionsError(AssertionErrorCreator.java:100)\n\tat org.assertj.core.api.AbstractSoftAssertions.assertAll(AbstractSoftAssertions.java:38)\n\tat org.assertj.core.api.AbstractSoftAssertions.assertAll(AbstractSoftAssertions.java:43)\n\tat abekaUISuite.ParentAndStudentSuiteTest.validateSwitchPenmanShipScenarioGradeOne(ParentAndStudentSuiteTest.java:113)\n\tat java.base/jdk.internal.reflect.NativeMethodAccessorImpl.invoke0(Native Method)\n\tat java.base/jdk.internal.reflect.NativeMethodAccessorImpl.invoke(NativeMethodAccessorImpl.java:62)\n\tat java.base/jdk.internal.reflect.DelegatingMethodAccessorImpl.invoke(DelegatingMethodAccessorImpl.java:43)\n\tat java.base/java.lang.reflect.Method.invoke(Method.java:566)\n\tat org.testng.internal.MethodInvocationHelper.invokeMethod(MethodInvocationHelper.java:133)\n\tat org.testng.internal.TestInvoker.invokeMethod(TestInvoker.java:598)\n\tat org.testng.internal.TestInvoker.invokeTestMethod(TestInvoker.java:173)\n\tat org.testng.internal.MethodRunner.runInSequence(MethodRunner.java:46)\n\tat org.testng.internal.TestInvoker$MethodInvocationAgent.invoke(TestInvoker.java:824)\n\tat org.testng.internal.TestInvoker.invokeTestMethods(TestInvoker.java:146)\n\tat org.testng.internal.TestMethodWorker.invokeTestMethods(TestMethodWorker.java:146)\n\tat org.testng.internal.TestMethodWorker.run(TestMethodWorker.java:128)\n\tat java.base/java.util.concurrent.ThreadPoolExecutor.runWorker(ThreadPoolExecutor.java:1128)\n\tat java.base/java.util.concurrent.ThreadPoolExecutor$Worker.run(ThreadPoolExecutor.java:628)\n\tat java.base/java.lang.Thread.run(Thread.java:834)\n"},"stage":"finished","steps":[{"name":"$(\"$$(1 elements)[0]\") is(visible)","status":"passed","stage":"finished","steps":[],"attachments":[],"parameters":[],"start":1644390993469,"stop":1644390993481},{"name":"$(\"$$(1 elements)[0]\") is(visible)","status":"passed","stage":"finished","steps":[],"attachments":[],"parameters":[],"start":1644390993488,"stop":1644390993500},{"name":"$(\"$$(1 elements)[0]\") should be([exist, 30 s.])","status":"passed","stage":"finished","steps":[],"attachments":[],"parameters":[],"start":1644390993536,"stop":1644390993545},{"name":"$(\"$$(1 elements)[0]\") click()","status":"passed","stage":"finished","steps":[],"attachments":[],"parameters":[],"start":1644390994545,"stop":1644390994644},{"name":"$(\"By.xpath: (//*[normalize-space(text())='Log in' or normalize-space(@value)='Log in']|//text()[normalize-space()='Log in'])[1]\") should be([exist, 30 s.])","status":"passed","stage":"finished","steps":[],"attachments":[],"parameters":[],"start":1644390994666,"stop":1644390994732},{"name":"$(\"By.xpath: (//*[normalize-space(text())='Log in' or normalize-space(@value)='Log in']|//text()[normalize-space()='Log in'])[1]\") click()","status":"passed","stage":"finished","steps":[],"attachments":[],"parameters":[],"start":1644390994732,"stop":1644390994853},{"name":"$(\"By.xpath: (//*[normalize-space(text())='Log in / Create Account' or normalize-space(@value)='Log in / Create Account']|//text()[normalize-space()='Log in / Create Account'])[1]\") should be([exist, 30 s.])","status":"passed","stage":"finished","steps":[],"attachments":[],"parameters":[],"start":1644390994862,"stop":1644390994898},{"name":"$(\"By.xpath: (//*[normalize-space(text())='Log in / Create Account' or normalize-space(@value)='Log in / Create Account']|//text()[normalize-space()='Log in / Create Account'])[1]\") click()","status":"passed","stage":"finished","steps":[],"attachments":[],"parameters":[],"start":1644390994898,"stop":1644391010944},{"name":"$(\"By.id: txtEmailAddress\") should be([exist, 30 s.])","status":"passed","stage":"finished","steps":[],"attachments":[],"parameters":[],"start":1644391010948,"stop":1644391010971},{"name":"$(\"By.id: txtEmailAddress\") should be([exist, 30 s.])","status":"passed","stage":"finished","steps":[],"attachments":[],"parameters":[],"start":1644391010979,"stop":1644391010995},{"name":"$(\"$$(1 elements)[0]\") get wrapped element()","status":"passed","stage":"finished","steps":[],"attachments":[],"parameters":[],"start":1644391010995,"stop":1644391010995},{"name":"$(\"$$(1 elements)[0]\") get wrapped element()","status":"passed","stage":"finished","steps":[],"attachments":[],"parameters":[],"start":1644391010999,"stop":1644391010999},{"name":"$(\"By.id: txtEmailAddress\") set value(ATM202202091138)","status":"passed","stage":"finished","steps":[],"attachments":[],"parameters":[],"start":1644391011109,"stop":1644391011199},{"name":"$(\"$$(1 elements)[0]\") is(visible)","status":"passed","stage":"finished","steps":[],"attachments":[],"parameters":[],"start":1644391011204,"stop":1644391011213},{"name":"$(\"By.id: txtEmailAddress\") text()","status":"passed","stage":"finished","steps":[],"attachments":[],"parameters":[],"start":1644391011214,"stop":1644391011230},{"name":"$(\"By.id: txtEmailAddress\") get text()","status":"passed","stage":"finished","steps":[],"attachments":[],"parameters":[],"start":1644391011230,"stop":1644391011241},{"name":"$(\"By.id: txtEmailAddress\") inner text()","status":"passed","stage":"finished","steps":[],"attachments":[],"parameters":[],"start":1644391011241,"stop":1644391011251},{"name":"$(\"By.id: txtEmailAddress\") get wrapped element()","status":"passed","stage":"finished","steps":[],"attachments":[],"parameters":[],"start":1644391011251,"stop":1644391011256},{"name":"$(\"By.id: txtEmailAddress\") get text()","status":"passed","stage":"finished","steps":[],"attachments":[],"parameters":[],"start":1644391011260,"stop":1644391011271},{"name":"$(\"By.id: txtEmailAddress\") inner text()","status":"passed","stage":"finished","steps":[],"attachments":[],"parameters":[],"start":1644391011271,"stop":1644391011281},{"name":"$(\"By.id: txtEmailAddress\") get wrapped element()","status":"passed","stage":"finished","steps":[],"attachments":[],"parameters":[],"start":1644391011281,"stop":1644391011285},{"name":"$(\"By.id: txtEmailAddress\") inner text()","status":"passed","stage":"finished","steps":[],"attachments":[],"parameters":[],"start":1644391011288,"stop":1644391011297},{"name":"$(\"By.id: txtEmailAddress\") get wrapped element()","status":"passed","stage":"finished","steps":[],"attachments":[],"parameters":[],"start":1644391011297,"stop":1644391011302},{"name":"$(\"By.id: txtEmailAddress\") get wrapped element()","status":"passed","stage":"finished","steps":[],"attachments":[],"parameters":[],"start":1644391011306,"stop":1644391011310},{"name":"$(\"By.id: txtEmailAddress\") set value(ATM202202091138)","status":"passed","stage":"finished","steps":[],"attachments":[],"parameters":[],"start":1644391011313,"stop":1644391011377},{"name":"$(\"By.id: txtPassword\") should be([exist, 30 s.])","status":"passed","stage":"finished","steps":[],"attachments":[],"parameters":[],"start":1644391011377,"stop":1644391011397},{"name":"$(\"By.id: txtPassword\") should be([exist, 30 s.])","status":"passed","stage":"finished","steps":[],"attachments":[],"parameters":[],"start":1644391011406,"stop":1644391011422},{"name":"$(\"$$(1 elements)[0]\") get wrapped element()","status":"passed","stage":"finished","steps":[],"attachments":[],"parameters":[],"start":1644391011422,"stop":1644391011422},{"name":"$(\"$$(1 elements)[0]\") get wrapped element()","status":"passed","stage":"finished","steps":[],"attachments":[],"parameters":[],"start":1644391011426,"stop":1644391011426},{"name":"$(\"By.id: txtPassword\") set value(Password@123)","status":"passed","stage":"finished","steps":[],"attachments":[],"parameters":[],"start":1644391011548,"stop":1644391011627},{"name":"$(\"$$(1 elements)[0]\") is(visible)","status":"passed","stage":"finished","steps":[],"attachments":[],"parameters":[],"start":1644391011633,"stop":1644391011642},{"name":"$(\"By.id: txtPassword\") text()","status":"passed","stage":"finished","steps":[],"attachments":[],"parameters":[],"start":1644391011642,"stop":1644391011657},{"name":"$(\"By.id: txtPassword\") get text()","status":"passed","stage":"finished","steps":[],"attachments":[],"parameters":[],"start":1644391011657,"stop":1644391011668},{"name":"$(\"By.id: txtPassword\") inner text()","status":"passed","stage":"finished","steps":[],"attachments":[],"parameters":[],"start":1644391011668,"stop":1644391011679},{"name":"$(\"By.id: txtPassword\") get wrapped element()","status":"passed","stage":"finished","steps":[],"attachments":[],"parameters":[],"start":1644391011679,"stop":1644391011683},{"name":"$(\"By.id: txtPassword\") get text()","status":"passed","stage":"finished","steps":[],"attachments":[],"parameters":[],"start":1644391011687,"stop":1644391011697},{"name":"$(\"By.id: txtPassword\") inner text()","status":"passed","stage":"finished","steps":[],"attachments":[],"parameters":[],"start":1644391011697,"stop":1644391011706},{"name":"$(\"By.id: txtPassword\") get wrapped element()","status":"passed","stage":"finished","steps":[],"attachments":[],"parameters":[],"start":1644391011706,"stop":1644391011711},{"name":"$(\"By.id: txtPassword\") inner text()","status":"passed","stage":"finished","steps":[],"attachments":[],"parameters":[],"start":1644391011715,"stop":1644391011723},{"name":"$(\"By.id: txtPassword\") get wrapped element()","status":"passed","stage":"finished","steps":[],"attachments":[],"parameters":[],"start":1644391011723,"stop":1644391011729},{"name":"$(\"By.id: txtPassword\") get wrapped element()","status":"passed","stage":"finished","steps":[],"attachments":[],"parameters":[],"start":1644391011732,"stop":1644391011737},{"name":"$(\"By.id: txtPassword\") set value(Password@123)","status":"passed","stage":"finished","steps":[],"attachments":[],"parameters":[],"start":1644391011740,"stop":1644391011796},{"name":"$(\"By.id: lbnLogin\") should be([exist, 30 s.])","status":"passed","stage":"finished","steps":[],"attachments":[],"parameters":[],"start":1644391011800,"stop":1644391011817},{"name":"$(\"By.id: lbnLogin\") click()","status":"passed","stage":"finished","steps":[],"attachments":[],"parameters":[],"start":1644391011817,"stop":1644391034756},{"name":"$(\"$$(1 elements)[0]\") is(visible)","status":"passed","stage":"finished","steps":[],"attachments":[],"parameters":[],"start":1644391067793,"stop":1644391067806},{"name":"$(\"$$(1 elements)[0]\") should be([exist, 0 ms.])","status":"passed","stage":"finished","steps":[],"attachments":[],"parameters":[],"start":1644391067852,"stop":1644391067861},{"name":"$(\"$$(1 elements)[0]\") click()","status":"passed","stage":"finished","steps":[],"attachments":[],"parameters":[],"start":1644391068861,"stop":1644391068932},{"name":"$(\"By.linkText: Dashboard\") should be([exist, 0 ms.])","status":"passed","stage":"finished","steps":[],"attachments":[],"parameters":[],"start":1644391068932,"stop":1644391068966},{"name":"$(\"By.linkText: Dashboard\") get wrapped element()","status":"passed","stage":"finished","steps":[],"attachments":[],"parameters":[],"start":1644391068966,"stop":1644391068974},{"name":"$(\"By.xpath: //div[@class='tourClose']/a\") should be([exist, 0 ms.])","status":"passed","stage":"finished","steps":[],"attachments":[],"parameters":[],"start":1644391077761,"stop":1644391087600},{"name":"$(\"By.xpath: //div[@class='tourClose']/a\") should be([exist, 0 ms.])","status":"passed","stage":"finished","steps":[],"attachments":[],"parameters":[],"start":1644391087603,"stop":1644391087621},{"name":"$(\"By.xpath: //div[@class='tourClose']/a\") click()","status":"passed","stage":"finished","steps":[],"attachments":[],"parameters":[],"start":1644391087621,"stop":1644391087665},{"name":"$(\"By.id: VODVideos\") find element(By.xpath: ./descendant::a[@href='/Video2/streaming/'])","status":"passed","stage":"finished","steps":[],"attachments":[],"parameters":[],"start":1644391087671,"stop":1644391087688},{"name":"$(\"<a id name>\") get wrapped element()","status":"passed","stage":"finished","steps":[],"attachments":[],"parameters":[],"start":1644391087704,"stop":1644391087704},{"name":"$(\"By.id: VODVideos\") find element(By.xpath: ./descendant::a[@href='/Video2/streaming/'])","status":"passed","stage":"finished","steps":[],"attachments":[],"parameters":[],"start":1644391087708,"stop":1644391087718},{"name":"$(\"<a id name>\") get wrapped element()","status":"passed","stage":"finished","steps":[],"attachments":[],"parameters":[],"start":1644391087729,"stop":1644391087729},{"name":"$(\"By.id: VODVideos\") find element(By.xpath: ./descendant::a[@href='/Video2/streaming/'])","status":"passed","stage":"finished","steps":[],"attachments":[],"parameters":[],"start":1644391087841,"stop":1644391087852},{"name":"$(\"By.id: VODVideos\") find element(By.xpath: ./descendant::a[@href='/Video2/streaming/'])","status":"passed","stage":"finished","steps":[],"attachments":[],"parameters":[],"start":1644391087852,"stop":1644391087863},{"name":"$(\"<a id name>\") should be([exist, 0 ms.])","status":"passed","stage":"finished","steps":[],"attachments":[],"parameters":[],"start":1644391087917,"stop":1644391087926},{"name":"$(\"<a id name>\") click()","status":"passed","stage":"finished","steps":[],"attachments":[],"parameters":[],"start":1644391088937,"stop":1644391095247},{"name":"$(\"By.xpath: //div[@class='tourClose']/a\") should be([exist, 0 ms.])","status":"passed","stage":"finished","steps":[],"attachments":[],"parameters":[],"start":1644391095252,"stop":1644391097150},{"name":"$(\"By.xpath: //div[@class='tourClose']/a\") should be([exist, 0 ms.])","status":"passed","stage":"finished","steps":[],"attachments":[],"parameters":[],"start":1644391097154,"stop":1644391097171},{"name":"$(\"By.xpath: //div[@class='tourClose']/a\") click()","status":"passed","stage":"finished","steps":[],"attachments":[],"parameters":[],"start":1644391097171,"stop":1644391097212},{"name":"$(\"By.xpath: (//*[normalize-space(text())='My Lessons Today' or normalize-space(@value)='My Lessons Today']|//text()[normalize-space()='My Lessons Today'])[1]\") should be([exist, 0 ms.])","status":"passed","stage":"finished","steps":[],"attachments":[],"parameters":[],"start":1644391097220,"stop":1644391097244},{"name":"$(\"By.id: dvLessonsToday\") should be([exist, 0 ms.])","status":"passed","stage":"finished","steps":[],"attachments":[],"parameters":[],"start":1644391097244,"stop":1644391097263},{"name":"$(\"By.xpath: //ul[@id='ulDailyLessons']/descendant::h3[normalize-space(text())='Bible']/following-sibling::span[@id='linkVideo' and normalize-space(text())='Lesson 1']\") should be([exist, 0 ms.])","status":"failed","statusDetails":{"known":false,"muted":false,"flaky":false,"message":"Element not found {By.xpath: //ul[@id='ulDailyLessons']/descendant::h3[normalize-space(text())='Bible']/following-sibling::span[@id='linkVideo' and normalize-space(text())='Lesson 1']}\nExpected: exist\nScreenshot: file:/Users/apple/QA-Automation/build/reports/tests/1644391127319.26.png\nPage source: file:/Users/apple/QA-Automation/build/reports/tests/1644391127319.26.html\nTimeout: 0 ms.\nCaused by: NoSuchElementException: no such element: Unable to locate element: {\"method\":\"xpath\",\"selector\":\"//ul[@id='ulDailyLessons']/descendant::h3[normalize-space(text())='Bible']/following-sibling::span[@id='linkVideo' and normalize-space(text())='Lesson 1']\"}","trace":"Element not found {By.xpath: //ul[@id='ulDailyLessons']/descendant::h3[normalize-space(text())='Bible']/following-sibling::span[@id='linkVideo' and normalize-space(text())='Lesson 1']}\nExpected: exist\nScreenshot: file:/Users/apple/QA-Automation/build/reports/tests/1644391127319.26.png\nPage source: file:/Users/apple/QA-Automation/build/reports/tests/1644391127319.26.html\nTimeout: 0 ms.\nCaused by: NoSuchElementException: no such element: Unable to locate element: {\"method\":\"xpath\",\"selector\":\"//ul[@id='ulDailyLessons']/descendant::h3[normalize-space(text())='Bible']/following-sibling::span[@id='linkVideo' and normalize-space(text())='Lesson 1']\"}\n\tat com.codeborne.selenide.impl.WebElementSource.createElementNotFoundError(WebElementSource.java:83)\n\tat com.codeborne.selenide.impl.ElementFinder.createElementNotFoundError(ElementFinder.java:136)\n\tat com.codeborne.selenide.impl.WebElementSource.checkCondition(WebElementSource.java:114)\n\tat com.codeborne.selenide.commands.Should.execute(Should.java:30)\n\tat com.codeborne.selenide.commands.Should.execute(Should.java:14)\n\tat com.codeborne.selenide.commands.Commands.execute(Commands.java:155)\n\tat com.codeborne.selenide.impl.SelenideElementProxy.dispatchAndRetry(SelenideElementProxy.java:133)\n\tat com.codeborne.selenide.impl.SelenideElementProxy.invoke(SelenideElementProxy.java:85)\n\tat com.sun.proxy.$Proxy37.shouldBe(Unknown Source)\n\tat base.SelenideExtended.waitForElementTobeExist(SelenideExtended.java:766)\n\tat base.SelenideExtended.isElementExists(SelenideExtended.java:119)\n\tat pageObjects.StudentsScreen.validateMyLessonsTodaySectionData(StudentsScreen.java:693)\n\tat abekaUISuite.ParentAndStudentSuiteTest.validateSwitchPenmanShipScenarioGradeOne(ParentAndStudentSuiteTest.java:105)\n\tat java.base/jdk.internal.reflect.NativeMethodAccessorImpl.invoke0(Native Method)\n\tat java.base/jdk.internal.reflect.NativeMethodAccessorImpl.invoke(NativeMethodAccessorImpl.java:62)\n\tat java.base/jdk.internal.reflect.DelegatingMethodAccessorImpl.invoke(DelegatingMethodAccessorImpl.java:43)\n\tat java.base/java.lang.reflect.Method.invoke(Method.java:566)\n\tat org.testng.internal.MethodInvocationHelper.invokeMethod(MethodInvocationHelper.java:133)\n\tat org.testng.internal.TestInvoker.invokeMethod(TestInvoker.java:598)\n\tat org.testng.internal.TestInvoker.invokeTestMethod(TestInvoker.java:173)\n\tat org.testng.internal.MethodRunner.runInSequence(MethodRunner.java:46)\n\tat org.testng.internal.TestInvoker$MethodInvocationAgent.invoke(TestInvoker.java:824)\n\tat org.testng.internal.TestInvoker.invokeTestMethods(TestInvoker.java:146)\n\tat org.testng.internal.TestMethodWorker.invokeTestMethods(TestMethodWorker.java:146)\n\tat org.testng.internal.TestMethodWorker.run(TestMethodWorker.java:128)\n\tat java.base/java.util.concurrent.ThreadPoolExecutor.runWorker(ThreadPoolExecutor.java:1128)\n\tat java.base/java.util.concurrent.ThreadPoolExecutor$Worker.run(ThreadPoolExecutor.java:628)\n\tat java.base/java.lang.Thread.run(Thread.java:834)\nCaused by: org.openqa.selenium.NoSuchElementException: no such element: Unable to locate element: {\"method\":\"xpath\",\"selector\":\"//ul[@id='ulDailyLessons']/descendant::h3[normalize-space(text())='Bible']/following-sibling::span[@id='linkVideo' and normalize-space(text())='Lesson 1']\"}\n  (Session info: chrome=98.0.4758.80)\nFor documentation on this error, please visit: https://www.seleniumhq.org/exceptions/no_such_element.html\nBuild info: version: '3.141.59', revision: 'e82be7d358', time: '2018-11-14T08:17:03'\nSystem info: host: 'Rohit-Kamble.local', ip: '2401:4900:1afa:1172:e55c:b3c8:47aa:9053%en0', os.name: 'Mac OS X', os.arch: 'x86_64', os.version: '10.16', java.version: '11.0.12'\nDriver info: org.openqa.selenium.chrome.ChromeDriver\nCapabilities {acceptInsecureCerts: false, browserName: chrome, browserVersion: 98.0.4758.80, chrome: {chromedriverVersion: 98.0.4758.80 (7f0488e8ba0d8..., userDataDir: /var/folders/hf/83dzgx457nb...}, goog:chromeOptions: {debuggerAddress: localhost:53138}, javascriptEnabled: true, networkConnectionEnabled: false, pageLoadStrategy: normal, platform: MAC, platformName: MAC, proxy: Proxy(), setWindowRect: true, strictFileInteractability: false, timeouts: {implicit: 0, pageLoad: 300000, script: 30000}, unhandledPromptBehavior: dismiss and notify, webauthn:extension:credBlob: true, webauthn:extension:largeBlob: true, webauthn:virtualAuthenticators: true}\nSession ID: 5e52ed1256f16089fe06b2151292619a\n*** Element info: {Using=xpath, value=//ul[@id='ulDailyLessons']/descendant::h3[normalize-space(text())='Bible']/following-sibling::span[@id='linkVideo' and normalize-space(text())='Lesson 1']}\n\tat java.base/jdk.internal.reflect.NativeConstructorAccessorImpl.newInstance0(Native Method)\n\tat java.base/jdk.internal.reflect.NativeConstructorAccessorImpl.newInstance(NativeConstructorAccessorImpl.java:62)\n\tat java.base/jdk.internal.reflect.DelegatingConstructorAccessorImpl.newInstance(DelegatingConstructorAccessorImpl.java:45)\n\tat java.base/java.lang.reflect.Constructor.newInstance(Constructor.java:490)\n\tat org.openqa.selenium.remote.http.W3CHttpResponseCodec.createException(W3CHttpResponseCodec.java:187)\n\tat org.openqa.selenium.remote.http.W3CHttpResponseCodec.decode(W3CHttpResponseCodec.java:122)\n\tat org.openqa.selenium.remote.http.W3CHttpResponseCodec.decode(W3CHttpResponseCodec.java:49)\n\tat org.openqa.selenium.remote.HttpCommandExecutor.execute(HttpCommandExecutor.java:158)\n\tat org.openqa.selenium.remote.service.DriverCommandExecutor.execute(DriverCommandExecutor.java:83)\n\tat org.openqa.selenium.remote.RemoteWebDriver.execute(RemoteWebDriver.java:552)\n\tat org.openqa.selenium.remote.RemoteWebDriver.findElement(RemoteWebDriver.java:323)\n\tat org.openqa.selenium.remote.RemoteWebDriver.findElementByXPath(RemoteWebDriver.java:428)\n\tat org.openqa.selenium.By$ByXPath.findElement(By.java:353)\n\tat org.openqa.selenium.remote.RemoteWebDriver.findElement(RemoteWebDriver.java:315)\n\tat com.codeborne.selenide.impl.WebElementSelector.findElement(WebElementSelector.java:59)\n\tat com.codeborne.selenide.impl.WebElementSelector.findElement(WebElementSelector.java:34)\n\tat com.codeborne.selenide.impl.ElementFinder.getWebElement(ElementFinder.java:104)\n\tat com.codeborne.selenide.impl.WebElementSource.checkCondition(WebElementSource.java:99)\n\t... 25 more\n"},"stage":"finished","steps":[],"attachments":[{"name":"Screenshot","source":"066be9e8-ab27-47c3-9da6-8b80b84aca30-attachment.png","type":"image/png"}],"parameters":[],"start":1644391097279,"stop":1644391127850},{"name":"$(\"By.xpath: //ul[@id='ulDailyLessons']/descendant::h3[normalize-space(text())='Classroom Routines']/following-sibling::span[@id='linkVideo' and normalize-space(text())='Lesson 1']\") should be([exist, 0 ms.])","status":"failed","statusDetails":{"known":false,"muted":false,"flaky":false,"message":"Element not found {By.xpath: //ul[@id='ulDailyLessons']/descendant::h3[normalize-space(text())='Classroom Routines']/following-sibling::span[@id='linkVideo' and normalize-space(text())='Lesson 1']}\nExpected: exist\nScreenshot: file:/Users/apple/QA-Automation/build/reports/tests/1644391187974.27.png\nPage source: file:/Users/apple/QA-Automation/build/reports/tests/1644391187974.27.html\nTimeout: 0 ms.\nCaused by: NoSuchElementException: no such element: Unable to locate element: {\"method\":\"xpath\",\"selector\":\"//ul[@id='ulDailyLessons']/descendant::h3[normalize-space(text())='Classroom Routines']/following-sibling::span[@id='linkVideo' and normalize-space(text())='Lesson 1']\"}","trace":"Element not found {By.xpath: //ul[@id='ulDailyLessons']/descendant::h3[normalize-space(text())='Classroom Routines']/following-sibling::span[@id='linkVideo' and normalize-space(text())='Lesson 1']}\nExpected: exist\nScreenshot: file:/Users/apple/QA-Automation/build/reports/tests/1644391187974.27.png\nPage source: file:/Users/apple/QA-Automation/build/reports/tests/1644391187974.27.html\nTimeout: 0 ms.\nCaused by: NoSuchElementException: no such element: Unable to locate element: {\"method\":\"xpath\",\"selector\":\"//ul[@id='ulDailyLessons']/descendant::h3[normalize-space(text())='Classroom Routines']/following-sibling::span[@id='linkVideo' and normalize-space(text())='Lesson 1']\"}\n\tat com.codeborne.selenide.impl.WebElementSource.createElementNotFoundError(WebElementSource.java:83)\n\tat com.codeborne.selenide.impl.ElementFinder.createElementNotFoundError(ElementFinder.java:136)\n\tat com.codeborne.selenide.impl.WebElementSource.checkCondition(WebElementSource.java:114)\n\tat com.codeborne.selenide.commands.Should.execute(Should.java:30)\n\tat com.codeborne.selenide.commands.Should.execute(Should.java:14)\n\tat com.codeborne.selenide.commands.Commands.execute(Commands.java:155)\n\tat com.codeborne.selenide.impl.SelenideElementProxy.dispatchAndRetry(SelenideElementProxy.java:133)\n\tat com.codeborne.selenide.impl.SelenideElementProxy.invoke(SelenideElementProxy.java:85)\n\tat com.sun.proxy.$Proxy37.shouldBe(Unknown Source)\n\tat base.SelenideExtended.waitForElementTobeExist(SelenideExtended.java:766)\n\tat base.SelenideExtended.isElementExists(SelenideExtended.java:119)\n\tat pageObjects.StudentsScreen.validateMyLessonsTodaySectionData(StudentsScreen.java:693)\n\tat abekaUISuite.ParentAndStudentSuiteTest.validateSwitchPenmanShipScenarioGradeOne(ParentAndStudentSuiteTest.java:105)\n\tat java.base/jdk.internal.reflect.NativeMethodAccessorImpl.invoke0(Native Method)\n\tat java.base/jdk.internal.reflect.NativeMethodAccessorImpl.invoke(NativeMethodAccessorImpl.java:62)\n\tat java.base/jdk.internal.reflect.DelegatingMethodAccessorImpl.invoke(DelegatingMethodAccessorImpl.java:43)\n\tat java.base/java.lang.reflect.Method.invoke(Method.java:566)\n\tat org.testng.internal.MethodInvocationHelper.invokeMethod(MethodInvocationHelper.java:133)\n\tat org.testng.internal.TestInvoker.invokeMethod(TestInvoker.java:598)\n\tat org.testng.internal.TestInvoker.invokeTestMethod(TestInvoker.java:173)\n\tat org.testng.internal.MethodRunner.runInSequence(MethodRunner.java:46)\n\tat org.testng.internal.TestInvoker$MethodInvocationAgent.invoke(TestInvoker.java:824)\n\tat org.testng.internal.TestInvoker.invokeTestMethods(TestInvoker.java:146)\n\tat org.testng.internal.TestMethodWorker.invokeTestMethods(TestMethodWorker.java:146)\n\tat org.testng.internal.TestMethodWorker.run(TestMethodWorker.java:128)\n\tat java.base/java.util.concurrent.ThreadPoolExecutor.runWorker(ThreadPoolExecutor.java:1128)\n\tat java.base/java.util.concurrent.ThreadPoolExecutor$Worker.run(ThreadPoolExecutor.java:628)\n\tat java.base/java.lang.Thread.run(Thread.java:834)\nCaused by: org.openqa.selenium.NoSuchElementException: no such element: Unable to locate element: {\"method\":\"xpath\",\"selector\":\"//ul[@id='ulDailyLessons']/descendant::h3[normalize-space(text())='Classroom Routines']/following-sibling::span[@id='linkVideo' and normalize-space(text())='Lesson 1']\"}\n  (Session info: chrome=98.0.4758.80)\nFor documentation on this error, please visit: https://www.seleniumhq.org/exceptions/no_such_element.html\nBuild info: version: '3.141.59', revision: 'e82be7d358', time: '2018-11-14T08:17:03'\nSystem info: host: 'Rohit-Kamble.local', ip: '2401:4900:1afa:1172:e55c:b3c8:47aa:9053%en0', os.name: 'Mac OS X', os.arch: 'x86_64', os.version: '10.16', java.version: '11.0.12'\nDriver info: org.openqa.selenium.chrome.ChromeDriver\nCapabilities {acceptInsecureCerts: false, browserName: chrome, browserVersion: 98.0.4758.80, chrome: {chromedriverVersion: 98.0.4758.80 (7f0488e8ba0d8..., userDataDir: /var/folders/hf/83dzgx457nb...}, goog:chromeOptions: {debuggerAddress: localhost:53138}, javascriptEnabled: true, networkConnectionEnabled: false, pageLoadStrategy: normal, platform: MAC, platformName: MAC, proxy: Proxy(), setWindowRect: true, strictFileInteractability: false, timeouts: {implicit: 0, pageLoad: 300000, script: 30000}, unhandledPromptBehavior: dismiss and notify, webauthn:extension:credBlob: true, webauthn:extension:largeBlob: true, webauthn:virtualAuthenticators: true}\nSession ID: 5e52ed1256f16089fe06b2151292619a\n*** Element info: {Using=xpath, value=//ul[@id='ulDailyLessons']/descendant::h3[normalize-space(text())='Classroom Routines']/following-sibling::span[@id='linkVideo' and normalize-space(text())='Lesson 1']}\n\tat java.base/jdk.internal.reflect.NativeConstructorAccessorImpl.newInstance0(Native Method)\n\tat java.base/jdk.internal.reflect.NativeConstructorAccessorImpl.newInstance(NativeConstructorAccessorImpl.java:62)\n\tat java.base/jdk.internal.reflect.DelegatingConstructorAccessorImpl.newInstance(DelegatingConstructorAccessorImpl.java:45)\n\tat java.base/java.lang.reflect.Constructor.newInstance(Constructor.java:490)\n\tat org.openqa.selenium.remote.http.W3CHttpResponseCodec.createException(W3CHttpResponseCodec.java:187)\n\tat org.openqa.selenium.remote.http.W3CHttpResponseCodec.decode(W3CHttpResponseCodec.java:122)\n\tat org.openqa.selenium.remote.http.W3CHttpResponseCodec.decode(W3CHttpResponseCodec.java:49)\n\tat org.openqa.selenium.remote.HttpCommandExecutor.execute(HttpCommandExecutor.java:158)\n\tat org.openqa.selenium.remote.service.DriverCommandExecutor.execute(DriverCommandExecutor.java:83)\n\tat org.openqa.selenium.remote.RemoteWebDriver.execute(RemoteWebDriver.java:552)\n\tat org.openqa.selenium.remote.RemoteWebDriver.findElement(RemoteWebDriver.java:323)\n\tat org.openqa.selenium.remote.RemoteWebDriver.findElementByXPath(RemoteWebDriver.java:428)\n\tat org.openqa.selenium.By$ByXPath.findElement(By.java:353)\n\tat org.openqa.selenium.remote.RemoteWebDriver.findElement(RemoteWebDriver.java:315)\n\tat com.codeborne.selenide.impl.WebElementSelector.findElement(WebElementSelector.java:59)\n\tat com.codeborne.selenide.impl.WebElementSelector.findElement(WebElementSelector.java:34)\n\tat com.codeborne.selenide.impl.ElementFinder.getWebElement(ElementFinder.java:104)\n\tat com.codeborne.selenide.impl.WebElementSource.checkCondition(WebElementSource.java:99)\n\t... 25 more\n"},"stage":"finished","steps":[],"attachments":[{"name":"Screenshot","source":"67787eeb-590c-4314-a795-a2287334b395-attachment.png","type":"image/png"}],"parameters":[],"start":1644391157898,"stop":1644391188482},{"name":"$(\"By.xpath: //ul[@id='ulDailyLessons']/descendant::h3[normalize-space(text())='Seatwork Explanation (Cursive)']/following-sibling::span[@id='linkVideo' and normalize-space(text())='Lesson 1']\") should be([exist, 0 ms.])","status":"failed","statusDetails":{"known":false,"muted":false,"flaky":false,"message":"Element not found {By.xpath: //ul[@id='ulDailyLessons']/descendant::h3[normalize-space(text())='Seatwork Explanation (Cursive)']/following-sibling::span[@id='linkVideo' and normalize-space(text())='Lesson 1']}\nExpected: exist\nScreenshot: file:/Users/apple/QA-Automation/build/reports/tests/1644391248528.28.png\nPage source: file:/Users/apple/QA-Automation/build/reports/tests/1644391248528.28.html\nTimeout: 0 ms.\nCaused by: NoSuchElementException: no such element: Unable to locate element: {\"method\":\"xpath\",\"selector\":\"//ul[@id='ulDailyLessons']/descendant::h3[normalize-space(text())='Seatwork Explanation (Cursive)']/following-sibling::span[@id='linkVideo' and normalize-space(text())='Lesson 1']\"}","trace":"Element not found {By.xpath: //ul[@id='ulDailyLessons']/descendant::h3[normalize-space(text())='Seatwork Explanation (Cursive)']/following-sibling::span[@id='linkVideo' and normalize-space(text())='Lesson 1']}\nExpected: exist\nScreenshot: file:/Users/apple/QA-Automation/build/reports/tests/1644391248528.28.png\nPage source: file:/Users/apple/QA-Automation/build/reports/tests/1644391248528.28.html\nTimeout: 0 ms.\nCaused by: NoSuchElementException: no such element: Unable to locate element: {\"method\":\"xpath\",\"selector\":\"//ul[@id='ulDailyLessons']/descendant::h3[normalize-space(text())='Seatwork Explanation (Cursive)']/following-sibling::span[@id='linkVideo' and normalize-space(text())='Lesson 1']\"}\n\tat com.codeborne.selenide.impl.WebElementSource.createElementNotFoundError(WebElementSource.java:83)\n\tat com.codeborne.selenide.impl.ElementFinder.createElementNotFoundError(ElementFinder.java:136)\n\tat com.codeborne.selenide.impl.WebElementSource.checkCondition(WebElementSource.java:114)\n\tat com.codeborne.selenide.commands.Should.execute(Should.java:30)\n\tat com.codeborne.selenide.commands.Should.execute(Should.java:14)\n\tat com.codeborne.selenide.commands.Commands.execute(Commands.java:155)\n\tat com.codeborne.selenide.impl.SelenideElementProxy.dispatchAndRetry(SelenideElementProxy.java:133)\n\tat com.codeborne.selenide.impl.SelenideElementProxy.invoke(SelenideElementProxy.java:85)\n\tat com.sun.proxy.$Proxy37.shouldBe(Unknown Source)\n\tat base.SelenideExtended.waitForElementTobeExist(SelenideExtended.java:766)\n\tat base.SelenideExtended.isElementExists(SelenideExtended.java:119)\n\tat pageObjects.StudentsScreen.validateMyLessonsTodaySectionData(StudentsScreen.java:693)\n\tat abekaUISuite.ParentAndStudentSuiteTest.validateSwitchPenmanShipScenarioGradeOne(ParentAndStudentSuiteTest.java:105)\n\tat java.base/jdk.internal.reflect.NativeMethodAccessorImpl.invoke0(Native Method)\n\tat java.base/jdk.internal.reflect.NativeMethodAccessorImpl.invoke(NativeMethodAccessorImpl.java:62)\n\tat java.base/jdk.internal.reflect.DelegatingMethodAccessorImpl.invoke(DelegatingMethodAccessorImpl.java:43)\n\tat java.base/java.lang.reflect.Method.invoke(Method.java:566)\n\tat org.testng.internal.MethodInvocationHelper.invokeMethod(MethodInvocationHelper.java:133)\n\tat org.testng.internal.TestInvoker.invokeMethod(TestInvoker.java:598)\n\tat org.testng.internal.TestInvoker.invokeTestMethod(TestInvoker.java:173)\n\tat org.testng.internal.MethodRunner.runInSequence(MethodRunner.java:46)\n\tat org.testng.internal.TestInvoker$MethodInvocationAgent.invoke(TestInvoker.java:824)\n\tat org.testng.internal.TestInvoker.invokeTestMethods(TestInvoker.java:146)\n\tat org.testng.internal.TestMethodWorker.invokeTestMethods(TestMethodWorker.java:146)\n\tat org.testng.internal.TestMethodWorker.run(TestMethodWorker.java:128)\n\tat java.base/java.util.concurrent.ThreadPoolExecutor.runWorker(ThreadPoolExecutor.java:1128)\n\tat java.base/java.util.concurrent.ThreadPoolExecutor$Worker.run(ThreadPoolExecutor.java:628)\n\tat java.base/java.lang.Thread.run(Thread.java:834)\nCaused by: org.openqa.selenium.NoSuchElementException: no such element: Unable to locate element: {\"method\":\"xpath\",\"selector\":\"//ul[@id='ulDailyLessons']/descendant::h3[normalize-space(text())='Seatwork Explanation (Cursive)']/following-sibling::span[@id='linkVideo' and normalize-space(text())='Lesson 1']\"}\n  (Session info: chrome=98.0.4758.80)\nFor documentation on this error, please visit: https://www.seleniumhq.org/exceptions/no_such_element.html\nBuild info: version: '3.141.59', revision: 'e82be7d358', time: '2018-11-14T08:17:03'\nSystem info: host: 'Rohit-Kamble.local', ip: '2401:4900:1afa:1172:e55c:b3c8:47aa:9053%en0', os.name: 'Mac OS X', os.arch: 'x86_64', os.version: '10.16', java.version: '11.0.12'\nDriver info: org.openqa.selenium.chrome.ChromeDriver\nCapabilities {acceptInsecureCerts: false, browserName: chrome, browserVersion: 98.0.4758.80, chrome: {chromedriverVersion: 98.0.4758.80 (7f0488e8ba0d8..., userDataDir: /var/folders/hf/83dzgx457nb...}, goog:chromeOptions: {debuggerAddress: localhost:53138}, javascriptEnabled: true, networkConnectionEnabled: false, pageLoadStrategy: normal, platform: MAC, platformName: MAC, proxy: Proxy(), setWindowRect: true, strictFileInteractability: false, timeouts: {implicit: 0, pageLoad: 300000, script: 30000}, unhandledPromptBehavior: dismiss and notify, webauthn:extension:credBlob: true, webauthn:extension:largeBlob: true, webauthn:virtualAuthenticators: true}\nSession ID: 5e52ed1256f16089fe06b2151292619a\n*** Element info: {Using=xpath, value=//ul[@id='ulDailyLessons']/descendant::h3[normalize-space(text())='Seatwork Explanation (Cursive)']/following-sibling::span[@id='linkVideo' and normalize-space(text())='Lesson 1']}\n\tat java.base/jdk.internal.reflect.NativeConstructorAccessorImpl.newInstance0(Native Method)\n\tat java.base/jdk.internal.reflect.NativeConstructorAccessorImpl.newInstance(NativeConstructorAccessorImpl.java:62)\n\tat java.base/jdk.internal.reflect.DelegatingConstructorAccessorImpl.newInstance(DelegatingConstructorAccessorImpl.java:45)\n\tat java.base/java.lang.reflect.Constructor.newInstance(Constructor.java:490)\n\tat org.openqa.selenium.remote.http.W3CHttpResponseCodec.createException(W3CHttpResponseCodec.java:187)\n\tat org.openqa.selenium.remote.http.W3CHttpResponseCodec.decode(W3CHttpResponseCodec.java:122)\n\tat org.openqa.selenium.remote.http.W3CHttpResponseCodec.decode(W3CHttpResponseCodec.java:49)\n\tat org.openqa.selenium.remote.HttpCommandExecutor.execute(HttpCommandExecutor.java:158)\n\tat org.openqa.selenium.remote.service.DriverCommandExecutor.execute(DriverCommandExecutor.java:83)\n\tat org.openqa.selenium.remote.RemoteWebDriver.execute(RemoteWebDriver.java:552)\n\tat org.openqa.selenium.remote.RemoteWebDriver.findElement(RemoteWebDriver.java:323)\n\tat org.openqa.selenium.remote.RemoteWebDriver.findElementByXPath(RemoteWebDriver.java:428)\n\tat org.openqa.selenium.By$ByXPath.findElement(By.java:353)\n\tat org.openqa.selenium.remote.RemoteWebDriver.findElement(RemoteWebDriver.java:315)\n\tat com.codeborne.selenide.impl.WebElementSelector.findElement(WebElementSelector.java:59)\n\tat com.codeborne.selenide.impl.WebElementSelector.findElement(WebElementSelector.java:34)\n\tat com.codeborne.selenide.impl.ElementFinder.getWebElement(ElementFinder.java:104)\n\tat com.codeborne.selenide.impl.WebElementSource.checkCondition(WebElementSource.java:99)\n\t... 25 more\n"},"stage":"finished","steps":[],"attachments":[{"name":"Screenshot","source":"f43236b4-81bb-4539-9e6b-7e5159748fda-attachment.png","type":"image/png"}],"parameters":[],"start":1644391218505,"stop":1644391249028},{"name":"$(\"By.xpath: //ul[@id='ulDailyLessons']/descendant::h3[normalize-space(text())='Phonics/Language']/following-sibling::span[@id='linkVideo' and normalize-space(text())='Lesson 1']\") should be([exist, 0 ms.])","status":"failed","statusDetails":{"known":false,"muted":false,"flaky":false,"message":"Element not found {By.xpath: //ul[@id='ulDailyLessons']/descendant::h3[normalize-space(text())='Phonics/Language']/following-sibling::span[@id='linkVideo' and normalize-space(text())='Lesson 1']}\nExpected: exist\nScreenshot: file:/Users/apple/QA-Automation/build/reports/tests/1644391309117.29.png\nPage source: file:/Users/apple/QA-Automation/build/reports/tests/1644391309117.29.html\nTimeout: 0 ms.\nCaused by: NoSuchElementException: no such element: Unable to locate element: {\"method\":\"xpath\",\"selector\":\"//ul[@id='ulDailyLessons']/descendant::h3[normalize-space(text())='Phonics/Language']/following-sibling::span[@id='linkVideo' and normalize-space(text())='Lesson 1']\"}","trace":"Element not found {By.xpath: //ul[@id='ulDailyLessons']/descendant::h3[normalize-space(text())='Phonics/Language']/following-sibling::span[@id='linkVideo' and normalize-space(text())='Lesson 1']}\nExpected: exist\nScreenshot: file:/Users/apple/QA-Automation/build/reports/tests/1644391309117.29.png\nPage source: file:/Users/apple/QA-Automation/build/reports/tests/1644391309117.29.html\nTimeout: 0 ms.\nCaused by: NoSuchElementException: no such element: Unable to locate element: {\"method\":\"xpath\",\"selector\":\"//ul[@id='ulDailyLessons']/descendant::h3[normalize-space(text())='Phonics/Language']/following-sibling::span[@id='linkVideo' and normalize-space(text())='Lesson 1']\"}\n\tat com.codeborne.selenide.impl.WebElementSource.createElementNotFoundError(WebElementSource.java:83)\n\tat com.codeborne.selenide.impl.ElementFinder.createElementNotFoundError(ElementFinder.java:136)\n\tat com.codeborne.selenide.impl.WebElementSource.checkCondition(WebElementSource.java:114)\n\tat com.codeborne.selenide.commands.Should.execute(Should.java:30)\n\tat com.codeborne.selenide.commands.Should.execute(Should.java:14)\n\tat com.codeborne.selenide.commands.Commands.execute(Commands.java:155)\n\tat com.codeborne.selenide.impl.SelenideElementProxy.dispatchAndRetry(SelenideElementProxy.java:133)\n\tat com.codeborne.selenide.impl.SelenideElementProxy.invoke(SelenideElementProxy.java:85)\n\tat com.sun.proxy.$Proxy37.shouldBe(Unknown Source)\n\tat base.SelenideExtended.waitForElementTobeExist(SelenideExtended.java:766)\n\tat base.SelenideExtended.isElementExists(SelenideExtended.java:119)\n\tat pageObjects.StudentsScreen.validateMyLessonsTodaySectionData(StudentsScreen.java:693)\n\tat abekaUISuite.ParentAndStudentSuiteTest.validateSwitchPenmanShipScenarioGradeOne(ParentAndStudentSuiteTest.java:105)\n\tat java.base/jdk.internal.reflect.NativeMethodAccessorImpl.invoke0(Native Method)\n\tat java.base/jdk.internal.reflect.NativeMethodAccessorImpl.invoke(NativeMethodAccessorImpl.java:62)\n\tat java.base/jdk.internal.reflect.DelegatingMethodAccessorImpl.invoke(DelegatingMethodAccessorImpl.java:43)\n\tat java.base/java.lang.reflect.Method.invoke(Method.java:566)\n\tat org.testng.internal.MethodInvocationHelper.invokeMethod(MethodInvocationHelper.java:133)\n\tat org.testng.internal.TestInvoker.invokeMethod(TestInvoker.java:598)\n\tat org.testng.internal.TestInvoker.invokeTestMethod(TestInvoker.java:173)\n\tat org.testng.internal.MethodRunner.runInSequence(MethodRunner.java:46)\n\tat org.testng.internal.TestInvoker$MethodInvocationAgent.invoke(TestInvoker.java:824)\n\tat org.testng.internal.TestInvoker.invokeTestMethods(TestInvoker.java:146)\n\tat org.testng.internal.TestMethodWorker.invokeTestMethods(TestMethodWorker.java:146)\n\tat org.testng.internal.TestMethodWorker.run(TestMethodWorker.java:128)\n\tat java.base/java.util.concurrent.ThreadPoolExecutor.runWorker(ThreadPoolExecutor.java:1128)\n\tat java.base/java.util.concurrent.ThreadPoolExecutor$Worker.run(ThreadPoolExecutor.java:628)\n\tat java.base/java.lang.Thread.run(Thread.java:834)\nCaused by: org.openqa.selenium.NoSuchElementException: no such element: Unable to locate element: {\"method\":\"xpath\",\"selector\":\"//ul[@id='ulDailyLessons']/descendant::h3[normalize-space(text())='Phonics/Language']/following-sibling::span[@id='linkVideo' and normalize-space(text())='Lesson 1']\"}\n  (Session info: chrome=98.0.4758.80)\nFor documentation on this error, please visit: https://www.seleniumhq.org/exceptions/no_such_element.html\nBuild info: version: '3.141.59', revision: 'e82be7d358', time: '2018-11-14T08:17:03'\nSystem info: host: 'Rohit-Kamble.local', ip: '2401:4900:1afa:1172:e55c:b3c8:47aa:9053%en0', os.name: 'Mac OS X', os.arch: 'x86_64', os.version: '10.16', java.version: '11.0.12'\nDriver info: org.openqa.selenium.chrome.ChromeDriver\nCapabilities {acceptInsecureCerts: false, browserName: chrome, browserVersion: 98.0.4758.80, chrome: {chromedriverVersion: 98.0.4758.80 (7f0488e8ba0d8..., userDataDir: /var/folders/hf/83dzgx457nb...}, goog:chromeOptions: {debuggerAddress: localhost:53138}, javascriptEnabled: true, networkConnectionEnabled: false, pageLoadStrategy: normal, platform: MAC, platformName: MAC, proxy: Proxy(), setWindowRect: true, strictFileInteractability: false, timeouts: {implicit: 0, pageLoad: 300000, script: 30000}, unhandledPromptBehavior: dismiss and notify, webauthn:extension:credBlob: true, webauthn:extension:largeBlob: true, webauthn:virtualAuthenticators: true}\nSession ID: 5e52ed1256f16089fe06b2151292619a\n*** Element info: {Using=xpath, value=//ul[@id='ulDailyLessons']/descendant::h3[normalize-space(text())='Phonics/Language']/following-sibling::span[@id='linkVideo' and normalize-space(text())='Lesson 1']}\n\tat java.base/jdk.internal.reflect.NativeConstructorAccessorImpl.newInstance0(Native Method)\n\tat java.base/jdk.internal.reflect.NativeConstructorAccessorImpl.newInstance(NativeConstructorAccessorImpl.java:62)\n\tat java.base/jdk.internal.reflect.DelegatingConstructorAccessorImpl.newInstance(DelegatingConstructorAccessorImpl.java:45)\n\tat java.base/java.lang.reflect.Constructor.newInstance(Constructor.java:490)\n\tat org.openqa.selenium.remote.http.W3CHttpResponseCodec.createException(W3CHttpResponseCodec.java:187)\n\tat org.openqa.selenium.remote.http.W3CHttpResponseCodec.decode(W3CHttpResponseCodec.java:122)\n\tat org.openqa.selenium.remote.http.W3CHttpResponseCodec.decode(W3CHttpResponseCodec.java:49)\n\tat org.openqa.selenium.remote.HttpCommandExecutor.execute(HttpCommandExecutor.java:158)\n\tat org.openqa.selenium.remote.service.DriverCommandExecutor.execute(DriverCommandExecutor.java:83)\n\tat org.openqa.selenium.remote.RemoteWebDriver.execute(RemoteWebDriver.java:552)\n\tat org.openqa.selenium.remote.RemoteWebDriver.findElement(RemoteWebDriver.java:323)\n\tat org.openqa.selenium.remote.RemoteWebDriver.findElementByXPath(RemoteWebDriver.java:428)\n\tat org.openqa.selenium.By$ByXPath.findElement(By.java:353)\n\tat org.openqa.selenium.remote.RemoteWebDriver.findElement(RemoteWebDriver.java:315)\n\tat com.codeborne.selenide.impl.WebElementSelector.findElement(WebElementSelector.java:59)\n\tat com.codeborne.selenide.impl.WebElementSelector.findElement(WebElementSelector.java:34)\n\tat com.codeborne.selenide.impl.ElementFinder.getWebElement(ElementFinder.java:104)\n\tat com.codeborne.selenide.impl.WebElementSource.checkCondition(WebElementSource.java:99)\n\t... 25 more\n"},"stage":"finished","steps":[],"attachments":[{"name":"Screenshot","source":"8f5927a2-6fb8-478f-9b5f-7fb4662328fd-attachment.png","type":"image/png"}],"parameters":[],"start":1644391279089,"stop":1644391309623},{"name":"$(\"By.xpath: //ul[@id='ulDailyLessons']/descendant::h3[normalize-space(text())='Cursive Writing']/following-sibling::span[@id='linkVideo' and normalize-space(text())='Lesson 1']\") should be([exist, 0 ms.])","status":"failed","statusDetails":{"known":false,"muted":false,"flaky":false,"message":"Element not found {By.xpath: //ul[@id='ulDailyLessons']/descendant::h3[normalize-space(text())='Cursive Writing']/following-sibling::span[@id='linkVideo' and normalize-space(text())='Lesson 1']}\nExpected: exist\nScreenshot: file:/Users/apple/QA-Automation/build/reports/tests/1644391369679.30.png\nPage source: file:/Users/apple/QA-Automation/build/reports/tests/1644391369679.30.html\nTimeout: 0 ms.\nCaused by: NoSuchElementException: no such element: Unable to locate element: {\"method\":\"xpath\",\"selector\":\"//ul[@id='ulDailyLessons']/descendant::h3[normalize-space(text())='Cursive Writing']/following-sibling::span[@id='linkVideo' and normalize-space(text())='Lesson 1']\"}","trace":"Element not found {By.xpath: //ul[@id='ulDailyLessons']/descendant::h3[normalize-space(text())='Cursive Writing']/following-sibling::span[@id='linkVideo' and normalize-space(text())='Lesson 1']}\nExpected: exist\nScreenshot: file:/Users/apple/QA-Automation/build/reports/tests/1644391369679.30.png\nPage source: file:/Users/apple/QA-Automation/build/reports/tests/1644391369679.30.html\nTimeout: 0 ms.\nCaused by: NoSuchElementException: no such element: Unable to locate element: {\"method\":\"xpath\",\"selector\":\"//ul[@id='ulDailyLessons']/descendant::h3[normalize-space(text())='Cursive Writing']/following-sibling::span[@id='linkVideo' and normalize-space(text())='Lesson 1']\"}\n\tat com.codeborne.selenide.impl.WebElementSource.createElementNotFoundError(WebElementSource.java:83)\n\tat com.codeborne.selenide.impl.ElementFinder.createElementNotFoundError(ElementFinder.java:136)\n\tat com.codeborne.selenide.impl.WebElementSource.checkCondition(WebElementSource.java:114)\n\tat com.codeborne.selenide.commands.Should.execute(Should.java:30)\n\tat com.codeborne.selenide.commands.Should.execute(Should.java:14)\n\tat com.codeborne.selenide.commands.Commands.execute(Commands.java:155)\n\tat com.codeborne.selenide.impl.SelenideElementProxy.dispatchAndRetry(SelenideElementProxy.java:133)\n\tat com.codeborne.selenide.impl.SelenideElementProxy.invoke(SelenideElementProxy.java:85)\n\tat com.sun.proxy.$Proxy37.shouldBe(Unknown Source)\n\tat base.SelenideExtended.waitForElementTobeExist(SelenideExtended.java:766)\n\tat base.SelenideExtended.isElementExists(SelenideExtended.java:119)\n\tat pageObjects.StudentsScreen.validateMyLessonsTodaySectionData(StudentsScreen.java:693)\n\tat abekaUISuite.ParentAndStudentSuiteTest.validateSwitchPenmanShipScenarioGradeOne(ParentAndStudentSuiteTest.java:105)\n\tat java.base/jdk.internal.reflect.NativeMethodAccessorImpl.invoke0(Native Method)\n\tat java.base/jdk.internal.reflect.NativeMethodAccessorImpl.invoke(NativeMethodAccessorImpl.java:62)\n\tat java.base/jdk.internal.reflect.DelegatingMethodAccessorImpl.invoke(DelegatingMethodAccessorImpl.java:43)\n\tat java.base/java.lang.reflect.Method.invoke(Method.java:566)\n\tat org.testng.internal.MethodInvocationHelper.invokeMethod(MethodInvocationHelper.java:133)\n\tat org.testng.internal.TestInvoker.invokeMethod(TestInvoker.java:598)\n\tat org.testng.internal.TestInvoker.invokeTestMethod(TestInvoker.java:173)\n\tat org.testng.internal.MethodRunner.runInSequence(MethodRunner.java:46)\n\tat org.testng.internal.TestInvoker$MethodInvocationAgent.invoke(TestInvoker.java:824)\n\tat org.testng.internal.TestInvoker.invokeTestMethods(TestInvoker.java:146)\n\tat org.testng.internal.TestMethodWorker.invokeTestMethods(TestMethodWorker.java:146)\n\tat org.testng.internal.TestMethodWorker.run(TestMethodWorker.java:128)\n\tat java.base/java.util.concurrent.ThreadPoolExecutor.runWorker(ThreadPoolExecutor.java:1128)\n\tat java.base/java.util.concurrent.ThreadPoolExecutor$Worker.run(ThreadPoolExecutor.java:628)\n\tat java.base/java.lang.Thread.run(Thread.java:834)\nCaused by: org.openqa.selenium.NoSuchElementException: no such element: Unable to locate element: {\"method\":\"xpath\",\"selector\":\"//ul[@id='ulDailyLessons']/descendant::h3[normalize-space(text())='Cursive Writing']/following-sibling::span[@id='linkVideo' and normalize-space(text())='Lesson 1']\"}\n  (Session info: chrome=98.0.4758.80)\nFor documentation on this error, please visit: https://www.seleniumhq.org/exceptions/no_such_element.html\nBuild info: version: '3.141.59', revision: 'e82be7d358', time: '2018-11-14T08:17:03'\nSystem info: host: 'Rohit-Kamble.local', ip: '2401:4900:1afa:1172:e55c:b3c8:47aa:9053%en0', os.name: 'Mac OS X', os.arch: 'x86_64', os.version: '10.16', java.version: '11.0.12'\nDriver info: org.openqa.selenium.chrome.ChromeDriver\nCapabilities {acceptInsecureCerts: false, browserName: chrome, browserVersion: 98.0.4758.80, chrome: {chromedriverVersion: 98.0.4758.80 (7f0488e8ba0d8..., userDataDir: /var/folders/hf/83dzgx457nb...}, goog:chromeOptions: {debuggerAddress: localhost:53138}, javascriptEnabled: true, networkConnectionEnabled: false, pageLoadStrategy: normal, platform: MAC, platformName: MAC, proxy: Proxy(), setWindowRect: true, strictFileInteractability: false, timeouts: {implicit: 0, pageLoad: 300000, script: 30000}, unhandledPromptBehavior: dismiss and notify, webauthn:extension:credBlob: true, webauthn:extension:largeBlob: true, webauthn:virtualAuthenticators: true}\nSession ID: 5e52ed1256f16089fe06b2151292619a\n*** Element info: {Using=xpath, value=//ul[@id='ulDailyLessons']/descendant::h3[normalize-space(text())='Cursive Writing']/following-sibling::span[@id='linkVideo' and normalize-space(text())='Lesson 1']}\n\tat java.base/jdk.internal.reflect.NativeConstructorAccessorImpl.newInstance0(Native Method)\n\tat java.base/jdk.internal.reflect.NativeConstructorAccessorImpl.newInstance(NativeConstructorAccessorImpl.java:62)\n\tat java.base/jdk.internal.reflect.DelegatingConstructorAccessorImpl.newInstance(DelegatingConstructorAccessorImpl.java:45)\n\tat java.base/java.lang.reflect.Constructor.newInstance(Constructor.java:490)\n\tat org.openqa.selenium.remote.http.W3CHttpResponseCodec.createException(W3CHttpResponseCodec.java:187)\n\tat org.openqa.selenium.remote.http.W3CHttpResponseCodec.decode(W3CHttpResponseCodec.java:122)\n\tat org.openqa.selenium.remote.http.W3CHttpResponseCodec.decode(W3CHttpResponseCodec.java:49)\n\tat org.openqa.selenium.remote.HttpCommandExecutor.execute(HttpCommandExecutor.java:158)\n\tat org.openqa.selenium.remote.service.DriverCommandExecutor.execute(DriverCommandExecutor.java:83)\n\tat org.openqa.selenium.remote.RemoteWebDriver.execute(RemoteWebDriver.java:552)\n\tat org.openqa.selenium.remote.RemoteWebDriver.findElement(RemoteWebDriver.java:323)\n\tat org.openqa.selenium.remote.RemoteWebDriver.findElementByXPath(RemoteWebDriver.java:428)\n\tat org.openqa.selenium.By$ByXPath.findElement(By.java:353)\n\tat org.openqa.selenium.remote.RemoteWebDriver.findElement(RemoteWebDriver.java:315)\n\tat com.codeborne.selenide.impl.WebElementSelector.findElement(WebElementSelector.java:59)\n\tat com.codeborne.selenide.impl.WebElementSelector.findElement(WebElementSelector.java:34)\n\tat com.codeborne.selenide.impl.ElementFinder.getWebElement(ElementFinder.java:104)\n\tat com.codeborne.selenide.impl.WebElementSource.checkCondition(WebElementSource.java:99)\n\t... 25 more\n"},"stage":"finished","steps":[],"attachments":[{"name":"Screenshot","source":"dcfb5353-9513-4c47-af00-d87c88261d08-attachment.png","type":"image/png"}],"parameters":[],"start":1644391339633,"stop":1644391370186},{"name":"$(\"By.xpath: //ul[@id='ulDailyLessons']/descendant::h3[normalize-space(text())='Spelling/Poetry']/following-sibling::span[@id='linkVideo' and normalize-space(text())='Lesson 1']\") should be([exist, 0 ms.])","status":"failed","statusDetails":{"known":false,"muted":false,"flaky":false,"message":"Element not found {By.xpath: //ul[@id='ulDailyLessons']/descendant::h3[normalize-space(text())='Spelling/Poetry']/following-sibling::span[@id='linkVideo' and normalize-space(text())='Lesson 1']}\nExpected: exist\nScreenshot: file:/Users/apple/QA-Automation/build/reports/tests/1644391430281.31.png\nPage source: file:/Users/apple/QA-Automation/build/reports/tests/1644391430281.31.html\nTimeout: 0 ms.\nCaused by: NoSuchElementException: no such element: Unable to locate element: {\"method\":\"xpath\",\"selector\":\"//ul[@id='ulDailyLessons']/descendant::h3[normalize-space(text())='Spelling/Poetry']/following-sibling::span[@id='linkVideo' and normalize-space(text())='Lesson 1']\"}","trace":"Element not found {By.xpath: //ul[@id='ulDailyLessons']/descendant::h3[normalize-space(text())='Spelling/Poetry']/following-sibling::span[@id='linkVideo' and normalize-space(text())='Lesson 1']}\nExpected: exist\nScreenshot: file:/Users/apple/QA-Automation/build/reports/tests/1644391430281.31.png\nPage source: file:/Users/apple/QA-Automation/build/reports/tests/1644391430281.31.html\nTimeout: 0 ms.\nCaused by: NoSuchElementException: no such element: Unable to locate element: {\"method\":\"xpath\",\"selector\":\"//ul[@id='ulDailyLessons']/descendant::h3[normalize-space(text())='Spelling/Poetry']/following-sibling::span[@id='linkVideo' and normalize-space(text())='Lesson 1']\"}\n\tat com.codeborne.selenide.impl.WebElementSource.createElementNotFoundError(WebElementSource.java:83)\n\tat com.codeborne.selenide.impl.ElementFinder.createElementNotFoundError(ElementFinder.java:136)\n\tat com.codeborne.selenide.impl.WebElementSource.checkCondition(WebElementSource.java:114)\n\tat com.codeborne.selenide.commands.Should.execute(Should.java:30)\n\tat com.codeborne.selenide.commands.Should.execute(Should.java:14)\n\tat com.codeborne.selenide.commands.Commands.execute(Commands.java:155)\n\tat com.codeborne.selenide.impl.SelenideElementProxy.dispatchAndRetry(SelenideElementProxy.java:133)\n\tat com.codeborne.selenide.impl.SelenideElementProxy.invoke(SelenideElementProxy.java:85)\n\tat com.sun.proxy.$Proxy37.shouldBe(Unknown Source)\n\tat base.SelenideExtended.waitForElementTobeExist(SelenideExtended.java:766)\n\tat base.SelenideExtended.isElementExists(SelenideExtended.java:119)\n\tat pageObjects.StudentsScreen.validateMyLessonsTodaySectionData(StudentsScreen.java:693)\n\tat abekaUISuite.ParentAndStudentSuiteTest.validateSwitchPenmanShipScenarioGradeOne(ParentAndStudentSuiteTest.java:105)\n\tat java.base/jdk.internal.reflect.NativeMethodAccessorImpl.invoke0(Native Method)\n\tat java.base/jdk.internal.reflect.NativeMethodAccessorImpl.invoke(NativeMethodAccessorImpl.java:62)\n\tat java.base/jdk.internal.reflect.DelegatingMethodAccessorImpl.invoke(DelegatingMethodAccessorImpl.java:43)\n\tat java.base/java.lang.reflect.Method.invoke(Method.java:566)\n\tat org.testng.internal.MethodInvocationHelper.invokeMethod(MethodInvocationHelper.java:133)\n\tat org.testng.internal.TestInvoker.invokeMethod(TestInvoker.java:598)\n\tat org.testng.internal.TestInvoker.invokeTestMethod(TestInvoker.java:173)\n\tat org.testng.internal.MethodRunner.runInSequence(MethodRunner.java:46)\n\tat org.testng.internal.TestInvoker$MethodInvocationAgent.invoke(TestInvoker.java:824)\n\tat org.testng.internal.TestInvoker.invokeTestMethods(TestInvoker.java:146)\n\tat org.testng.internal.TestMethodWorker.invokeTestMethods(TestMethodWorker.java:146)\n\tat org.testng.internal.TestMethodWorker.run(TestMethodWorker.java:128)\n\tat java.base/java.util.concurrent.ThreadPoolExecutor.runWorker(ThreadPoolExecutor.java:1128)\n\tat java.base/java.util.concurrent.ThreadPoolExecutor$Worker.run(ThreadPoolExecutor.java:628)\n\tat java.base/java.lang.Thread.run(Thread.java:834)\nCaused by: org.openqa.selenium.NoSuchElementException: no such element: Unable to locate element: {\"method\":\"xpath\",\"selector\":\"//ul[@id='ulDailyLessons']/descendant::h3[normalize-space(text())='Spelling/Poetry']/following-sibling::span[@id='linkVideo' and normalize-space(text())='Lesson 1']\"}\n  (Session info: chrome=98.0.4758.80)\nFor documentation on this error, please visit: https://www.seleniumhq.org/exceptions/no_such_element.html\nBuild info: version: '3.141.59', revision: 'e82be7d358', time: '2018-11-14T08:17:03'\nSystem info: host: 'Rohit-Kamble.local', ip: '2401:4900:1afa:1172:e55c:b3c8:47aa:9053%en0', os.name: 'Mac OS X', os.arch: 'x86_64', os.version: '10.16', java.version: '11.0.12'\nDriver info: org.openqa.selenium.chrome.ChromeDriver\nCapabilities {acceptInsecureCerts: false, browserName: chrome, browserVersion: 98.0.4758.80, chrome: {chromedriverVersion: 98.0.4758.80 (7f0488e8ba0d8..., userDataDir: /var/folders/hf/83dzgx457nb...}, goog:chromeOptions: {debuggerAddress: localhost:53138}, javascriptEnabled: true, networkConnectionEnabled: false, pageLoadStrategy: normal, platform: MAC, platformName: MAC, proxy: Proxy(), setWindowRect: true, strictFileInteractability: false, timeouts: {implicit: 0, pageLoad: 300000, script: 30000}, unhandledPromptBehavior: dismiss and notify, webauthn:extension:credBlob: true, webauthn:extension:largeBlob: true, webauthn:virtualAuthenticators: true}\nSession ID: 5e52ed1256f16089fe06b2151292619a\n*** Element info: {Using=xpath, value=//ul[@id='ulDailyLessons']/descendant::h3[normalize-space(text())='Spelling/Poetry']/following-sibling::span[@id='linkVideo' and normalize-space(text())='Lesson 1']}\n\tat java.base/jdk.internal.reflect.NativeConstructorAccessorImpl.newInstance0(Native Method)\n\tat java.base/jdk.internal.reflect.NativeConstructorAccessorImpl.newInstance(NativeConstructorAccessorImpl.java:62)\n\tat java.base/jdk.internal.reflect.DelegatingConstructorAccessorImpl.newInstance(DelegatingConstructorAccessorImpl.java:45)\n\tat java.base/java.lang.reflect.Constructor.newInstance(Constructor.java:490)\n\tat org.openqa.selenium.remote.http.W3CHttpResponseCodec.createException(W3CHttpResponseCodec.java:187)\n\tat org.openqa.selenium.remote.http.W3CHttpResponseCodec.decode(W3CHttpResponseCodec.java:122)\n\tat org.openqa.selenium.remote.http.W3CHttpResponseCodec.decode(W3CHttpResponseCodec.java:49)\n\tat org.openqa.selenium.remote.HttpCommandExecutor.execute(HttpCommandExecutor.java:158)\n\tat org.openqa.selenium.remote.service.DriverCommandExecutor.execute(DriverCommandExecutor.java:83)\n\tat org.openqa.selenium.remote.RemoteWebDriver.execute(RemoteWebDriver.java:552)\n\tat org.openqa.selenium.remote.RemoteWebDriver.findElement(RemoteWebDriver.java:323)\n\tat org.openqa.selenium.remote.RemoteWebDriver.findElementByXPath(RemoteWebDriver.java:428)\n\tat org.openqa.selenium.By$ByXPath.findElement(By.java:353)\n\tat org.openqa.selenium.remote.RemoteWebDriver.findElement(RemoteWebDriver.java:315)\n\tat com.codeborne.selenide.impl.WebElementSelector.findElement(WebElementSelector.java:59)\n\tat com.codeborne.selenide.impl.WebElementSelector.findElement(WebElementSelector.java:34)\n\tat com.codeborne.selenide.impl.ElementFinder.getWebElement(ElementFinder.java:104)\n\tat com.codeborne.selenide.impl.WebElementSource.checkCondition(WebElementSource.java:99)\n\t... 25 more\n"},"stage":"finished","steps":[],"attachments":[{"name":"Screenshot","source":"326cdd34-8bd7-4672-ae01-0770becfe625-attachment.png","type":"image/png"}],"parameters":[],"start":1644391400239,"stop":1644391430808},{"name":"$(\"By.xpath: //ul[@id='ulDailyLessons']/descendant::h3[normalize-space(text())='Arithmetic']/following-sibling::span[@id='linkVideo' and normalize-space(text())='Lesson 1']\") should be([exist, 0 ms.])","status":"failed","statusDetails":{"known":false,"muted":false,"flaky":false,"message":"Element not found {By.xpath: //ul[@id='ulDailyLessons']/descendant::h3[normalize-space(text())='Arithmetic']/following-sibling::span[@id='linkVideo' and normalize-space(text())='Lesson 1']}\nExpected: exist\nScreenshot: file:/Users/apple/QA-Automation/build/reports/tests/1644391490890.32.png\nPage source: file:/Users/apple/QA-Automation/build/reports/tests/1644391490890.32.html\nTimeout: 0 ms.\nCaused by: NoSuchElementException: no such element: Unable to locate element: {\"method\":\"xpath\",\"selector\":\"//ul[@id='ulDailyLessons']/descendant::h3[normalize-space(text())='Arithmetic']/following-sibling::span[@id='linkVideo' and normalize-space(text())='Lesson 1']\"}","trace":"Element not found {By.xpath: //ul[@id='ulDailyLessons']/descendant::h3[normalize-space(text())='Arithmetic']/following-sibling::span[@id='linkVideo' and normalize-space(text())='Lesson 1']}\nExpected: exist\nScreenshot: file:/Users/apple/QA-Automation/build/reports/tests/1644391490890.32.png\nPage source: file:/Users/apple/QA-Automation/build/reports/tests/1644391490890.32.html\nTimeout: 0 ms.\nCaused by: NoSuchElementException: no such element: Unable to locate element: {\"method\":\"xpath\",\"selector\":\"//ul[@id='ulDailyLessons']/descendant::h3[normalize-space(text())='Arithmetic']/following-sibling::span[@id='linkVideo' and normalize-space(text())='Lesson 1']\"}\n\tat com.codeborne.selenide.impl.WebElementSource.createElementNotFoundError(WebElementSource.java:83)\n\tat com.codeborne.selenide.impl.ElementFinder.createElementNotFoundError(ElementFinder.java:136)\n\tat com.codeborne.selenide.impl.WebElementSource.checkCondition(WebElementSource.java:114)\n\tat com.codeborne.selenide.commands.Should.execute(Should.java:30)\n\tat com.codeborne.selenide.commands.Should.execute(Should.java:14)\n\tat com.codeborne.selenide.commands.Commands.execute(Commands.java:155)\n\tat com.codeborne.selenide.impl.SelenideElementProxy.dispatchAndRetry(SelenideElementProxy.java:133)\n\tat com.codeborne.selenide.impl.SelenideElementProxy.invoke(SelenideElementProxy.java:85)\n\tat com.sun.proxy.$Proxy37.shouldBe(Unknown Source)\n\tat base.SelenideExtended.waitForElementTobeExist(SelenideExtended.java:766)\n\tat base.SelenideExtended.isElementExists(SelenideExtended.java:119)\n\tat pageObjects.StudentsScreen.validateMyLessonsTodaySectionData(StudentsScreen.java:693)\n\tat abekaUISuite.ParentAndStudentSuiteTest.validateSwitchPenmanShipScenarioGradeOne(ParentAndStudentSuiteTest.java:105)\n\tat java.base/jdk.internal.reflect.NativeMethodAccessorImpl.invoke0(Native Method)\n\tat java.base/jdk.internal.reflect.NativeMethodAccessorImpl.invoke(NativeMethodAccessorImpl.java:62)\n\tat java.base/jdk.internal.reflect.DelegatingMethodAccessorImpl.invoke(DelegatingMethodAccessorImpl.java:43)\n\tat java.base/java.lang.reflect.Method.invoke(Method.java:566)\n\tat org.testng.internal.MethodInvocationHelper.invokeMethod(MethodInvocationHelper.java:133)\n\tat org.testng.internal.TestInvoker.invokeMethod(TestInvoker.java:598)\n\tat org.testng.internal.TestInvoker.invokeTestMethod(TestInvoker.java:173)\n\tat org.testng.internal.MethodRunner.runInSequence(MethodRunner.java:46)\n\tat org.testng.internal.TestInvoker$MethodInvocationAgent.invoke(TestInvoker.java:824)\n\tat org.testng.internal.TestInvoker.invokeTestMethods(TestInvoker.java:146)\n\tat org.testng.internal.TestMethodWorker.invokeTestMethods(TestMethodWorker.java:146)\n\tat org.testng.internal.TestMethodWorker.run(TestMethodWorker.java:128)\n\tat java.base/java.util.concurrent.ThreadPoolExecutor.runWorker(ThreadPoolExecutor.java:1128)\n\tat java.base/java.util.concurrent.ThreadPoolExecutor$Worker.run(ThreadPoolExecutor.java:628)\n\tat java.base/java.lang.Thread.run(Thread.java:834)\nCaused by: org.openqa.selenium.NoSuchElementException: no such element: Unable to locate element: {\"method\":\"xpath\",\"selector\":\"//ul[@id='ulDailyLessons']/descendant::h3[normalize-space(text())='Arithmetic']/following-sibling::span[@id='linkVideo' and normalize-space(text())='Lesson 1']\"}\n  (Session info: chrome=98.0.4758.80)\nFor documentation on this error, please visit: https://www.seleniumhq.org/exceptions/no_such_element.html\nBuild info: version: '3.141.59', revision: 'e82be7d358', time: '2018-11-14T08:17:03'\nSystem info: host: 'Rohit-Kamble.local', ip: '2401:4900:1afa:1172:e55c:b3c8:47aa:9053%en0', os.name: 'Mac OS X', os.arch: 'x86_64', os.version: '10.16', java.version: '11.0.12'\nDriver info: org.openqa.selenium.chrome.ChromeDriver\nCapabilities {acceptInsecureCerts: false, browserName: chrome, browserVersion: 98.0.4758.80, chrome: {chromedriverVersion: 98.0.4758.80 (7f0488e8ba0d8..., userDataDir: /var/folders/hf/83dzgx457nb...}, goog:chromeOptions: {debuggerAddress: localhost:53138}, javascriptEnabled: true, networkConnectionEnabled: false, pageLoadStrategy: normal, platform: MAC, platformName: MAC, proxy: Proxy(), setWindowRect: true, strictFileInteractability: false, timeouts: {implicit: 0, pageLoad: 300000, script: 30000}, unhandledPromptBehavior: dismiss and notify, webauthn:extension:credBlob: true, webauthn:extension:largeBlob: true, webauthn:virtualAuthenticators: true}\nSession ID: 5e52ed1256f16089fe06b2151292619a\n*** Element info: {Using=xpath, value=//ul[@id='ulDailyLessons']/descendant::h3[normalize-space(text())='Arithmetic']/following-sibling::span[@id='linkVideo' and normalize-space(text())='Lesson 1']}\n\tat java.base/jdk.internal.reflect.NativeConstructorAccessorImpl.newInstance0(Native Method)\n\tat java.base/jdk.internal.reflect.NativeConstructorAccessorImpl.newInstance(NativeConstructorAccessorImpl.java:62)\n\tat java.base/jdk.internal.reflect.DelegatingConstructorAccessorImpl.newInstance(DelegatingConstructorAccessorImpl.java:45)\n\tat java.base/java.lang.reflect.Constructor.newInstance(Constructor.java:490)\n\tat org.openqa.selenium.remote.http.W3CHttpResponseCodec.createException(W3CHttpResponseCodec.java:187)\n\tat org.openqa.selenium.remote.http.W3CHttpResponseCodec.decode(W3CHttpResponseCodec.java:122)\n\tat org.openqa.selenium.remote.http.W3CHttpResponseCodec.decode(W3CHttpResponseCodec.java:49)\n\tat org.openqa.selenium.remote.HttpCommandExecutor.execute(HttpCommandExecutor.java:158)\n\tat org.openqa.selenium.remote.service.DriverCommandExecutor.execute(DriverCommandExecutor.java:83)\n\tat org.openqa.selenium.remote.RemoteWebDriver.execute(RemoteWebDriver.java:552)\n\tat org.openqa.selenium.remote.RemoteWebDriver.findElement(RemoteWebDriver.java:323)\n\tat org.openqa.selenium.remote.RemoteWebDriver.findElementByXPath(RemoteWebDriver.java:428)\n\tat org.openqa.selenium.By$ByXPath.findElement(By.java:353)\n\tat org.openqa.selenium.remote.RemoteWebDriver.findElement(RemoteWebDriver.java:315)\n\tat com.codeborne.selenide.impl.WebElementSelector.findElement(WebElementSelector.java:59)\n\tat com.codeborne.selenide.impl.WebElementSelector.findElement(WebElementSelector.java:34)\n\tat com.codeborne.selenide.impl.ElementFinder.getWebElement(ElementFinder.java:104)\n\tat com.codeborne.selenide.impl.WebElementSource.checkCondition(WebElementSource.java:99)\n\t... 25 more\n"},"stage":"finished","steps":[],"attachments":[{"name":"Screenshot","source":"308a4465-8400-486c-8461-9c2dd34fad6d-attachment.png","type":"image/png"}],"parameters":[],"start":1644391460866,"stop":1644391491402},{"name":"$(\"By.xpath: //ul[@id='ulDailyLessons']/descendant::h3[normalize-space(text())='Combination Practice']/following-sibling::span[@id='linkVideo' and normalize-space(text())='Lesson 1']\") should be([exist, 0 ms.])","status":"failed","statusDetails":{"known":false,"muted":false,"flaky":false,"message":"Element not found {By.xpath: //ul[@id='ulDailyLessons']/descendant::h3[normalize-space(text())='Combination Practice']/following-sibling::span[@id='linkVideo' and normalize-space(text())='Lesson 1']}\nExpected: exist\nScreenshot: file:/Users/apple/QA-Automation/build/reports/tests/1644391551470.33.png\nPage source: file:/Users/apple/QA-Automation/build/reports/tests/1644391551470.33.html\nTimeout: 0 ms.\nCaused by: NoSuchElementException: no such element: Unable to locate element: {\"method\":\"xpath\",\"selector\":\"//ul[@id='ulDailyLessons']/descendant::h3[normalize-space(text())='Combination Practice']/following-sibling::span[@id='linkVideo' and normalize-space(text())='Lesson 1']\"}","trace":"Element not found {By.xpath: //ul[@id='ulDailyLessons']/descendant::h3[normalize-space(text())='Combination Practice']/following-sibling::span[@id='linkVideo' and normalize-space(text())='Lesson 1']}\nExpected: exist\nScreenshot: file:/Users/apple/QA-Automation/build/reports/tests/1644391551470.33.png\nPage source: file:/Users/apple/QA-Automation/build/reports/tests/1644391551470.33.html\nTimeout: 0 ms.\nCaused by: NoSuchElementException: no such element: Unable to locate element: {\"method\":\"xpath\",\"selector\":\"//ul[@id='ulDailyLessons']/descendant::h3[normalize-space(text())='Combination Practice']/following-sibling::span[@id='linkVideo' and normalize-space(text())='Lesson 1']\"}\n\tat com.codeborne.selenide.impl.WebElementSource.createElementNotFoundError(WebElementSource.java:83)\n\tat com.codeborne.selenide.impl.ElementFinder.createElementNotFoundError(ElementFinder.java:136)\n\tat com.codeborne.selenide.impl.WebElementSource.checkCondition(WebElementSource.java:114)\n\tat com.codeborne.selenide.commands.Should.execute(Should.java:30)\n\tat com.codeborne.selenide.commands.Should.execute(Should.java:14)\n\tat com.codeborne.selenide.commands.Commands.execute(Commands.java:155)\n\tat com.codeborne.selenide.impl.SelenideElementProxy.dispatchAndRetry(SelenideElementProxy.java:133)\n\tat com.codeborne.selenide.impl.SelenideElementProxy.invoke(SelenideElementProxy.java:85)\n\tat com.sun.proxy.$Proxy37.shouldBe(Unknown Source)\n\tat base.SelenideExtended.waitForElementTobeExist(SelenideExtended.java:766)\n\tat base.SelenideExtended.isElementExists(SelenideExtended.java:119)\n\tat pageObjects.StudentsScreen.validateMyLessonsTodaySectionData(StudentsScreen.java:693)\n\tat abekaUISuite.ParentAndStudentSuiteTest.validateSwitchPenmanShipScenarioGradeOne(ParentAndStudentSuiteTest.java:105)\n\tat java.base/jdk.internal.reflect.NativeMethodAccessorImpl.invoke0(Native Method)\n\tat java.base/jdk.internal.reflect.NativeMethodAccessorImpl.invoke(NativeMethodAccessorImpl.java:62)\n\tat java.base/jdk.internal.reflect.DelegatingMethodAccessorImpl.invoke(DelegatingMethodAccessorImpl.java:43)\n\tat java.base/java.lang.reflect.Method.invoke(Method.java:566)\n\tat org.testng.internal.MethodInvocationHelper.invokeMethod(MethodInvocationHelper.java:133)\n\tat org.testng.internal.TestInvoker.invokeMethod(TestInvoker.java:598)\n\tat org.testng.internal.TestInvoker.invokeTestMethod(TestInvoker.java:173)\n\tat org.testng.internal.MethodRunner.runInSequence(MethodRunner.java:46)\n\tat org.testng.internal.TestInvoker$MethodInvocationAgent.invoke(TestInvoker.java:824)\n\tat org.testng.internal.TestInvoker.invokeTestMethods(TestInvoker.java:146)\n\tat org.testng.internal.TestMethodWorker.invokeTestMethods(TestMethodWorker.java:146)\n\tat org.testng.internal.TestMethodWorker.run(TestMethodWorker.java:128)\n\tat java.base/java.util.concurrent.ThreadPoolExecutor.runWorker(ThreadPoolExecutor.java:1128)\n\tat java.base/java.util.concurrent.ThreadPoolExecutor$Worker.run(ThreadPoolExecutor.java:628)\n\tat java.base/java.lang.Thread.run(Thread.java:834)\nCaused by: org.openqa.selenium.NoSuchElementException: no such element: Unable to locate element: {\"method\":\"xpath\",\"selector\":\"//ul[@id='ulDailyLessons']/descendant::h3[normalize-space(text())='Combination Practice']/following-sibling::span[@id='linkVideo' and normalize-space(text())='Lesson 1']\"}\n  (Session info: chrome=98.0.4758.80)\nFor documentation on this error, please visit: https://www.seleniumhq.org/exceptions/no_such_element.html\nBuild info: version: '3.141.59', revision: 'e82be7d358', time: '2018-11-14T08:17:03'\nSystem info: host: 'Rohit-Kamble.local', ip: '2401:4900:1afa:1172:e55c:b3c8:47aa:9053%en0', os.name: 'Mac OS X', os.arch: 'x86_64', os.version: '10.16', java.version: '11.0.12'\nDriver info: org.openqa.selenium.chrome.ChromeDriver\nCapabilities {acceptInsecureCerts: false, browserName: chrome, browserVersion: 98.0.4758.80, chrome: {chromedriverVersion: 98.0.4758.80 (7f0488e8ba0d8..., userDataDir: /var/folders/hf/83dzgx457nb...}, goog:chromeOptions: {debuggerAddress: localhost:53138}, javascriptEnabled: true, networkConnectionEnabled: false, pageLoadStrategy: normal, platform: MAC, platformName: MAC, proxy: Proxy(), setWindowRect: true, strictFileInteractability: false, timeouts: {implicit: 0, pageLoad: 300000, script: 30000}, unhandledPromptBehavior: dismiss and notify, webauthn:extension:credBlob: true, webauthn:extension:largeBlob: true, webauthn:virtualAuthenticators: true}\nSession ID: 5e52ed1256f16089fe06b2151292619a\n*** Element info: {Using=xpath, value=//ul[@id='ulDailyLessons']/descendant::h3[normalize-space(text())='Combination Practice']/following-sibling::span[@id='linkVideo' and normalize-space(text())='Lesson 1']}\n\tat jdk.internal.reflect.GeneratedConstructorAccessor100.newInstance(Unknown Source)\n\tat java.base/jdk.internal.reflect.DelegatingConstructorAccessorImpl.newInstance(DelegatingConstructorAccessorImpl.java:45)\n\tat java.base/java.lang.reflect.Constructor.newInstance(Constructor.java:490)\n\tat org.openqa.selenium.remote.http.W3CHttpResponseCodec.createException(W3CHttpResponseCodec.java:187)\n\tat org.openqa.selenium.remote.http.W3CHttpResponseCodec.decode(W3CHttpResponseCodec.java:122)\n\tat org.openqa.selenium.remote.http.W3CHttpResponseCodec.decode(W3CHttpResponseCodec.java:49)\n\tat org.openqa.selenium.remote.HttpCommandExecutor.execute(HttpCommandExecutor.java:158)\n\tat org.openqa.selenium.remote.service.DriverCommandExecutor.execute(DriverCommandExecutor.java:83)\n\tat org.openqa.selenium.remote.RemoteWebDriver.execute(RemoteWebDriver.java:552)\n\tat org.openqa.selenium.remote.RemoteWebDriver.findElement(RemoteWebDriver.java:323)\n\tat org.openqa.selenium.remote.RemoteWebDriver.findElementByXPath(RemoteWebDriver.java:428)\n\tat org.openqa.selenium.By$ByXPath.findElement(By.java:353)\n\tat org.openqa.selenium.remote.RemoteWebDriver.findElement(RemoteWebDriver.java:315)\n\tat com.codeborne.selenide.impl.WebElementSelector.findElement(WebElementSelector.java:59)\n\tat com.codeborne.selenide.impl.WebElementSelector.findElement(WebElementSelector.java:34)\n\tat com.codeborne.selenide.impl.ElementFinder.getWebElement(ElementFinder.java:104)\n\tat com.codeborne.selenide.impl.WebElementSource.checkCondition(WebElementSource.java:99)\n\t... 25 more\n"},"stage":"finished","steps":[],"attachments":[{"name":"Screenshot","source":"63c1a1d0-0e7a-4ca0-a87d-d1f99305a030-attachment.png","type":"image/png"}],"parameters":[],"start":1644391521460,"stop":1644391551998},{"name":"$(\"By.xpath: //ul[@id='ulDailyLessons']/descendant::h3[normalize-space(text())='Activity Time']/following-sibling::span[@id='linkVideo' and normalize-space(text())='Lesson 1']\") should be([exist, 0 ms.])","status":"failed","statusDetails":{"known":false,"muted":false,"flaky":false,"message":"Element not found {By.xpath: //ul[@id='ulDailyLessons']/descendant::h3[normalize-space(text())='Activity Time']/following-sibling::span[@id='linkVideo' and normalize-space(text())='Lesson 1']}\nExpected: exist\nScreenshot: file:/Users/apple/QA-Automation/build/reports/tests/1644391612056.34.png\nPage source: file:/Users/apple/QA-Automation/build/reports/tests/1644391612056.34.html\nTimeout: 0 ms.\nCaused by: NoSuchElementException: no such element: Unable to locate element: {\"method\":\"xpath\",\"selector\":\"//ul[@id='ulDailyLessons']/descendant::h3[normalize-space(text())='Activity Time']/following-sibling::span[@id='linkVideo' and normalize-space(text())='Lesson 1']\"}","trace":"Element not found {By.xpath: //ul[@id='ulDailyLessons']/descendant::h3[normalize-space(text())='Activity Time']/following-sibling::span[@id='linkVideo' and normalize-space(text())='Lesson 1']}\nExpected: exist\nScreenshot: file:/Users/apple/QA-Automation/build/reports/tests/1644391612056.34.png\nPage source: file:/Users/apple/QA-Automation/build/reports/tests/1644391612056.34.html\nTimeout: 0 ms.\nCaused by: NoSuchElementException: no such element: Unable to locate element: {\"method\":\"xpath\",\"selector\":\"//ul[@id='ulDailyLessons']/descendant::h3[normalize-space(text())='Activity Time']/following-sibling::span[@id='linkVideo' and normalize-space(text())='Lesson 1']\"}\n\tat com.codeborne.selenide.impl.WebElementSource.createElementNotFoundError(WebElementSource.java:83)\n\tat com.codeborne.selenide.impl.ElementFinder.createElementNotFoundError(ElementFinder.java:136)\n\tat com.codeborne.selenide.impl.WebElementSource.checkCondition(WebElementSource.java:114)\n\tat com.codeborne.selenide.commands.Should.execute(Should.java:30)\n\tat com.codeborne.selenide.commands.Should.execute(Should.java:14)\n\tat com.codeborne.selenide.commands.Commands.execute(Commands.java:155)\n\tat com.codeborne.selenide.impl.SelenideElementProxy.dispatchAndRetry(SelenideElementProxy.java:133)\n\tat com.codeborne.selenide.impl.SelenideElementProxy.invoke(SelenideElementProxy.java:85)\n\tat com.sun.proxy.$Proxy37.shouldBe(Unknown Source)\n\tat base.SelenideExtended.waitForElementTobeExist(SelenideExtended.java:766)\n\tat base.SelenideExtended.isElementExists(SelenideExtended.java:119)\n\tat pageObjects.StudentsScreen.validateMyLessonsTodaySectionData(StudentsScreen.java:693)\n\tat abekaUISuite.ParentAndStudentSuiteTest.validateSwitchPenmanShipScenarioGradeOne(ParentAndStudentSuiteTest.java:105)\n\tat java.base/jdk.internal.reflect.NativeMethodAccessorImpl.invoke0(Native Method)\n\tat java.base/jdk.internal.reflect.NativeMethodAccessorImpl.invoke(NativeMethodAccessorImpl.java:62)\n\tat java.base/jdk.internal.reflect.DelegatingMethodAccessorImpl.invoke(DelegatingMethodAccessorImpl.java:43)\n\tat java.base/java.lang.reflect.Method.invoke(Method.java:566)\n\tat org.testng.internal.MethodInvocationHelper.invokeMethod(MethodInvocationHelper.java:133)\n\tat org.testng.internal.TestInvoker.invokeMethod(TestInvoker.java:598)\n\tat org.testng.internal.TestInvoker.invokeTestMethod(TestInvoker.java:173)\n\tat org.testng.internal.MethodRunner.runInSequence(MethodRunner.java:46)\n\tat org.testng.internal.TestInvoker$MethodInvocationAgent.invoke(TestInvoker.java:824)\n\tat org.testng.internal.TestInvoker.invokeTestMethods(TestInvoker.java:146)\n\tat org.testng.internal.TestMethodWorker.invokeTestMethods(TestMethodWorker.java:146)\n\tat org.testng.internal.TestMethodWorker.run(TestMethodWorker.java:128)\n\tat java.base/java.util.concurrent.ThreadPoolExecutor.runWorker(ThreadPoolExecutor.java:1128)\n\tat java.base/java.util.concurrent.ThreadPoolExecutor$Worker.run(ThreadPoolExecutor.java:628)\n\tat java.base/java.lang.Thread.run(Thread.java:834)\nCaused by: org.openqa.selenium.NoSuchElementException: no such element: Unable to locate element: {\"method\":\"xpath\",\"selector\":\"//ul[@id='ulDailyLessons']/descendant::h3[normalize-space(text())='Activity Time']/following-sibling::span[@id='linkVideo' and normalize-space(text())='Lesson 1']\"}\n  (Session info: chrome=98.0.4758.80)\nFor documentation on this error, please visit: https://www.seleniumhq.org/exceptions/no_such_element.html\nBuild info: version: '3.141.59', revision: 'e82be7d358', time: '2018-11-14T08:17:03'\nSystem info: host: 'Rohit-Kamble.local', ip: '2401:4900:1afa:1172:e55c:b3c8:47aa:9053%en0', os.name: 'Mac OS X', os.arch: 'x86_64', os.version: '10.16', java.version: '11.0.12'\nDriver info: org.openqa.selenium.chrome.ChromeDriver\nCapabilities {acceptInsecureCerts: false, browserName: chrome, browserVersion: 98.0.4758.80, chrome: {chromedriverVersion: 98.0.4758.80 (7f0488e8ba0d8..., userDataDir: /var/folders/hf/83dzgx457nb...}, goog:chromeOptions: {debuggerAddress: localhost:53138}, javascriptEnabled: true, networkConnectionEnabled: false, pageLoadStrategy: normal, platform: MAC, platformName: MAC, proxy: Proxy(), setWindowRect: true, strictFileInteractability: false, timeouts: {implicit: 0, pageLoad: 300000, script: 30000}, unhandledPromptBehavior: dismiss and notify, webauthn:extension:credBlob: true, webauthn:extension:largeBlob: true, webauthn:virtualAuthenticators: true}\nSession ID: 5e52ed1256f16089fe06b2151292619a\n*** Element info: {Using=xpath, value=//ul[@id='ulDailyLessons']/descendant::h3[normalize-space(text())='Activity Time']/following-sibling::span[@id='linkVideo' and normalize-space(text())='Lesson 1']}\n\tat jdk.internal.reflect.GeneratedConstructorAccessor100.newInstance(Unknown Source)\n\tat java.base/jdk.internal.reflect.DelegatingConstructorAccessorImpl.newInstance(DelegatingConstructorAccessorImpl.java:45)\n\tat java.base/java.lang.reflect.Constructor.newInstance(Constructor.java:490)\n\tat org.openqa.selenium.remote.http.W3CHttpResponseCodec.createException(W3CHttpResponseCodec.java:187)\n\tat org.openqa.selenium.remote.http.W3CHttpResponseCodec.decode(W3CHttpResponseCodec.java:122)\n\tat org.openqa.selenium.remote.http.W3CHttpResponseCodec.decode(W3CHttpResponseCodec.java:49)\n\tat org.openqa.selenium.remote.HttpCommandExecutor.execute(HttpCommandExecutor.java:158)\n\tat org.openqa.selenium.remote.service.DriverCommandExecutor.execute(DriverCommandExecutor.java:83)\n\tat org.openqa.selenium.remote.RemoteWebDriver.execute(RemoteWebDriver.java:552)\n\tat org.openqa.selenium.remote.RemoteWebDriver.findElement(RemoteWebDriver.java:323)\n\tat org.openqa.selenium.remote.RemoteWebDriver.findElementByXPath(RemoteWebDriver.java:428)\n\tat org.openqa.selenium.By$ByXPath.findElement(By.java:353)\n\tat org.openqa.selenium.remote.RemoteWebDriver.findElement(RemoteWebDriver.java:315)\n\tat com.codeborne.selenide.impl.WebElementSelector.findElement(WebElementSelector.java:59)\n\tat com.codeborne.selenide.impl.WebElementSelector.findElement(WebElementSelector.java:34)\n\tat com.codeborne.selenide.impl.ElementFinder.getWebElement(ElementFinder.java:104)\n\tat com.codeborne.selenide.impl.WebElementSource.checkCondition(WebElementSource.java:99)\n\t... 25 more\n"},"stage":"finished","steps":[],"attachments":[{"name":"Screenshot","source":"1c040513-3486-4345-9a3e-f5343e8b1342-attachment.png","type":"image/png"}],"parameters":[],"start":1644391582017,"stop":1644391612573},{"name":"$(\"By.xpath: (//*[normalize-space(text())='My Lessons Today' or normalize-space(@value)='My Lessons Today']|//text()[normalize-space()='My Lessons Today'])[1]\") should be([exist, 0 ms.])","status":"passed","stage":"finished","steps":[],"attachments":[],"parameters":[],"start":1644391642583,"stop":1644391642605},{"name":"$(\"By.id: dvLessonsToday\") should be([exist, 0 ms.])","status":"passed","stage":"finished","steps":[],"attachments":[],"parameters":[],"start":1644391642605,"stop":1644391642626},{"name":"$(\"By.xpath: (//*[normalize-space(text())='Dashboard' or normalize-space(@value)='Dashboard']|//text()[normalize-space()='Dashboard'])[1]\") get wrapped element()","status":"passed","stage":"finished","steps":[],"attachments":[],"parameters":[],"start":1644392562132,"stop":1644392562141},{"name":"$(\"By.xpath: //ul[@class='mzr-content smallIconList']/descendant::*/descendant::span[contains(normalize-space(text()),'Home')]\") should be([exist, 0 ms.])","status":"passed","stage":"finished","steps":[],"attachments":[],"parameters":[],"start":1644392562253,"stop":1644392562277},{"name":"$(\"By.xpath: //ul[@class='mzr-content smallIconList']/descendant::*/descendant::span[contains(normalize-space(text()),'Home')]\") should be([exist, 0 ms.])","status":"passed","stage":"finished","steps":[],"attachments":[],"parameters":[],"start":1644392562287,"stop":1644392562305},{"name":"$(\"$$(2 elements)[0]\") get wrapped element()","status":"passed","stage":"finished","steps":[],"attachments":[],"parameters":[],"start":1644392562305,"stop":1644392562305},{"name":"$(\"$$(2 elements)[0]\") get wrapped element()","status":"passed","stage":"finished","steps":[],"attachments":[],"parameters":[],"start":1644392562309,"stop":1644392562309},{"name":"$(\"$$(2 elements)[0]\") should be([exist, 0 ms.])","status":"passed","stage":"finished","steps":[],"attachments":[],"parameters":[],"start":1644392562476,"stop":1644392562485},{"name":"$(\"$$(2 elements)[0]\") click()","status":"passed","stage":"finished","steps":[],"attachments":[],"parameters":[],"start":1644392563485,"stop":1644392567419},{"name":"$(\"By.id: VODVideos\") find element(By.xpath: ./descendant::a[@href='/Video2/streaming/'])","status":"passed","stage":"finished","steps":[],"attachments":[],"parameters":[],"start":1644392567420,"stop":1644392567437},{"name":"$(\"<a id name>\") get wrapped element()","status":"passed","stage":"finished","steps":[],"attachments":[],"parameters":[],"start":1644392567449,"stop":1644392567449},{"name":"$(\"By.id: VODVideos\") find element(By.xpath: ./descendant::a[@href='/Video2/streaming/'])","status":"passed","stage":"finished","steps":[],"attachments":[],"parameters":[],"start":1644392567453,"stop":1644392567466},{"name":"$(\"<a id name>\") get wrapped element()","status":"passed","stage":"finished","steps":[],"attachments":[],"parameters":[],"start":1644392567476,"stop":1644392567476},{"name":"$(\"By.id: VODVideos\") find element(By.xpath: ./descendant::a[@href='/Video2/streaming/'])","status":"passed","stage":"finished","steps":[],"attachments":[],"parameters":[],"start":1644392567596,"stop":1644392567608},{"name":"$(\"By.id: VODVideos\") find element(By.xpath: ./descendant::a[@href='/Video2/streaming/'])","status":"passed","stage":"finished","steps":[],"attachments":[],"parameters":[],"start":1644392567608,"stop":1644392567620},{"name":"$(\"<a id name>\") should be([exist, 0 ms.])","status":"passed","stage":"finished","steps":[],"attachments":[],"parameters":[],"start":1644392567675,"stop":1644392567685},{"name":"$(\"<a id name>\") click()","status":"passed","stage":"finished","steps":[],"attachments":[],"parameters":[],"start":1644392568696,"stop":1644392573589},{"name":"$(\"By.xpath: //div[@class='tourClose']/a\") should be([exist, 0 ms.])","status":"failed","statusDetails":{"known":false,"muted":false,"flaky":false,"message":"Element not found {By.xpath: //div[@class='tourClose']/a}\nExpected: exist\nScreenshot: file:/Users/apple/QA-Automation/build/reports/tests/1644392603638.35.png\nPage source: file:/Users/apple/QA-Automation/build/reports/tests/1644392603638.35.html\nTimeout: 0 ms.\nCaused by: NoSuchElementException: no such element: Unable to locate element: {\"method\":\"xpath\",\"selector\":\"//div[@class='tourClose']/a\"}","trace":"Element not found {By.xpath: //div[@class='tourClose']/a}\nExpected: exist\nScreenshot: file:/Users/apple/QA-Automation/build/reports/tests/1644392603638.35.png\nPage source: file:/Users/apple/QA-Automation/build/reports/tests/1644392603638.35.html\nTimeout: 0 ms.\nCaused by: NoSuchElementException: no such element: Unable to locate element: {\"method\":\"xpath\",\"selector\":\"//div[@class='tourClose']/a\"}\n\tat com.codeborne.selenide.impl.WebElementSource.createElementNotFoundError(WebElementSource.java:83)\n\tat com.codeborne.selenide.impl.ElementFinder.createElementNotFoundError(ElementFinder.java:136)\n\tat com.codeborne.selenide.impl.WebElementSource.checkCondition(WebElementSource.java:114)\n\tat com.codeborne.selenide.commands.Should.execute(Should.java:30)\n\tat com.codeborne.selenide.commands.Should.execute(Should.java:14)\n\tat com.codeborne.selenide.commands.Commands.execute(Commands.java:155)\n\tat com.codeborne.selenide.impl.SelenideElementProxy.dispatchAndRetry(SelenideElementProxy.java:133)\n\tat com.codeborne.selenide.impl.SelenideElementProxy.invoke(SelenideElementProxy.java:85)\n\tat com.sun.proxy.$Proxy37.shouldBe(Unknown Source)\n\tat base.SelenideExtended.waitForElementTobeExist(SelenideExtended.java:782)\n\tat base.SelenideExtended.waitAndCloseWidgetTourPopup(SelenideExtended.java:1005)\n\tat pageObjects.StudentsScreen.navigateToStartWatchingYourLessonsLink(StudentsScreen.java:597)\n\tat abekaUISuite.ParentAndStudentSuiteTest.validateSwitchPenmanShipScenarioGradeOne(ParentAndStudentSuiteTest.java:112)\n\tat java.base/jdk.internal.reflect.NativeMethodAccessorImpl.invoke0(Native Method)\n\tat java.base/jdk.internal.reflect.NativeMethodAccessorImpl.invoke(NativeMethodAccessorImpl.java:62)\n\tat java.base/jdk.internal.reflect.DelegatingMethodAccessorImpl.invoke(DelegatingMethodAccessorImpl.java:43)\n\tat java.base/java.lang.reflect.Method.invoke(Method.java:566)\n\tat org.testng.internal.MethodInvocationHelper.invokeMethod(MethodInvocationHelper.java:133)\n\tat org.testng.internal.TestInvoker.invokeMethod(TestInvoker.java:598)\n\tat org.testng.internal.TestInvoker.invokeTestMethod(TestInvoker.java:173)\n\tat org.testng.internal.MethodRunner.runInSequence(MethodRunner.java:46)\n\tat org.testng.internal.TestInvoker$MethodInvocationAgent.invoke(TestInvoker.java:824)\n\tat org.testng.internal.TestInvoker.invokeTestMethods(TestInvoker.java:146)\n\tat org.testng.internal.TestMethodWorker.invokeTestMethods(TestMethodWorker.java:146)\n\tat org.testng.internal.TestMethodWorker.run(TestMethodWorker.java:128)\n\tat java.base/java.util.concurrent.ThreadPoolExecutor.runWorker(ThreadPoolExecutor.java:1128)\n\tat java.base/java.util.concurrent.ThreadPoolExecutor$Worker.run(ThreadPoolExecutor.java:628)\n\tat java.base/java.lang.Thread.run(Thread.java:834)\nCaused by: org.openqa.selenium.NoSuchElementException: no such element: Unable to locate element: {\"method\":\"xpath\",\"selector\":\"//div[@class='tourClose']/a\"}\n  (Session info: chrome=98.0.4758.80)\nFor documentation on this error, please visit: https://www.seleniumhq.org/exceptions/no_such_element.html\nBuild info: version: '3.141.59', revision: 'e82be7d358', time: '2018-11-14T08:17:03'\nSystem info: host: 'Rohit-Kamble.local', ip: '2401:4900:1afa:1172:e55c:b3c8:47aa:9053%en0', os.name: 'Mac OS X', os.arch: 'x86_64', os.version: '10.16', java.version: '11.0.12'\nDriver info: org.openqa.selenium.chrome.ChromeDriver\nCapabilities {acceptInsecureCerts: false, browserName: chrome, browserVersion: 98.0.4758.80, chrome: {chromedriverVersion: 98.0.4758.80 (7f0488e8ba0d8..., userDataDir: /var/folders/hf/83dzgx457nb...}, goog:chromeOptions: {debuggerAddress: localhost:53138}, javascriptEnabled: true, networkConnectionEnabled: false, pageLoadStrategy: normal, platform: MAC, platformName: MAC, proxy: Proxy(), setWindowRect: true, strictFileInteractability: false, timeouts: {implicit: 0, pageLoad: 300000, script: 30000}, unhandledPromptBehavior: dismiss and notify, webauthn:extension:credBlob: true, webauthn:extension:largeBlob: true, webauthn:virtualAuthenticators: true}\nSession ID: 5e52ed1256f16089fe06b2151292619a\n*** Element info: {Using=xpath, value=//div[@class='tourClose']/a}\n\tat jdk.internal.reflect.GeneratedConstructorAccessor100.newInstance(Unknown Source)\n\tat java.base/jdk.internal.reflect.DelegatingConstructorAccessorImpl.newInstance(DelegatingConstructorAccessorImpl.java:45)\n\tat java.base/java.lang.reflect.Constructor.newInstance(Constructor.java:490)\n\tat org.openqa.selenium.remote.http.W3CHttpResponseCodec.createException(W3CHttpResponseCodec.java:187)\n\tat org.openqa.selenium.remote.http.W3CHttpResponseCodec.decode(W3CHttpResponseCodec.java:122)\n\tat org.openqa.selenium.remote.http.W3CHttpResponseCodec.decode(W3CHttpResponseCodec.java:49)\n\tat org.openqa.selenium.remote.HttpCommandExecutor.execute(HttpCommandExecutor.java:158)\n\tat org.openqa.selenium.remote.service.DriverCommandExecutor.execute(DriverCommandExecutor.java:83)\n\tat org.openqa.selenium.remote.RemoteWebDriver.execute(RemoteWebDriver.java:552)\n\tat org.openqa.selenium.remote.RemoteWebDriver.findElement(RemoteWebDriver.java:323)\n\tat org.openqa.selenium.remote.RemoteWebDriver.findElementByXPath(RemoteWebDriver.java:428)\n\tat org.openqa.selenium.By$ByXPath.findElement(By.java:353)\n\tat org.openqa.selenium.remote.RemoteWebDriver.findElement(RemoteWebDriver.java:315)\n\tat com.codeborne.selenide.impl.WebElementSelector.findElement(WebElementSelector.java:59)\n\tat com.codeborne.selenide.impl.WebElementSelector.findElement(WebElementSelector.java:34)\n\tat com.codeborne.selenide.impl.ElementFinder.getWebElement(ElementFinder.java:104)\n\tat com.codeborne.selenide.impl.WebElementSource.checkCondition(WebElementSource.java:99)\n\t... 25 more\n"},"stage":"finished","steps":[],"attachments":[{"name":"Screenshot","source":"5a74b7f9-cd26-400c-8880-b301f4d13aa3-attachment.png","type":"image/png"}],"parameters":[],"start":1644392573601,"stop":1644392604154},{"name":"$(\"By.xpath: (//*[normalize-space(text())='My Lessons Today' or normalize-space(@value)='My Lessons Today']|//text()[normalize-space()='My Lessons Today'])[1]\") should be([exist, 0 ms.])","status":"passed","stage":"finished","steps":[],"attachments":[],"parameters":[],"start":1644392604155,"stop":1644392604176},{"name":"$(\"By.id: dvLessonsToday\") should be([exist, 0 ms.])","status":"passed","stage":"finished","steps":[],"attachments":[],"parameters":[],"start":1644392604176,"stop":1644392604196},{"name":"$(\"By.xpath: //ul[@id='ulDailyLessons']/descendant::h3[normalize-space(text())='Bible']/following-sibling::span[@id='linkVideo' and normalize-space(text())='Lesson 1']\") should be([exist, 0 ms.])","status":"failed","statusDetails":{"known":false,"muted":false,"flaky":false,"message":"Element not found {By.xpath: //ul[@id='ulDailyLessons']/descendant::h3[normalize-space(text())='Bible']/following-sibling::span[@id='linkVideo' and normalize-space(text())='Lesson 1']}\nExpected: exist\nScreenshot: file:/Users/apple/QA-Automation/build/reports/tests/1644392634244.36.png\nPage source: file:/Users/apple/QA-Automation/build/reports/tests/1644392634244.36.html\nTimeout: 0 ms.\nCaused by: NoSuchElementException: no such element: Unable to locate element: {\"method\":\"xpath\",\"selector\":\"//ul[@id='ulDailyLessons']/descendant::h3[normalize-space(text())='Bible']/following-sibling::span[@id='linkVideo' and normalize-space(text())='Lesson 1']\"}","trace":"Element not found {By.xpath: //ul[@id='ulDailyLessons']/descendant::h3[normalize-space(text())='Bible']/following-sibling::span[@id='linkVideo' and normalize-space(text())='Lesson 1']}\nExpected: exist\nScreenshot: file:/Users/apple/QA-Automation/build/reports/tests/1644392634244.36.png\nPage source: file:/Users/apple/QA-Automation/build/reports/tests/1644392634244.36.html\nTimeout: 0 ms.\nCaused by: NoSuchElementException: no such element: Unable to locate element: {\"method\":\"xpath\",\"selector\":\"//ul[@id='ulDailyLessons']/descendant::h3[normalize-space(text())='Bible']/following-sibling::span[@id='linkVideo' and normalize-space(text())='Lesson 1']\"}\n\tat com.codeborne.selenide.impl.WebElementSource.createElementNotFoundError(WebElementSource.java:83)\n\tat com.codeborne.selenide.impl.ElementFinder.createElementNotFoundError(ElementFinder.java:136)\n\tat com.codeborne.selenide.impl.WebElementSource.checkCondition(WebElementSource.java:114)\n\tat com.codeborne.selenide.commands.Should.execute(Should.java:30)\n\tat com.codeborne.selenide.commands.Should.execute(Should.java:14)\n\tat com.codeborne.selenide.commands.Commands.execute(Commands.java:155)\n\tat com.codeborne.selenide.impl.SelenideElementProxy.dispatchAndRetry(SelenideElementProxy.java:133)\n\tat com.codeborne.selenide.impl.SelenideElementProxy.invoke(SelenideElementProxy.java:85)\n\tat com.sun.proxy.$Proxy37.shouldBe(Unknown Source)\n\tat base.SelenideExtended.waitForElementTobeExist(SelenideExtended.java:766)\n\tat base.SelenideExtended.isElementExists(SelenideExtended.java:119)\n\tat pageObjects.StudentsScreen.validateMyLessonsTodaySectionData(StudentsScreen.java:693)\n\tat abekaUISuite.ParentAndStudentSuiteTest.validateSwitchPenmanShipScenarioGradeOne(ParentAndStudentSuiteTest.java:112)\n\tat java.base/jdk.internal.reflect.NativeMethodAccessorImpl.invoke0(Native Method)\n\tat java.base/jdk.internal.reflect.NativeMethodAccessorImpl.invoke(NativeMethodAccessorImpl.java:62)\n\tat java.base/jdk.internal.reflect.DelegatingMethodAccessorImpl.invoke(DelegatingMethodAccessorImpl.java:43)\n\tat java.base/java.lang.reflect.Method.invoke(Method.java:566)\n\tat org.testng.internal.MethodInvocationHelper.invokeMethod(MethodInvocationHelper.java:133)\n\tat org.testng.internal.TestInvoker.invokeMethod(TestInvoker.java:598)\n\tat org.testng.internal.TestInvoker.invokeTestMethod(TestInvoker.java:173)\n\tat org.testng.internal.MethodRunner.runInSequence(MethodRunner.java:46)\n\tat org.testng.internal.TestInvoker$MethodInvocationAgent.invoke(TestInvoker.java:824)\n\tat org.testng.internal.TestInvoker.invokeTestMethods(TestInvoker.java:146)\n\tat org.testng.internal.TestMethodWorker.invokeTestMethods(TestMethodWorker.java:146)\n\tat org.testng.internal.TestMethodWorker.run(TestMethodWorker.java:128)\n\tat java.base/java.util.concurrent.ThreadPoolExecutor.runWorker(ThreadPoolExecutor.java:1128)\n\tat java.base/java.util.concurrent.ThreadPoolExecutor$Worker.run(ThreadPoolExecutor.java:628)\n\tat java.base/java.lang.Thread.run(Thread.java:834)\nCaused by: org.openqa.selenium.NoSuchElementException: no such element: Unable to locate element: {\"method\":\"xpath\",\"selector\":\"//ul[@id='ulDailyLessons']/descendant::h3[normalize-space(text())='Bible']/following-sibling::span[@id='linkVideo' and normalize-space(text())='Lesson 1']\"}\n  (Session info: chrome=98.0.4758.80)\nFor documentation on this error, please visit: https://www.seleniumhq.org/exceptions/no_such_element.html\nBuild info: version: '3.141.59', revision: 'e82be7d358', time: '2018-11-14T08:17:03'\nSystem info: host: 'Rohit-Kamble.local', ip: '2401:4900:1afa:1172:e55c:b3c8:47aa:9053%en0', os.name: 'Mac OS X', os.arch: 'x86_64', os.version: '10.16', java.version: '11.0.12'\nDriver info: org.openqa.selenium.chrome.ChromeDriver\nCapabilities {acceptInsecureCerts: false, browserName: chrome, browserVersion: 98.0.4758.80, chrome: {chromedriverVersion: 98.0.4758.80 (7f0488e8ba0d8..., userDataDir: /var/folders/hf/83dzgx457nb...}, goog:chromeOptions: {debuggerAddress: localhost:53138}, javascriptEnabled: true, networkConnectionEnabled: false, pageLoadStrategy: normal, platform: MAC, platformName: MAC, proxy: Proxy(), setWindowRect: true, strictFileInteractability: false, timeouts: {implicit: 0, pageLoad: 300000, script: 30000}, unhandledPromptBehavior: dismiss and notify, webauthn:extension:credBlob: true, webauthn:extension:largeBlob: true, webauthn:virtualAuthenticators: true}\nSession ID: 5e52ed1256f16089fe06b2151292619a\n*** Element info: {Using=xpath, value=//ul[@id='ulDailyLessons']/descendant::h3[normalize-space(text())='Bible']/following-sibling::span[@id='linkVideo' and normalize-space(text())='Lesson 1']}\n\tat jdk.internal.reflect.GeneratedConstructorAccessor100.newInstance(Unknown Source)\n\tat java.base/jdk.internal.reflect.DelegatingConstructorAccessorImpl.newInstance(DelegatingConstructorAccessorImpl.java:45)\n\tat java.base/java.lang.reflect.Constructor.newInstance(Constructor.java:490)\n\tat org.openqa.selenium.remote.http.W3CHttpResponseCodec.createException(W3CHttpResponseCodec.java:187)\n\tat org.openqa.selenium.remote.http.W3CHttpResponseCodec.decode(W3CHttpResponseCodec.java:122)\n\tat org.openqa.selenium.remote.http.W3CHttpResponseCodec.decode(W3CHttpResponseCodec.java:49)\n\tat org.openqa.selenium.remote.HttpCommandExecutor.execute(HttpCommandExecutor.java:158)\n\tat org.openqa.selenium.remote.service.DriverCommandExecutor.execute(DriverCommandExecutor.java:83)\n\tat org.openqa.selenium.remote.RemoteWebDriver.execute(RemoteWebDriver.java:552)\n\tat org.openqa.selenium.remote.RemoteWebDriver.findElement(RemoteWebDriver.java:323)\n\tat org.openqa.selenium.remote.RemoteWebDriver.findElementByXPath(RemoteWebDriver.java:428)\n\tat org.openqa.selenium.By$ByXPath.findElement(By.java:353)\n\tat org.openqa.selenium.remote.RemoteWebDriver.findElement(RemoteWebDriver.java:315)\n\tat com.codeborne.selenide.impl.WebElementSelector.findElement(WebElementSelector.java:59)\n\tat com.codeborne.selenide.impl.WebElementSelector.findElement(WebElementSelector.java:34)\n\tat com.codeborne.selenide.impl.ElementFinder.getWebElement(ElementFinder.java:104)\n\tat com.codeborne.selenide.impl.WebElementSource.checkCondition(WebElementSource.java:99)\n\t... 25 more\n"},"stage":"finished","steps":[],"attachments":[{"name":"Screenshot","source":"635850c9-3cb1-4763-8c99-171a93eade76-attachment.png","type":"image/png"}],"parameters":[],"start":1644392604207,"stop":1644392634773},{"name":"$(\"By.xpath: //ul[@id='ulDailyLessons']/descendant::h3[normalize-space(text())='Classroom Routines']/following-sibling::span[@id='linkVideo' and normalize-space(text())='Lesson 1']\") should be([exist, 0 ms.])","status":"failed","statusDetails":{"known":false,"muted":false,"flaky":false,"message":"Element not found {By.xpath: //ul[@id='ulDailyLessons']/descendant::h3[normalize-space(text())='Classroom Routines']/following-sibling::span[@id='linkVideo' and normalize-space(text())='Lesson 1']}\nExpected: exist\nScreenshot: file:/Users/apple/QA-Automation/build/reports/tests/1644392694857.37.png\nPage source: file:/Users/apple/QA-Automation/build/reports/tests/1644392694857.37.html\nTimeout: 0 ms.\nCaused by: NoSuchElementException: no such element: Unable to locate element: {\"method\":\"xpath\",\"selector\":\"//ul[@id='ulDailyLessons']/descendant::h3[normalize-space(text())='Classroom Routines']/following-sibling::span[@id='linkVideo' and normalize-space(text())='Lesson 1']\"}","trace":"Element not found {By.xpath: //ul[@id='ulDailyLessons']/descendant::h3[normalize-space(text())='Classroom Routines']/following-sibling::span[@id='linkVideo' and normalize-space(text())='Lesson 1']}\nExpected: exist\nScreenshot: file:/Users/apple/QA-Automation/build/reports/tests/1644392694857.37.png\nPage source: file:/Users/apple/QA-Automation/build/reports/tests/1644392694857.37.html\nTimeout: 0 ms.\nCaused by: NoSuchElementException: no such element: Unable to locate element: {\"method\":\"xpath\",\"selector\":\"//ul[@id='ulDailyLessons']/descendant::h3[normalize-space(text())='Classroom Routines']/following-sibling::span[@id='linkVideo' and normalize-space(text())='Lesson 1']\"}\n\tat com.codeborne.selenide.impl.WebElementSource.createElementNotFoundError(WebElementSource.java:83)\n\tat com.codeborne.selenide.impl.ElementFinder.createElementNotFoundError(ElementFinder.java:136)\n\tat com.codeborne.selenide.impl.WebElementSource.checkCondition(WebElementSource.java:114)\n\tat com.codeborne.selenide.commands.Should.execute(Should.java:30)\n\tat com.codeborne.selenide.commands.Should.execute(Should.java:14)\n\tat com.codeborne.selenide.commands.Commands.execute(Commands.java:155)\n\tat com.codeborne.selenide.impl.SelenideElementProxy.dispatchAndRetry(SelenideElementProxy.java:133)\n\tat com.codeborne.selenide.impl.SelenideElementProxy.invoke(SelenideElementProxy.java:85)\n\tat com.sun.proxy.$Proxy37.shouldBe(Unknown Source)\n\tat base.SelenideExtended.waitForElementTobeExist(SelenideExtended.java:766)\n\tat base.SelenideExtended.isElementExists(SelenideExtended.java:119)\n\tat pageObjects.StudentsScreen.validateMyLessonsTodaySectionData(StudentsScreen.java:693)\n\tat abekaUISuite.ParentAndStudentSuiteTest.validateSwitchPenmanShipScenarioGradeOne(ParentAndStudentSuiteTest.java:112)\n\tat java.base/jdk.internal.reflect.NativeMethodAccessorImpl.invoke0(Native Method)\n\tat java.base/jdk.internal.reflect.NativeMethodAccessorImpl.invoke(NativeMethodAccessorImpl.java:62)\n\tat java.base/jdk.internal.reflect.DelegatingMethodAccessorImpl.invoke(DelegatingMethodAccessorImpl.java:43)\n\tat java.base/java.lang.reflect.Method.invoke(Method.java:566)\n\tat org.testng.internal.MethodInvocationHelper.invokeMethod(MethodInvocationHelper.java:133)\n\tat org.testng.internal.TestInvoker.invokeMethod(TestInvoker.java:598)\n\tat org.testng.internal.TestInvoker.invokeTestMethod(TestInvoker.java:173)\n\tat org.testng.internal.MethodRunner.runInSequence(MethodRunner.java:46)\n\tat org.testng.internal.TestInvoker$MethodInvocationAgent.invoke(TestInvoker.java:824)\n\tat org.testng.internal.TestInvoker.invokeTestMethods(TestInvoker.java:146)\n\tat org.testng.internal.TestMethodWorker.invokeTestMethods(TestMethodWorker.java:146)\n\tat org.testng.internal.TestMethodWorker.run(TestMethodWorker.java:128)\n\tat java.base/java.util.concurrent.ThreadPoolExecutor.runWorker(ThreadPoolExecutor.java:1128)\n\tat java.base/java.util.concurrent.ThreadPoolExecutor$Worker.run(ThreadPoolExecutor.java:628)\n\tat java.base/java.lang.Thread.run(Thread.java:834)\nCaused by: org.openqa.selenium.NoSuchElementException: no such element: Unable to locate element: {\"method\":\"xpath\",\"selector\":\"//ul[@id='ulDailyLessons']/descendant::h3[normalize-space(text())='Classroom Routines']/following-sibling::span[@id='linkVideo' and normalize-space(text())='Lesson 1']\"}\n  (Session info: chrome=98.0.4758.80)\nFor documentation on this error, please visit: https://www.seleniumhq.org/exceptions/no_such_element.html\nBuild info: version: '3.141.59', revision: 'e82be7d358', time: '2018-11-14T08:17:03'\nSystem info: host: 'Rohit-Kamble.local', ip: '2401:4900:1afa:1172:e55c:b3c8:47aa:9053%en0', os.name: 'Mac OS X', os.arch: 'x86_64', os.version: '10.16', java.version: '11.0.12'\nDriver info: org.openqa.selenium.chrome.ChromeDriver\nCapabilities {acceptInsecureCerts: false, browserName: chrome, browserVersion: 98.0.4758.80, chrome: {chromedriverVersion: 98.0.4758.80 (7f0488e8ba0d8..., userDataDir: /var/folders/hf/83dzgx457nb...}, goog:chromeOptions: {debuggerAddress: localhost:53138}, javascriptEnabled: true, networkConnectionEnabled: false, pageLoadStrategy: normal, platform: MAC, platformName: MAC, proxy: Proxy(), setWindowRect: true, strictFileInteractability: false, timeouts: {implicit: 0, pageLoad: 300000, script: 30000}, unhandledPromptBehavior: dismiss and notify, webauthn:extension:credBlob: true, webauthn:extension:largeBlob: true, webauthn:virtualAuthenticators: true}\nSession ID: 5e52ed1256f16089fe06b2151292619a\n*** Element info: {Using=xpath, value=//ul[@id='ulDailyLessons']/descendant::h3[normalize-space(text())='Classroom Routines']/following-sibling::span[@id='linkVideo' and normalize-space(text())='Lesson 1']}\n\tat jdk.internal.reflect.GeneratedConstructorAccessor100.newInstance(Unknown Source)\n\tat java.base/jdk.internal.reflect.DelegatingConstructorAccessorImpl.newInstance(DelegatingConstructorAccessorImpl.java:45)\n\tat java.base/java.lang.reflect.Constructor.newInstance(Constructor.java:490)\n\tat org.openqa.selenium.remote.http.W3CHttpResponseCodec.createException(W3CHttpResponseCodec.java:187)\n\tat org.openqa.selenium.remote.http.W3CHttpResponseCodec.decode(W3CHttpResponseCodec.java:122)\n\tat org.openqa.selenium.remote.http.W3CHttpResponseCodec.decode(W3CHttpResponseCodec.java:49)\n\tat org.openqa.selenium.remote.HttpCommandExecutor.execute(HttpCommandExecutor.java:158)\n\tat org.openqa.selenium.remote.service.DriverCommandExecutor.execute(DriverCommandExecutor.java:83)\n\tat org.openqa.selenium.remote.RemoteWebDriver.execute(RemoteWebDriver.java:552)\n\tat org.openqa.selenium.remote.RemoteWebDriver.findElement(RemoteWebDriver.java:323)\n\tat org.openqa.selenium.remote.RemoteWebDriver.findElementByXPath(RemoteWebDriver.java:428)\n\tat org.openqa.selenium.By$ByXPath.findElement(By.java:353)\n\tat org.openqa.selenium.remote.RemoteWebDriver.findElement(RemoteWebDriver.java:315)\n\tat com.codeborne.selenide.impl.WebElementSelector.findElement(WebElementSelector.java:59)\n\tat com.codeborne.selenide.impl.WebElementSelector.findElement(WebElementSelector.java:34)\n\tat com.codeborne.selenide.impl.ElementFinder.getWebElement(ElementFinder.java:104)\n\tat com.codeborne.selenide.impl.WebElementSource.checkCondition(WebElementSource.java:99)\n\t... 25 more\n"},"stage":"finished","steps":[],"attachments":[{"name":"Screenshot","source":"c752c444-dda2-4cfa-8a1c-f4881b5dff0a-attachment.png","type":"image/png"}],"parameters":[],"start":1644392664828,"stop":1644392695368},{"name":"$(\"By.xpath: //ul[@id='ulDailyLessons']/descendant::h3[normalize-space(text())='Seatwork Explanation (Manuscript)']/following-sibling::span[@id='linkVideo' and normalize-space(text())='Lesson 1']\") should be([exist, 0 ms.])","status":"failed","statusDetails":{"known":false,"muted":false,"flaky":false,"message":"Element not found {By.xpath: //ul[@id='ulDailyLessons']/descendant::h3[normalize-space(text())='Seatwork Explanation (Manuscript)']/following-sibling::span[@id='linkVideo' and normalize-space(text())='Lesson 1']}\nExpected: exist\nScreenshot: file:/Users/apple/QA-Automation/build/reports/tests/1644392755461.38.png\nPage source: file:/Users/apple/QA-Automation/build/reports/tests/1644392755461.38.html\nTimeout: 0 ms.\nCaused by: NoSuchElementException: no such element: Unable to locate element: {\"method\":\"xpath\",\"selector\":\"//ul[@id='ulDailyLessons']/descendant::h3[normalize-space(text())='Seatwork Explanation (Manuscript)']/following-sibling::span[@id='linkVideo' and normalize-space(text())='Lesson 1']\"}","trace":"Element not found {By.xpath: //ul[@id='ulDailyLessons']/descendant::h3[normalize-space(text())='Seatwork Explanation (Manuscript)']/following-sibling::span[@id='linkVideo' and normalize-space(text())='Lesson 1']}\nExpected: exist\nScreenshot: file:/Users/apple/QA-Automation/build/reports/tests/1644392755461.38.png\nPage source: file:/Users/apple/QA-Automation/build/reports/tests/1644392755461.38.html\nTimeout: 0 ms.\nCaused by: NoSuchElementException: no such element: Unable to locate element: {\"method\":\"xpath\",\"selector\":\"//ul[@id='ulDailyLessons']/descendant::h3[normalize-space(text())='Seatwork Explanation (Manuscript)']/following-sibling::span[@id='linkVideo' and normalize-space(text())='Lesson 1']\"}\n\tat com.codeborne.selenide.impl.WebElementSource.createElementNotFoundError(WebElementSource.java:83)\n\tat com.codeborne.selenide.impl.ElementFinder.createElementNotFoundError(ElementFinder.java:136)\n\tat com.codeborne.selenide.impl.WebElementSource.checkCondition(WebElementSource.java:114)\n\tat com.codeborne.selenide.commands.Should.execute(Should.java:30)\n\tat com.codeborne.selenide.commands.Should.execute(Should.java:14)\n\tat com.codeborne.selenide.commands.Commands.execute(Commands.java:155)\n\tat com.codeborne.selenide.impl.SelenideElementProxy.dispatchAndRetry(SelenideElementProxy.java:133)\n\tat com.codeborne.selenide.impl.SelenideElementProxy.invoke(SelenideElementProxy.java:85)\n\tat com.sun.proxy.$Proxy37.shouldBe(Unknown Source)\n\tat base.SelenideExtended.waitForElementTobeExist(SelenideExtended.java:766)\n\tat base.SelenideExtended.isElementExists(SelenideExtended.java:119)\n\tat pageObjects.StudentsScreen.validateMyLessonsTodaySectionData(StudentsScreen.java:693)\n\tat abekaUISuite.ParentAndStudentSuiteTest.validateSwitchPenmanShipScenarioGradeOne(ParentAndStudentSuiteTest.java:112)\n\tat java.base/jdk.internal.reflect.NativeMethodAccessorImpl.invoke0(Native Method)\n\tat java.base/jdk.internal.reflect.NativeMethodAccessorImpl.invoke(NativeMethodAccessorImpl.java:62)\n\tat java.base/jdk.internal.reflect.DelegatingMethodAccessorImpl.invoke(DelegatingMethodAccessorImpl.java:43)\n\tat java.base/java.lang.reflect.Method.invoke(Method.java:566)\n\tat org.testng.internal.MethodInvocationHelper.invokeMethod(MethodInvocationHelper.java:133)\n\tat org.testng.internal.TestInvoker.invokeMethod(TestInvoker.java:598)\n\tat org.testng.internal.TestInvoker.invokeTestMethod(TestInvoker.java:173)\n\tat org.testng.internal.MethodRunner.runInSequence(MethodRunner.java:46)\n\tat org.testng.internal.TestInvoker$MethodInvocationAgent.invoke(TestInvoker.java:824)\n\tat org.testng.internal.TestInvoker.invokeTestMethods(TestInvoker.java:146)\n\tat org.testng.internal.TestMethodWorker.invokeTestMethods(TestMethodWorker.java:146)\n\tat org.testng.internal.TestMethodWorker.run(TestMethodWorker.java:128)\n\tat java.base/java.util.concurrent.ThreadPoolExecutor.runWorker(ThreadPoolExecutor.java:1128)\n\tat java.base/java.util.concurrent.ThreadPoolExecutor$Worker.run(ThreadPoolExecutor.java:628)\n\tat java.base/java.lang.Thread.run(Thread.java:834)\nCaused by: org.openqa.selenium.NoSuchElementException: no such element: Unable to locate element: {\"method\":\"xpath\",\"selector\":\"//ul[@id='ulDailyLessons']/descendant::h3[normalize-space(text())='Seatwork Explanation (Manuscript)']/following-sibling::span[@id='linkVideo' and normalize-space(text())='Lesson 1']\"}\n  (Session info: chrome=98.0.4758.80)\nFor documentation on this error, please visit: https://www.seleniumhq.org/exceptions/no_such_element.html\nBuild info: version: '3.141.59', revision: 'e82be7d358', time: '2018-11-14T08:17:03'\nSystem info: host: 'Rohit-Kamble.local', ip: '2401:4900:1afa:1172:e55c:b3c8:47aa:9053%en0', os.name: 'Mac OS X', os.arch: 'x86_64', os.version: '10.16', java.version: '11.0.12'\nDriver info: org.openqa.selenium.chrome.ChromeDriver\nCapabilities {acceptInsecureCerts: false, browserName: chrome, browserVersion: 98.0.4758.80, chrome: {chromedriverVersion: 98.0.4758.80 (7f0488e8ba0d8..., userDataDir: /var/folders/hf/83dzgx457nb...}, goog:chromeOptions: {debuggerAddress: localhost:53138}, javascriptEnabled: true, networkConnectionEnabled: false, pageLoadStrategy: normal, platform: MAC, platformName: MAC, proxy: Proxy(), setWindowRect: true, strictFileInteractability: false, timeouts: {implicit: 0, pageLoad: 300000, script: 30000}, unhandledPromptBehavior: dismiss and notify, webauthn:extension:credBlob: true, webauthn:extension:largeBlob: true, webauthn:virtualAuthenticators: true}\nSession ID: 5e52ed1256f16089fe06b2151292619a\n*** Element info: {Using=xpath, value=//ul[@id='ulDailyLessons']/descendant::h3[normalize-space(text())='Seatwork Explanation (Manuscript)']/following-sibling::span[@id='linkVideo' and normalize-space(text())='Lesson 1']}\n\tat jdk.internal.reflect.GeneratedConstructorAccessor100.newInstance(Unknown Source)\n\tat java.base/jdk.internal.reflect.DelegatingConstructorAccessorImpl.newInstance(DelegatingConstructorAccessorImpl.java:45)\n\tat java.base/java.lang.reflect.Constructor.newInstance(Constructor.java:490)\n\tat org.openqa.selenium.remote.http.W3CHttpResponseCodec.createException(W3CHttpResponseCodec.java:187)\n\tat org.openqa.selenium.remote.http.W3CHttpResponseCodec.decode(W3CHttpResponseCodec.java:122)\n\tat org.openqa.selenium.remote.http.W3CHttpResponseCodec.decode(W3CHttpResponseCodec.java:49)\n\tat org.openqa.selenium.remote.HttpCommandExecutor.execute(HttpCommandExecutor.java:158)\n\tat org.openqa.selenium.remote.service.DriverCommandExecutor.execute(DriverCommandExecutor.java:83)\n\tat org.openqa.selenium.remote.RemoteWebDriver.execute(RemoteWebDriver.java:552)\n\tat org.openqa.selenium.remote.RemoteWebDriver.findElement(RemoteWebDriver.java:323)\n\tat org.openqa.selenium.remote.RemoteWebDriver.findElementByXPath(RemoteWebDriver.java:428)\n\tat org.openqa.selenium.By$ByXPath.findElement(By.java:353)\n\tat org.openqa.selenium.remote.RemoteWebDriver.findElement(RemoteWebDriver.java:315)\n\tat com.codeborne.selenide.impl.WebElementSelector.findElement(WebElementSelector.java:59)\n\tat com.codeborne.selenide.impl.WebElementSelector.findElement(WebElementSelector.java:34)\n\tat com.codeborne.selenide.impl.ElementFinder.getWebElement(ElementFinder.java:104)\n\tat com.codeborne.selenide.impl.WebElementSource.checkCondition(WebElementSource.java:99)\n\t... 25 more\n"},"stage":"finished","steps":[],"attachments":[{"name":"Screenshot","source":"bf0b299b-10ee-47a6-9ead-f07236716d4b-attachment.png","type":"image/png"}],"parameters":[],"start":1644392725417,"stop":1644392755977},{"name":"$(\"By.xpath: //ul[@id='ulDailyLessons']/descendant::h3[normalize-space(text())='AM Giraffes']/following-sibling::span[@id='linkVideo' and normalize-space(text())='Lesson 4']\") should be([exist, 0 ms.])","status":"failed","statusDetails":{"known":false,"muted":false,"flaky":false,"message":"Element not found {By.xpath: //ul[@id='ulDailyLessons']/descendant::h3[normalize-space(text())='AM Giraffes']/following-sibling::span[@id='linkVideo' and normalize-space(text())='Lesson 4']}\nExpected: exist\nScreenshot: file:/Users/apple/QA-Automation/build/reports/tests/1644392816041.39.png\nPage source: file:/Users/apple/QA-Automation/build/reports/tests/1644392816041.39.html\nTimeout: 0 ms.\nCaused by: NoSuchElementException: no such element: Unable to locate element: {\"method\":\"xpath\",\"selector\":\"//ul[@id='ulDailyLessons']/descendant::h3[normalize-space(text())='AM Giraffes']/following-sibling::span[@id='linkVideo' and normalize-space(text())='Lesson 4']\"}","trace":"Element not found {By.xpath: //ul[@id='ulDailyLessons']/descendant::h3[normalize-space(text())='AM Giraffes']/following-sibling::span[@id='linkVideo' and normalize-space(text())='Lesson 4']}\nExpected: exist\nScreenshot: file:/Users/apple/QA-Automation/build/reports/tests/1644392816041.39.png\nPage source: file:/Users/apple/QA-Automation/build/reports/tests/1644392816041.39.html\nTimeout: 0 ms.\nCaused by: NoSuchElementException: no such element: Unable to locate element: {\"method\":\"xpath\",\"selector\":\"//ul[@id='ulDailyLessons']/descendant::h3[normalize-space(text())='AM Giraffes']/following-sibling::span[@id='linkVideo' and normalize-space(text())='Lesson 4']\"}\n\tat com.codeborne.selenide.impl.WebElementSource.createElementNotFoundError(WebElementSource.java:83)\n\tat com.codeborne.selenide.impl.ElementFinder.createElementNotFoundError(ElementFinder.java:136)\n\tat com.codeborne.selenide.impl.WebElementSource.checkCondition(WebElementSource.java:114)\n\tat com.codeborne.selenide.commands.Should.execute(Should.java:30)\n\tat com.codeborne.selenide.commands.Should.execute(Should.java:14)\n\tat com.codeborne.selenide.commands.Commands.execute(Commands.java:155)\n\tat com.codeborne.selenide.impl.SelenideElementProxy.dispatchAndRetry(SelenideElementProxy.java:133)\n\tat com.codeborne.selenide.impl.SelenideElementProxy.invoke(SelenideElementProxy.java:85)\n\tat com.sun.proxy.$Proxy37.shouldBe(Unknown Source)\n\tat base.SelenideExtended.waitForElementTobeExist(SelenideExtended.java:766)\n\tat base.SelenideExtended.isElementExists(SelenideExtended.java:119)\n\tat pageObjects.StudentsScreen.validateMyLessonsTodaySectionData(StudentsScreen.java:693)\n\tat abekaUISuite.ParentAndStudentSuiteTest.validateSwitchPenmanShipScenarioGradeOne(ParentAndStudentSuiteTest.java:112)\n\tat java.base/jdk.internal.reflect.NativeMethodAccessorImpl.invoke0(Native Method)\n\tat java.base/jdk.internal.reflect.NativeMethodAccessorImpl.invoke(NativeMethodAccessorImpl.java:62)\n\tat java.base/jdk.internal.reflect.DelegatingMethodAccessorImpl.invoke(DelegatingMethodAccessorImpl.java:43)\n\tat java.base/java.lang.reflect.Method.invoke(Method.java:566)\n\tat org.testng.internal.MethodInvocationHelper.invokeMethod(MethodInvocationHelper.java:133)\n\tat org.testng.internal.TestInvoker.invokeMethod(TestInvoker.java:598)\n\tat org.testng.internal.TestInvoker.invokeTestMethod(TestInvoker.java:173)\n\tat org.testng.internal.MethodRunner.runInSequence(MethodRunner.java:46)\n\tat org.testng.internal.TestInvoker$MethodInvocationAgent.invoke(TestInvoker.java:824)\n\tat org.testng.internal.TestInvoker.invokeTestMethods(TestInvoker.java:146)\n\tat org.testng.internal.TestMethodWorker.invokeTestMethods(TestMethodWorker.java:146)\n\tat org.testng.internal.TestMethodWorker.run(TestMethodWorker.java:128)\n\tat java.base/java.util.concurrent.ThreadPoolExecutor.runWorker(ThreadPoolExecutor.java:1128)\n\tat java.base/java.util.concurrent.ThreadPoolExecutor$Worker.run(ThreadPoolExecutor.java:628)\n\tat java.base/java.lang.Thread.run(Thread.java:834)\nCaused by: org.openqa.selenium.NoSuchElementException: no such element: Unable to locate element: {\"method\":\"xpath\",\"selector\":\"//ul[@id='ulDailyLessons']/descendant::h3[normalize-space(text())='AM Giraffes']/following-sibling::span[@id='linkVideo' and normalize-space(text())='Lesson 4']\"}\n  (Session info: chrome=98.0.4758.80)\nFor documentation on this error, please visit: https://www.seleniumhq.org/exceptions/no_such_element.html\nBuild info: version: '3.141.59', revision: 'e82be7d358', time: '2018-11-14T08:17:03'\nSystem info: host: 'Rohit-Kamble.local', ip: '2401:4900:1afa:1172:e55c:b3c8:47aa:9053%en0', os.name: 'Mac OS X', os.arch: 'x86_64', os.version: '10.16', java.version: '11.0.12'\nDriver info: org.openqa.selenium.chrome.ChromeDriver\nCapabilities {acceptInsecureCerts: false, browserName: chrome, browserVersion: 98.0.4758.80, chrome: {chromedriverVersion: 98.0.4758.80 (7f0488e8ba0d8..., userDataDir: /var/folders/hf/83dzgx457nb...}, goog:chromeOptions: {debuggerAddress: localhost:53138}, javascriptEnabled: true, networkConnectionEnabled: false, pageLoadStrategy: normal, platform: MAC, platformName: MAC, proxy: Proxy(), setWindowRect: true, strictFileInteractability: false, timeouts: {implicit: 0, pageLoad: 300000, script: 30000}, unhandledPromptBehavior: dismiss and notify, webauthn:extension:credBlob: true, webauthn:extension:largeBlob: true, webauthn:virtualAuthenticators: true}\nSession ID: 5e52ed1256f16089fe06b2151292619a\n*** Element info: {Using=xpath, value=//ul[@id='ulDailyLessons']/descendant::h3[normalize-space(text())='AM Giraffes']/following-sibling::span[@id='linkVideo' and normalize-space(text())='Lesson 4']}\n\tat jdk.internal.reflect.GeneratedConstructorAccessor100.newInstance(Unknown Source)\n\tat java.base/jdk.internal.reflect.DelegatingConstructorAccessorImpl.newInstance(DelegatingConstructorAccessorImpl.java:45)\n\tat java.base/java.lang.reflect.Constructor.newInstance(Constructor.java:490)\n\tat org.openqa.selenium.remote.http.W3CHttpResponseCodec.createException(W3CHttpResponseCodec.java:187)\n\tat org.openqa.selenium.remote.http.W3CHttpResponseCodec.decode(W3CHttpResponseCodec.java:122)\n\tat org.openqa.selenium.remote.http.W3CHttpResponseCodec.decode(W3CHttpResponseCodec.java:49)\n\tat org.openqa.selenium.remote.HttpCommandExecutor.execute(HttpCommandExecutor.java:158)\n\tat org.openqa.selenium.remote.service.DriverCommandExecutor.execute(DriverCommandExecutor.java:83)\n\tat org.openqa.selenium.remote.RemoteWebDriver.execute(RemoteWebDriver.java:552)\n\tat org.openqa.selenium.remote.RemoteWebDriver.findElement(RemoteWebDriver.java:323)\n\tat org.openqa.selenium.remote.RemoteWebDriver.findElementByXPath(RemoteWebDriver.java:428)\n\tat org.openqa.selenium.By$ByXPath.findElement(By.java:353)\n\tat org.openqa.selenium.remote.RemoteWebDriver.findElement(RemoteWebDriver.java:315)\n\tat com.codeborne.selenide.impl.WebElementSelector.findElement(WebElementSelector.java:59)\n\tat com.codeborne.selenide.impl.WebElementSelector.findElement(WebElementSelector.java:34)\n\tat com.codeborne.selenide.impl.ElementFinder.getWebElement(ElementFinder.java:104)\n\tat com.codeborne.selenide.impl.WebElementSource.checkCondition(WebElementSource.java:99)\n\t... 25 more\n"},"stage":"finished","steps":[],"attachments":[{"name":"Screenshot","source":"fef7895a-4237-430d-9e88-0ff294e284ed-attachment.png","type":"image/png"}],"parameters":[],"start":1644392786034,"stop":1644392816568},{"name":"$(\"By.xpath: //ul[@id='ulDailyLessons']/descendant::h3[normalize-space(text())='AM Monkeys']/following-sibling::span[@id='linkVideo' and normalize-space(text())='Lesson 4']\") should be([exist, 0 ms.])","status":"failed","statusDetails":{"known":false,"muted":false,"flaky":false,"message":"Element not found {By.xpath: //ul[@id='ulDailyLessons']/descendant::h3[normalize-space(text())='AM Monkeys']/following-sibling::span[@id='linkVideo' and normalize-space(text())='Lesson 4']}\nExpected: exist\nScreenshot: file:/Users/apple/QA-Automation/build/reports/tests/1644392876652.40.png\nPage source: file:/Users/apple/QA-Automation/build/reports/tests/1644392876652.40.html\nTimeout: 0 ms.\nCaused by: NoSuchElementException: no such element: Unable to locate element: {\"method\":\"xpath\",\"selector\":\"//ul[@id='ulDailyLessons']/descendant::h3[normalize-space(text())='AM Monkeys']/following-sibling::span[@id='linkVideo' and normalize-space(text())='Lesson 4']\"}","trace":"Element not found {By.xpath: //ul[@id='ulDailyLessons']/descendant::h3[normalize-space(text())='AM Monkeys']/following-sibling::span[@id='linkVideo' and normalize-space(text())='Lesson 4']}\nExpected: exist\nScreenshot: file:/Users/apple/QA-Automation/build/reports/tests/1644392876652.40.png\nPage source: file:/Users/apple/QA-Automation/build/reports/tests/1644392876652.40.html\nTimeout: 0 ms.\nCaused by: NoSuchElementException: no such element: Unable to locate element: {\"method\":\"xpath\",\"selector\":\"//ul[@id='ulDailyLessons']/descendant::h3[normalize-space(text())='AM Monkeys']/following-sibling::span[@id='linkVideo' and normalize-space(text())='Lesson 4']\"}\n\tat com.codeborne.selenide.impl.WebElementSource.createElementNotFoundError(WebElementSource.java:83)\n\tat com.codeborne.selenide.impl.ElementFinder.createElementNotFoundError(ElementFinder.java:136)\n\tat com.codeborne.selenide.impl.WebElementSource.checkCondition(WebElementSource.java:114)\n\tat com.codeborne.selenide.commands.Should.execute(Should.java:30)\n\tat com.codeborne.selenide.commands.Should.execute(Should.java:14)\n\tat com.codeborne.selenide.commands.Commands.execute(Commands.java:155)\n\tat com.codeborne.selenide.impl.SelenideElementProxy.dispatchAndRetry(SelenideElementProxy.java:133)\n\tat com.codeborne.selenide.impl.SelenideElementProxy.invoke(SelenideElementProxy.java:85)\n\tat com.sun.proxy.$Proxy37.shouldBe(Unknown Source)\n\tat base.SelenideExtended.waitForElementTobeExist(SelenideExtended.java:766)\n\tat base.SelenideExtended.isElementExists(SelenideExtended.java:119)\n\tat pageObjects.StudentsScreen.validateMyLessonsTodaySectionData(StudentsScreen.java:693)\n\tat abekaUISuite.ParentAndStudentSuiteTest.validateSwitchPenmanShipScenarioGradeOne(ParentAndStudentSuiteTest.java:112)\n\tat java.base/jdk.internal.reflect.NativeMethodAccessorImpl.invoke0(Native Method)\n\tat java.base/jdk.internal.reflect.NativeMethodAccessorImpl.invoke(NativeMethodAccessorImpl.java:62)\n\tat java.base/jdk.internal.reflect.DelegatingMethodAccessorImpl.invoke(DelegatingMethodAccessorImpl.java:43)\n\tat java.base/java.lang.reflect.Method.invoke(Method.java:566)\n\tat org.testng.internal.MethodInvocationHelper.invokeMethod(MethodInvocationHelper.java:133)\n\tat org.testng.internal.TestInvoker.invokeMethod(TestInvoker.java:598)\n\tat org.testng.internal.TestInvoker.invokeTestMethod(TestInvoker.java:173)\n\tat org.testng.internal.MethodRunner.runInSequence(MethodRunner.java:46)\n\tat org.testng.internal.TestInvoker$MethodInvocationAgent.invoke(TestInvoker.java:824)\n\tat org.testng.internal.TestInvoker.invokeTestMethods(TestInvoker.java:146)\n\tat org.testng.internal.TestMethodWorker.invokeTestMethods(TestMethodWorker.java:146)\n\tat org.testng.internal.TestMethodWorker.run(TestMethodWorker.java:128)\n\tat java.base/java.util.concurrent.ThreadPoolExecutor.runWorker(ThreadPoolExecutor.java:1128)\n\tat java.base/java.util.concurrent.ThreadPoolExecutor$Worker.run(ThreadPoolExecutor.java:628)\n\tat java.base/java.lang.Thread.run(Thread.java:834)\nCaused by: org.openqa.selenium.NoSuchElementException: no such element: Unable to locate element: {\"method\":\"xpath\",\"selector\":\"//ul[@id='ulDailyLessons']/descendant::h3[normalize-space(text())='AM Monkeys']/following-sibling::span[@id='linkVideo' and normalize-space(text())='Lesson 4']\"}\n  (Session info: chrome=98.0.4758.80)\nFor documentation on this error, please visit: https://www.seleniumhq.org/exceptions/no_such_element.html\nBuild info: version: '3.141.59', revision: 'e82be7d358', time: '2018-11-14T08:17:03'\nSystem info: host: 'Rohit-Kamble.local', ip: '2401:4900:1afa:1172:e55c:b3c8:47aa:9053%en0', os.name: 'Mac OS X', os.arch: 'x86_64', os.version: '10.16', java.version: '11.0.12'\nDriver info: org.openqa.selenium.chrome.ChromeDriver\nCapabilities {acceptInsecureCerts: false, browserName: chrome, browserVersion: 98.0.4758.80, chrome: {chromedriverVersion: 98.0.4758.80 (7f0488e8ba0d8..., userDataDir: /var/folders/hf/83dzgx457nb...}, goog:chromeOptions: {debuggerAddress: localhost:53138}, javascriptEnabled: true, networkConnectionEnabled: false, pageLoadStrategy: normal, platform: MAC, platformName: MAC, proxy: Proxy(), setWindowRect: true, strictFileInteractability: false, timeouts: {implicit: 0, pageLoad: 300000, script: 30000}, unhandledPromptBehavior: dismiss and notify, webauthn:extension:credBlob: true, webauthn:extension:largeBlob: true, webauthn:virtualAuthenticators: true}\nSession ID: 5e52ed1256f16089fe06b2151292619a\n*** Element info: {Using=xpath, value=//ul[@id='ulDailyLessons']/descendant::h3[normalize-space(text())='AM Monkeys']/following-sibling::span[@id='linkVideo' and normalize-space(text())='Lesson 4']}\n\tat jdk.internal.reflect.GeneratedConstructorAccessor100.newInstance(Unknown Source)\n\tat java.base/jdk.internal.reflect.DelegatingConstructorAccessorImpl.newInstance(DelegatingConstructorAccessorImpl.java:45)\n\tat java.base/java.lang.reflect.Constructor.newInstance(Constructor.java:490)\n\tat org.openqa.selenium.remote.http.W3CHttpResponseCodec.createException(W3CHttpResponseCodec.java:187)\n\tat org.openqa.selenium.remote.http.W3CHttpResponseCodec.decode(W3CHttpResponseCodec.java:122)\n\tat org.openqa.selenium.remote.http.W3CHttpResponseCodec.decode(W3CHttpResponseCodec.java:49)\n\tat org.openqa.selenium.remote.HttpCommandExecutor.execute(HttpCommandExecutor.java:158)\n\tat org.openqa.selenium.remote.service.DriverCommandExecutor.execute(DriverCommandExecutor.java:83)\n\tat org.openqa.selenium.remote.RemoteWebDriver.execute(RemoteWebDriver.java:552)\n\tat org.openqa.selenium.remote.RemoteWebDriver.findElement(RemoteWebDriver.java:323)\n\tat org.openqa.selenium.remote.RemoteWebDriver.findElementByXPath(RemoteWebDriver.java:428)\n\tat org.openqa.selenium.By$ByXPath.findElement(By.java:353)\n\tat org.openqa.selenium.remote.RemoteWebDriver.findElement(RemoteWebDriver.java:315)\n\tat com.codeborne.selenide.impl.WebElementSelector.findElement(WebElementSelector.java:59)\n\tat com.codeborne.selenide.impl.WebElementSelector.findElement(WebElementSelector.java:34)\n\tat com.codeborne.selenide.impl.ElementFinder.getWebElement(ElementFinder.java:104)\n\tat com.codeborne.selenide.impl.WebElementSource.checkCondition(WebElementSource.java:99)\n\t... 25 more\n"},"stage":"finished","steps":[],"attachments":[{"name":"Screenshot","source":"f1180519-a3ca-420b-b392-2f49f782793d-attachment.png","type":"image/png"}],"parameters":[],"start":1644392846601,"stop":1644392877155},{"name":"$(\"By.xpath: //ul[@id='ulDailyLessons']/descendant::h3[normalize-space(text())='AM Elephants']/following-sibling::span[@id='linkVideo' and normalize-space(text())='Lesson 4']\") should be([exist, 0 ms.])","status":"failed","statusDetails":{"known":false,"muted":false,"flaky":false,"message":"Element not found {By.xpath: //ul[@id='ulDailyLessons']/descendant::h3[normalize-space(text())='AM Elephants']/following-sibling::span[@id='linkVideo' and normalize-space(text())='Lesson 4']}\nExpected: exist\nScreenshot: file:/Users/apple/QA-Automation/build/reports/tests/1644392937228.41.png\nPage source: file:/Users/apple/QA-Automation/build/reports/tests/1644392937228.41.html\nTimeout: 0 ms.\nCaused by: NoSuchElementException: no such element: Unable to locate element: {\"method\":\"xpath\",\"selector\":\"//ul[@id='ulDailyLessons']/descendant::h3[normalize-space(text())='AM Elephants']/following-sibling::span[@id='linkVideo' and normalize-space(text())='Lesson 4']\"}","trace":"Element not found {By.xpath: //ul[@id='ulDailyLessons']/descendant::h3[normalize-space(text())='AM Elephants']/following-sibling::span[@id='linkVideo' and normalize-space(text())='Lesson 4']}\nExpected: exist\nScreenshot: file:/Users/apple/QA-Automation/build/reports/tests/1644392937228.41.png\nPage source: file:/Users/apple/QA-Automation/build/reports/tests/1644392937228.41.html\nTimeout: 0 ms.\nCaused by: NoSuchElementException: no such element: Unable to locate element: {\"method\":\"xpath\",\"selector\":\"//ul[@id='ulDailyLessons']/descendant::h3[normalize-space(text())='AM Elephants']/following-sibling::span[@id='linkVideo' and normalize-space(text())='Lesson 4']\"}\n\tat com.codeborne.selenide.impl.WebElementSource.createElementNotFoundError(WebElementSource.java:83)\n\tat com.codeborne.selenide.impl.ElementFinder.createElementNotFoundError(ElementFinder.java:136)\n\tat com.codeborne.selenide.impl.WebElementSource.checkCondition(WebElementSource.java:114)\n\tat com.codeborne.selenide.commands.Should.execute(Should.java:30)\n\tat com.codeborne.selenide.commands.Should.execute(Should.java:14)\n\tat com.codeborne.selenide.commands.Commands.execute(Commands.java:155)\n\tat com.codeborne.selenide.impl.SelenideElementProxy.dispatchAndRetry(SelenideElementProxy.java:133)\n\tat com.codeborne.selenide.impl.SelenideElementProxy.invoke(SelenideElementProxy.java:85)\n\tat com.sun.proxy.$Proxy37.shouldBe(Unknown Source)\n\tat base.SelenideExtended.waitForElementTobeExist(SelenideExtended.java:766)\n\tat base.SelenideExtended.isElementExists(SelenideExtended.java:119)\n\tat pageObjects.StudentsScreen.validateMyLessonsTodaySectionData(StudentsScreen.java:693)\n\tat abekaUISuite.ParentAndStudentSuiteTest.validateSwitchPenmanShipScenarioGradeOne(ParentAndStudentSuiteTest.java:112)\n\tat java.base/jdk.internal.reflect.NativeMethodAccessorImpl.invoke0(Native Method)\n\tat java.base/jdk.internal.reflect.NativeMethodAccessorImpl.invoke(NativeMethodAccessorImpl.java:62)\n\tat java.base/jdk.internal.reflect.DelegatingMethodAccessorImpl.invoke(DelegatingMethodAccessorImpl.java:43)\n\tat java.base/java.lang.reflect.Method.invoke(Method.java:566)\n\tat org.testng.internal.MethodInvocationHelper.invokeMethod(MethodInvocationHelper.java:133)\n\tat org.testng.internal.TestInvoker.invokeMethod(TestInvoker.java:598)\n\tat org.testng.internal.TestInvoker.invokeTestMethod(TestInvoker.java:173)\n\tat org.testng.internal.MethodRunner.runInSequence(MethodRunner.java:46)\n\tat org.testng.internal.TestInvoker$MethodInvocationAgent.invoke(TestInvoker.java:824)\n\tat org.testng.internal.TestInvoker.invokeTestMethods(TestInvoker.java:146)\n\tat org.testng.internal.TestMethodWorker.invokeTestMethods(TestMethodWorker.java:146)\n\tat org.testng.internal.TestMethodWorker.run(TestMethodWorker.java:128)\n\tat java.base/java.util.concurrent.ThreadPoolExecutor.runWorker(ThreadPoolExecutor.java:1128)\n\tat java.base/java.util.concurrent.ThreadPoolExecutor$Worker.run(ThreadPoolExecutor.java:628)\n\tat java.base/java.lang.Thread.run(Thread.java:834)\nCaused by: org.openqa.selenium.NoSuchElementException: no such element: Unable to locate element: {\"method\":\"xpath\",\"selector\":\"//ul[@id='ulDailyLessons']/descendant::h3[normalize-space(text())='AM Elephants']/following-sibling::span[@id='linkVideo' and normalize-space(text())='Lesson 4']\"}\n  (Session info: chrome=98.0.4758.80)\nFor documentation on this error, please visit: https://www.seleniumhq.org/exceptions/no_such_element.html\nBuild info: version: '3.141.59', revision: 'e82be7d358', time: '2018-11-14T08:17:03'\nSystem info: host: 'Rohit-Kamble.local', ip: '2401:4900:1afa:1172:e55c:b3c8:47aa:9053%en0', os.name: 'Mac OS X', os.arch: 'x86_64', os.version: '10.16', java.version: '11.0.12'\nDriver info: org.openqa.selenium.chrome.ChromeDriver\nCapabilities {acceptInsecureCerts: false, browserName: chrome, browserVersion: 98.0.4758.80, chrome: {chromedriverVersion: 98.0.4758.80 (7f0488e8ba0d8..., userDataDir: /var/folders/hf/83dzgx457nb...}, goog:chromeOptions: {debuggerAddress: localhost:53138}, javascriptEnabled: true, networkConnectionEnabled: false, pageLoadStrategy: normal, platform: MAC, platformName: MAC, proxy: Proxy(), setWindowRect: true, strictFileInteractability: false, timeouts: {implicit: 0, pageLoad: 300000, script: 30000}, unhandledPromptBehavior: dismiss and notify, webauthn:extension:credBlob: true, webauthn:extension:largeBlob: true, webauthn:virtualAuthenticators: true}\nSession ID: 5e52ed1256f16089fe06b2151292619a\n*** Element info: {Using=xpath, value=//ul[@id='ulDailyLessons']/descendant::h3[normalize-space(text())='AM Elephants']/following-sibling::span[@id='linkVideo' and normalize-space(text())='Lesson 4']}\n\tat jdk.internal.reflect.GeneratedConstructorAccessor100.newInstance(Unknown Source)\n\tat java.base/jdk.internal.reflect.DelegatingConstructorAccessorImpl.newInstance(DelegatingConstructorAccessorImpl.java:45)\n\tat java.base/java.lang.reflect.Constructor.newInstance(Constructor.java:490)\n\tat org.openqa.selenium.remote.http.W3CHttpResponseCodec.createException(W3CHttpResponseCodec.java:187)\n\tat org.openqa.selenium.remote.http.W3CHttpResponseCodec.decode(W3CHttpResponseCodec.java:122)\n\tat org.openqa.selenium.remote.http.W3CHttpResponseCodec.decode(W3CHttpResponseCodec.java:49)\n\tat org.openqa.selenium.remote.HttpCommandExecutor.execute(HttpCommandExecutor.java:158)\n\tat org.openqa.selenium.remote.service.DriverCommandExecutor.execute(DriverCommandExecutor.java:83)\n\tat org.openqa.selenium.remote.RemoteWebDriver.execute(RemoteWebDriver.java:552)\n\tat org.openqa.selenium.remote.RemoteWebDriver.findElement(RemoteWebDriver.java:323)\n\tat org.openqa.selenium.remote.RemoteWebDriver.findElementByXPath(RemoteWebDriver.java:428)\n\tat org.openqa.selenium.By$ByXPath.findElement(By.java:353)\n\tat org.openqa.selenium.remote.RemoteWebDriver.findElement(RemoteWebDriver.java:315)\n\tat com.codeborne.selenide.impl.WebElementSelector.findElement(WebElementSelector.java:59)\n\tat com.codeborne.selenide.impl.WebElementSelector.findElement(WebElementSelector.java:34)\n\tat com.codeborne.selenide.impl.ElementFinder.getWebElement(ElementFinder.java:104)\n\tat com.codeborne.selenide.impl.WebElementSource.checkCondition(WebElementSource.java:99)\n\t... 25 more\n"},"stage":"finished","steps":[],"attachments":[{"name":"Screenshot","source":"09570448-9223-4495-b658-84ee6961c9d0-attachment.png","type":"image/png"}],"parameters":[],"start":1644392907209,"stop":1644392937730},{"name":"$(\"By.xpath: //ul[@id='ulDailyLessons']/descendant::h3[normalize-space(text())='Phonics/Language']/following-sibling::span[@id='linkVideo' and normalize-space(text())='Lesson 1']\") should be([exist, 0 ms.])","status":"failed","statusDetails":{"known":false,"muted":false,"flaky":false,"message":"Element not found {By.xpath: //ul[@id='ulDailyLessons']/descendant::h3[normalize-space(text())='Phonics/Language']/following-sibling::span[@id='linkVideo' and normalize-space(text())='Lesson 1']}\nExpected: exist\nScreenshot: file:/Users/apple/QA-Automation/build/reports/tests/1644392997749.42.png\nPage source: file:/Users/apple/QA-Automation/build/reports/tests/1644392997749.42.html\nTimeout: 0 ms.\nCaused by: NoSuchElementException: no such element: Unable to locate element: {\"method\":\"xpath\",\"selector\":\"//ul[@id='ulDailyLessons']/descendant::h3[normalize-space(text())='Phonics/Language']/following-sibling::span[@id='linkVideo' and normalize-space(text())='Lesson 1']\"}","trace":"Element not found {By.xpath: //ul[@id='ulDailyLessons']/descendant::h3[normalize-space(text())='Phonics/Language']/following-sibling::span[@id='linkVideo' and normalize-space(text())='Lesson 1']}\nExpected: exist\nScreenshot: file:/Users/apple/QA-Automation/build/reports/tests/1644392997749.42.png\nPage source: file:/Users/apple/QA-Automation/build/reports/tests/1644392997749.42.html\nTimeout: 0 ms.\nCaused by: NoSuchElementException: no such element: Unable to locate element: {\"method\":\"xpath\",\"selector\":\"//ul[@id='ulDailyLessons']/descendant::h3[normalize-space(text())='Phonics/Language']/following-sibling::span[@id='linkVideo' and normalize-space(text())='Lesson 1']\"}\n\tat com.codeborne.selenide.impl.WebElementSource.createElementNotFoundError(WebElementSource.java:83)\n\tat com.codeborne.selenide.impl.ElementFinder.createElementNotFoundError(ElementFinder.java:136)\n\tat com.codeborne.selenide.impl.WebElementSource.checkCondition(WebElementSource.java:114)\n\tat com.codeborne.selenide.commands.Should.execute(Should.java:30)\n\tat com.codeborne.selenide.commands.Should.execute(Should.java:14)\n\tat com.codeborne.selenide.commands.Commands.execute(Commands.java:155)\n\tat com.codeborne.selenide.impl.SelenideElementProxy.dispatchAndRetry(SelenideElementProxy.java:133)\n\tat com.codeborne.selenide.impl.SelenideElementProxy.invoke(SelenideElementProxy.java:85)\n\tat com.sun.proxy.$Proxy37.shouldBe(Unknown Source)\n\tat base.SelenideExtended.waitForElementTobeExist(SelenideExtended.java:766)\n\tat base.SelenideExtended.isElementExists(SelenideExtended.java:119)\n\tat pageObjects.StudentsScreen.validateMyLessonsTodaySectionData(StudentsScreen.java:693)\n\tat abekaUISuite.ParentAndStudentSuiteTest.validateSwitchPenmanShipScenarioGradeOne(ParentAndStudentSuiteTest.java:112)\n\tat java.base/jdk.internal.reflect.NativeMethodAccessorImpl.invoke0(Native Method)\n\tat java.base/jdk.internal.reflect.NativeMethodAccessorImpl.invoke(NativeMethodAccessorImpl.java:62)\n\tat java.base/jdk.internal.reflect.DelegatingMethodAccessorImpl.invoke(DelegatingMethodAccessorImpl.java:43)\n\tat java.base/java.lang.reflect.Method.invoke(Method.java:566)\n\tat org.testng.internal.MethodInvocationHelper.invokeMethod(MethodInvocationHelper.java:133)\n\tat org.testng.internal.TestInvoker.invokeMethod(TestInvoker.java:598)\n\tat org.testng.internal.TestInvoker.invokeTestMethod(TestInvoker.java:173)\n\tat org.testng.internal.MethodRunner.runInSequence(MethodRunner.java:46)\n\tat org.testng.internal.TestInvoker$MethodInvocationAgent.invoke(TestInvoker.java:824)\n\tat org.testng.internal.TestInvoker.invokeTestMethods(TestInvoker.java:146)\n\tat org.testng.internal.TestMethodWorker.invokeTestMethods(TestMethodWorker.java:146)\n\tat org.testng.internal.TestMethodWorker.run(TestMethodWorker.java:128)\n\tat java.base/java.util.concurrent.ThreadPoolExecutor.runWorker(ThreadPoolExecutor.java:1128)\n\tat java.base/java.util.concurrent.ThreadPoolExecutor$Worker.run(ThreadPoolExecutor.java:628)\n\tat java.base/java.lang.Thread.run(Thread.java:834)\nCaused by: org.openqa.selenium.NoSuchElementException: no such element: Unable to locate element: {\"method\":\"xpath\",\"selector\":\"//ul[@id='ulDailyLessons']/descendant::h3[normalize-space(text())='Phonics/Language']/following-sibling::span[@id='linkVideo' and normalize-space(text())='Lesson 1']\"}\n  (Session info: chrome=98.0.4758.80)\nFor documentation on this error, please visit: https://www.seleniumhq.org/exceptions/no_such_element.html\nBuild info: version: '3.141.59', revision: 'e82be7d358', time: '2018-11-14T08:17:03'\nSystem info: host: 'Rohit-Kamble.local', ip: '2401:4900:1afa:1172:e55c:b3c8:47aa:9053%en0', os.name: 'Mac OS X', os.arch: 'x86_64', os.version: '10.16', java.version: '11.0.12'\nDriver info: org.openqa.selenium.chrome.ChromeDriver\nCapabilities {acceptInsecureCerts: false, browserName: chrome, browserVersion: 98.0.4758.80, chrome: {chromedriverVersion: 98.0.4758.80 (7f0488e8ba0d8..., userDataDir: /var/folders/hf/83dzgx457nb...}, goog:chromeOptions: {debuggerAddress: localhost:53138}, javascriptEnabled: true, networkConnectionEnabled: false, pageLoadStrategy: normal, platform: MAC, platformName: MAC, proxy: Proxy(), setWindowRect: true, strictFileInteractability: false, timeouts: {implicit: 0, pageLoad: 300000, script: 30000}, unhandledPromptBehavior: dismiss and notify, webauthn:extension:credBlob: true, webauthn:extension:largeBlob: true, webauthn:virtualAuthenticators: true}\nSession ID: 5e52ed1256f16089fe06b2151292619a\n*** Element info: {Using=xpath, value=//ul[@id='ulDailyLessons']/descendant::h3[normalize-space(text())='Phonics/Language']/following-sibling::span[@id='linkVideo' and normalize-space(text())='Lesson 1']}\n\tat jdk.internal.reflect.GeneratedConstructorAccessor100.newInstance(Unknown Source)\n\tat java.base/jdk.internal.reflect.DelegatingConstructorAccessorImpl.newInstance(DelegatingConstructorAccessorImpl.java:45)\n\tat java.base/java.lang.reflect.Constructor.newInstance(Constructor.java:490)\n\tat org.openqa.selenium.remote.http.W3CHttpResponseCodec.createException(W3CHttpResponseCodec.java:187)\n\tat org.openqa.selenium.remote.http.W3CHttpResponseCodec.decode(W3CHttpResponseCodec.java:122)\n\tat org.openqa.selenium.remote.http.W3CHttpResponseCodec.decode(W3CHttpResponseCodec.java:49)\n\tat org.openqa.selenium.remote.HttpCommandExecutor.execute(HttpCommandExecutor.java:158)\n\tat org.openqa.selenium.remote.service.DriverCommandExecutor.execute(DriverCommandExecutor.java:83)\n\tat org.openqa.selenium.remote.RemoteWebDriver.execute(RemoteWebDriver.java:552)\n\tat org.openqa.selenium.remote.RemoteWebDriver.findElement(RemoteWebDriver.java:323)\n\tat org.openqa.selenium.remote.RemoteWebDriver.findElementByXPath(RemoteWebDriver.java:428)\n\tat org.openqa.selenium.By$ByXPath.findElement(By.java:353)\n\tat org.openqa.selenium.remote.RemoteWebDriver.findElement(RemoteWebDriver.java:315)\n\tat com.codeborne.selenide.impl.WebElementSelector.findElement(WebElementSelector.java:59)\n\tat com.codeborne.selenide.impl.WebElementSelector.findElement(WebElementSelector.java:34)\n\tat com.codeborne.selenide.impl.ElementFinder.getWebElement(ElementFinder.java:104)\n\tat com.codeborne.selenide.impl.WebElementSource.checkCondition(WebElementSource.java:99)\n\t... 25 more\n"},"stage":"finished","steps":[],"attachments":[{"name":"Screenshot","source":"5e83e72c-82c0-469d-95f1-bca1230e84ab-attachment.png","type":"image/png"}],"parameters":[],"start":1644392967756,"stop":1644392998263},{"name":"$(\"By.xpath: //ul[@id='ulDailyLessons']/descendant::h3[normalize-space(text())='Manuscript Writing']/following-sibling::span[@id='linkVideo' and normalize-space(text())='Lesson 1']\") should be([exist, 0 ms.])","status":"failed","statusDetails":{"known":false,"muted":false,"flaky":false,"message":"Element not found {By.xpath: //ul[@id='ulDailyLessons']/descendant::h3[normalize-space(text())='Manuscript Writing']/following-sibling::span[@id='linkVideo' and normalize-space(text())='Lesson 1']}\nExpected: exist\nScreenshot: file:/Users/apple/QA-Automation/build/reports/tests/1644393058333.43.png\nPage source: file:/Users/apple/QA-Automation/build/reports/tests/1644393058333.43.html\nTimeout: 0 ms.\nCaused by: NoSuchElementException: no such element: Unable to locate element: {\"method\":\"xpath\",\"selector\":\"//ul[@id='ulDailyLessons']/descendant::h3[normalize-space(text())='Manuscript Writing']/following-sibling::span[@id='linkVideo' and normalize-space(text())='Lesson 1']\"}","trace":"Element not found {By.xpath: //ul[@id='ulDailyLessons']/descendant::h3[normalize-space(text())='Manuscript Writing']/following-sibling::span[@id='linkVideo' and normalize-space(text())='Lesson 1']}\nExpected: exist\nScreenshot: file:/Users/apple/QA-Automation/build/reports/tests/1644393058333.43.png\nPage source: file:/Users/apple/QA-Automation/build/reports/tests/1644393058333.43.html\nTimeout: 0 ms.\nCaused by: NoSuchElementException: no such element: Unable to locate element: {\"method\":\"xpath\",\"selector\":\"//ul[@id='ulDailyLessons']/descendant::h3[normalize-space(text())='Manuscript Writing']/following-sibling::span[@id='linkVideo' and normalize-space(text())='Lesson 1']\"}\n\tat com.codeborne.selenide.impl.WebElementSource.createElementNotFoundError(WebElementSource.java:83)\n\tat com.codeborne.selenide.impl.ElementFinder.createElementNotFoundError(ElementFinder.java:136)\n\tat com.codeborne.selenide.impl.WebElementSource.checkCondition(WebElementSource.java:114)\n\tat com.codeborne.selenide.commands.Should.execute(Should.java:30)\n\tat com.codeborne.selenide.commands.Should.execute(Should.java:14)\n\tat com.codeborne.selenide.commands.Commands.execute(Commands.java:155)\n\tat com.codeborne.selenide.impl.SelenideElementProxy.dispatchAndRetry(SelenideElementProxy.java:133)\n\tat com.codeborne.selenide.impl.SelenideElementProxy.invoke(SelenideElementProxy.java:85)\n\tat com.sun.proxy.$Proxy37.shouldBe(Unknown Source)\n\tat base.SelenideExtended.waitForElementTobeExist(SelenideExtended.java:766)\n\tat base.SelenideExtended.isElementExists(SelenideExtended.java:119)\n\tat pageObjects.StudentsScreen.validateMyLessonsTodaySectionData(StudentsScreen.java:693)\n\tat abekaUISuite.ParentAndStudentSuiteTest.validateSwitchPenmanShipScenarioGradeOne(ParentAndStudentSuiteTest.java:112)\n\tat java.base/jdk.internal.reflect.NativeMethodAccessorImpl.invoke0(Native Method)\n\tat java.base/jdk.internal.reflect.NativeMethodAccessorImpl.invoke(NativeMethodAccessorImpl.java:62)\n\tat java.base/jdk.internal.reflect.DelegatingMethodAccessorImpl.invoke(DelegatingMethodAccessorImpl.java:43)\n\tat java.base/java.lang.reflect.Method.invoke(Method.java:566)\n\tat org.testng.internal.MethodInvocationHelper.invokeMethod(MethodInvocationHelper.java:133)\n\tat org.testng.internal.TestInvoker.invokeMethod(TestInvoker.java:598)\n\tat org.testng.internal.TestInvoker.invokeTestMethod(TestInvoker.java:173)\n\tat org.testng.internal.MethodRunner.runInSequence(MethodRunner.java:46)\n\tat org.testng.internal.TestInvoker$MethodInvocationAgent.invoke(TestInvoker.java:824)\n\tat org.testng.internal.TestInvoker.invokeTestMethods(TestInvoker.java:146)\n\tat org.testng.internal.TestMethodWorker.invokeTestMethods(TestMethodWorker.java:146)\n\tat org.testng.internal.TestMethodWorker.run(TestMethodWorker.java:128)\n\tat java.base/java.util.concurrent.ThreadPoolExecutor.runWorker(ThreadPoolExecutor.java:1128)\n\tat java.base/java.util.concurrent.ThreadPoolExecutor$Worker.run(ThreadPoolExecutor.java:628)\n\tat java.base/java.lang.Thread.run(Thread.java:834)\nCaused by: org.openqa.selenium.NoSuchElementException: no such element: Unable to locate element: {\"method\":\"xpath\",\"selector\":\"//ul[@id='ulDailyLessons']/descendant::h3[normalize-space(text())='Manuscript Writing']/following-sibling::span[@id='linkVideo' and normalize-space(text())='Lesson 1']\"}\n  (Session info: chrome=98.0.4758.80)\nFor documentation on this error, please visit: https://www.seleniumhq.org/exceptions/no_such_element.html\nBuild info: version: '3.141.59', revision: 'e82be7d358', time: '2018-11-14T08:17:03'\nSystem info: host: 'Rohit-Kamble.local', ip: '2401:4900:1afa:1172:e55c:b3c8:47aa:9053%en0', os.name: 'Mac OS X', os.arch: 'x86_64', os.version: '10.16', java.version: '11.0.12'\nDriver info: org.openqa.selenium.chrome.ChromeDriver\nCapabilities {acceptInsecureCerts: false, browserName: chrome, browserVersion: 98.0.4758.80, chrome: {chromedriverVersion: 98.0.4758.80 (7f0488e8ba0d8..., userDataDir: /var/folders/hf/83dzgx457nb...}, goog:chromeOptions: {debuggerAddress: localhost:53138}, javascriptEnabled: true, networkConnectionEnabled: false, pageLoadStrategy: normal, platform: MAC, platformName: MAC, proxy: Proxy(), setWindowRect: true, strictFileInteractability: false, timeouts: {implicit: 0, pageLoad: 300000, script: 30000}, unhandledPromptBehavior: dismiss and notify, webauthn:extension:credBlob: true, webauthn:extension:largeBlob: true, webauthn:virtualAuthenticators: true}\nSession ID: 5e52ed1256f16089fe06b2151292619a\n*** Element info: {Using=xpath, value=//ul[@id='ulDailyLessons']/descendant::h3[normalize-space(text())='Manuscript Writing']/following-sibling::span[@id='linkVideo' and normalize-space(text())='Lesson 1']}\n\tat jdk.internal.reflect.GeneratedConstructorAccessor100.newInstance(Unknown Source)\n\tat java.base/jdk.internal.reflect.DelegatingConstructorAccessorImpl.newInstance(DelegatingConstructorAccessorImpl.java:45)\n\tat java.base/java.lang.reflect.Constructor.newInstance(Constructor.java:490)\n\tat org.openqa.selenium.remote.http.W3CHttpResponseCodec.createException(W3CHttpResponseCodec.java:187)\n\tat org.openqa.selenium.remote.http.W3CHttpResponseCodec.decode(W3CHttpResponseCodec.java:122)\n\tat org.openqa.selenium.remote.http.W3CHttpResponseCodec.decode(W3CHttpResponseCodec.java:49)\n\tat org.openqa.selenium.remote.HttpCommandExecutor.execute(HttpCommandExecutor.java:158)\n\tat org.openqa.selenium.remote.service.DriverCommandExecutor.execute(DriverCommandExecutor.java:83)\n\tat org.openqa.selenium.remote.RemoteWebDriver.execute(RemoteWebDriver.java:552)\n\tat org.openqa.selenium.remote.RemoteWebDriver.findElement(RemoteWebDriver.java:323)\n\tat org.openqa.selenium.remote.RemoteWebDriver.findElementByXPath(RemoteWebDriver.java:428)\n\tat org.openqa.selenium.By$ByXPath.findElement(By.java:353)\n\tat org.openqa.selenium.remote.RemoteWebDriver.findElement(RemoteWebDriver.java:315)\n\tat com.codeborne.selenide.impl.WebElementSelector.findElement(WebElementSelector.java:59)\n\tat com.codeborne.selenide.impl.WebElementSelector.findElement(WebElementSelector.java:34)\n\tat com.codeborne.selenide.impl.ElementFinder.getWebElement(ElementFinder.java:104)\n\tat com.codeborne.selenide.impl.WebElementSource.checkCondition(WebElementSource.java:99)\n\t... 25 more\n"},"stage":"finished","steps":[],"attachments":[{"name":"Screenshot","source":"5af7a954-8fea-4e47-a763-f71cc0f63e40-attachment.png","type":"image/png"}],"parameters":[],"start":1644393028300,"stop":1644393058854},{"name":"$(\"By.xpath: //ul[@id='ulDailyLessons']/descendant::h3[normalize-space(text())='Spelling/Poetry']/following-sibling::span[@id='linkVideo' and normalize-space(text())='Lesson 1']\") should be([exist, 0 ms.])","status":"failed","statusDetails":{"known":false,"muted":false,"flaky":false,"message":"Element not found {By.xpath: //ul[@id='ulDailyLessons']/descendant::h3[normalize-space(text())='Spelling/Poetry']/following-sibling::span[@id='linkVideo' and normalize-space(text())='Lesson 1']}\nExpected: exist\nScreenshot: file:/Users/apple/QA-Automation/build/reports/tests/1644393118928.44.png\nPage source: file:/Users/apple/QA-Automation/build/reports/tests/1644393118928.44.html\nTimeout: 0 ms.\nCaused by: NoSuchElementException: no such element: Unable to locate element: {\"method\":\"xpath\",\"selector\":\"//ul[@id='ulDailyLessons']/descendant::h3[normalize-space(text())='Spelling/Poetry']/following-sibling::span[@id='linkVideo' and normalize-space(text())='Lesson 1']\"}","trace":"Element not found {By.xpath: //ul[@id='ulDailyLessons']/descendant::h3[normalize-space(text())='Spelling/Poetry']/following-sibling::span[@id='linkVideo' and normalize-space(text())='Lesson 1']}\nExpected: exist\nScreenshot: file:/Users/apple/QA-Automation/build/reports/tests/1644393118928.44.png\nPage source: file:/Users/apple/QA-Automation/build/reports/tests/1644393118928.44.html\nTimeout: 0 ms.\nCaused by: NoSuchElementException: no such element: Unable to locate element: {\"method\":\"xpath\",\"selector\":\"//ul[@id='ulDailyLessons']/descendant::h3[normalize-space(text())='Spelling/Poetry']/following-sibling::span[@id='linkVideo' and normalize-space(text())='Lesson 1']\"}\n\tat com.codeborne.selenide.impl.WebElementSource.createElementNotFoundError(WebElementSource.java:83)\n\tat com.codeborne.selenide.impl.ElementFinder.createElementNotFoundError(ElementFinder.java:136)\n\tat com.codeborne.selenide.impl.WebElementSource.checkCondition(WebElementSource.java:114)\n\tat com.codeborne.selenide.commands.Should.execute(Should.java:30)\n\tat com.codeborne.selenide.commands.Should.execute(Should.java:14)\n\tat com.codeborne.selenide.commands.Commands.execute(Commands.java:155)\n\tat com.codeborne.selenide.impl.SelenideElementProxy.dispatchAndRetry(SelenideElementProxy.java:133)\n\tat com.codeborne.selenide.impl.SelenideElementProxy.invoke(SelenideElementProxy.java:85)\n\tat com.sun.proxy.$Proxy37.shouldBe(Unknown Source)\n\tat base.SelenideExtended.waitForElementTobeExist(SelenideExtended.java:766)\n\tat base.SelenideExtended.isElementExists(SelenideExtended.java:119)\n\tat pageObjects.StudentsScreen.validateMyLessonsTodaySectionData(StudentsScreen.java:693)\n\tat abekaUISuite.ParentAndStudentSuiteTest.validateSwitchPenmanShipScenarioGradeOne(ParentAndStudentSuiteTest.java:112)\n\tat java.base/jdk.internal.reflect.NativeMethodAccessorImpl.invoke0(Native Method)\n\tat java.base/jdk.internal.reflect.NativeMethodAccessorImpl.invoke(NativeMethodAccessorImpl.java:62)\n\tat java.base/jdk.internal.reflect.DelegatingMethodAccessorImpl.invoke(DelegatingMethodAccessorImpl.java:43)\n\tat java.base/java.lang.reflect.Method.invoke(Method.java:566)\n\tat org.testng.internal.MethodInvocationHelper.invokeMethod(MethodInvocationHelper.java:133)\n\tat org.testng.internal.TestInvoker.invokeMethod(TestInvoker.java:598)\n\tat org.testng.internal.TestInvoker.invokeTestMethod(TestInvoker.java:173)\n\tat org.testng.internal.MethodRunner.runInSequence(MethodRunner.java:46)\n\tat org.testng.internal.TestInvoker$MethodInvocationAgent.invoke(TestInvoker.java:824)\n\tat org.testng.internal.TestInvoker.invokeTestMethods(TestInvoker.java:146)\n\tat org.testng.internal.TestMethodWorker.invokeTestMethods(TestMethodWorker.java:146)\n\tat org.testng.internal.TestMethodWorker.run(TestMethodWorker.java:128)\n\tat java.base/java.util.concurrent.ThreadPoolExecutor.runWorker(ThreadPoolExecutor.java:1128)\n\tat java.base/java.util.concurrent.ThreadPoolExecutor$Worker.run(ThreadPoolExecutor.java:628)\n\tat java.base/java.lang.Thread.run(Thread.java:834)\nCaused by: org.openqa.selenium.NoSuchElementException: no such element: Unable to locate element: {\"method\":\"xpath\",\"selector\":\"//ul[@id='ulDailyLessons']/descendant::h3[normalize-space(text())='Spelling/Poetry']/following-sibling::span[@id='linkVideo' and normalize-space(text())='Lesson 1']\"}\n  (Session info: chrome=98.0.4758.80)\nFor documentation on this error, please visit: https://www.seleniumhq.org/exceptions/no_such_element.html\nBuild info: version: '3.141.59', revision: 'e82be7d358', time: '2018-11-14T08:17:03'\nSystem info: host: 'Rohit-Kamble.local', ip: '2401:4900:1afa:1172:e55c:b3c8:47aa:9053%en0', os.name: 'Mac OS X', os.arch: 'x86_64', os.version: '10.16', java.version: '11.0.12'\nDriver info: org.openqa.selenium.chrome.ChromeDriver\nCapabilities {acceptInsecureCerts: false, browserName: chrome, browserVersion: 98.0.4758.80, chrome: {chromedriverVersion: 98.0.4758.80 (7f0488e8ba0d8..., userDataDir: /var/folders/hf/83dzgx457nb...}, goog:chromeOptions: {debuggerAddress: localhost:53138}, javascriptEnabled: true, networkConnectionEnabled: false, pageLoadStrategy: normal, platform: MAC, platformName: MAC, proxy: Proxy(), setWindowRect: true, strictFileInteractability: false, timeouts: {implicit: 0, pageLoad: 300000, script: 30000}, unhandledPromptBehavior: dismiss and notify, webauthn:extension:credBlob: true, webauthn:extension:largeBlob: true, webauthn:virtualAuthenticators: true}\nSession ID: 5e52ed1256f16089fe06b2151292619a\n*** Element info: {Using=xpath, value=//ul[@id='ulDailyLessons']/descendant::h3[normalize-space(text())='Spelling/Poetry']/following-sibling::span[@id='linkVideo' and normalize-space(text())='Lesson 1']}\n\tat jdk.internal.reflect.GeneratedConstructorAccessor100.newInstance(Unknown Source)\n\tat java.base/jdk.internal.reflect.DelegatingConstructorAccessorImpl.newInstance(DelegatingConstructorAccessorImpl.java:45)\n\tat java.base/java.lang.reflect.Constructor.newInstance(Constructor.java:490)\n\tat org.openqa.selenium.remote.http.W3CHttpResponseCodec.createException(W3CHttpResponseCodec.java:187)\n\tat org.openqa.selenium.remote.http.W3CHttpResponseCodec.decode(W3CHttpResponseCodec.java:122)\n\tat org.openqa.selenium.remote.http.W3CHttpResponseCodec.decode(W3CHttpResponseCodec.java:49)\n\tat org.openqa.selenium.remote.HttpCommandExecutor.execute(HttpCommandExecutor.java:158)\n\tat org.openqa.selenium.remote.service.DriverCommandExecutor.execute(DriverCommandExecutor.java:83)\n\tat org.openqa.selenium.remote.RemoteWebDriver.execute(RemoteWebDriver.java:552)\n\tat org.openqa.selenium.remote.RemoteWebDriver.findElement(RemoteWebDriver.java:323)\n\tat org.openqa.selenium.remote.RemoteWebDriver.findElementByXPath(RemoteWebDriver.java:428)\n\tat org.openqa.selenium.By$ByXPath.findElement(By.java:353)\n\tat org.openqa.selenium.remote.RemoteWebDriver.findElement(RemoteWebDriver.java:315)\n\tat com.codeborne.selenide.impl.WebElementSelector.findElement(WebElementSelector.java:59)\n\tat com.codeborne.selenide.impl.WebElementSelector.findElement(WebElementSelector.java:34)\n\tat com.codeborne.selenide.impl.ElementFinder.getWebElement(ElementFinder.java:104)\n\tat com.codeborne.selenide.impl.WebElementSource.checkCondition(WebElementSource.java:99)\n\t... 25 more\n"},"stage":"finished","steps":[],"attachments":[{"name":"Screenshot","source":"d8d01f8c-2b7a-4271-88bf-1f084b4637e1-attachment.png","type":"image/png"}],"parameters":[],"start":1644393088893,"stop":1644393119451},{"name":"$(\"By.xpath: //ul[@id='ulDailyLessons']/descendant::h3[normalize-space(text())='Combination Practice']/following-sibling::span[@id='linkVideo' and normalize-space(text())='Lesson 1']\") should be([exist, 0 ms.])","status":"failed","statusDetails":{"known":false,"muted":false,"flaky":false,"message":"Element not found {By.xpath: //ul[@id='ulDailyLessons']/descendant::h3[normalize-space(text())='Combination Practice']/following-sibling::span[@id='linkVideo' and normalize-space(text())='Lesson 1']}\nExpected: exist\nScreenshot: file:/Users/apple/QA-Automation/build/reports/tests/1644393179523.45.png\nPage source: file:/Users/apple/QA-Automation/build/reports/tests/1644393179523.45.html\nTimeout: 0 ms.\nCaused by: NoSuchElementException: no such element: Unable to locate element: {\"method\":\"xpath\",\"selector\":\"//ul[@id='ulDailyLessons']/descendant::h3[normalize-space(text())='Combination Practice']/following-sibling::span[@id='linkVideo' and normalize-space(text())='Lesson 1']\"}","trace":"Element not found {By.xpath: //ul[@id='ulDailyLessons']/descendant::h3[normalize-space(text())='Combination Practice']/following-sibling::span[@id='linkVideo' and normalize-space(text())='Lesson 1']}\nExpected: exist\nScreenshot: file:/Users/apple/QA-Automation/build/reports/tests/1644393179523.45.png\nPage source: file:/Users/apple/QA-Automation/build/reports/tests/1644393179523.45.html\nTimeout: 0 ms.\nCaused by: NoSuchElementException: no such element: Unable to locate element: {\"method\":\"xpath\",\"selector\":\"//ul[@id='ulDailyLessons']/descendant::h3[normalize-space(text())='Combination Practice']/following-sibling::span[@id='linkVideo' and normalize-space(text())='Lesson 1']\"}\n\tat com.codeborne.selenide.impl.WebElementSource.createElementNotFoundError(WebElementSource.java:83)\n\tat com.codeborne.selenide.impl.ElementFinder.createElementNotFoundError(ElementFinder.java:136)\n\tat com.codeborne.selenide.impl.WebElementSource.checkCondition(WebElementSource.java:114)\n\tat com.codeborne.selenide.commands.Should.execute(Should.java:30)\n\tat com.codeborne.selenide.commands.Should.execute(Should.java:14)\n\tat com.codeborne.selenide.commands.Commands.execute(Commands.java:155)\n\tat com.codeborne.selenide.impl.SelenideElementProxy.dispatchAndRetry(SelenideElementProxy.java:133)\n\tat com.codeborne.selenide.impl.SelenideElementProxy.invoke(SelenideElementProxy.java:85)\n\tat com.sun.proxy.$Proxy37.shouldBe(Unknown Source)\n\tat base.SelenideExtended.waitForElementTobeExist(SelenideExtended.java:766)\n\tat base.SelenideExtended.isElementExists(SelenideExtended.java:119)\n\tat pageObjects.StudentsScreen.validateMyLessonsTodaySectionData(StudentsScreen.java:693)\n\tat abekaUISuite.ParentAndStudentSuiteTest.validateSwitchPenmanShipScenarioGradeOne(ParentAndStudentSuiteTest.java:112)\n\tat java.base/jdk.internal.reflect.NativeMethodAccessorImpl.invoke0(Native Method)\n\tat java.base/jdk.internal.reflect.NativeMethodAccessorImpl.invoke(NativeMethodAccessorImpl.java:62)\n\tat java.base/jdk.internal.reflect.DelegatingMethodAccessorImpl.invoke(DelegatingMethodAccessorImpl.java:43)\n\tat java.base/java.lang.reflect.Method.invoke(Method.java:566)\n\tat org.testng.internal.MethodInvocationHelper.invokeMethod(MethodInvocationHelper.java:133)\n\tat org.testng.internal.TestInvoker.invokeMethod(TestInvoker.java:598)\n\tat org.testng.internal.TestInvoker.invokeTestMethod(TestInvoker.java:173)\n\tat org.testng.internal.MethodRunner.runInSequence(MethodRunner.java:46)\n\tat org.testng.internal.TestInvoker$MethodInvocationAgent.invoke(TestInvoker.java:824)\n\tat org.testng.internal.TestInvoker.invokeTestMethods(TestInvoker.java:146)\n\tat org.testng.internal.TestMethodWorker.invokeTestMethods(TestMethodWorker.java:146)\n\tat org.testng.internal.TestMethodWorker.run(TestMethodWorker.java:128)\n\tat java.base/java.util.concurrent.ThreadPoolExecutor.runWorker(ThreadPoolExecutor.java:1128)\n\tat java.base/java.util.concurrent.ThreadPoolExecutor$Worker.run(ThreadPoolExecutor.java:628)\n\tat java.base/java.lang.Thread.run(Thread.java:834)\nCaused by: org.openqa.selenium.NoSuchElementException: no such element: Unable to locate element: {\"method\":\"xpath\",\"selector\":\"//ul[@id='ulDailyLessons']/descendant::h3[normalize-space(text())='Combination Practice']/following-sibling::span[@id='linkVideo' and normalize-space(text())='Lesson 1']\"}\n  (Session info: chrome=98.0.4758.80)\nFor documentation on this error, please visit: https://www.seleniumhq.org/exceptions/no_such_element.html\nBuild info: version: '3.141.59', revision: 'e82be7d358', time: '2018-11-14T08:17:03'\nSystem info: host: 'Rohit-Kamble.local', ip: '2401:4900:1afa:1172:e55c:b3c8:47aa:9053%en0', os.name: 'Mac OS X', os.arch: 'x86_64', os.version: '10.16', java.version: '11.0.12'\nDriver info: org.openqa.selenium.chrome.ChromeDriver\nCapabilities {acceptInsecureCerts: false, browserName: chrome, browserVersion: 98.0.4758.80, chrome: {chromedriverVersion: 98.0.4758.80 (7f0488e8ba0d8..., userDataDir: /var/folders/hf/83dzgx457nb...}, goog:chromeOptions: {debuggerAddress: localhost:53138}, javascriptEnabled: true, networkConnectionEnabled: false, pageLoadStrategy: normal, platform: MAC, platformName: MAC, proxy: Proxy(), setWindowRect: true, strictFileInteractability: false, timeouts: {implicit: 0, pageLoad: 300000, script: 30000}, unhandledPromptBehavior: dismiss and notify, webauthn:extension:credBlob: true, webauthn:extension:largeBlob: true, webauthn:virtualAuthenticators: true}\nSession ID: 5e52ed1256f16089fe06b2151292619a\n*** Element info: {Using=xpath, value=//ul[@id='ulDailyLessons']/descendant::h3[normalize-space(text())='Combination Practice']/following-sibling::span[@id='linkVideo' and normalize-space(text())='Lesson 1']}\n\tat jdk.internal.reflect.GeneratedConstructorAccessor100.newInstance(Unknown Source)\n\tat java.base/jdk.internal.reflect.DelegatingConstructorAccessorImpl.newInstance(DelegatingConstructorAccessorImpl.java:45)\n\tat java.base/java.lang.reflect.Constructor.newInstance(Constructor.java:490)\n\tat org.openqa.selenium.remote.http.W3CHttpResponseCodec.createException(W3CHttpResponseCodec.java:187)\n\tat org.openqa.selenium.remote.http.W3CHttpResponseCodec.decode(W3CHttpResponseCodec.java:122)\n\tat org.openqa.selenium.remote.http.W3CHttpResponseCodec.decode(W3CHttpResponseCodec.java:49)\n\tat org.openqa.selenium.remote.HttpCommandExecutor.execute(HttpCommandExecutor.java:158)\n\tat org.openqa.selenium.remote.service.DriverCommandExecutor.execute(DriverCommandExecutor.java:83)\n\tat org.openqa.selenium.remote.RemoteWebDriver.execute(RemoteWebDriver.java:552)\n\tat org.openqa.selenium.remote.RemoteWebDriver.findElement(RemoteWebDriver.java:323)\n\tat org.openqa.selenium.remote.RemoteWebDriver.findElementByXPath(RemoteWebDriver.java:428)\n\tat org.openqa.selenium.By$ByXPath.findElement(By.java:353)\n\tat org.openqa.selenium.remote.RemoteWebDriver.findElement(RemoteWebDriver.java:315)\n\tat com.codeborne.selenide.impl.WebElementSelector.findElement(WebElementSelector.java:59)\n\tat com.codeborne.selenide.impl.WebElementSelector.findElement(WebElementSelector.java:34)\n\tat com.codeborne.selenide.impl.ElementFinder.getWebElement(ElementFinder.java:104)\n\tat com.codeborne.selenide.impl.WebElementSource.checkCondition(WebElementSource.java:99)\n\t... 25 more\n"},"stage":"finished","steps":[],"attachments":[{"name":"Screenshot","source":"eeb5b58b-1d0b-4a09-b4e9-c7b4883cf61c-attachment.png","type":"image/png"}],"parameters":[],"start":1644393149508,"stop":1644393180027},{"name":"$(\"By.xpath: //ul[@id='ulDailyLessons']/descendant::h3[normalize-space(text())='Arithmetic']/following-sibling::span[@id='linkVideo' and normalize-space(text())='Lesson 1']\") should be([exist, 0 ms.])","status":"failed","statusDetails":{"known":false,"muted":false,"flaky":false,"message":"Element not found {By.xpath: //ul[@id='ulDailyLessons']/descendant::h3[normalize-space(text())='Arithmetic']/following-sibling::span[@id='linkVideo' and normalize-space(text())='Lesson 1']}\nExpected: exist\nScreenshot: file:/Users/apple/QA-Automation/build/reports/tests/1644393240121.46.png\nPage source: file:/Users/apple/QA-Automation/build/reports/tests/1644393240121.46.html\nTimeout: 0 ms.\nCaused by: NoSuchElementException: no such element: Unable to locate element: {\"method\":\"xpath\",\"selector\":\"//ul[@id='ulDailyLessons']/descendant::h3[normalize-space(text())='Arithmetic']/following-sibling::span[@id='linkVideo' and normalize-space(text())='Lesson 1']\"}","trace":"Element not found {By.xpath: //ul[@id='ulDailyLessons']/descendant::h3[normalize-space(text())='Arithmetic']/following-sibling::span[@id='linkVideo' and normalize-space(text())='Lesson 1']}\nExpected: exist\nScreenshot: file:/Users/apple/QA-Automation/build/reports/tests/1644393240121.46.png\nPage source: file:/Users/apple/QA-Automation/build/reports/tests/1644393240121.46.html\nTimeout: 0 ms.\nCaused by: NoSuchElementException: no such element: Unable to locate element: {\"method\":\"xpath\",\"selector\":\"//ul[@id='ulDailyLessons']/descendant::h3[normalize-space(text())='Arithmetic']/following-sibling::span[@id='linkVideo' and normalize-space(text())='Lesson 1']\"}\n\tat com.codeborne.selenide.impl.WebElementSource.createElementNotFoundError(WebElementSource.java:83)\n\tat com.codeborne.selenide.impl.ElementFinder.createElementNotFoundError(ElementFinder.java:136)\n\tat com.codeborne.selenide.impl.WebElementSource.checkCondition(WebElementSource.java:114)\n\tat com.codeborne.selenide.commands.Should.execute(Should.java:30)\n\tat com.codeborne.selenide.commands.Should.execute(Should.java:14)\n\tat com.codeborne.selenide.commands.Commands.execute(Commands.java:155)\n\tat com.codeborne.selenide.impl.SelenideElementProxy.dispatchAndRetry(SelenideElementProxy.java:133)\n\tat com.codeborne.selenide.impl.SelenideElementProxy.invoke(SelenideElementProxy.java:85)\n\tat com.sun.proxy.$Proxy37.shouldBe(Unknown Source)\n\tat base.SelenideExtended.waitForElementTobeExist(SelenideExtended.java:766)\n\tat base.SelenideExtended.isElementExists(SelenideExtended.java:119)\n\tat pageObjects.StudentsScreen.validateMyLessonsTodaySectionData(StudentsScreen.java:693)\n\tat abekaUISuite.ParentAndStudentSuiteTest.validateSwitchPenmanShipScenarioGradeOne(ParentAndStudentSuiteTest.java:112)\n\tat java.base/jdk.internal.reflect.NativeMethodAccessorImpl.invoke0(Native Method)\n\tat java.base/jdk.internal.reflect.NativeMethodAccessorImpl.invoke(NativeMethodAccessorImpl.java:62)\n\tat java.base/jdk.internal.reflect.DelegatingMethodAccessorImpl.invoke(DelegatingMethodAccessorImpl.java:43)\n\tat java.base/java.lang.reflect.Method.invoke(Method.java:566)\n\tat org.testng.internal.MethodInvocationHelper.invokeMethod(MethodInvocationHelper.java:133)\n\tat org.testng.internal.TestInvoker.invokeMethod(TestInvoker.java:598)\n\tat org.testng.internal.TestInvoker.invokeTestMethod(TestInvoker.java:173)\n\tat org.testng.internal.MethodRunner.runInSequence(MethodRunner.java:46)\n\tat org.testng.internal.TestInvoker$MethodInvocationAgent.invoke(TestInvoker.java:824)\n\tat org.testng.internal.TestInvoker.invokeTestMethods(TestInvoker.java:146)\n\tat org.testng.internal.TestMethodWorker.invokeTestMethods(TestMethodWorker.java:146)\n\tat org.testng.internal.TestMethodWorker.run(TestMethodWorker.java:128)\n\tat java.base/java.util.concurrent.ThreadPoolExecutor.runWorker(ThreadPoolExecutor.java:1128)\n\tat java.base/java.util.concurrent.ThreadPoolExecutor$Worker.run(ThreadPoolExecutor.java:628)\n\tat java.base/java.lang.Thread.run(Thread.java:834)\nCaused by: org.openqa.selenium.NoSuchElementException: no such element: Unable to locate element: {\"method\":\"xpath\",\"selector\":\"//ul[@id='ulDailyLessons']/descendant::h3[normalize-space(text())='Arithmetic']/following-sibling::span[@id='linkVideo' and normalize-space(text())='Lesson 1']\"}\n  (Session info: chrome=98.0.4758.80)\nFor documentation on this error, please visit: https://www.seleniumhq.org/exceptions/no_such_element.html\nBuild info: version: '3.141.59', revision: 'e82be7d358', time: '2018-11-14T08:17:03'\nSystem info: host: 'Rohit-Kamble.local', ip: '2401:4900:1afa:1172:e55c:b3c8:47aa:9053%en0', os.name: 'Mac OS X', os.arch: 'x86_64', os.version: '10.16', java.version: '11.0.12'\nDriver info: org.openqa.selenium.chrome.ChromeDriver\nCapabilities {acceptInsecureCerts: false, browserName: chrome, browserVersion: 98.0.4758.80, chrome: {chromedriverVersion: 98.0.4758.80 (7f0488e8ba0d8..., userDataDir: /var/folders/hf/83dzgx457nb...}, goog:chromeOptions: {debuggerAddress: localhost:53138}, javascriptEnabled: true, networkConnectionEnabled: false, pageLoadStrategy: normal, platform: MAC, platformName: MAC, proxy: Proxy(), setWindowRect: true, strictFileInteractability: false, timeouts: {implicit: 0, pageLoad: 300000, script: 30000}, unhandledPromptBehavior: dismiss and notify, webauthn:extension:credBlob: true, webauthn:extension:largeBlob: true, webauthn:virtualAuthenticators: true}\nSession ID: 5e52ed1256f16089fe06b2151292619a\n*** Element info: {Using=xpath, value=//ul[@id='ulDailyLessons']/descendant::h3[normalize-space(text())='Arithmetic']/following-sibling::span[@id='linkVideo' and normalize-space(text())='Lesson 1']}\n\tat jdk.internal.reflect.GeneratedConstructorAccessor100.newInstance(Unknown Source)\n\tat java.base/jdk.internal.reflect.DelegatingConstructorAccessorImpl.newInstance(DelegatingConstructorAccessorImpl.java:45)\n\tat java.base/java.lang.reflect.Constructor.newInstance(Constructor.java:490)\n\tat org.openqa.selenium.remote.http.W3CHttpResponseCodec.createException(W3CHttpResponseCodec.java:187)\n\tat org.openqa.selenium.remote.http.W3CHttpResponseCodec.decode(W3CHttpResponseCodec.java:122)\n\tat org.openqa.selenium.remote.http.W3CHttpResponseCodec.decode(W3CHttpResponseCodec.java:49)\n\tat org.openqa.selenium.remote.HttpCommandExecutor.execute(HttpCommandExecutor.java:158)\n\tat org.openqa.selenium.remote.service.DriverCommandExecutor.execute(DriverCommandExecutor.java:83)\n\tat org.openqa.selenium.remote.RemoteWebDriver.execute(RemoteWebDriver.java:552)\n\tat org.openqa.selenium.remote.RemoteWebDriver.findElement(RemoteWebDriver.java:323)\n\tat org.openqa.selenium.remote.RemoteWebDriver.findElementByXPath(RemoteWebDriver.java:428)\n\tat org.openqa.selenium.By$ByXPath.findElement(By.java:353)\n\tat org.openqa.selenium.remote.RemoteWebDriver.findElement(RemoteWebDriver.java:315)\n\tat com.codeborne.selenide.impl.WebElementSelector.findElement(WebElementSelector.java:59)\n\tat com.codeborne.selenide.impl.WebElementSelector.findElement(WebElementSelector.java:34)\n\tat com.codeborne.selenide.impl.ElementFinder.getWebElement(ElementFinder.java:104)\n\tat com.codeborne.selenide.impl.WebElementSource.checkCondition(WebElementSource.java:99)\n\t... 25 more\n"},"stage":"finished","steps":[],"attachments":[{"name":"Screenshot","source":"10ec0847-2925-43a4-a24d-ad90984be890-attachment.png","type":"image/png"}],"parameters":[],"start":1644393210075,"stop":1644393240664},{"name":"$(\"By.xpath: //ul[@id='ulDailyLessons']/descendant::h3[normalize-space(text())='Activity Time']/following-sibling::span[@id='linkVideo' and normalize-space(text())='Lesson 1']\") should be([exist, 0 ms.])","status":"failed","statusDetails":{"known":false,"muted":false,"flaky":false,"message":"Element not found {By.xpath: //ul[@id='ulDailyLessons']/descendant::h3[normalize-space(text())='Activity Time']/following-sibling::span[@id='linkVideo' and normalize-space(text())='Lesson 1']}\nExpected: exist\nScreenshot: file:/Users/apple/QA-Automation/build/reports/tests/1644393300739.47.png\nPage source: file:/Users/apple/QA-Automation/build/reports/tests/1644393300739.47.html\nTimeout: 0 ms.\nCaused by: NoSuchElementException: no such element: Unable to locate element: {\"method\":\"xpath\",\"selector\":\"//ul[@id='ulDailyLessons']/descendant::h3[normalize-space(text())='Activity Time']/following-sibling::span[@id='linkVideo' and normalize-space(text())='Lesson 1']\"}","trace":"Element not found {By.xpath: //ul[@id='ulDailyLessons']/descendant::h3[normalize-space(text())='Activity Time']/following-sibling::span[@id='linkVideo' and normalize-space(text())='Lesson 1']}\nExpected: exist\nScreenshot: file:/Users/apple/QA-Automation/build/reports/tests/1644393300739.47.png\nPage source: file:/Users/apple/QA-Automation/build/reports/tests/1644393300739.47.html\nTimeout: 0 ms.\nCaused by: NoSuchElementException: no such element: Unable to locate element: {\"method\":\"xpath\",\"selector\":\"//ul[@id='ulDailyLessons']/descendant::h3[normalize-space(text())='Activity Time']/following-sibling::span[@id='linkVideo' and normalize-space(text())='Lesson 1']\"}\n\tat com.codeborne.selenide.impl.WebElementSource.createElementNotFoundError(WebElementSource.java:83)\n\tat com.codeborne.selenide.impl.ElementFinder.createElementNotFoundError(ElementFinder.java:136)\n\tat com.codeborne.selenide.impl.WebElementSource.checkCondition(WebElementSource.java:114)\n\tat com.codeborne.selenide.commands.Should.execute(Should.java:30)\n\tat com.codeborne.selenide.commands.Should.execute(Should.java:14)\n\tat com.codeborne.selenide.commands.Commands.execute(Commands.java:155)\n\tat com.codeborne.selenide.impl.SelenideElementProxy.dispatchAndRetry(SelenideElementProxy.java:133)\n\tat com.codeborne.selenide.impl.SelenideElementProxy.invoke(SelenideElementProxy.java:85)\n\tat com.sun.proxy.$Proxy37.shouldBe(Unknown Source)\n\tat base.SelenideExtended.waitForElementTobeExist(SelenideExtended.java:766)\n\tat base.SelenideExtended.isElementExists(SelenideExtended.java:119)\n\tat pageObjects.StudentsScreen.validateMyLessonsTodaySectionData(StudentsScreen.java:693)\n\tat abekaUISuite.ParentAndStudentSuiteTest.validateSwitchPenmanShipScenarioGradeOne(ParentAndStudentSuiteTest.java:112)\n\tat java.base/jdk.internal.reflect.NativeMethodAccessorImpl.invoke0(Native Method)\n\tat java.base/jdk.internal.reflect.NativeMethodAccessorImpl.invoke(NativeMethodAccessorImpl.java:62)\n\tat java.base/jdk.internal.reflect.DelegatingMethodAccessorImpl.invoke(DelegatingMethodAccessorImpl.java:43)\n\tat java.base/java.lang.reflect.Method.invoke(Method.java:566)\n\tat org.testng.internal.MethodInvocationHelper.invokeMethod(MethodInvocationHelper.java:133)\n\tat org.testng.internal.TestInvoker.invokeMethod(TestInvoker.java:598)\n\tat org.testng.internal.TestInvoker.invokeTestMethod(TestInvoker.java:173)\n\tat org.testng.internal.MethodRunner.runInSequence(MethodRunner.java:46)\n\tat org.testng.internal.TestInvoker$MethodInvocationAgent.invoke(TestInvoker.java:824)\n\tat org.testng.internal.TestInvoker.invokeTestMethods(TestInvoker.java:146)\n\tat org.testng.internal.TestMethodWorker.invokeTestMethods(TestMethodWorker.java:146)\n\tat org.testng.internal.TestMethodWorker.run(TestMethodWorker.java:128)\n\tat java.base/java.util.concurrent.ThreadPoolExecutor.runWorker(ThreadPoolExecutor.java:1128)\n\tat java.base/java.util.concurrent.ThreadPoolExecutor$Worker.run(ThreadPoolExecutor.java:628)\n\tat java.base/java.lang.Thread.run(Thread.java:834)\nCaused by: org.openqa.selenium.NoSuchElementException: no such element: Unable to locate element: {\"method\":\"xpath\",\"selector\":\"//ul[@id='ulDailyLessons']/descendant::h3[normalize-space(text())='Activity Time']/following-sibling::span[@id='linkVideo' and normalize-space(text())='Lesson 1']\"}\n  (Session info: chrome=98.0.4758.80)\nFor documentation on this error, please visit: https://www.seleniumhq.org/exceptions/no_such_element.html\nBuild info: version: '3.141.59', revision: 'e82be7d358', time: '2018-11-14T08:17:03'\nSystem info: host: 'Rohit-Kamble.local', ip: '2401:4900:1afa:1172:e55c:b3c8:47aa:9053%en0', os.name: 'Mac OS X', os.arch: 'x86_64', os.version: '10.16', java.version: '11.0.12'\nDriver info: org.openqa.selenium.chrome.ChromeDriver\nCapabilities {acceptInsecureCerts: false, browserName: chrome, browserVersion: 98.0.4758.80, chrome: {chromedriverVersion: 98.0.4758.80 (7f0488e8ba0d8..., userDataDir: /var/folders/hf/83dzgx457nb...}, goog:chromeOptions: {debuggerAddress: localhost:53138}, javascriptEnabled: true, networkConnectionEnabled: false, pageLoadStrategy: normal, platform: MAC, platformName: MAC, proxy: Proxy(), setWindowRect: true, strictFileInteractability: false, timeouts: {implicit: 0, pageLoad: 300000, script: 30000}, unhandledPromptBehavior: dismiss and notify, webauthn:extension:credBlob: true, webauthn:extension:largeBlob: true, webauthn:virtualAuthenticators: true}\nSession ID: 5e52ed1256f16089fe06b2151292619a\n*** Element info: {Using=xpath, value=//ul[@id='ulDailyLessons']/descendant::h3[normalize-space(text())='Activity Time']/following-sibling::span[@id='linkVideo' and normalize-space(text())='Lesson 1']}\n\tat jdk.internal.reflect.GeneratedConstructorAccessor100.newInstance(Unknown Source)\n\tat java.base/jdk.internal.reflect.DelegatingConstructorAccessorImpl.newInstance(DelegatingConstructorAccessorImpl.java:45)\n\tat java.base/java.lang.reflect.Constructor.newInstance(Constructor.java:490)\n\tat org.openqa.selenium.remote.http.W3CHttpResponseCodec.createException(W3CHttpResponseCodec.java:187)\n\tat org.openqa.selenium.remote.http.W3CHttpResponseCodec.decode(W3CHttpResponseCodec.java:122)\n\tat org.openqa.selenium.remote.http.W3CHttpResponseCodec.decode(W3CHttpResponseCodec.java:49)\n\tat org.openqa.selenium.remote.HttpCommandExecutor.execute(HttpCommandExecutor.java:158)\n\tat org.openqa.selenium.remote.service.DriverCommandExecutor.execute(DriverCommandExecutor.java:83)\n\tat org.openqa.selenium.remote.RemoteWebDriver.execute(RemoteWebDriver.java:552)\n\tat org.openqa.selenium.remote.RemoteWebDriver.findElement(RemoteWebDriver.java:323)\n\tat org.openqa.selenium.remote.RemoteWebDriver.findElementByXPath(RemoteWebDriver.java:428)\n\tat org.openqa.selenium.By$ByXPath.findElement(By.java:353)\n\tat org.openqa.selenium.remote.RemoteWebDriver.findElement(RemoteWebDriver.java:315)\n\tat com.codeborne.selenide.impl.WebElementSelector.findElement(WebElementSelector.java:59)\n\tat com.codeborne.selenide.impl.WebElementSelector.findElement(WebElementSelector.java:34)\n\tat com.codeborne.selenide.impl.ElementFinder.getWebElement(ElementFinder.java:104)\n\tat com.codeborne.selenide.impl.WebElementSource.checkCondition(WebElementSource.java:99)\n\t... 25 more\n"},"stage":"finished","steps":[],"attachments":[{"name":"Screenshot","source":"bb3d04db-500a-4f1d-a002-f354a8cbd1d1-attachment.png","type":"image/png"}],"parameters":[],"start":1644393270688,"stop":1644393301252}],"attachments":[],"parameters":[{"name":"arg3","value":"Grade 1 - Accredited"},{"name":"arg2","value":"ATM202202091138 ATM202202091138"},{"name":"arg4","value":""},{"name":"arg1","value":"Password@123"},{"name":"browser","value":"chrome"},{"name":"arg0","value":"ATM202202091138"},{"name":"platform","value":"Mac"}],"start":1644390065725,"stop":1644393331286,"uuid":"753e0d7d-142c-49f3-81ce-bd63261cff30","historyId":"cd72ac90be0ca1dd92a42bc5d02fd4e7","fullName":"abekaUISuite.ParentAndStudentSuiteTest.validateSwitchPenmanShipScenarioGradeOne","labels":[{"name":"package","value":"abekaUISuite.ParentAndStudentSuiteTest"},{"name":"testClass","value":"abekaUISuite.ParentAndStudentSuiteTest"},{"name":"testMethod","value":"validateSwitchPenmanShipScenarioGradeOne"},{"name":"parentSuite","value":"All Test Suite"},{"name":"suite","value":"Smoke Suite test"},{"name":"subSuite","value":"abekaUISuite.ParentAndStudentSuiteTest"},{"name":"host","value":"Rohit-Kamble.local"},{"name":"thread","value":"71995@Rohit-Kamble.local.TestNG-test=Smoke Suite test-1(24)"},{"name":"framework","value":"testng"},{"name":"language","value":"java"}],"links":[]}