{"name":"validatePreviewStudentVideoLessonsGradeNine","status":"broken","statusDetails":{"known":false,"muted":false,"flaky":false,"message":"Element not found {By.xpath: //li[@id='MyStudents']/descendant::*[@id='listStudent']/descendant::span[normalize-space(text())='ATM202202091206']}\nExpected: exist\nScreenshot: file:/Users/apple/QA-Automation/build/reports/tests/1644395599798.59.png\nPage source: file:/Users/apple/QA-Automation/build/reports/tests/1644395599798.59.html\nTimeout: 0 ms.\nCaused by: NoSuchElementException: no such element: Unable to locate element: {\"method\":\"xpath\",\"selector\":\"//li[@id='MyStudents']/descendant::*[@id='listStudent']/descendant::span[normalize-space(text())='ATM202202091206']\"}","trace":"java.lang.Exception: Element not found {By.xpath: //li[@id='MyStudents']/descendant::*[@id='listStudent']/descendant::span[normalize-space(text())='ATM202202091206']}\nExpected: exist\nScreenshot: file:/Users/apple/QA-Automation/build/reports/tests/1644395599798.59.png\nPage source: file:/Users/apple/QA-Automation/build/reports/tests/1644395599798.59.html\nTimeout: 0 ms.\nCaused by: NoSuchElementException: no such element: Unable to locate element: {\"method\":\"xpath\",\"selector\":\"//li[@id='MyStudents']/descendant::*[@id='listStudent']/descendant::span[normalize-space(text())='ATM202202091206']\"}\n\tat base.SelenideExtended.waitForElementTobeExist(SelenideExtended.java:773)\n\tat base.SelenideExtended.bringElementIntoView(SelenideExtended.java:472)\n\tat pageObjects.DashboardScreen.navigateToMyStudentProfile(DashboardScreen.java:116)\n\tat abekaUISuite.ParentAndStudentSuiteTest.validatePreviewStudentVideoLessonsGradeNine(ParentAndStudentSuiteTest.java:358)\n\tat java.base/jdk.internal.reflect.NativeMethodAccessorImpl.invoke0(Native Method)\n\tat java.base/jdk.internal.reflect.NativeMethodAccessorImpl.invoke(NativeMethodAccessorImpl.java:62)\n\tat java.base/jdk.internal.reflect.DelegatingMethodAccessorImpl.invoke(DelegatingMethodAccessorImpl.java:43)\n\tat java.base/java.lang.reflect.Method.invoke(Method.java:566)\n\tat org.testng.internal.MethodInvocationHelper.invokeMethod(MethodInvocationHelper.java:133)\n\tat org.testng.internal.TestInvoker.invokeMethod(TestInvoker.java:598)\n\tat org.testng.internal.TestInvoker.invokeTestMethod(TestInvoker.java:173)\n\tat org.testng.internal.MethodRunner.runInSequence(MethodRunner.java:46)\n\tat org.testng.internal.TestInvoker$MethodInvocationAgent.invoke(TestInvoker.java:824)\n\tat org.testng.internal.TestInvoker.invokeTestMethods(TestInvoker.java:146)\n\tat org.testng.internal.TestMethodWorker.invokeTestMethods(TestMethodWorker.java:146)\n\tat org.testng.internal.TestMethodWorker.run(TestMethodWorker.java:128)\n\tat java.base/java.util.concurrent.ThreadPoolExecutor.runWorker(ThreadPoolExecutor.java:1128)\n\tat java.base/java.util.concurrent.ThreadPoolExecutor$Worker.run(ThreadPoolExecutor.java:628)\n\tat java.base/java.lang.Thread.run(Thread.java:834)\nCaused by: Element not found {By.xpath: //li[@id='MyStudents']/descendant::*[@id='listStudent']/descendant::span[normalize-space(text())='ATM202202091206']}\nExpected: exist\nScreenshot: file:/Users/apple/QA-Automation/build/reports/tests/1644395599798.59.png\nPage source: file:/Users/apple/QA-Automation/build/reports/tests/1644395599798.59.html\nTimeout: 0 ms.\nCaused by: NoSuchElementException: no such element: Unable to locate element: {\"method\":\"xpath\",\"selector\":\"//li[@id='MyStudents']/descendant::*[@id='listStudent']/descendant::span[normalize-space(text())='ATM202202091206']\"}\n\tat com.codeborne.selenide.impl.WebElementSource.createElementNotFoundError(WebElementSource.java:83)\n\tat com.codeborne.selenide.impl.ElementFinder.createElementNotFoundError(ElementFinder.java:136)\n\tat com.codeborne.selenide.impl.WebElementSource.checkCondition(WebElementSource.java:114)\n\tat com.codeborne.selenide.commands.Should.execute(Should.java:30)\n\tat com.codeborne.selenide.commands.Should.execute(Should.java:14)\n\tat com.codeborne.selenide.commands.Commands.execute(Commands.java:155)\n\tat com.codeborne.selenide.impl.SelenideElementProxy.dispatchAndRetry(SelenideElementProxy.java:133)\n\tat com.codeborne.selenide.impl.SelenideElementProxy.invoke(SelenideElementProxy.java:85)\n\tat com.sun.proxy.$Proxy37.shouldBe(Unknown Source)\n\tat base.SelenideExtended.waitForElementTobeExist(SelenideExtended.java:766)\n\t... 18 more\nCaused by: org.openqa.selenium.NoSuchElementException: no such element: Unable to locate element: {\"method\":\"xpath\",\"selector\":\"//li[@id='MyStudents']/descendant::*[@id='listStudent']/descendant::span[normalize-space(text())='ATM202202091206']\"}\n  (Session info: chrome=98.0.4758.80)\nFor documentation on this error, please visit: https://www.seleniumhq.org/exceptions/no_such_element.html\nBuild info: version: '3.141.59', revision: 'e82be7d358', time: '2018-11-14T08:17:03'\nSystem info: host: 'Rohit-Kamble.local', ip: '2401:4900:1afa:1172:e55c:b3c8:47aa:9053%en0', os.name: 'Mac OS X', os.arch: 'x86_64', os.version: '10.16', java.version: '11.0.12'\nDriver info: org.openqa.selenium.chrome.ChromeDriver\nCapabilities {acceptInsecureCerts: false, browserName: chrome, browserVersion: 98.0.4758.80, chrome: {chromedriverVersion: 98.0.4758.80 (7f0488e8ba0d8..., userDataDir: /var/folders/hf/83dzgx457nb...}, goog:chromeOptions: {debuggerAddress: localhost:54633}, javascriptEnabled: true, networkConnectionEnabled: false, pageLoadStrategy: normal, platform: MAC, platformName: MAC, proxy: Proxy(), setWindowRect: true, strictFileInteractability: false, timeouts: {implicit: 0, pageLoad: 300000, script: 30000}, unhandledPromptBehavior: dismiss and notify, webauthn:extension:credBlob: true, webauthn:extension:largeBlob: true, webauthn:virtualAuthenticators: true}\nSession ID: 0679f5f5a71154bb435232ee7668c7a8\n*** Element info: {Using=xpath, value=//li[@id='MyStudents']/descendant::*[@id='listStudent']/descendant::span[normalize-space(text())='ATM202202091206']}\n\tat jdk.internal.reflect.GeneratedConstructorAccessor100.newInstance(Unknown Source)\n\tat java.base/jdk.internal.reflect.DelegatingConstructorAccessorImpl.newInstance(DelegatingConstructorAccessorImpl.java:45)\n\tat java.base/java.lang.reflect.Constructor.newInstance(Constructor.java:490)\n\tat org.openqa.selenium.remote.http.W3CHttpResponseCodec.createException(W3CHttpResponseCodec.java:187)\n\tat org.openqa.selenium.remote.http.W3CHttpResponseCodec.decode(W3CHttpResponseCodec.java:122)\n\tat org.openqa.selenium.remote.http.W3CHttpResponseCodec.decode(W3CHttpResponseCodec.java:49)\n\tat org.openqa.selenium.remote.HttpCommandExecutor.execute(HttpCommandExecutor.java:158)\n\tat org.openqa.selenium.remote.service.DriverCommandExecutor.execute(DriverCommandExecutor.java:83)\n\tat org.openqa.selenium.remote.RemoteWebDriver.execute(RemoteWebDriver.java:552)\n\tat org.openqa.selenium.remote.RemoteWebDriver.findElement(RemoteWebDriver.java:323)\n\tat org.openqa.selenium.remote.RemoteWebDriver.findElementByXPath(RemoteWebDriver.java:428)\n\tat org.openqa.selenium.By$ByXPath.findElement(By.java:353)\n\tat org.openqa.selenium.remote.RemoteWebDriver.findElement(RemoteWebDriver.java:315)\n\tat com.codeborne.selenide.impl.WebElementSelector.findElement(WebElementSelector.java:59)\n\tat com.codeborne.selenide.impl.WebElementSelector.findElement(WebElementSelector.java:34)\n\tat com.codeborne.selenide.impl.ElementFinder.getWebElement(ElementFinder.java:104)\n\tat com.codeborne.selenide.impl.WebElementSource.checkCondition(WebElementSource.java:99)\n\t... 25 more\n"},"stage":"finished","steps":[{"name":"$(\"$$(1 elements)[0]\") is(visible)","status":"passed","stage":"finished","steps":[],"attachments":[],"parameters":[],"start":1644395475744,"stop":1644395475760},{"name":"$(\"$$(1 elements)[0]\") is(visible)","status":"passed","stage":"finished","steps":[],"attachments":[],"parameters":[],"start":1644395475766,"stop":1644395475781},{"name":"$(\"$$(1 elements)[0]\") should be([exist, 30 s.])","status":"passed","stage":"finished","steps":[],"attachments":[],"parameters":[],"start":1644395475822,"stop":1644395475830},{"name":"$(\"$$(1 elements)[0]\") click()","status":"passed","stage":"finished","steps":[],"attachments":[],"parameters":[],"start":1644395476830,"stop":1644395476871},{"name":"$(\"By.xpath: (//*[normalize-space(text())='Log in' or normalize-space(@value)='Log in']|//text()[normalize-space()='Log in'])[1]\") should be([exist, 30 s.])","status":"passed","stage":"finished","steps":[],"attachments":[],"parameters":[],"start":1644395476875,"stop":1644395476903},{"name":"$(\"By.xpath: (//*[normalize-space(text())='Log in' or normalize-space(@value)='Log in']|//text()[normalize-space()='Log in'])[1]\") click()","status":"passed","stage":"finished","steps":[],"attachments":[],"parameters":[],"start":1644395476903,"stop":1644395476989},{"name":"$(\"By.xpath: (//*[normalize-space(text())='Log in / Create Account' or normalize-space(@value)='Log in / Create Account']|//text()[normalize-space()='Log in / Create Account'])[1]\") should be([exist, 30 s.])","status":"passed","stage":"finished","steps":[],"attachments":[],"parameters":[],"start":1644395476997,"stop":1644395477025},{"name":"$(\"By.xpath: (//*[normalize-space(text())='Log in / Create Account' or normalize-space(@value)='Log in / Create Account']|//text()[normalize-space()='Log in / Create Account'])[1]\") click()","status":"passed","stage":"finished","steps":[],"attachments":[],"parameters":[],"start":1644395477025,"stop":1644395485682},{"name":"$(\"By.id: txtEmailAddress\") should be([exist, 30 s.])","status":"passed","stage":"finished","steps":[],"attachments":[],"parameters":[],"start":1644395485686,"stop":1644395485709},{"name":"$(\"By.id: txtEmailAddress\") should be([exist, 30 s.])","status":"passed","stage":"finished","steps":[],"attachments":[],"parameters":[],"start":1644395485720,"stop":1644395485737},{"name":"$(\"$$(1 elements)[0]\") get wrapped element()","status":"passed","stage":"finished","steps":[],"attachments":[],"parameters":[],"start":1644395485737,"stop":1644395485737},{"name":"$(\"$$(1 elements)[0]\") get wrapped element()","status":"passed","stage":"finished","steps":[],"attachments":[],"parameters":[],"start":1644395485741,"stop":1644395485741},{"name":"$(\"By.id: txtEmailAddress\") set value(rcg@pcci.edu)","status":"passed","stage":"finished","steps":[],"attachments":[],"parameters":[],"start":1644395485851,"stop":1644395485942},{"name":"$(\"$$(1 elements)[0]\") is(visible)","status":"passed","stage":"finished","steps":[],"attachments":[],"parameters":[],"start":1644395485946,"stop":1644395485956},{"name":"$(\"By.id: txtEmailAddress\") text()","status":"passed","stage":"finished","steps":[],"attachments":[],"parameters":[],"start":1644395485956,"stop":1644395485971},{"name":"$(\"By.id: txtEmailAddress\") get text()","status":"passed","stage":"finished","steps":[],"attachments":[],"parameters":[],"start":1644395485971,"stop":1644395485982},{"name":"$(\"By.id: txtEmailAddress\") inner text()","status":"passed","stage":"finished","steps":[],"attachments":[],"parameters":[],"start":1644395485982,"stop":1644395485992},{"name":"$(\"By.id: txtEmailAddress\") get wrapped element()","status":"passed","stage":"finished","steps":[],"attachments":[],"parameters":[],"start":1644395485992,"stop":1644395485997},{"name":"$(\"By.id: txtEmailAddress\") get text()","status":"passed","stage":"finished","steps":[],"attachments":[],"parameters":[],"start":1644395486001,"stop":1644395486010},{"name":"$(\"By.id: txtEmailAddress\") inner text()","status":"passed","stage":"finished","steps":[],"attachments":[],"parameters":[],"start":1644395486011,"stop":1644395486019},{"name":"$(\"By.id: txtEmailAddress\") get wrapped element()","status":"passed","stage":"finished","steps":[],"attachments":[],"parameters":[],"start":1644395486019,"stop":1644395486024},{"name":"$(\"By.id: txtEmailAddress\") inner text()","status":"passed","stage":"finished","steps":[],"attachments":[],"parameters":[],"start":1644395486027,"stop":1644395486035},{"name":"$(\"By.id: txtEmailAddress\") get wrapped element()","status":"passed","stage":"finished","steps":[],"attachments":[],"parameters":[],"start":1644395486035,"stop":1644395486040},{"name":"$(\"By.id: txtEmailAddress\") get wrapped element()","status":"passed","stage":"finished","steps":[],"attachments":[],"parameters":[],"start":1644395486043,"stop":1644395486048},{"name":"$(\"By.id: txtEmailAddress\") set value(rcg@pcci.edu)","status":"passed","stage":"finished","steps":[],"attachments":[],"parameters":[],"start":1644395486051,"stop":1644395486116},{"name":"$(\"By.id: txtPassword\") should be([exist, 30 s.])","status":"passed","stage":"finished","steps":[],"attachments":[],"parameters":[],"start":1644395486116,"stop":1644395486134},{"name":"$(\"By.id: txtPassword\") should be([exist, 30 s.])","status":"passed","stage":"finished","steps":[],"attachments":[],"parameters":[],"start":1644395486143,"stop":1644395486157},{"name":"$(\"$$(1 elements)[0]\") get wrapped element()","status":"passed","stage":"finished","steps":[],"attachments":[],"parameters":[],"start":1644395486158,"stop":1644395486158},{"name":"$(\"$$(1 elements)[0]\") get wrapped element()","status":"passed","stage":"finished","steps":[],"attachments":[],"parameters":[],"start":1644395486162,"stop":1644395486162},{"name":"$(\"By.id: txtPassword\") set value(RCG1234)","status":"passed","stage":"finished","steps":[],"attachments":[],"parameters":[],"start":1644395486273,"stop":1644395486345},{"name":"$(\"$$(1 elements)[0]\") is(visible)","status":"passed","stage":"finished","steps":[],"attachments":[],"parameters":[],"start":1644395486350,"stop":1644395486359},{"name":"$(\"By.id: txtPassword\") text()","status":"passed","stage":"finished","steps":[],"attachments":[],"parameters":[],"start":1644395486359,"stop":1644395486374},{"name":"$(\"By.id: txtPassword\") get text()","status":"passed","stage":"finished","steps":[],"attachments":[],"parameters":[],"start":1644395486374,"stop":1644395486384},{"name":"$(\"By.id: txtPassword\") inner text()","status":"passed","stage":"finished","steps":[],"attachments":[],"parameters":[],"start":1644395486384,"stop":1644395486394},{"name":"$(\"By.id: txtPassword\") get wrapped element()","status":"passed","stage":"finished","steps":[],"attachments":[],"parameters":[],"start":1644395486394,"stop":1644395486399},{"name":"$(\"By.id: txtPassword\") get text()","status":"passed","stage":"finished","steps":[],"attachments":[],"parameters":[],"start":1644395486402,"stop":1644395486413},{"name":"$(\"By.id: txtPassword\") inner text()","status":"passed","stage":"finished","steps":[],"attachments":[],"parameters":[],"start":1644395486413,"stop":1644395486426},{"name":"$(\"By.id: txtPassword\") get wrapped element()","status":"passed","stage":"finished","steps":[],"attachments":[],"parameters":[],"start":1644395486426,"stop":1644395486430},{"name":"$(\"By.id: txtPassword\") inner text()","status":"passed","stage":"finished","steps":[],"attachments":[],"parameters":[],"start":1644395486434,"stop":1644395486443},{"name":"$(\"By.id: txtPassword\") get wrapped element()","status":"passed","stage":"finished","steps":[],"attachments":[],"parameters":[],"start":1644395486443,"stop":1644395486448},{"name":"$(\"By.id: txtPassword\") get wrapped element()","status":"passed","stage":"finished","steps":[],"attachments":[],"parameters":[],"start":1644395486451,"stop":1644395486456},{"name":"$(\"By.id: txtPassword\") set value(RCG1234)","status":"passed","stage":"finished","steps":[],"attachments":[],"parameters":[],"start":1644395486459,"stop":1644395486512},{"name":"$(\"By.id: lbnLogin\") should be([exist, 30 s.])","status":"passed","stage":"finished","steps":[],"attachments":[],"parameters":[],"start":1644395486515,"stop":1644395486533},{"name":"$(\"By.id: lbnLogin\") click()","status":"passed","stage":"finished","steps":[],"attachments":[],"parameters":[],"start":1644395486533,"stop":1644395496958},{"name":"$(\"$$(1 elements)[0]\") is(visible)","status":"passed","stage":"finished","steps":[],"attachments":[],"parameters":[],"start":1644395530006,"stop":1644395530019},{"name":"$(\"$$(1 elements)[0]\") should be([exist, 0 ms.])","status":"passed","stage":"finished","steps":[],"attachments":[],"parameters":[],"start":1644395530066,"stop":1644395530075},{"name":"$(\"$$(1 elements)[0]\") click()","status":"passed","stage":"finished","steps":[],"attachments":[],"parameters":[],"start":1644395531075,"stop":1644395531148},{"name":"$(\"By.linkText: Dashboard\") should be([exist, 0 ms.])","status":"passed","stage":"finished","steps":[],"attachments":[],"parameters":[],"start":1644395531148,"stop":1644395531175},{"name":"$(\"By.linkText: Dashboard\") get wrapped element()","status":"passed","stage":"finished","steps":[],"attachments":[],"parameters":[],"start":1644395531175,"stop":1644395531183},{"name":"$(\"By.xpath: //div[@class='tourClose']/a\") should be([exist, 0 ms.])","status":"passed","stage":"finished","steps":[],"attachments":[],"parameters":[],"start":1644395567649,"stop":1644395569678},{"name":"$(\"By.xpath: //div[@class='tourClose']/a\") should be([exist, 0 ms.])","status":"passed","stage":"finished","steps":[],"attachments":[],"parameters":[],"start":1644395569683,"stop":1644395569702},{"name":"$(\"By.xpath: //div[@class='tourClose']/a\") click()","status":"passed","stage":"finished","steps":[],"attachments":[],"parameters":[],"start":1644395569702,"stop":1644395569748},{"name":"$(\"By.xpath: //li[@id='MyStudents']/descendant::*[@id='listStudent']/descendant::span[normalize-space(text())='ATM202202091206']\") should be([exist, 0 ms.])","status":"failed","statusDetails":{"known":false,"muted":false,"flaky":false,"message":"Element not found {By.xpath: //li[@id='MyStudents']/descendant::*[@id='listStudent']/descendant::span[normalize-space(text())='ATM202202091206']}\nExpected: exist\nScreenshot: file:/Users/apple/QA-Automation/build/reports/tests/1644395599798.59.png\nPage source: file:/Users/apple/QA-Automation/build/reports/tests/1644395599798.59.html\nTimeout: 0 ms.\nCaused by: NoSuchElementException: no such element: Unable to locate element: {\"method\":\"xpath\",\"selector\":\"//li[@id='MyStudents']/descendant::*[@id='listStudent']/descendant::span[normalize-space(text())='ATM202202091206']\"}","trace":"Element not found {By.xpath: //li[@id='MyStudents']/descendant::*[@id='listStudent']/descendant::span[normalize-space(text())='ATM202202091206']}\nExpected: exist\nScreenshot: file:/Users/apple/QA-Automation/build/reports/tests/1644395599798.59.png\nPage source: file:/Users/apple/QA-Automation/build/reports/tests/1644395599798.59.html\nTimeout: 0 ms.\nCaused by: NoSuchElementException: no such element: Unable to locate element: {\"method\":\"xpath\",\"selector\":\"//li[@id='MyStudents']/descendant::*[@id='listStudent']/descendant::span[normalize-space(text())='ATM202202091206']\"}\n\tat com.codeborne.selenide.impl.WebElementSource.createElementNotFoundError(WebElementSource.java:83)\n\tat com.codeborne.selenide.impl.ElementFinder.createElementNotFoundError(ElementFinder.java:136)\n\tat com.codeborne.selenide.impl.WebElementSource.checkCondition(WebElementSource.java:114)\n\tat com.codeborne.selenide.commands.Should.execute(Should.java:30)\n\tat com.codeborne.selenide.commands.Should.execute(Should.java:14)\n\tat com.codeborne.selenide.commands.Commands.execute(Commands.java:155)\n\tat com.codeborne.selenide.impl.SelenideElementProxy.dispatchAndRetry(SelenideElementProxy.java:133)\n\tat com.codeborne.selenide.impl.SelenideElementProxy.invoke(SelenideElementProxy.java:85)\n\tat com.sun.proxy.$Proxy37.shouldBe(Unknown Source)\n\tat base.SelenideExtended.waitForElementTobeExist(SelenideExtended.java:766)\n\tat base.SelenideExtended.bringElementIntoView(SelenideExtended.java:472)\n\tat pageObjects.DashboardScreen.navigateToMyStudentProfile(DashboardScreen.java:116)\n\tat abekaUISuite.ParentAndStudentSuiteTest.validatePreviewStudentVideoLessonsGradeNine(ParentAndStudentSuiteTest.java:358)\n\tat java.base/jdk.internal.reflect.NativeMethodAccessorImpl.invoke0(Native Method)\n\tat java.base/jdk.internal.reflect.NativeMethodAccessorImpl.invoke(NativeMethodAccessorImpl.java:62)\n\tat java.base/jdk.internal.reflect.DelegatingMethodAccessorImpl.invoke(DelegatingMethodAccessorImpl.java:43)\n\tat java.base/java.lang.reflect.Method.invoke(Method.java:566)\n\tat org.testng.internal.MethodInvocationHelper.invokeMethod(MethodInvocationHelper.java:133)\n\tat org.testng.internal.TestInvoker.invokeMethod(TestInvoker.java:598)\n\tat org.testng.internal.TestInvoker.invokeTestMethod(TestInvoker.java:173)\n\tat org.testng.internal.MethodRunner.runInSequence(MethodRunner.java:46)\n\tat org.testng.internal.TestInvoker$MethodInvocationAgent.invoke(TestInvoker.java:824)\n\tat org.testng.internal.TestInvoker.invokeTestMethods(TestInvoker.java:146)\n\tat org.testng.internal.TestMethodWorker.invokeTestMethods(TestMethodWorker.java:146)\n\tat org.testng.internal.TestMethodWorker.run(TestMethodWorker.java:128)\n\tat java.base/java.util.concurrent.ThreadPoolExecutor.runWorker(ThreadPoolExecutor.java:1128)\n\tat java.base/java.util.concurrent.ThreadPoolExecutor$Worker.run(ThreadPoolExecutor.java:628)\n\tat java.base/java.lang.Thread.run(Thread.java:834)\nCaused by: org.openqa.selenium.NoSuchElementException: no such element: Unable to locate element: {\"method\":\"xpath\",\"selector\":\"//li[@id='MyStudents']/descendant::*[@id='listStudent']/descendant::span[normalize-space(text())='ATM202202091206']\"}\n  (Session info: chrome=98.0.4758.80)\nFor documentation on this error, please visit: https://www.seleniumhq.org/exceptions/no_such_element.html\nBuild info: version: '3.141.59', revision: 'e82be7d358', time: '2018-11-14T08:17:03'\nSystem info: host: 'Rohit-Kamble.local', ip: '2401:4900:1afa:1172:e55c:b3c8:47aa:9053%en0', os.name: 'Mac OS X', os.arch: 'x86_64', os.version: '10.16', java.version: '11.0.12'\nDriver info: org.openqa.selenium.chrome.ChromeDriver\nCapabilities {acceptInsecureCerts: false, browserName: chrome, browserVersion: 98.0.4758.80, chrome: {chromedriverVersion: 98.0.4758.80 (7f0488e8ba0d8..., userDataDir: /var/folders/hf/83dzgx457nb...}, goog:chromeOptions: {debuggerAddress: localhost:54633}, javascriptEnabled: true, networkConnectionEnabled: false, pageLoadStrategy: normal, platform: MAC, platformName: MAC, proxy: Proxy(), setWindowRect: true, strictFileInteractability: false, timeouts: {implicit: 0, pageLoad: 300000, script: 30000}, unhandledPromptBehavior: dismiss and notify, webauthn:extension:credBlob: true, webauthn:extension:largeBlob: true, webauthn:virtualAuthenticators: true}\nSession ID: 0679f5f5a71154bb435232ee7668c7a8\n*** Element info: {Using=xpath, value=//li[@id='MyStudents']/descendant::*[@id='listStudent']/descendant::span[normalize-space(text())='ATM202202091206']}\n\tat jdk.internal.reflect.GeneratedConstructorAccessor100.newInstance(Unknown Source)\n\tat java.base/jdk.internal.reflect.DelegatingConstructorAccessorImpl.newInstance(DelegatingConstructorAccessorImpl.java:45)\n\tat java.base/java.lang.reflect.Constructor.newInstance(Constructor.java:490)\n\tat org.openqa.selenium.remote.http.W3CHttpResponseCodec.createException(W3CHttpResponseCodec.java:187)\n\tat org.openqa.selenium.remote.http.W3CHttpResponseCodec.decode(W3CHttpResponseCodec.java:122)\n\tat org.openqa.selenium.remote.http.W3CHttpResponseCodec.decode(W3CHttpResponseCodec.java:49)\n\tat org.openqa.selenium.remote.HttpCommandExecutor.execute(HttpCommandExecutor.java:158)\n\tat org.openqa.selenium.remote.service.DriverCommandExecutor.execute(DriverCommandExecutor.java:83)\n\tat org.openqa.selenium.remote.RemoteWebDriver.execute(RemoteWebDriver.java:552)\n\tat org.openqa.selenium.remote.RemoteWebDriver.findElement(RemoteWebDriver.java:323)\n\tat org.openqa.selenium.remote.RemoteWebDriver.findElementByXPath(RemoteWebDriver.java:428)\n\tat org.openqa.selenium.By$ByXPath.findElement(By.java:353)\n\tat org.openqa.selenium.remote.RemoteWebDriver.findElement(RemoteWebDriver.java:315)\n\tat com.codeborne.selenide.impl.WebElementSelector.findElement(WebElementSelector.java:59)\n\tat com.codeborne.selenide.impl.WebElementSelector.findElement(WebElementSelector.java:34)\n\tat com.codeborne.selenide.impl.ElementFinder.getWebElement(ElementFinder.java:104)\n\tat com.codeborne.selenide.impl.WebElementSource.checkCondition(WebElementSource.java:99)\n\t... 25 more\n"},"stage":"finished","steps":[],"attachments":[{"name":"Screenshot","source":"66205ad6-f4b0-457f-ae73-24d16ed81fc6-attachment.png","type":"image/png"}],"parameters":[],"start":1644395569756,"stop":1644395600375}],"attachments":[],"parameters":[{"name":"arg3","value":"27583950"},{"name":"arg2","value":"RCG Testing"},{"name":"platform","value":"Mac"},{"name":"arg1","value":"RCG1234"},{"name":"browser","value":"chrome"},{"name":"arg0","value":"rcg@pcci.edu"}],"start":1644395475719,"stop":1644395600377,"uuid":"76208d0b-e6de-414f-b6a3-4cb89f343a03","historyId":"770c4fa9cff88a7df733831615a2ce03","fullName":"abekaUISuite.ParentAndStudentSuiteTest.validatePreviewStudentVideoLessonsGradeNine","labels":[{"name":"package","value":"abekaUISuite.ParentAndStudentSuiteTest"},{"name":"testClass","value":"abekaUISuite.ParentAndStudentSuiteTest"},{"name":"testMethod","value":"validatePreviewStudentVideoLessonsGradeNine"},{"name":"parentSuite","value":"All Test Suite"},{"name":"suite","value":"Smoke Suite test"},{"name":"subSuite","value":"abekaUISuite.ParentAndStudentSuiteTest"},{"name":"host","value":"Rohit-Kamble.local"},{"name":"thread","value":"71995@Rohit-Kamble.local.TestNG-test=Smoke Suite test-1(24)"},{"name":"framework","value":"testng"},{"name":"language","value":"java"}],"links":[]}