{"name":"testValidateGraduationPetitionFunctionality","status":"broken","statusDetails":{"known":false,"muted":false,"flaky":false,"message":"Element not found {By.xpath: //a[@href='../Fulfillment/Graduation/']//label[normalize-space(text())='Graduation Petition']}\nExpected: exist\nScreenshot: file:/Users/apple/QA-Automation/build/reports/tests/1645537728930.7.png\nPage source: file:/Users/apple/QA-Automation/build/reports/tests/1645537728930.7.html\nTimeout: 0 ms.\nCaused by: NoSuchElementException: no such element: Unable to locate element: {\"method\":\"xpath\",\"selector\":\"//a[@href='../Fulfillment/Graduation/']//label[normalize-space(text())='Graduation Petition']\"}","trace":"java.lang.Exception: Element not found {By.xpath: //a[@href='../Fulfillment/Graduation/']//label[normalize-space(text())='Graduation Petition']}\nExpected: exist\nScreenshot: file:/Users/apple/QA-Automation/build/reports/tests/1645537728930.7.png\nPage source: file:/Users/apple/QA-Automation/build/reports/tests/1645537728930.7.html\nTimeout: 0 ms.\nCaused by: NoSuchElementException: no such element: Unable to locate element: {\"method\":\"xpath\",\"selector\":\"//a[@href='../Fulfillment/Graduation/']//label[normalize-space(text())='Graduation Petition']\"}\n\tat base.SelenideExtended.waitForElementTobeExist(SelenideExtended.java:773)\n\tat base.SelenideExtended.bringElementIntoView(SelenideExtended.java:472)\n\tat pageObjects.DashboardScreen.navigateToGraduationPetitionPage(DashboardScreen.java:122)\n\tat abekaUISuite.ParentAndStudentSuiteTest.testValidateGraduationPetitionFunctionality(ParentAndStudentSuiteTest.java:460)\n\tat java.base/jdk.internal.reflect.NativeMethodAccessorImpl.invoke0(Native Method)\n\tat java.base/jdk.internal.reflect.NativeMethodAccessorImpl.invoke(NativeMethodAccessorImpl.java:62)\n\tat java.base/jdk.internal.reflect.DelegatingMethodAccessorImpl.invoke(DelegatingMethodAccessorImpl.java:43)\n\tat java.base/java.lang.reflect.Method.invoke(Method.java:566)\n\tat org.testng.internal.MethodInvocationHelper.invokeMethod(MethodInvocationHelper.java:133)\n\tat org.testng.internal.TestInvoker.invokeMethod(TestInvoker.java:598)\n\tat org.testng.internal.TestInvoker.invokeTestMethod(TestInvoker.java:173)\n\tat org.testng.internal.MethodRunner.runInSequence(MethodRunner.java:46)\n\tat org.testng.internal.TestInvoker$MethodInvocationAgent.invoke(TestInvoker.java:824)\n\tat org.testng.internal.TestInvoker.invokeTestMethods(TestInvoker.java:146)\n\tat org.testng.internal.TestMethodWorker.invokeTestMethods(TestMethodWorker.java:146)\n\tat org.testng.internal.TestMethodWorker.run(TestMethodWorker.java:128)\n\tat java.base/java.util.concurrent.ThreadPoolExecutor.runWorker(ThreadPoolExecutor.java:1128)\n\tat java.base/java.util.concurrent.ThreadPoolExecutor$Worker.run(ThreadPoolExecutor.java:628)\n\tat java.base/java.lang.Thread.run(Thread.java:834)\nCaused by: Element not found {By.xpath: //a[@href='../Fulfillment/Graduation/']//label[normalize-space(text())='Graduation Petition']}\nExpected: exist\nScreenshot: file:/Users/apple/QA-Automation/build/reports/tests/1645537728930.7.png\nPage source: file:/Users/apple/QA-Automation/build/reports/tests/1645537728930.7.html\nTimeout: 0 ms.\nCaused by: NoSuchElementException: no such element: Unable to locate element: {\"method\":\"xpath\",\"selector\":\"//a[@href='../Fulfillment/Graduation/']//label[normalize-space(text())='Graduation Petition']\"}\n\tat com.codeborne.selenide.impl.WebElementSource.createElementNotFoundError(WebElementSource.java:83)\n\tat com.codeborne.selenide.impl.ElementFinder.createElementNotFoundError(ElementFinder.java:136)\n\tat com.codeborne.selenide.impl.WebElementSource.checkCondition(WebElementSource.java:114)\n\tat com.codeborne.selenide.commands.Should.execute(Should.java:30)\n\tat com.codeborne.selenide.commands.Should.execute(Should.java:14)\n\tat com.codeborne.selenide.commands.Commands.execute(Commands.java:155)\n\tat com.codeborne.selenide.impl.SelenideElementProxy.dispatchAndRetry(SelenideElementProxy.java:133)\n\tat com.codeborne.selenide.impl.SelenideElementProxy.invoke(SelenideElementProxy.java:85)\n\tat com.sun.proxy.$Proxy37.shouldBe(Unknown Source)\n\tat base.SelenideExtended.waitForElementTobeExist(SelenideExtended.java:766)\n\t... 18 more\nCaused by: org.openqa.selenium.NoSuchElementException: no such element: Unable to locate element: {\"method\":\"xpath\",\"selector\":\"//a[@href='../Fulfillment/Graduation/']//label[normalize-space(text())='Graduation Petition']\"}\n  (Session info: chrome=98.0.4758.102)\nFor documentation on this error, please visit: https://www.seleniumhq.org/exceptions/no_such_element.html\nBuild info: version: '3.141.59', revision: 'e82be7d358', time: '2018-11-14T08:17:03'\nSystem info: host: 'Rohit-Kamble.local', ip: '2401:4900:1af8:f708:5565:a094:aa7e:a7c8%en0', os.name: 'Mac OS X', os.arch: 'x86_64', os.version: '10.16', java.version: '11.0.12'\nDriver info: org.openqa.selenium.chrome.ChromeDriver\nCapabilities {acceptInsecureCerts: false, browserName: chrome, browserVersion: 98.0.4758.102, chrome: {chromedriverVersion: 98.0.4758.102 (273bf7ac8c90..., userDataDir: /var/folders/hf/83dzgx457nb...}, goog:chromeOptions: {debuggerAddress: localhost:64443}, javascriptEnabled: true, networkConnectionEnabled: false, pageLoadStrategy: normal, platform: MAC, platformName: MAC, proxy: Proxy(), setWindowRect: true, strictFileInteractability: false, timeouts: {implicit: 0, pageLoad: 300000, script: 30000}, unhandledPromptBehavior: dismiss and notify, webauthn:extension:credBlob: true, webauthn:extension:largeBlob: true, webauthn:virtualAuthenticators: true}\nSession ID: 941fea4f9088613ca1e9b7309b0d8645\n*** Element info: {Using=xpath, value=//a[@href='../Fulfillment/Graduation/']//label[normalize-space(text())='Graduation Petition']}\n\tat java.base/jdk.internal.reflect.NativeConstructorAccessorImpl.newInstance0(Native Method)\n\tat java.base/jdk.internal.reflect.NativeConstructorAccessorImpl.newInstance(NativeConstructorAccessorImpl.java:62)\n\tat java.base/jdk.internal.reflect.DelegatingConstructorAccessorImpl.newInstance(DelegatingConstructorAccessorImpl.java:45)\n\tat java.base/java.lang.reflect.Constructor.newInstance(Constructor.java:490)\n\tat org.openqa.selenium.remote.http.W3CHttpResponseCodec.createException(W3CHttpResponseCodec.java:187)\n\tat org.openqa.selenium.remote.http.W3CHttpResponseCodec.decode(W3CHttpResponseCodec.java:122)\n\tat org.openqa.selenium.remote.http.W3CHttpResponseCodec.decode(W3CHttpResponseCodec.java:49)\n\tat org.openqa.selenium.remote.HttpCommandExecutor.execute(HttpCommandExecutor.java:158)\n\tat org.openqa.selenium.remote.service.DriverCommandExecutor.execute(DriverCommandExecutor.java:83)\n\tat org.openqa.selenium.remote.RemoteWebDriver.execute(RemoteWebDriver.java:552)\n\tat org.openqa.selenium.remote.RemoteWebDriver.findElement(RemoteWebDriver.java:323)\n\tat org.openqa.selenium.remote.RemoteWebDriver.findElementByXPath(RemoteWebDriver.java:428)\n\tat org.openqa.selenium.By$ByXPath.findElement(By.java:353)\n\tat org.openqa.selenium.remote.RemoteWebDriver.findElement(RemoteWebDriver.java:315)\n\tat com.codeborne.selenide.impl.WebElementSelector.findElement(WebElementSelector.java:59)\n\tat com.codeborne.selenide.impl.WebElementSelector.findElement(WebElementSelector.java:34)\n\tat com.codeborne.selenide.impl.ElementFinder.getWebElement(ElementFinder.java:104)\n\tat com.codeborne.selenide.impl.WebElementSource.checkCondition(WebElementSource.java:99)\n\t... 25 more\n"},"stage":"finished","steps":[{"name":"$(\"$$(1 elements)[0]\") is(visible)","status":"passed","stage":"finished","steps":[],"attachments":[],"parameters":[],"start":1645537599638,"stop":1645537599653},{"name":"$(\"$$(1 elements)[0]\") is(visible)","status":"passed","stage":"finished","steps":[],"attachments":[],"parameters":[],"start":1645537599659,"stop":1645537599672},{"name":"$(\"$$(1 elements)[0]\") should be([exist, 30 s.])","status":"passed","stage":"finished","steps":[],"attachments":[],"parameters":[],"start":1645537599719,"stop":1645537599729},{"name":"$(\"$$(1 elements)[0]\") click()","status":"passed","stage":"finished","steps":[],"attachments":[],"parameters":[],"start":1645537600730,"stop":1645537600791},{"name":"$(\"By.xpath: (//*[normalize-space(text())='Log in' or normalize-space(@value)='Log in']|//text()[normalize-space()='Log in'])[1]\") should be([exist, 30 s.])","status":"passed","stage":"finished","steps":[],"attachments":[],"parameters":[],"start":1645537600797,"stop":1645537600835},{"name":"$(\"By.xpath: (//*[normalize-space(text())='Log in' or normalize-space(@value)='Log in']|//text()[normalize-space()='Log in'])[1]\") click()","status":"passed","stage":"finished","steps":[],"attachments":[],"parameters":[],"start":1645537600835,"stop":1645537600938},{"name":"$(\"By.xpath: (//*[normalize-space(text())='Log in / Create Account' or normalize-space(@value)='Log in / Create Account']|//text()[normalize-space()='Log in / Create Account'])[1]\") should be([exist, 30 s.])","status":"passed","stage":"finished","steps":[],"attachments":[],"parameters":[],"start":1645537600962,"stop":1645537600995},{"name":"$(\"By.xpath: (//*[normalize-space(text())='Log in / Create Account' or normalize-space(@value)='Log in / Create Account']|//text()[normalize-space()='Log in / Create Account'])[1]\") click()","status":"passed","stage":"finished","steps":[],"attachments":[],"parameters":[],"start":1645537600995,"stop":1645537610052},{"name":"$(\"By.id: txtEmailAddress\") should be([exist, 30 s.])","status":"passed","stage":"finished","steps":[],"attachments":[],"parameters":[],"start":1645537610055,"stop":1645537610106},{"name":"$(\"By.id: txtEmailAddress\") should be([exist, 30 s.])","status":"passed","stage":"finished","steps":[],"attachments":[],"parameters":[],"start":1645537610116,"stop":1645537610132},{"name":"$(\"$$(1 elements)[0]\") get wrapped element()","status":"passed","stage":"finished","steps":[],"attachments":[],"parameters":[],"start":1645537610132,"stop":1645537610132},{"name":"$(\"$$(1 elements)[0]\") get wrapped element()","status":"passed","stage":"finished","steps":[],"attachments":[],"parameters":[],"start":1645537610136,"stop":1645537610136},{"name":"$(\"By.id: txtEmailAddress\") set value(rcg+27586049@pcci.edu)","status":"passed","stage":"finished","steps":[],"attachments":[],"parameters":[],"start":1645537610260,"stop":1645537610357},{"name":"$(\"$$(1 elements)[0]\") is(visible)","status":"passed","stage":"finished","steps":[],"attachments":[],"parameters":[],"start":1645537610363,"stop":1645537610373},{"name":"$(\"By.id: txtEmailAddress\") text()","status":"passed","stage":"finished","steps":[],"attachments":[],"parameters":[],"start":1645537610373,"stop":1645537610390},{"name":"$(\"By.id: txtEmailAddress\") get text()","status":"passed","stage":"finished","steps":[],"attachments":[],"parameters":[],"start":1645537610390,"stop":1645537610402},{"name":"$(\"By.id: txtEmailAddress\") inner text()","status":"passed","stage":"finished","steps":[],"attachments":[],"parameters":[],"start":1645537610402,"stop":1645537610412},{"name":"$(\"By.id: txtEmailAddress\") get wrapped element()","status":"passed","stage":"finished","steps":[],"attachments":[],"parameters":[],"start":1645537610412,"stop":1645537610418},{"name":"$(\"By.id: txtEmailAddress\") get text()","status":"passed","stage":"finished","steps":[],"attachments":[],"parameters":[],"start":1645537610422,"stop":1645537610434},{"name":"$(\"By.id: txtEmailAddress\") inner text()","status":"passed","stage":"finished","steps":[],"attachments":[],"parameters":[],"start":1645537610434,"stop":1645537610444},{"name":"$(\"By.id: txtEmailAddress\") get wrapped element()","status":"passed","stage":"finished","steps":[],"attachments":[],"parameters":[],"start":1645537610444,"stop":1645537610450},{"name":"$(\"By.id: txtEmailAddress\") inner text()","status":"passed","stage":"finished","steps":[],"attachments":[],"parameters":[],"start":1645537610453,"stop":1645537610463},{"name":"$(\"By.id: txtEmailAddress\") get wrapped element()","status":"passed","stage":"finished","steps":[],"attachments":[],"parameters":[],"start":1645537610463,"stop":1645537610469},{"name":"$(\"By.id: txtEmailAddress\") get wrapped element()","status":"passed","stage":"finished","steps":[],"attachments":[],"parameters":[],"start":1645537610472,"stop":1645537610477},{"name":"$(\"By.id: txtEmailAddress\") set value(rcg+27586049@pcci.edu)","status":"passed","stage":"finished","steps":[],"attachments":[],"parameters":[],"start":1645537610482,"stop":1645537610597},{"name":"$(\"By.id: txtPassword\") should be([exist, 30 s.])","status":"passed","stage":"finished","steps":[],"attachments":[],"parameters":[],"start":1645537610598,"stop":1645537610618},{"name":"$(\"By.id: txtPassword\") should be([exist, 30 s.])","status":"passed","stage":"finished","steps":[],"attachments":[],"parameters":[],"start":1645537610627,"stop":1645537610643},{"name":"$(\"$$(1 elements)[0]\") get wrapped element()","status":"passed","stage":"finished","steps":[],"attachments":[],"parameters":[],"start":1645537610643,"stop":1645537610643},{"name":"$(\"$$(1 elements)[0]\") get wrapped element()","status":"passed","stage":"finished","steps":[],"attachments":[],"parameters":[],"start":1645537610648,"stop":1645537610648},{"name":"$(\"By.id: txtPassword\") set value(rcg27586049)","status":"passed","stage":"finished","steps":[],"attachments":[],"parameters":[],"start":1645537610759,"stop":1645537610842},{"name":"$(\"$$(1 elements)[0]\") is(visible)","status":"passed","stage":"finished","steps":[],"attachments":[],"parameters":[],"start":1645537610849,"stop":1645537610859},{"name":"$(\"By.id: txtPassword\") text()","status":"passed","stage":"finished","steps":[],"attachments":[],"parameters":[],"start":1645537610860,"stop":1645537610878},{"name":"$(\"By.id: txtPassword\") get text()","status":"passed","stage":"finished","steps":[],"attachments":[],"parameters":[],"start":1645537610878,"stop":1645537610889},{"name":"$(\"By.id: txtPassword\") inner text()","status":"passed","stage":"finished","steps":[],"attachments":[],"parameters":[],"start":1645537610889,"stop":1645537610900},{"name":"$(\"By.id: txtPassword\") get wrapped element()","status":"passed","stage":"finished","steps":[],"attachments":[],"parameters":[],"start":1645537610900,"stop":1645537610905},{"name":"$(\"By.id: txtPassword\") get text()","status":"passed","stage":"finished","steps":[],"attachments":[],"parameters":[],"start":1645537610909,"stop":1645537610920},{"name":"$(\"By.id: txtPassword\") inner text()","status":"passed","stage":"finished","steps":[],"attachments":[],"parameters":[],"start":1645537610920,"stop":1645537610930},{"name":"$(\"By.id: txtPassword\") get wrapped element()","status":"passed","stage":"finished","steps":[],"attachments":[],"parameters":[],"start":1645537610930,"stop":1645537610935},{"name":"$(\"By.id: txtPassword\") inner text()","status":"passed","stage":"finished","steps":[],"attachments":[],"parameters":[],"start":1645537610938,"stop":1645537610950},{"name":"$(\"By.id: txtPassword\") get wrapped element()","status":"passed","stage":"finished","steps":[],"attachments":[],"parameters":[],"start":1645537610950,"stop":1645537610955},{"name":"$(\"By.id: txtPassword\") get wrapped element()","status":"passed","stage":"finished","steps":[],"attachments":[],"parameters":[],"start":1645537610959,"stop":1645537610965},{"name":"$(\"By.id: txtPassword\") set value(rcg27586049)","status":"passed","stage":"finished","steps":[],"attachments":[],"parameters":[],"start":1645537610969,"stop":1645537611060},{"name":"$(\"By.id: lbnLogin\") should be([exist, 30 s.])","status":"passed","stage":"finished","steps":[],"attachments":[],"parameters":[],"start":1645537611064,"stop":1645537611084},{"name":"$(\"By.id: lbnLogin\") click()","status":"passed","stage":"finished","steps":[],"attachments":[],"parameters":[],"start":1645537611084,"stop":1645537620828},{"name":"$(\"$$(1 elements)[0]\") is(visible)","status":"passed","stage":"finished","steps":[],"attachments":[],"parameters":[],"start":1645537653877,"stop":1645537653889},{"name":"$(\"$$(1 elements)[0]\") should be([exist, 0 ms.])","status":"passed","stage":"finished","steps":[],"attachments":[],"parameters":[],"start":1645537653937,"stop":1645537653946},{"name":"$(\"$$(1 elements)[0]\") click()","status":"passed","stage":"finished","steps":[],"attachments":[],"parameters":[],"start":1645537654946,"stop":1645537655024},{"name":"$(\"By.linkText: Dashboard\") should be([exist, 0 ms.])","status":"passed","stage":"finished","steps":[],"attachments":[],"parameters":[],"start":1645537655024,"stop":1645537655052},{"name":"$(\"By.linkText: Dashboard\") get wrapped element()","status":"passed","stage":"finished","steps":[],"attachments":[],"parameters":[],"start":1645537655052,"stop":1645537655061},{"name":"$(\"By.xpath: //div[@class='tourClose']/a\") should be([exist, 30 s.])","status":"passed","stage":"finished","steps":[],"attachments":[],"parameters":[],"start":1645537698818,"stop":1645537698844},{"name":"$(\"By.xpath: //div[@class='tourClose']/a\") should be([exist, 30 s.])","status":"passed","stage":"finished","steps":[],"attachments":[],"parameters":[],"start":1645537698848,"stop":1645537698866},{"name":"$(\"By.xpath: //div[@class='tourClose']/a\") click()","status":"passed","stage":"finished","steps":[],"attachments":[],"parameters":[],"start":1645537698866,"stop":1645537698916},{"name":"$(\"By.xpath: //a[@href='../Fulfillment/Graduation/']//label[normalize-space(text())='Graduation Petition']\") should be([exist, 0 ms.])","status":"failed","statusDetails":{"known":false,"muted":false,"flaky":false,"message":"Element not found {By.xpath: //a[@href='../Fulfillment/Graduation/']//label[normalize-space(text())='Graduation Petition']}\nExpected: exist\nScreenshot: file:/Users/apple/QA-Automation/build/reports/tests/1645537728930.7.png\nPage source: file:/Users/apple/QA-Automation/build/reports/tests/1645537728930.7.html\nTimeout: 0 ms.\nCaused by: NoSuchElementException: no such element: Unable to locate element: {\"method\":\"xpath\",\"selector\":\"//a[@href='../Fulfillment/Graduation/']//label[normalize-space(text())='Graduation Petition']\"}","trace":"Element not found {By.xpath: //a[@href='../Fulfillment/Graduation/']//label[normalize-space(text())='Graduation Petition']}\nExpected: exist\nScreenshot: file:/Users/apple/QA-Automation/build/reports/tests/1645537728930.7.png\nPage source: file:/Users/apple/QA-Automation/build/reports/tests/1645537728930.7.html\nTimeout: 0 ms.\nCaused by: NoSuchElementException: no such element: Unable to locate element: {\"method\":\"xpath\",\"selector\":\"//a[@href='../Fulfillment/Graduation/']//label[normalize-space(text())='Graduation Petition']\"}\n\tat com.codeborne.selenide.impl.WebElementSource.createElementNotFoundError(WebElementSource.java:83)\n\tat com.codeborne.selenide.impl.ElementFinder.createElementNotFoundError(ElementFinder.java:136)\n\tat com.codeborne.selenide.impl.WebElementSource.checkCondition(WebElementSource.java:114)\n\tat com.codeborne.selenide.commands.Should.execute(Should.java:30)\n\tat com.codeborne.selenide.commands.Should.execute(Should.java:14)\n\tat com.codeborne.selenide.commands.Commands.execute(Commands.java:155)\n\tat com.codeborne.selenide.impl.SelenideElementProxy.dispatchAndRetry(SelenideElementProxy.java:133)\n\tat com.codeborne.selenide.impl.SelenideElementProxy.invoke(SelenideElementProxy.java:85)\n\tat com.sun.proxy.$Proxy37.shouldBe(Unknown Source)\n\tat base.SelenideExtended.waitForElementTobeExist(SelenideExtended.java:766)\n\tat base.SelenideExtended.bringElementIntoView(SelenideExtended.java:472)\n\tat pageObjects.DashboardScreen.navigateToGraduationPetitionPage(DashboardScreen.java:122)\n\tat abekaUISuite.ParentAndStudentSuiteTest.testValidateGraduationPetitionFunctionality(ParentAndStudentSuiteTest.java:460)\n\tat java.base/jdk.internal.reflect.NativeMethodAccessorImpl.invoke0(Native Method)\n\tat java.base/jdk.internal.reflect.NativeMethodAccessorImpl.invoke(NativeMethodAccessorImpl.java:62)\n\tat java.base/jdk.internal.reflect.DelegatingMethodAccessorImpl.invoke(DelegatingMethodAccessorImpl.java:43)\n\tat java.base/java.lang.reflect.Method.invoke(Method.java:566)\n\tat org.testng.internal.MethodInvocationHelper.invokeMethod(MethodInvocationHelper.java:133)\n\tat org.testng.internal.TestInvoker.invokeMethod(TestInvoker.java:598)\n\tat org.testng.internal.TestInvoker.invokeTestMethod(TestInvoker.java:173)\n\tat org.testng.internal.MethodRunner.runInSequence(MethodRunner.java:46)\n\tat org.testng.internal.TestInvoker$MethodInvocationAgent.invoke(TestInvoker.java:824)\n\tat org.testng.internal.TestInvoker.invokeTestMethods(TestInvoker.java:146)\n\tat org.testng.internal.TestMethodWorker.invokeTestMethods(TestMethodWorker.java:146)\n\tat org.testng.internal.TestMethodWorker.run(TestMethodWorker.java:128)\n\tat java.base/java.util.concurrent.ThreadPoolExecutor.runWorker(ThreadPoolExecutor.java:1128)\n\tat java.base/java.util.concurrent.ThreadPoolExecutor$Worker.run(ThreadPoolExecutor.java:628)\n\tat java.base/java.lang.Thread.run(Thread.java:834)\nCaused by: org.openqa.selenium.NoSuchElementException: no such element: Unable to locate element: {\"method\":\"xpath\",\"selector\":\"//a[@href='../Fulfillment/Graduation/']//label[normalize-space(text())='Graduation Petition']\"}\n  (Session info: chrome=98.0.4758.102)\nFor documentation on this error, please visit: https://www.seleniumhq.org/exceptions/no_such_element.html\nBuild info: version: '3.141.59', revision: 'e82be7d358', time: '2018-11-14T08:17:03'\nSystem info: host: 'Rohit-Kamble.local', ip: '2401:4900:1af8:f708:5565:a094:aa7e:a7c8%en0', os.name: 'Mac OS X', os.arch: 'x86_64', os.version: '10.16', java.version: '11.0.12'\nDriver info: org.openqa.selenium.chrome.ChromeDriver\nCapabilities {acceptInsecureCerts: false, browserName: chrome, browserVersion: 98.0.4758.102, chrome: {chromedriverVersion: 98.0.4758.102 (273bf7ac8c90..., userDataDir: /var/folders/hf/83dzgx457nb...}, goog:chromeOptions: {debuggerAddress: localhost:64443}, javascriptEnabled: true, networkConnectionEnabled: false, pageLoadStrategy: normal, platform: MAC, platformName: MAC, proxy: Proxy(), setWindowRect: true, strictFileInteractability: false, timeouts: {implicit: 0, pageLoad: 300000, script: 30000}, unhandledPromptBehavior: dismiss and notify, webauthn:extension:credBlob: true, webauthn:extension:largeBlob: true, webauthn:virtualAuthenticators: true}\nSession ID: 941fea4f9088613ca1e9b7309b0d8645\n*** Element info: {Using=xpath, value=//a[@href='../Fulfillment/Graduation/']//label[normalize-space(text())='Graduation Petition']}\n\tat java.base/jdk.internal.reflect.NativeConstructorAccessorImpl.newInstance0(Native Method)\n\tat java.base/jdk.internal.reflect.NativeConstructorAccessorImpl.newInstance(NativeConstructorAccessorImpl.java:62)\n\tat java.base/jdk.internal.reflect.DelegatingConstructorAccessorImpl.newInstance(DelegatingConstructorAccessorImpl.java:45)\n\tat java.base/java.lang.reflect.Constructor.newInstance(Constructor.java:490)\n\tat org.openqa.selenium.remote.http.W3CHttpResponseCodec.createException(W3CHttpResponseCodec.java:187)\n\tat org.openqa.selenium.remote.http.W3CHttpResponseCodec.decode(W3CHttpResponseCodec.java:122)\n\tat org.openqa.selenium.remote.http.W3CHttpResponseCodec.decode(W3CHttpResponseCodec.java:49)\n\tat org.openqa.selenium.remote.HttpCommandExecutor.execute(HttpCommandExecutor.java:158)\n\tat org.openqa.selenium.remote.service.DriverCommandExecutor.execute(DriverCommandExecutor.java:83)\n\tat org.openqa.selenium.remote.RemoteWebDriver.execute(RemoteWebDriver.java:552)\n\tat org.openqa.selenium.remote.RemoteWebDriver.findElement(RemoteWebDriver.java:323)\n\tat org.openqa.selenium.remote.RemoteWebDriver.findElementByXPath(RemoteWebDriver.java:428)\n\tat org.openqa.selenium.By$ByXPath.findElement(By.java:353)\n\tat org.openqa.selenium.remote.RemoteWebDriver.findElement(RemoteWebDriver.java:315)\n\tat com.codeborne.selenide.impl.WebElementSelector.findElement(WebElementSelector.java:59)\n\tat com.codeborne.selenide.impl.WebElementSelector.findElement(WebElementSelector.java:34)\n\tat com.codeborne.selenide.impl.ElementFinder.getWebElement(ElementFinder.java:104)\n\tat com.codeborne.selenide.impl.WebElementSource.checkCondition(WebElementSource.java:99)\n\t... 25 more\n"},"stage":"finished","steps":[],"attachments":[{"name":"Screenshot","source":"611ad77e-8265-4b84-8824-a5ef8e3ad879-attachment.png","type":"image/png"}],"parameters":[],"start":1645537698925,"stop":1645537729598}],"attachments":[],"parameters":[{"name":"arg3","value":"27586049"},{"name":"arg2","value":"Joe Customer"},{"name":"platform","value":"Mac"},{"name":"arg1","value":"rcg27586049"},{"name":"browser","value":"chrome"},{"name":"arg0","value":"rcg+27586049@pcci.edu"}],"start":1645537599625,"stop":1645537729601,"uuid":"a42c317d-4185-498e-967c-0ba0d52bd9b7","historyId":"c8d6683072ecd1724649c6e53533f77e","fullName":"abekaUISuite.ParentAndStudentSuiteTest.testValidateGraduationPetitionFunctionality","labels":[{"name":"package","value":"abekaUISuite.ParentAndStudentSuiteTest"},{"name":"testClass","value":"abekaUISuite.ParentAndStudentSuiteTest"},{"name":"testMethod","value":"testValidateGraduationPetitionFunctionality"},{"name":"parentSuite","value":"All Test Suite"},{"name":"suite","value":"Smoke Suite test"},{"name":"subSuite","value":"abekaUISuite.ParentAndStudentSuiteTest"},{"name":"host","value":"Rohit-Kamble.local"},{"name":"thread","value":"65590@Rohit-Kamble.local.TestNG-test=Smoke Suite test-1(17)"},{"name":"framework","value":"testng"},{"name":"language","value":"java"}],"links":[]}