{"name":"testValidateStudentAbleToCompleteDigitalAssessmentSuccessfully","status":"broken","statusDetails":{"known":false,"muted":false,"flaky":false,"message":"Element not found {By.xpath: //span[@id='lblSubject' and normalize-space(text())='Hebrew History']/parent::h4/following-sibling::p/descendant::a[@id='lbtnAssessment' and normalize-space(text())='Test 1 (Nine-Weeks/Quarter) Content Exam' and @href and @class='assessmentBtn'][0]}\nExpected: visible\nScreenshot: file:/Users/admin/Automation/AbekaTemp/QA-Automation/build/reports/tests/1625630150715.14.png\nPage source: file:/Users/admin/Automation/AbekaTemp/QA-Automation/build/reports/tests/1625630150715.14.html\nTimeout: 0 ms.\nCaused by: NoSuchElementException: no such element: Unable to locate element: {\"method\":\"xpath\",\"selector\":\"//span[@id='lblSubject' and normalize-space(text())='Hebrew History']/parent::h4/following-sibling::p/descendant::a[@id='lbtnAssessment' and normalize-space(text())='Test 1 (Nine-Weeks/Quarter) Content Exam' and @href and @class='assessmentBtn']\"}","trace":"java.lang.Exception: Element not found {By.xpath: //span[@id='lblSubject' and normalize-space(text())='Hebrew History']/parent::h4/following-sibling::p/descendant::a[@id='lbtnAssessment' and normalize-space(text())='Test 1 (Nine-Weeks/Quarter) Content Exam' and @href and @class='assessmentBtn'][0]}\nExpected: visible\nScreenshot: file:/Users/admin/Automation/AbekaTemp/QA-Automation/build/reports/tests/1625630150715.14.png\nPage source: file:/Users/admin/Automation/AbekaTemp/QA-Automation/build/reports/tests/1625630150715.14.html\nTimeout: 0 ms.\nCaused by: NoSuchElementException: no such element: Unable to locate element: {\"method\":\"xpath\",\"selector\":\"//span[@id='lblSubject' and normalize-space(text())='Hebrew History']/parent::h4/following-sibling::p/descendant::a[@id='lbtnAssessment' and normalize-space(text())='Test 1 (Nine-Weeks/Quarter) Content Exam' and @href and @class='assessmentBtn']\"}\n\tat base.SelenideExtended.waitForElementTobeExist(SelenideExtended.java:702)\n\tat base.SelenideExtended.click(SelenideExtended.java:42)\n\tat pageObjects.StudentsScreen.answerAndSubmitDigitalAssessment(StudentsScreen.java:957)\n\tat abekaUISuite.ParentTestCaseSuiteTest.testValidateStudentAbleToCompleteDigitalAssessmentSuccessfully(ParentTestCaseSuiteTest.java:98)\n\tat java.base/jdk.internal.reflect.NativeMethodAccessorImpl.invoke0(Native Method)\n\tat java.base/jdk.internal.reflect.NativeMethodAccessorImpl.invoke(NativeMethodAccessorImpl.java:62)\n\tat java.base/jdk.internal.reflect.DelegatingMethodAccessorImpl.invoke(DelegatingMethodAccessorImpl.java:43)\n\tat java.base/java.lang.reflect.Method.invoke(Method.java:566)\n\tat org.testng.internal.MethodInvocationHelper.invokeMethod(MethodInvocationHelper.java:133)\n\tat org.testng.internal.TestInvoker.invokeMethod(TestInvoker.java:598)\n\tat org.testng.internal.TestInvoker.invokeTestMethod(TestInvoker.java:173)\n\tat org.testng.internal.MethodRunner.runInSequence(MethodRunner.java:46)\n\tat org.testng.internal.TestInvoker$MethodInvocationAgent.invoke(TestInvoker.java:824)\n\tat org.testng.internal.TestInvoker.invokeTestMethods(TestInvoker.java:146)\n\tat org.testng.internal.TestMethodWorker.invokeTestMethods(TestMethodWorker.java:146)\n\tat org.testng.internal.TestMethodWorker.run(TestMethodWorker.java:128)\n\tat java.base/java.util.ArrayList.forEach(ArrayList.java:1541)\n\tat org.testng.TestRunner.privateRun(TestRunner.java:794)\n\tat org.testng.TestRunner.run(TestRunner.java:596)\n\tat org.testng.SuiteRunner.runTest(SuiteRunner.java:377)\n\tat org.testng.SuiteRunner.runSequentially(SuiteRunner.java:371)\n\tat org.testng.SuiteRunner.privateRun(SuiteRunner.java:332)\n\tat org.testng.SuiteRunner.run(SuiteRunner.java:276)\n\tat org.testng.SuiteRunnerWorker.runSuite(SuiteRunnerWorker.java:53)\n\tat org.testng.SuiteRunnerWorker.run(SuiteRunnerWorker.java:96)\n\tat org.testng.TestNG.runSuitesSequentially(TestNG.java:1212)\n\tat org.testng.TestNG.runSuitesLocally(TestNG.java:1134)\n\tat org.testng.TestNG.runSuites(TestNG.java:1063)\n\tat org.testng.TestNG.run(TestNG.java:1031)\n\tat com.intellij.rt.testng.IDEARemoteTestNG.run(IDEARemoteTestNG.java:66)\n\tat com.intellij.rt.testng.RemoteTestNGStarter.main(RemoteTestNGStarter.java:109)\nCaused by: Element not found {By.xpath: //span[@id='lblSubject' and normalize-space(text())='Hebrew History']/parent::h4/following-sibling::p/descendant::a[@id='lbtnAssessment' and normalize-space(text())='Test 1 (Nine-Weeks/Quarter) Content Exam' and @href and @class='assessmentBtn'][0]}\nExpected: visible\nScreenshot: file:/Users/admin/Automation/AbekaTemp/QA-Automation/build/reports/tests/1625630150715.14.png\nPage source: file:/Users/admin/Automation/AbekaTemp/QA-Automation/build/reports/tests/1625630150715.14.html\nTimeout: 0 ms.\nCaused by: NoSuchElementException: no such element: Unable to locate element: {\"method\":\"xpath\",\"selector\":\"//span[@id='lblSubject' and normalize-space(text())='Hebrew History']/parent::h4/following-sibling::p/descendant::a[@id='lbtnAssessment' and normalize-space(text())='Test 1 (Nine-Weeks/Quarter) Content Exam' and @href and @class='assessmentBtn']\"}\n\tat com.codeborne.selenide.impl.CollectionElement.createElementNotFoundError(CollectionElement.java:61)\n\tat com.codeborne.selenide.impl.WebElementSource.checkCondition(WebElementSource.java:114)\n\tat com.codeborne.selenide.commands.Should.execute(Should.java:30)\n\tat com.codeborne.selenide.commands.Should.execute(Should.java:14)\n\tat com.codeborne.selenide.commands.Commands.execute(Commands.java:155)\n\tat com.codeborne.selenide.impl.SelenideElementProxy.dispatchAndRetry(SelenideElementProxy.java:133)\n\tat com.codeborne.selenide.impl.SelenideElementProxy.invoke(SelenideElementProxy.java:85)\n\tat com.sun.proxy.$Proxy26.shouldBe(Unknown Source)\n\tat base.SelenideExtended.waitForElementTobeExist(SelenideExtended.java:698)\n\t... 30 more\nCaused by: org.openqa.selenium.NoSuchElementException: no such element: Unable to locate element: {\"method\":\"xpath\",\"selector\":\"//span[@id='lblSubject' and normalize-space(text())='Hebrew History']/parent::h4/following-sibling::p/descendant::a[@id='lbtnAssessment' and normalize-space(text())='Test 1 (Nine-Weeks/Quarter) Content Exam' and @href and @class='assessmentBtn']\"}\n  (Session info: chrome=91.0.4472.114)\nFor documentation on this error, please visit: https://www.seleniumhq.org/exceptions/no_such_element.html\nBuild info: version: '3.141.59', revision: 'e82be7d358', time: '2018-11-14T08:17:03'\nSystem info: host: 'Admins-MacBook-Pro.local', ip: '2401:4900:1b6a:9076:bd23:a550:45f7:78d3%en0', os.name: 'Mac OS X', os.arch: 'x86_64', os.version: '10.16', java.version: '11.0.11'\nDriver info: org.openqa.selenium.chrome.ChromeDriver\nCapabilities {acceptInsecureCerts: false, browserName: chrome, browserVersion: 91.0.4472.114, chrome: {chromedriverVersion: 91.0.4472.101 (af52a90bf870..., userDataDir: /var/folders/f3/yksbpmdj1dj...}, goog:chromeOptions: {debuggerAddress: localhost:64881}, javascriptEnabled: true, networkConnectionEnabled: false, pageLoadStrategy: normal, platform: MAC, platformName: MAC, proxy: Proxy(), setWindowRect: true, strictFileInteractability: false, timeouts: {implicit: 0, pageLoad: 300000, script: 30000}, unhandledPromptBehavior: dismiss and notify, webauthn:extension:largeBlob: true, webauthn:virtualAuthenticators: true}\nSession ID: 9e1fc21bc15fb29a23dcd2f21c0e4c3c\n*** Element info: {Using=xpath, value=//span[@id='lblSubject' and normalize-space(text())='Hebrew History']/parent::h4/following-sibling::p/descendant::a[@id='lbtnAssessment' and normalize-space(text())='Test 1 (Nine-Weeks/Quarter) Content Exam' and @href and @class='assessmentBtn']}\n\tat java.base/jdk.internal.reflect.NativeConstructorAccessorImpl.newInstance0(Native Method)\n\tat java.base/jdk.internal.reflect.NativeConstructorAccessorImpl.newInstance(NativeConstructorAccessorImpl.java:62)\n\tat java.base/jdk.internal.reflect.DelegatingConstructorAccessorImpl.newInstance(DelegatingConstructorAccessorImpl.java:45)\n\tat java.base/java.lang.reflect.Constructor.newInstance(Constructor.java:490)\n\tat org.openqa.selenium.remote.http.W3CHttpResponseCodec.createException(W3CHttpResponseCodec.java:187)\n\tat org.openqa.selenium.remote.http.W3CHttpResponseCodec.decode(W3CHttpResponseCodec.java:122)\n\tat org.openqa.selenium.remote.http.W3CHttpResponseCodec.decode(W3CHttpResponseCodec.java:49)\n\tat org.openqa.selenium.remote.HttpCommandExecutor.execute(HttpCommandExecutor.java:158)\n\tat org.openqa.selenium.remote.service.DriverCommandExecutor.execute(DriverCommandExecutor.java:83)\n\tat org.openqa.selenium.remote.RemoteWebDriver.execute(RemoteWebDriver.java:552)\n\tat org.openqa.selenium.remote.RemoteWebDriver.findElement(RemoteWebDriver.java:323)\n\tat org.openqa.selenium.remote.RemoteWebDriver.findElementByXPath(RemoteWebDriver.java:428)\n\tat org.openqa.selenium.By$ByXPath.findElement(By.java:353)\n\tat org.openqa.selenium.remote.RemoteWebDriver.findElement(RemoteWebDriver.java:315)\n\tat com.codeborne.selenide.impl.WebElementSelector.findElement(WebElementSelector.java:59)\n\tat com.codeborne.selenide.impl.WebElementSelector.findElement(WebElementSelector.java:34)\n\tat com.codeborne.selenide.impl.BySelectorCollection.getElement(BySelectorCollection.java:51)\n\tat com.codeborne.selenide.impl.CollectionElement.getWebElement(CollectionElement.java:46)\n\tat com.codeborne.selenide.impl.WebElementSource.checkCondition(WebElementSource.java:99)\n\t... 37 more\n"},"stage":"finished","steps":[{"name":"$(\"$$(1 elements)[0]\") is(visible)","status":"passed","stage":"finished","steps":[],"attachments":[],"parameters":[],"start":1625630009946,"stop":1625630009963},{"name":"$(\"$$(1 elements)[0]\") is(visible)","status":"passed","stage":"finished","steps":[],"attachments":[],"parameters":[],"start":1625630010971,"stop":1625630010987},{"name":"$(\"$$(1 elements)[0]\") is(visible)","status":"passed","stage":"finished","steps":[],"attachments":[],"parameters":[],"start":1625630011994,"stop":1625630012006},{"name":"$(\"$$(1 elements)[0]\") is(visible)","status":"passed","stage":"finished","steps":[],"attachments":[],"parameters":[],"start":1625630013017,"stop":1625630013030},{"name":"$(\"$$(1 elements)[0]\") is(visible)","status":"passed","stage":"finished","steps":[],"attachments":[],"parameters":[],"start":1625630014040,"stop":1625630014050},{"name":"$(\"$$(1 elements)[0]\") is(visible)","status":"passed","stage":"finished","steps":[],"attachments":[],"parameters":[],"start":1625630015058,"stop":1625630015068},{"name":"$(\"$$(1 elements)[0]\") is(visible)","status":"passed","stage":"finished","steps":[],"attachments":[],"parameters":[],"start":1625630016076,"stop":1625630016089},{"name":"$(\"$$(1 elements)[0]\") should be([exist, 30 s.])","status":"passed","stage":"finished","steps":[],"attachments":[],"parameters":[],"start":1625630016129,"stop":1625630016139},{"name":"$(\"$$(1 elements)[0]\") click()","status":"passed","stage":"finished","steps":[],"attachments":[],"parameters":[],"start":1625630016139,"stop":1625630016191},{"name":"$(\"By.xpath: (//*[normalize-space(text())='Log in' or normalize-space(@value)='Log in']|//text()[normalize-space()='Log in'])[1][0]\") should be([exist, 30 s.])","status":"passed","stage":"finished","steps":[],"attachments":[],"parameters":[],"start":1625630016191,"stop":1625630016216},{"name":"$(\"By.xpath: (//*[normalize-space(text())='Log in' or normalize-space(@value)='Log in']|//text()[normalize-space()='Log in'])[1][0]\") should be([exist, 30 s.])","status":"passed","stage":"finished","steps":[],"attachments":[],"parameters":[],"start":1625630016216,"stop":1625630016236},{"name":"$(\"By.xpath: (//*[normalize-space(text())='Log in' or normalize-space(@value)='Log in']|//text()[normalize-space()='Log in'])[1][0]\") should be([exist, 30 s.])","status":"passed","stage":"finished","steps":[],"attachments":[],"parameters":[],"start":1625630016247,"stop":1625630016268},{"name":"$(\"$$(1 elements)[0]\") get wrapped element()","status":"passed","stage":"finished","steps":[],"attachments":[],"parameters":[],"start":1625630016268,"stop":1625630016268},{"name":"$(\"$$(1 elements)[0]\") get wrapped element()","status":"passed","stage":"finished","steps":[],"attachments":[],"parameters":[],"start":1625630016274,"stop":1625630016274},{"name":"$(\"$$(1 elements)[0]\") should be([exist, 30 s.])","status":"passed","stage":"finished","steps":[],"attachments":[],"parameters":[],"start":1625630016444,"stop":1625630016454},{"name":"$(\"$$(1 elements)[0]\") click()","status":"passed","stage":"finished","steps":[],"attachments":[],"parameters":[],"start":1625630016454,"stop":1625630016519},{"name":"$(\"By.xpath: (//*[normalize-space(text())='Log in / Create Account' or normalize-space(@value)='Log in / Create Account']|//text()[normalize-space()='Log in / Create Account'])[1][0]\") should be([exist, 30 s.])","status":"passed","stage":"finished","steps":[],"attachments":[],"parameters":[],"start":1625630016523,"stop":1625630016548},{"name":"$(\"By.xpath: (//*[normalize-space(text())='Log in / Create Account' or normalize-space(@value)='Log in / Create Account']|//text()[normalize-space()='Log in / Create Account'])[1][0]\") should be([exist, 30 s.])","status":"passed","stage":"finished","steps":[],"attachments":[],"parameters":[],"start":1625630016548,"stop":1625630016566},{"name":"$(\"By.xpath: (//*[normalize-space(text())='Log in / Create Account' or normalize-space(@value)='Log in / Create Account']|//text()[normalize-space()='Log in / Create Account'])[1][0]\") should be([exist, 30 s.])","status":"passed","stage":"finished","steps":[],"attachments":[],"parameters":[],"start":1625630016579,"stop":1625630016598},{"name":"$(\"$$(1 elements)[0]\") get wrapped element()","status":"passed","stage":"finished","steps":[],"attachments":[],"parameters":[],"start":1625630016598,"stop":1625630016598},{"name":"$(\"$$(1 elements)[0]\") get wrapped element()","status":"passed","stage":"finished","steps":[],"attachments":[],"parameters":[],"start":1625630016605,"stop":1625630016605},{"name":"$(\"$$(1 elements)[0]\") should be([exist, 30 s.])","status":"passed","stage":"finished","steps":[],"attachments":[],"parameters":[],"start":1625630016769,"stop":1625630016778},{"name":"$(\"$$(1 elements)[0]\") click()","status":"passed","stage":"finished","steps":[],"attachments":[],"parameters":[],"start":1625630016778,"stop":1625630026676},{"name":"$(\"By.id: txtEmailAddress[0]\") should be([exist, 30 s.])","status":"passed","stage":"finished","steps":[],"attachments":[],"parameters":[],"start":1625630026681,"stop":1625630026703},{"name":"$(\"By.id: txtEmailAddress[0]\") should be([exist, 30 s.])","status":"passed","stage":"finished","steps":[],"attachments":[],"parameters":[],"start":1625630026712,"stop":1625630026735},{"name":"$(\"$$(1 elements)[0]\") get wrapped element()","status":"passed","stage":"finished","steps":[],"attachments":[],"parameters":[],"start":1625630026735,"stop":1625630026735},{"name":"$(\"$$(1 elements)[0]\") get wrapped element()","status":"passed","stage":"finished","steps":[],"attachments":[],"parameters":[],"start":1625630026741,"stop":1625630026741},{"name":"$(\"By.id: txtEmailAddress\") set value(syed.rcg)","status":"passed","stage":"finished","steps":[],"attachments":[],"parameters":[],"start":1625630026851,"stop":1625630026952},{"name":"$(\"$$(1 elements)[0]\") is(visible)","status":"passed","stage":"finished","steps":[],"attachments":[],"parameters":[],"start":1625630027959,"stop":1625630027972},{"name":"$(\"By.id: txtEmailAddress\") text()","status":"passed","stage":"finished","steps":[],"attachments":[],"parameters":[],"start":1625630027972,"stop":1625630027989},{"name":"$(\"By.id: txtEmailAddress\") get text()","status":"passed","stage":"finished","steps":[],"attachments":[],"parameters":[],"start":1625630027989,"stop":1625630028002},{"name":"$(\"By.id: txtEmailAddress\") inner text()","status":"passed","stage":"finished","steps":[],"attachments":[],"parameters":[],"start":1625630028002,"stop":1625630028014},{"name":"$(\"By.id: txtEmailAddress\") get wrapped element()","status":"passed","stage":"finished","steps":[],"attachments":[],"parameters":[],"start":1625630028014,"stop":1625630028019},{"name":"$(\"By.id: txtEmailAddress\") get text()","status":"passed","stage":"finished","steps":[],"attachments":[],"parameters":[],"start":1625630028023,"stop":1625630028034},{"name":"$(\"By.id: txtEmailAddress\") inner text()","status":"passed","stage":"finished","steps":[],"attachments":[],"parameters":[],"start":1625630028034,"stop":1625630028043},{"name":"$(\"By.id: txtEmailAddress\") get wrapped element()","status":"passed","stage":"finished","steps":[],"attachments":[],"parameters":[],"start":1625630028043,"stop":1625630028048},{"name":"$(\"By.id: txtEmailAddress\") inner text()","status":"passed","stage":"finished","steps":[],"attachments":[],"parameters":[],"start":1625630028051,"stop":1625630028060},{"name":"$(\"By.id: txtEmailAddress\") get wrapped element()","status":"passed","stage":"finished","steps":[],"attachments":[],"parameters":[],"start":1625630028060,"stop":1625630028064},{"name":"$(\"By.id: txtEmailAddress\") get wrapped element()","status":"passed","stage":"finished","steps":[],"attachments":[],"parameters":[],"start":1625630028068,"stop":1625630028072},{"name":"$(\"By.id: txtEmailAddress\") set value(syed.rcg)","status":"passed","stage":"finished","steps":[],"attachments":[],"parameters":[],"start":1625630028076,"stop":1625630028134},{"name":"$(\"By.id: txtPassword[0]\") should be([exist, 30 s.])","status":"passed","stage":"finished","steps":[],"attachments":[],"parameters":[],"start":1625630028134,"stop":1625630028151},{"name":"$(\"By.id: txtPassword[0]\") should be([exist, 30 s.])","status":"passed","stage":"finished","steps":[],"attachments":[],"parameters":[],"start":1625630028159,"stop":1625630028172},{"name":"$(\"$$(1 elements)[0]\") get wrapped element()","status":"passed","stage":"finished","steps":[],"attachments":[],"parameters":[],"start":1625630028172,"stop":1625630028172},{"name":"$(\"$$(1 elements)[0]\") get wrapped element()","status":"passed","stage":"finished","steps":[],"attachments":[],"parameters":[],"start":1625630028177,"stop":1625630028177},{"name":"$(\"By.id: txtPassword\") set value(RCG1234)","status":"passed","stage":"finished","steps":[],"attachments":[],"parameters":[],"start":1625630028287,"stop":1625630028360},{"name":"$(\"$$(1 elements)[0]\") is(visible)","status":"passed","stage":"finished","steps":[],"attachments":[],"parameters":[],"start":1625630029368,"stop":1625630029380},{"name":"$(\"By.id: txtPassword\") text()","status":"passed","stage":"finished","steps":[],"attachments":[],"parameters":[],"start":1625630029380,"stop":1625630029398},{"name":"$(\"By.id: txtPassword\") get text()","status":"passed","stage":"finished","steps":[],"attachments":[],"parameters":[],"start":1625630029398,"stop":1625630029409},{"name":"$(\"By.id: txtPassword\") inner text()","status":"passed","stage":"finished","steps":[],"attachments":[],"parameters":[],"start":1625630029409,"stop":1625630029419},{"name":"$(\"By.id: txtPassword\") get wrapped element()","status":"passed","stage":"finished","steps":[],"attachments":[],"parameters":[],"start":1625630029419,"stop":1625630029424},{"name":"$(\"By.id: txtPassword\") get text()","status":"passed","stage":"finished","steps":[],"attachments":[],"parameters":[],"start":1625630029428,"stop":1625630029438},{"name":"$(\"By.id: txtPassword\") inner text()","status":"passed","stage":"finished","steps":[],"attachments":[],"parameters":[],"start":1625630029438,"stop":1625630029447},{"name":"$(\"By.id: txtPassword\") get wrapped element()","status":"passed","stage":"finished","steps":[],"attachments":[],"parameters":[],"start":1625630029447,"stop":1625630029453},{"name":"$(\"By.id: txtPassword\") inner text()","status":"passed","stage":"finished","steps":[],"attachments":[],"parameters":[],"start":1625630029456,"stop":1625630029465},{"name":"$(\"By.id: txtPassword\") get wrapped element()","status":"passed","stage":"finished","steps":[],"attachments":[],"parameters":[],"start":1625630029465,"stop":1625630029470},{"name":"$(\"By.id: txtPassword\") get wrapped element()","status":"passed","stage":"finished","steps":[],"attachments":[],"parameters":[],"start":1625630029473,"stop":1625630029478},{"name":"$(\"By.id: txtPassword\") set value(RCG1234)","status":"passed","stage":"finished","steps":[],"attachments":[],"parameters":[],"start":1625630029481,"stop":1625630029533},{"name":"$(\"By.id: lbnLogin[0]\") should be([exist, 30 s.])","status":"passed","stage":"finished","steps":[],"attachments":[],"parameters":[],"start":1625630029533,"stop":1625630029551},{"name":"$(\"By.id: lbnLogin[0]\") should be([exist, 30 s.])","status":"passed","stage":"finished","steps":[],"attachments":[],"parameters":[],"start":1625630029551,"stop":1625630029564},{"name":"$(\"By.id: lbnLogin[0]\") should be([exist, 30 s.])","status":"passed","stage":"finished","steps":[],"attachments":[],"parameters":[],"start":1625630029572,"stop":1625630029587},{"name":"$(\"$$(1 elements)[0]\") get wrapped element()","status":"passed","stage":"finished","steps":[],"attachments":[],"parameters":[],"start":1625630029587,"stop":1625630029587},{"name":"$(\"$$(1 elements)[0]\") get wrapped element()","status":"passed","stage":"finished","steps":[],"attachments":[],"parameters":[],"start":1625630029594,"stop":1625630029594},{"name":"$(\"$$(1 elements)[0]\") should be([exist, 30 s.])","status":"passed","stage":"finished","steps":[],"attachments":[],"parameters":[],"start":1625630029773,"stop":1625630029782},{"name":"$(\"$$(1 elements)[0]\") click()","status":"passed","stage":"finished","steps":[],"attachments":[],"parameters":[],"start":1625630029782,"stop":1625630036639},{"name":"$(\"By.xpath: (//*[normalize-space(text())='' or normalize-space(@value)='']|//text()[normalize-space()=''])[1][0]\") should be([exist, 30 s.])","status":"passed","stage":"finished","steps":[],"attachments":[],"parameters":[],"start":1625630049679,"stop":1625630049707},{"name":"$(\"$$(1 elements)[0]\") is(visible)","status":"passed","stage":"finished","steps":[],"attachments":[],"parameters":[],"start":1625630050721,"stop":1625630050737},{"name":"$(\"$$(1 elements)[0]\") should be([exist, 0 ms.])","status":"passed","stage":"finished","steps":[],"attachments":[],"parameters":[],"start":1625630050780,"stop":1625630050788},{"name":"$(\"$$(1 elements)[0]\") click()","status":"passed","stage":"finished","steps":[],"attachments":[],"parameters":[],"start":1625630050788,"stop":1625630050847},{"name":"$(\"$$(1 elements)[0]\") is(visible)","status":"passed","stage":"finished","steps":[],"attachments":[],"parameters":[],"start":1625630051896,"stop":1625630051912},{"name":"$(\"$$(1 elements)[0]\") should be([exist, 0 ms.])","status":"passed","stage":"finished","steps":[],"attachments":[],"parameters":[],"start":1625630051957,"stop":1625630051966},{"name":"$(\"$$(1 elements)[0]\") click()","status":"passed","stage":"finished","steps":[],"attachments":[],"parameters":[],"start":1625630051966,"stop":1625630052043},{"name":"$(\"By.xpath: //div[@class='tourClose']/a[0]\") should be([exist, 0 ms.])","status":"passed","stage":"finished","steps":[],"attachments":[],"parameters":[],"start":1625630075381,"stop":1625630077236},{"name":"$(\"By.xpath: //div[@class='tourClose']/a[0]\") should be([exist, 0 ms.])","status":"passed","stage":"finished","steps":[],"attachments":[],"parameters":[],"start":1625630077236,"stop":1625630077254},{"name":"$(\"By.xpath: //div[@class='tourClose']/a[0]\") should be([exist, 0 ms.])","status":"passed","stage":"finished","steps":[],"attachments":[],"parameters":[],"start":1625630077254,"stop":1625630077269},{"name":"$(\"By.xpath: //div[@class='tourClose']/a[0]\") should be([exist, 0 ms.])","status":"passed","stage":"finished","steps":[],"attachments":[],"parameters":[],"start":1625630077277,"stop":1625630077291},{"name":"$(\"$$(1 elements)[0]\") get wrapped element()","status":"passed","stage":"finished","steps":[],"attachments":[],"parameters":[],"start":1625630077291,"stop":1625630077291},{"name":"$(\"$$(1 elements)[0]\") get wrapped element()","status":"passed","stage":"finished","steps":[],"attachments":[],"parameters":[],"start":1625630077295,"stop":1625630077295},{"name":"$(\"$$(1 elements)[0]\") should be([exist, 0 ms.])","status":"passed","stage":"finished","steps":[],"attachments":[],"parameters":[],"start":1625630077541,"stop":1625630077550},{"name":"$(\"$$(1 elements)[0]\") click()","status":"passed","stage":"finished","steps":[],"attachments":[],"parameters":[],"start":1625630077550,"stop":1625630077586},{"name":"$(\"By.xpath: (//*[normalize-space(text())='Dashboard' or normalize-space(@value)='Dashboard']|//text()[normalize-space()='Dashboard'])[1]\") get wrapped element()","status":"passed","stage":"finished","steps":[],"attachments":[],"parameters":[],"start":1625630077593,"stop":1625630077606},{"name":"$(\"By.xpath: //ul[@class='mzr-content smallIconList']/descendant::*/descendant::span[contains(normalize-space(text()),'Digital Assessments')][0]\") should be([exist, 30 s.])","status":"passed","stage":"finished","steps":[],"attachments":[],"parameters":[],"start":1625630077723,"stop":1625630077744},{"name":"$(\"By.xpath: //ul[@class='mzr-content smallIconList']/descendant::*/descendant::span[contains(normalize-space(text()),'Digital Assessments')][0]\") should be([exist, 30 s.])","status":"passed","stage":"finished","steps":[],"attachments":[],"parameters":[],"start":1625630077757,"stop":1625630077776},{"name":"$(\"$$(2 elements)[0]\") get wrapped element()","status":"passed","stage":"finished","steps":[],"attachments":[],"parameters":[],"start":1625630077776,"stop":1625630077776},{"name":"$(\"$$(2 elements)[0]\") get wrapped element()","status":"passed","stage":"finished","steps":[],"attachments":[],"parameters":[],"start":1625630077780,"stop":1625630077780},{"name":"$(\"$$(2 elements)[0]\") should be([exist, 30 s.])","status":"passed","stage":"finished","steps":[],"attachments":[],"parameters":[],"start":1625630077957,"stop":1625630077967},{"name":"$(\"$$(2 elements)[0]\") click()","status":"passed","stage":"finished","steps":[],"attachments":[],"parameters":[],"start":1625630077967,"stop":1625630082988},{"name":"$(\"By.xpath: //span[@id='lblSubject' and normalize-space(text())='Hebrew History']/parent::h4/following-sibling::p/descendant::a[@id='lbtnAssessment' and normalize-space(text())='Test 1 (Nine-Weeks/Quarter) Content Exam' and @href and @class='assessmentBtn'][0]\") should be([exist, 0 ms.])","status":"failed","statusDetails":{"known":false,"muted":false,"flaky":false,"message":"Element not found {By.xpath: //span[@id='lblSubject' and normalize-space(text())='Hebrew History']/parent::h4/following-sibling::p/descendant::a[@id='lbtnAssessment' and normalize-space(text())='Test 1 (Nine-Weeks/Quarter) Content Exam' and @href and @class='assessmentBtn'][0]}\nExpected: visible\nScreenshot: file:/Users/admin/Automation/AbekaTemp/QA-Automation/build/reports/tests/1625630130034.13.png\nPage source: file:/Users/admin/Automation/AbekaTemp/QA-Automation/build/reports/tests/1625630130034.13.html\nTimeout: 0 ms.\nCaused by: NoSuchElementException: no such element: Unable to locate element: {\"method\":\"xpath\",\"selector\":\"//span[@id='lblSubject' and normalize-space(text())='Hebrew History']/parent::h4/following-sibling::p/descendant::a[@id='lbtnAssessment' and normalize-space(text())='Test 1 (Nine-Weeks/Quarter) Content Exam' and @href and @class='assessmentBtn']\"}","trace":"Element not found {By.xpath: //span[@id='lblSubject' and normalize-space(text())='Hebrew History']/parent::h4/following-sibling::p/descendant::a[@id='lbtnAssessment' and normalize-space(text())='Test 1 (Nine-Weeks/Quarter) Content Exam' and @href and @class='assessmentBtn'][0]}\nExpected: visible\nScreenshot: file:/Users/admin/Automation/AbekaTemp/QA-Automation/build/reports/tests/1625630130034.13.png\nPage source: file:/Users/admin/Automation/AbekaTemp/QA-Automation/build/reports/tests/1625630130034.13.html\nTimeout: 0 ms.\nCaused by: NoSuchElementException: no such element: Unable to locate element: {\"method\":\"xpath\",\"selector\":\"//span[@id='lblSubject' and normalize-space(text())='Hebrew History']/parent::h4/following-sibling::p/descendant::a[@id='lbtnAssessment' and normalize-space(text())='Test 1 (Nine-Weeks/Quarter) Content Exam' and @href and @class='assessmentBtn']\"}\n\tat com.codeborne.selenide.impl.CollectionElement.createElementNotFoundError(CollectionElement.java:61)\n\tat com.codeborne.selenide.impl.WebElementSource.checkCondition(WebElementSource.java:114)\n\tat com.codeborne.selenide.commands.Should.execute(Should.java:30)\n\tat com.codeborne.selenide.commands.Should.execute(Should.java:14)\n\tat com.codeborne.selenide.commands.Commands.execute(Commands.java:155)\n\tat com.codeborne.selenide.impl.SelenideElementProxy.dispatchAndRetry(SelenideElementProxy.java:133)\n\tat com.codeborne.selenide.impl.SelenideElementProxy.invoke(SelenideElementProxy.java:85)\n\tat com.sun.proxy.$Proxy26.shouldBe(Unknown Source)\n\tat base.SelenideExtended.waitForElementTobeExist(SelenideExtended.java:698)\n\tat base.SelenideExtended.bringElementIntoView(SelenideExtended.java:425)\n\tat pageObjects.StudentsScreen.answerAndSubmitDigitalAssessment(StudentsScreen.java:953)\n\tat abekaUISuite.ParentTestCaseSuiteTest.testValidateStudentAbleToCompleteDigitalAssessmentSuccessfully(ParentTestCaseSuiteTest.java:98)\n\tat java.base/jdk.internal.reflect.NativeMethodAccessorImpl.invoke0(Native Method)\n\tat java.base/jdk.internal.reflect.NativeMethodAccessorImpl.invoke(NativeMethodAccessorImpl.java:62)\n\tat java.base/jdk.internal.reflect.DelegatingMethodAccessorImpl.invoke(DelegatingMethodAccessorImpl.java:43)\n\tat java.base/java.lang.reflect.Method.invoke(Method.java:566)\n\tat org.testng.internal.MethodInvocationHelper.invokeMethod(MethodInvocationHelper.java:133)\n\tat org.testng.internal.TestInvoker.invokeMethod(TestInvoker.java:598)\n\tat org.testng.internal.TestInvoker.invokeTestMethod(TestInvoker.java:173)\n\tat org.testng.internal.MethodRunner.runInSequence(MethodRunner.java:46)\n\tat org.testng.internal.TestInvoker$MethodInvocationAgent.invoke(TestInvoker.java:824)\n\tat org.testng.internal.TestInvoker.invokeTestMethods(TestInvoker.java:146)\n\tat org.testng.internal.TestMethodWorker.invokeTestMethods(TestMethodWorker.java:146)\n\tat org.testng.internal.TestMethodWorker.run(TestMethodWorker.java:128)\n\tat java.base/java.util.ArrayList.forEach(ArrayList.java:1541)\n\tat org.testng.TestRunner.privateRun(TestRunner.java:794)\n\tat org.testng.TestRunner.run(TestRunner.java:596)\n\tat org.testng.SuiteRunner.runTest(SuiteRunner.java:377)\n\tat org.testng.SuiteRunner.runSequentially(SuiteRunner.java:371)\n\tat org.testng.SuiteRunner.privateRun(SuiteRunner.java:332)\n\tat org.testng.SuiteRunner.run(SuiteRunner.java:276)\n\tat org.testng.SuiteRunnerWorker.runSuite(SuiteRunnerWorker.java:53)\n\tat org.testng.SuiteRunnerWorker.run(SuiteRunnerWorker.java:96)\n\tat org.testng.TestNG.runSuitesSequentially(TestNG.java:1212)\n\tat org.testng.TestNG.runSuitesLocally(TestNG.java:1134)\n\tat org.testng.TestNG.runSuites(TestNG.java:1063)\n\tat org.testng.TestNG.run(TestNG.java:1031)\n\tat com.intellij.rt.testng.IDEARemoteTestNG.run(IDEARemoteTestNG.java:66)\n\tat com.intellij.rt.testng.RemoteTestNGStarter.main(RemoteTestNGStarter.java:109)\nCaused by: org.openqa.selenium.NoSuchElementException: no such element: Unable to locate element: {\"method\":\"xpath\",\"selector\":\"//span[@id='lblSubject' and normalize-space(text())='Hebrew History']/parent::h4/following-sibling::p/descendant::a[@id='lbtnAssessment' and normalize-space(text())='Test 1 (Nine-Weeks/Quarter) Content Exam' and @href and @class='assessmentBtn']\"}\n  (Session info: chrome=91.0.4472.114)\nFor documentation on this error, please visit: https://www.seleniumhq.org/exceptions/no_such_element.html\nBuild info: version: '3.141.59', revision: 'e82be7d358', time: '2018-11-14T08:17:03'\nSystem info: host: 'Admins-MacBook-Pro.local', ip: '2401:4900:1b6a:9076:bd23:a550:45f7:78d3%en0', os.name: 'Mac OS X', os.arch: 'x86_64', os.version: '10.16', java.version: '11.0.11'\nDriver info: org.openqa.selenium.chrome.ChromeDriver\nCapabilities {acceptInsecureCerts: false, browserName: chrome, browserVersion: 91.0.4472.114, chrome: {chromedriverVersion: 91.0.4472.101 (af52a90bf870..., userDataDir: /var/folders/f3/yksbpmdj1dj...}, goog:chromeOptions: {debuggerAddress: localhost:64881}, javascriptEnabled: true, networkConnectionEnabled: false, pageLoadStrategy: normal, platform: MAC, platformName: MAC, proxy: Proxy(), setWindowRect: true, strictFileInteractability: false, timeouts: {implicit: 0, pageLoad: 300000, script: 30000}, unhandledPromptBehavior: dismiss and notify, webauthn:extension:largeBlob: true, webauthn:virtualAuthenticators: true}\nSession ID: 9e1fc21bc15fb29a23dcd2f21c0e4c3c\n*** Element info: {Using=xpath, value=//span[@id='lblSubject' and normalize-space(text())='Hebrew History']/parent::h4/following-sibling::p/descendant::a[@id='lbtnAssessment' and normalize-space(text())='Test 1 (Nine-Weeks/Quarter) Content Exam' and @href and @class='assessmentBtn']}\n\tat java.base/jdk.internal.reflect.NativeConstructorAccessorImpl.newInstance0(Native Method)\n\tat java.base/jdk.internal.reflect.NativeConstructorAccessorImpl.newInstance(NativeConstructorAccessorImpl.java:62)\n\tat java.base/jdk.internal.reflect.DelegatingConstructorAccessorImpl.newInstance(DelegatingConstructorAccessorImpl.java:45)\n\tat java.base/java.lang.reflect.Constructor.newInstance(Constructor.java:490)\n\tat org.openqa.selenium.remote.http.W3CHttpResponseCodec.createException(W3CHttpResponseCodec.java:187)\n\tat org.openqa.selenium.remote.http.W3CHttpResponseCodec.decode(W3CHttpResponseCodec.java:122)\n\tat org.openqa.selenium.remote.http.W3CHttpResponseCodec.decode(W3CHttpResponseCodec.java:49)\n\tat org.openqa.selenium.remote.HttpCommandExecutor.execute(HttpCommandExecutor.java:158)\n\tat org.openqa.selenium.remote.service.DriverCommandExecutor.execute(DriverCommandExecutor.java:83)\n\tat org.openqa.selenium.remote.RemoteWebDriver.execute(RemoteWebDriver.java:552)\n\tat org.openqa.selenium.remote.RemoteWebDriver.findElement(RemoteWebDriver.java:323)\n\tat org.openqa.selenium.remote.RemoteWebDriver.findElementByXPath(RemoteWebDriver.java:428)\n\tat org.openqa.selenium.By$ByXPath.findElement(By.java:353)\n\tat org.openqa.selenium.remote.RemoteWebDriver.findElement(RemoteWebDriver.java:315)\n\tat com.codeborne.selenide.impl.WebElementSelector.findElement(WebElementSelector.java:59)\n\tat com.codeborne.selenide.impl.WebElementSelector.findElement(WebElementSelector.java:34)\n\tat com.codeborne.selenide.impl.BySelectorCollection.getElement(BySelectorCollection.java:51)\n\tat com.codeborne.selenide.impl.CollectionElement.getWebElement(CollectionElement.java:46)\n\tat com.codeborne.selenide.impl.WebElementSource.checkCondition(WebElementSource.java:99)\n\t... 37 more\n"},"stage":"finished","steps":[],"attachments":[{"name":"Screenshot","source":"a527fb05-5a83-4864-9603-28dd3aea2d1b-attachment.png","type":"image/png"}],"parameters":[],"start":1625630109970,"stop":1625630130660},{"name":"$(\"By.xpath: //span[@id='lblSubject' and normalize-space(text())='Hebrew History']/parent::h4/following-sibling::p/descendant::a[@id='lbtnAssessment' and normalize-space(text())='Test 1 (Nine-Weeks/Quarter) Content Exam' and @href and @class='assessmentBtn'][0]\") should be([exist, 0 ms.])","status":"failed","statusDetails":{"known":false,"muted":false,"flaky":false,"message":"Element not found {By.xpath: //span[@id='lblSubject' and normalize-space(text())='Hebrew History']/parent::h4/following-sibling::p/descendant::a[@id='lbtnAssessment' and normalize-space(text())='Test 1 (Nine-Weeks/Quarter) Content Exam' and @href and @class='assessmentBtn'][0]}\nExpected: visible\nScreenshot: file:/Users/admin/Automation/AbekaTemp/QA-Automation/build/reports/tests/1625630150715.14.png\nPage source: file:/Users/admin/Automation/AbekaTemp/QA-Automation/build/reports/tests/1625630150715.14.html\nTimeout: 0 ms.\nCaused by: NoSuchElementException: no such element: Unable to locate element: {\"method\":\"xpath\",\"selector\":\"//span[@id='lblSubject' and normalize-space(text())='Hebrew History']/parent::h4/following-sibling::p/descendant::a[@id='lbtnAssessment' and normalize-space(text())='Test 1 (Nine-Weeks/Quarter) Content Exam' and @href and @class='assessmentBtn']\"}","trace":"Element not found {By.xpath: //span[@id='lblSubject' and normalize-space(text())='Hebrew History']/parent::h4/following-sibling::p/descendant::a[@id='lbtnAssessment' and normalize-space(text())='Test 1 (Nine-Weeks/Quarter) Content Exam' and @href and @class='assessmentBtn'][0]}\nExpected: visible\nScreenshot: file:/Users/admin/Automation/AbekaTemp/QA-Automation/build/reports/tests/1625630150715.14.png\nPage source: file:/Users/admin/Automation/AbekaTemp/QA-Automation/build/reports/tests/1625630150715.14.html\nTimeout: 0 ms.\nCaused by: NoSuchElementException: no such element: Unable to locate element: {\"method\":\"xpath\",\"selector\":\"//span[@id='lblSubject' and normalize-space(text())='Hebrew History']/parent::h4/following-sibling::p/descendant::a[@id='lbtnAssessment' and normalize-space(text())='Test 1 (Nine-Weeks/Quarter) Content Exam' and @href and @class='assessmentBtn']\"}\n\tat com.codeborne.selenide.impl.CollectionElement.createElementNotFoundError(CollectionElement.java:61)\n\tat com.codeborne.selenide.impl.WebElementSource.checkCondition(WebElementSource.java:114)\n\tat com.codeborne.selenide.commands.Should.execute(Should.java:30)\n\tat com.codeborne.selenide.commands.Should.execute(Should.java:14)\n\tat com.codeborne.selenide.commands.Commands.execute(Commands.java:155)\n\tat com.codeborne.selenide.impl.SelenideElementProxy.dispatchAndRetry(SelenideElementProxy.java:133)\n\tat com.codeborne.selenide.impl.SelenideElementProxy.invoke(SelenideElementProxy.java:85)\n\tat com.sun.proxy.$Proxy26.shouldBe(Unknown Source)\n\tat base.SelenideExtended.waitForElementTobeExist(SelenideExtended.java:698)\n\tat base.SelenideExtended.click(SelenideExtended.java:42)\n\tat pageObjects.StudentsScreen.answerAndSubmitDigitalAssessment(StudentsScreen.java:957)\n\tat abekaUISuite.ParentTestCaseSuiteTest.testValidateStudentAbleToCompleteDigitalAssessmentSuccessfully(ParentTestCaseSuiteTest.java:98)\n\tat java.base/jdk.internal.reflect.NativeMethodAccessorImpl.invoke0(Native Method)\n\tat java.base/jdk.internal.reflect.NativeMethodAccessorImpl.invoke(NativeMethodAccessorImpl.java:62)\n\tat java.base/jdk.internal.reflect.DelegatingMethodAccessorImpl.invoke(DelegatingMethodAccessorImpl.java:43)\n\tat java.base/java.lang.reflect.Method.invoke(Method.java:566)\n\tat org.testng.internal.MethodInvocationHelper.invokeMethod(MethodInvocationHelper.java:133)\n\tat org.testng.internal.TestInvoker.invokeMethod(TestInvoker.java:598)\n\tat org.testng.internal.TestInvoker.invokeTestMethod(TestInvoker.java:173)\n\tat org.testng.internal.MethodRunner.runInSequence(MethodRunner.java:46)\n\tat org.testng.internal.TestInvoker$MethodInvocationAgent.invoke(TestInvoker.java:824)\n\tat org.testng.internal.TestInvoker.invokeTestMethods(TestInvoker.java:146)\n\tat org.testng.internal.TestMethodWorker.invokeTestMethods(TestMethodWorker.java:146)\n\tat org.testng.internal.TestMethodWorker.run(TestMethodWorker.java:128)\n\tat java.base/java.util.ArrayList.forEach(ArrayList.java:1541)\n\tat org.testng.TestRunner.privateRun(TestRunner.java:794)\n\tat org.testng.TestRunner.run(TestRunner.java:596)\n\tat org.testng.SuiteRunner.runTest(SuiteRunner.java:377)\n\tat org.testng.SuiteRunner.runSequentially(SuiteRunner.java:371)\n\tat org.testng.SuiteRunner.privateRun(SuiteRunner.java:332)\n\tat org.testng.SuiteRunner.run(SuiteRunner.java:276)\n\tat org.testng.SuiteRunnerWorker.runSuite(SuiteRunnerWorker.java:53)\n\tat org.testng.SuiteRunnerWorker.run(SuiteRunnerWorker.java:96)\n\tat org.testng.TestNG.runSuitesSequentially(TestNG.java:1212)\n\tat org.testng.TestNG.runSuitesLocally(TestNG.java:1134)\n\tat org.testng.TestNG.runSuites(TestNG.java:1063)\n\tat org.testng.TestNG.run(TestNG.java:1031)\n\tat com.intellij.rt.testng.IDEARemoteTestNG.run(IDEARemoteTestNG.java:66)\n\tat com.intellij.rt.testng.RemoteTestNGStarter.main(RemoteTestNGStarter.java:109)\nCaused by: org.openqa.selenium.NoSuchElementException: no such element: Unable to locate element: {\"method\":\"xpath\",\"selector\":\"//span[@id='lblSubject' and normalize-space(text())='Hebrew History']/parent::h4/following-sibling::p/descendant::a[@id='lbtnAssessment' and normalize-space(text())='Test 1 (Nine-Weeks/Quarter) Content Exam' and @href and @class='assessmentBtn']\"}\n  (Session info: chrome=91.0.4472.114)\nFor documentation on this error, please visit: https://www.seleniumhq.org/exceptions/no_such_element.html\nBuild info: version: '3.141.59', revision: 'e82be7d358', time: '2018-11-14T08:17:03'\nSystem info: host: 'Admins-MacBook-Pro.local', ip: '2401:4900:1b6a:9076:bd23:a550:45f7:78d3%en0', os.name: 'Mac OS X', os.arch: 'x86_64', os.version: '10.16', java.version: '11.0.11'\nDriver info: org.openqa.selenium.chrome.ChromeDriver\nCapabilities {acceptInsecureCerts: false, browserName: chrome, browserVersion: 91.0.4472.114, chrome: {chromedriverVersion: 91.0.4472.101 (af52a90bf870..., userDataDir: /var/folders/f3/yksbpmdj1dj...}, goog:chromeOptions: {debuggerAddress: localhost:64881}, javascriptEnabled: true, networkConnectionEnabled: false, pageLoadStrategy: normal, platform: MAC, platformName: MAC, proxy: Proxy(), setWindowRect: true, strictFileInteractability: false, timeouts: {implicit: 0, pageLoad: 300000, script: 30000}, unhandledPromptBehavior: dismiss and notify, webauthn:extension:largeBlob: true, webauthn:virtualAuthenticators: true}\nSession ID: 9e1fc21bc15fb29a23dcd2f21c0e4c3c\n*** Element info: {Using=xpath, value=//span[@id='lblSubject' and normalize-space(text())='Hebrew History']/parent::h4/following-sibling::p/descendant::a[@id='lbtnAssessment' and normalize-space(text())='Test 1 (Nine-Weeks/Quarter) Content Exam' and @href and @class='assessmentBtn']}\n\tat java.base/jdk.internal.reflect.NativeConstructorAccessorImpl.newInstance0(Native Method)\n\tat java.base/jdk.internal.reflect.NativeConstructorAccessorImpl.newInstance(NativeConstructorAccessorImpl.java:62)\n\tat java.base/jdk.internal.reflect.DelegatingConstructorAccessorImpl.newInstance(DelegatingConstructorAccessorImpl.java:45)\n\tat java.base/java.lang.reflect.Constructor.newInstance(Constructor.java:490)\n\tat org.openqa.selenium.remote.http.W3CHttpResponseCodec.createException(W3CHttpResponseCodec.java:187)\n\tat org.openqa.selenium.remote.http.W3CHttpResponseCodec.decode(W3CHttpResponseCodec.java:122)\n\tat org.openqa.selenium.remote.http.W3CHttpResponseCodec.decode(W3CHttpResponseCodec.java:49)\n\tat org.openqa.selenium.remote.HttpCommandExecutor.execute(HttpCommandExecutor.java:158)\n\tat org.openqa.selenium.remote.service.DriverCommandExecutor.execute(DriverCommandExecutor.java:83)\n\tat org.openqa.selenium.remote.RemoteWebDriver.execute(RemoteWebDriver.java:552)\n\tat org.openqa.selenium.remote.RemoteWebDriver.findElement(RemoteWebDriver.java:323)\n\tat org.openqa.selenium.remote.RemoteWebDriver.findElementByXPath(RemoteWebDriver.java:428)\n\tat org.openqa.selenium.By$ByXPath.findElement(By.java:353)\n\tat org.openqa.selenium.remote.RemoteWebDriver.findElement(RemoteWebDriver.java:315)\n\tat com.codeborne.selenide.impl.WebElementSelector.findElement(WebElementSelector.java:59)\n\tat com.codeborne.selenide.impl.WebElementSelector.findElement(WebElementSelector.java:34)\n\tat com.codeborne.selenide.impl.BySelectorCollection.getElement(BySelectorCollection.java:51)\n\tat com.codeborne.selenide.impl.CollectionElement.getWebElement(CollectionElement.java:46)\n\tat com.codeborne.selenide.impl.WebElementSource.checkCondition(WebElementSource.java:99)\n\t... 37 more\n"},"stage":"finished","steps":[],"attachments":[{"name":"Screenshot","source":"bfeb2372-a538-467f-b991-eed827761c4b-attachment.png","type":"image/png"}],"parameters":[],"start":1625630130661,"stop":1625630151298}],"attachments":[],"parameters":[{"name":"arg3","value":""},{"name":"arg2","value":""},{"name":"platform","value":"Mac"},{"name":"arg1","value":"RCG1234"},{"name":"browser","value":"chrome"},{"name":"arg0","value":"syed.rcg"}],"start":1625630008928,"stop":1625630151301,"uuid":"d79e4a42-dd0b-48b1-8bcd-96da3fde6cd6","historyId":"86a1bda5a00d6238984952b6c4b39e3c","fullName":"abekaUISuite.ParentTestCaseSuiteTest.testValidateStudentAbleToCompleteDigitalAssessmentSuccessfully","labels":[{"name":"package","value":"abekaUISuite.ParentTestCaseSuiteTest"},{"name":"testClass","value":"abekaUISuite.ParentTestCaseSuiteTest"},{"name":"testMethod","value":"testValidateStudentAbleToCompleteDigitalAssessmentSuccessfully"},{"name":"parentSuite","value":"All Test Suite"},{"name":"suite","value":"Smoke Suite test"},{"name":"subSuite","value":"abekaUISuite.ParentTestCaseSuiteTest"},{"name":"host","value":"Admins-MacBook-Pro.local"},{"name":"thread","value":"14335@Admins-MacBook-Pro.local.main(1)"},{"name":"framework","value":"testng"},{"name":"language","value":"java"}],"links":[]}