{"name":"testValidateStudentAbleToCompleteDigitalAssessmentSuccessfully","status":"broken","statusDetails":{"known":false,"muted":false,"flaky":false,"message":"Element not found {By.xpath: //span[@id='lblSubject' and normalize-space(text())='Hebrew History']/parent::h4/following-sibling::p/descendant::a[@id='lbtnAssessment' and normalize-space(text())='Test 1 (Nine-Weeks/Quarter) Content Exam' and @href and @class='assessmentBtn'][0]}\nExpected: visible\nScreenshot: file:/Users/admin/Automation/AbekaTemp/QA-Automation/build/reports/tests/1625582307251.2.png\nPage source: file:/Users/admin/Automation/AbekaTemp/QA-Automation/build/reports/tests/1625582307251.2.html\nTimeout: 0 ms.\nCaused by: NoSuchElementException: no such element: Unable to locate element: {\"method\":\"xpath\",\"selector\":\"//span[@id='lblSubject' and normalize-space(text())='Hebrew History']/parent::h4/following-sibling::p/descendant::a[@id='lbtnAssessment' and normalize-space(text())='Test 1 (Nine-Weeks/Quarter) Content Exam' and @href and @class='assessmentBtn']\"}","trace":"java.lang.Exception: Element not found {By.xpath: //span[@id='lblSubject' and normalize-space(text())='Hebrew History']/parent::h4/following-sibling::p/descendant::a[@id='lbtnAssessment' and normalize-space(text())='Test 1 (Nine-Weeks/Quarter) Content Exam' and @href and @class='assessmentBtn'][0]}\nExpected: visible\nScreenshot: file:/Users/admin/Automation/AbekaTemp/QA-Automation/build/reports/tests/1625582307251.2.png\nPage source: file:/Users/admin/Automation/AbekaTemp/QA-Automation/build/reports/tests/1625582307251.2.html\nTimeout: 0 ms.\nCaused by: NoSuchElementException: no such element: Unable to locate element: {\"method\":\"xpath\",\"selector\":\"//span[@id='lblSubject' and normalize-space(text())='Hebrew History']/parent::h4/following-sibling::p/descendant::a[@id='lbtnAssessment' and normalize-space(text())='Test 1 (Nine-Weeks/Quarter) Content Exam' and @href and @class='assessmentBtn']\"}\n\tat base.SelenideExtended.waitForElementTobeExist(SelenideExtended.java:702)\n\tat base.SelenideExtended.bringElementIntoView(SelenideExtended.java:425)\n\tat pageObjects.StudentsScreen.answerAndSubmitDigitalAssessment(StudentsScreen.java:949)\n\tat abekaUISuite.ParentTestCaseSuiteTest.testValidateStudentAbleToCompleteDigitalAssessmentSuccessfully(ParentTestCaseSuiteTest.java:98)\n\tat java.base/jdk.internal.reflect.NativeMethodAccessorImpl.invoke0(Native Method)\n\tat java.base/jdk.internal.reflect.NativeMethodAccessorImpl.invoke(NativeMethodAccessorImpl.java:62)\n\tat java.base/jdk.internal.reflect.DelegatingMethodAccessorImpl.invoke(DelegatingMethodAccessorImpl.java:43)\n\tat java.base/java.lang.reflect.Method.invoke(Method.java:566)\n\tat org.testng.internal.MethodInvocationHelper.invokeMethod(MethodInvocationHelper.java:133)\n\tat org.testng.internal.TestInvoker.invokeMethod(TestInvoker.java:598)\n\tat org.testng.internal.TestInvoker.invokeTestMethod(TestInvoker.java:173)\n\tat org.testng.internal.MethodRunner.runInSequence(MethodRunner.java:46)\n\tat org.testng.internal.TestInvoker$MethodInvocationAgent.invoke(TestInvoker.java:824)\n\tat org.testng.internal.TestInvoker.invokeTestMethods(TestInvoker.java:146)\n\tat org.testng.internal.TestMethodWorker.invokeTestMethods(TestMethodWorker.java:146)\n\tat org.testng.internal.TestMethodWorker.run(TestMethodWorker.java:128)\n\tat java.base/java.util.ArrayList.forEach(ArrayList.java:1541)\n\tat org.testng.TestRunner.privateRun(TestRunner.java:794)\n\tat org.testng.TestRunner.run(TestRunner.java:596)\n\tat org.testng.SuiteRunner.runTest(SuiteRunner.java:377)\n\tat org.testng.SuiteRunner.runSequentially(SuiteRunner.java:371)\n\tat org.testng.SuiteRunner.privateRun(SuiteRunner.java:332)\n\tat org.testng.SuiteRunner.run(SuiteRunner.java:276)\n\tat org.testng.SuiteRunnerWorker.runSuite(SuiteRunnerWorker.java:53)\n\tat org.testng.SuiteRunnerWorker.run(SuiteRunnerWorker.java:96)\n\tat org.testng.TestNG.runSuitesSequentially(TestNG.java:1212)\n\tat org.testng.TestNG.runSuitesLocally(TestNG.java:1134)\n\tat org.testng.TestNG.runSuites(TestNG.java:1063)\n\tat org.testng.TestNG.run(TestNG.java:1031)\n\tat com.intellij.rt.testng.IDEARemoteTestNG.run(IDEARemoteTestNG.java:66)\n\tat com.intellij.rt.testng.RemoteTestNGStarter.main(RemoteTestNGStarter.java:109)\nCaused by: Element not found {By.xpath: //span[@id='lblSubject' and normalize-space(text())='Hebrew History']/parent::h4/following-sibling::p/descendant::a[@id='lbtnAssessment' and normalize-space(text())='Test 1 (Nine-Weeks/Quarter) Content Exam' and @href and @class='assessmentBtn'][0]}\nExpected: visible\nScreenshot: file:/Users/admin/Automation/AbekaTemp/QA-Automation/build/reports/tests/1625582307251.2.png\nPage source: file:/Users/admin/Automation/AbekaTemp/QA-Automation/build/reports/tests/1625582307251.2.html\nTimeout: 0 ms.\nCaused by: NoSuchElementException: no such element: Unable to locate element: {\"method\":\"xpath\",\"selector\":\"//span[@id='lblSubject' and normalize-space(text())='Hebrew History']/parent::h4/following-sibling::p/descendant::a[@id='lbtnAssessment' and normalize-space(text())='Test 1 (Nine-Weeks/Quarter) Content Exam' and @href and @class='assessmentBtn']\"}\n\tat com.codeborne.selenide.impl.CollectionElement.createElementNotFoundError(CollectionElement.java:61)\n\tat com.codeborne.selenide.impl.WebElementSource.checkCondition(WebElementSource.java:114)\n\tat com.codeborne.selenide.commands.Should.execute(Should.java:30)\n\tat com.codeborne.selenide.commands.Should.execute(Should.java:14)\n\tat com.codeborne.selenide.commands.Commands.execute(Commands.java:155)\n\tat com.codeborne.selenide.impl.SelenideElementProxy.dispatchAndRetry(SelenideElementProxy.java:133)\n\tat com.codeborne.selenide.impl.SelenideElementProxy.invoke(SelenideElementProxy.java:85)\n\tat com.sun.proxy.$Proxy26.shouldBe(Unknown Source)\n\tat base.SelenideExtended.waitForElementTobeExist(SelenideExtended.java:698)\n\t... 30 more\nCaused by: org.openqa.selenium.NoSuchElementException: no such element: Unable to locate element: {\"method\":\"xpath\",\"selector\":\"//span[@id='lblSubject' and normalize-space(text())='Hebrew History']/parent::h4/following-sibling::p/descendant::a[@id='lbtnAssessment' and normalize-space(text())='Test 1 (Nine-Weeks/Quarter) Content Exam' and @href and @class='assessmentBtn']\"}\n  (Session info: chrome=91.0.4472.114)\nFor documentation on this error, please visit: https://www.seleniumhq.org/exceptions/no_such_element.html\nBuild info: version: '3.141.59', revision: 'e82be7d358', time: '2018-11-14T08:17:03'\nSystem info: host: 'Admins-MacBook-Pro.local', ip: '2401:4900:5029:8c15:1018:935d:efd:574f%en0', os.name: 'Mac OS X', os.arch: 'x86_64', os.version: '10.16', java.version: '11.0.11'\nDriver info: org.openqa.selenium.chrome.ChromeDriver\nCapabilities {acceptInsecureCerts: false, browserName: chrome, browserVersion: 91.0.4472.114, chrome: {chromedriverVersion: 91.0.4472.101 (af52a90bf870..., userDataDir: /var/folders/f3/yksbpmdj1dj...}, goog:chromeOptions: {debuggerAddress: localhost:63325}, javascriptEnabled: true, networkConnectionEnabled: false, pageLoadStrategy: normal, platform: MAC, platformName: MAC, proxy: Proxy(), setWindowRect: true, strictFileInteractability: false, timeouts: {implicit: 0, pageLoad: 300000, script: 30000}, unhandledPromptBehavior: dismiss and notify, webauthn:extension:largeBlob: true, webauthn:virtualAuthenticators: true}\nSession ID: 6fb9d40871e258fa6955b20c7706813c\n*** Element info: {Using=xpath, value=//span[@id='lblSubject' and normalize-space(text())='Hebrew History']/parent::h4/following-sibling::p/descendant::a[@id='lbtnAssessment' and normalize-space(text())='Test 1 (Nine-Weeks/Quarter) Content Exam' and @href and @class='assessmentBtn']}\n\tat java.base/jdk.internal.reflect.NativeConstructorAccessorImpl.newInstance0(Native Method)\n\tat java.base/jdk.internal.reflect.NativeConstructorAccessorImpl.newInstance(NativeConstructorAccessorImpl.java:62)\n\tat java.base/jdk.internal.reflect.DelegatingConstructorAccessorImpl.newInstance(DelegatingConstructorAccessorImpl.java:45)\n\tat java.base/java.lang.reflect.Constructor.newInstance(Constructor.java:490)\n\tat org.openqa.selenium.remote.http.W3CHttpResponseCodec.createException(W3CHttpResponseCodec.java:187)\n\tat org.openqa.selenium.remote.http.W3CHttpResponseCodec.decode(W3CHttpResponseCodec.java:122)\n\tat org.openqa.selenium.remote.http.W3CHttpResponseCodec.decode(W3CHttpResponseCodec.java:49)\n\tat org.openqa.selenium.remote.HttpCommandExecutor.execute(HttpCommandExecutor.java:158)\n\tat org.openqa.selenium.remote.service.DriverCommandExecutor.execute(DriverCommandExecutor.java:83)\n\tat org.openqa.selenium.remote.RemoteWebDriver.execute(RemoteWebDriver.java:552)\n\tat org.openqa.selenium.remote.RemoteWebDriver.findElement(RemoteWebDriver.java:323)\n\tat org.openqa.selenium.remote.RemoteWebDriver.findElementByXPath(RemoteWebDriver.java:428)\n\tat org.openqa.selenium.By$ByXPath.findElement(By.java:353)\n\tat org.openqa.selenium.remote.RemoteWebDriver.findElement(RemoteWebDriver.java:315)\n\tat com.codeborne.selenide.impl.WebElementSelector.findElement(WebElementSelector.java:59)\n\tat com.codeborne.selenide.impl.WebElementSelector.findElement(WebElementSelector.java:34)\n\tat com.codeborne.selenide.impl.BySelectorCollection.getElement(BySelectorCollection.java:51)\n\tat com.codeborne.selenide.impl.CollectionElement.getWebElement(CollectionElement.java:46)\n\tat com.codeborne.selenide.impl.WebElementSource.checkCondition(WebElementSource.java:99)\n\t... 37 more\n"},"stage":"finished","steps":[{"name":"$(\"$$(1 elements)[0]\") is(visible)","status":"passed","stage":"finished","steps":[],"attachments":[],"parameters":[],"start":1625582179647,"stop":1625582179663},{"name":"$(\"$$(1 elements)[0]\") is(visible)","status":"passed","stage":"finished","steps":[],"attachments":[],"parameters":[],"start":1625582180674,"stop":1625582180693},{"name":"$(\"$$(1 elements)[0]\") should be([exist, 30 s.])","status":"passed","stage":"finished","steps":[],"attachments":[],"parameters":[],"start":1625582180736,"stop":1625582180745},{"name":"$(\"$$(1 elements)[0]\") click()","status":"passed","stage":"finished","steps":[],"attachments":[],"parameters":[],"start":1625582180745,"stop":1625582180795},{"name":"$(\"By.xpath: (//*[normalize-space(text())='Log in' or normalize-space(@value)='Log in']|//text()[normalize-space()='Log in'])[1][0]\") should be([exist, 30 s.])","status":"passed","stage":"finished","steps":[],"attachments":[],"parameters":[],"start":1625582180795,"stop":1625582180819},{"name":"$(\"By.xpath: (//*[normalize-space(text())='Log in' or normalize-space(@value)='Log in']|//text()[normalize-space()='Log in'])[1][0]\") should be([exist, 30 s.])","status":"passed","stage":"finished","steps":[],"attachments":[],"parameters":[],"start":1625582180820,"stop":1625582180840},{"name":"$(\"By.xpath: (//*[normalize-space(text())='Log in' or normalize-space(@value)='Log in']|//text()[normalize-space()='Log in'])[1][0]\") should be([exist, 30 s.])","status":"passed","stage":"finished","steps":[],"attachments":[],"parameters":[],"start":1625582180855,"stop":1625582180878},{"name":"$(\"$$(1 elements)[0]\") get wrapped element()","status":"passed","stage":"finished","steps":[],"attachments":[],"parameters":[],"start":1625582180878,"stop":1625582180878},{"name":"$(\"$$(1 elements)[0]\") get wrapped element()","status":"passed","stage":"finished","steps":[],"attachments":[],"parameters":[],"start":1625582180885,"stop":1625582180885},{"name":"$(\"$$(1 elements)[0]\") should be([exist, 30 s.])","status":"passed","stage":"finished","steps":[],"attachments":[],"parameters":[],"start":1625582181058,"stop":1625582181072},{"name":"$(\"$$(1 elements)[0]\") click()","status":"passed","stage":"finished","steps":[],"attachments":[],"parameters":[],"start":1625582181072,"stop":1625582181133},{"name":"$(\"By.xpath: (//*[normalize-space(text())='Log in / Create Account' or normalize-space(@value)='Log in / Create Account']|//text()[normalize-space()='Log in / Create Account'])[1][0]\") should be([exist, 30 s.])","status":"passed","stage":"finished","steps":[],"attachments":[],"parameters":[],"start":1625582181138,"stop":1625582181162},{"name":"$(\"By.xpath: (//*[normalize-space(text())='Log in / Create Account' or normalize-space(@value)='Log in / Create Account']|//text()[normalize-space()='Log in / Create Account'])[1][0]\") should be([exist, 30 s.])","status":"passed","stage":"finished","steps":[],"attachments":[],"parameters":[],"start":1625582181162,"stop":1625582181184},{"name":"$(\"By.xpath: (//*[normalize-space(text())='Log in / Create Account' or normalize-space(@value)='Log in / Create Account']|//text()[normalize-space()='Log in / Create Account'])[1][0]\") should be([exist, 30 s.])","status":"passed","stage":"finished","steps":[],"attachments":[],"parameters":[],"start":1625582181202,"stop":1625582181228},{"name":"$(\"$$(1 elements)[0]\") get wrapped element()","status":"passed","stage":"finished","steps":[],"attachments":[],"parameters":[],"start":1625582181228,"stop":1625582181228},{"name":"$(\"$$(1 elements)[0]\") get wrapped element()","status":"passed","stage":"finished","steps":[],"attachments":[],"parameters":[],"start":1625582181239,"stop":1625582181239},{"name":"$(\"$$(1 elements)[0]\") should be([exist, 30 s.])","status":"passed","stage":"finished","steps":[],"attachments":[],"parameters":[],"start":1625582181424,"stop":1625582181439},{"name":"$(\"$$(1 elements)[0]\") click()","status":"passed","stage":"finished","steps":[],"attachments":[],"parameters":[],"start":1625582181440,"stop":1625582191171},{"name":"$(\"By.id: txtEmailAddress[0]\") should be([exist, 30 s.])","status":"passed","stage":"finished","steps":[],"attachments":[],"parameters":[],"start":1625582191176,"stop":1625582191198},{"name":"$(\"By.id: txtEmailAddress[0]\") should be([exist, 30 s.])","status":"passed","stage":"finished","steps":[],"attachments":[],"parameters":[],"start":1625582191208,"stop":1625582191232},{"name":"$(\"$$(1 elements)[0]\") get wrapped element()","status":"passed","stage":"finished","steps":[],"attachments":[],"parameters":[],"start":1625582191232,"stop":1625582191232},{"name":"$(\"$$(1 elements)[0]\") get wrapped element()","status":"passed","stage":"finished","steps":[],"attachments":[],"parameters":[],"start":1625582191237,"stop":1625582191237},{"name":"$(\"By.id: txtEmailAddress\") set value(syed.rcg)","status":"passed","stage":"finished","steps":[],"attachments":[],"parameters":[],"start":1625582191348,"stop":1625582191448},{"name":"$(\"$$(1 elements)[0]\") is(visible)","status":"passed","stage":"finished","steps":[],"attachments":[],"parameters":[],"start":1625582192458,"stop":1625582192470},{"name":"$(\"By.id: txtEmailAddress\") text()","status":"passed","stage":"finished","steps":[],"attachments":[],"parameters":[],"start":1625582192470,"stop":1625582192488},{"name":"$(\"By.id: txtEmailAddress\") get text()","status":"passed","stage":"finished","steps":[],"attachments":[],"parameters":[],"start":1625582192488,"stop":1625582192500},{"name":"$(\"By.id: txtEmailAddress\") inner text()","status":"passed","stage":"finished","steps":[],"attachments":[],"parameters":[],"start":1625582192500,"stop":1625582192511},{"name":"$(\"By.id: txtEmailAddress\") get wrapped element()","status":"passed","stage":"finished","steps":[],"attachments":[],"parameters":[],"start":1625582192511,"stop":1625582192516},{"name":"$(\"By.id: txtEmailAddress\") get text()","status":"passed","stage":"finished","steps":[],"attachments":[],"parameters":[],"start":1625582192520,"stop":1625582192530},{"name":"$(\"By.id: txtEmailAddress\") inner text()","status":"passed","stage":"finished","steps":[],"attachments":[],"parameters":[],"start":1625582192530,"stop":1625582192541},{"name":"$(\"By.id: txtEmailAddress\") get wrapped element()","status":"passed","stage":"finished","steps":[],"attachments":[],"parameters":[],"start":1625582192541,"stop":1625582192545},{"name":"$(\"By.id: txtEmailAddress\") inner text()","status":"passed","stage":"finished","steps":[],"attachments":[],"parameters":[],"start":1625582192549,"stop":1625582192558},{"name":"$(\"By.id: txtEmailAddress\") get wrapped element()","status":"passed","stage":"finished","steps":[],"attachments":[],"parameters":[],"start":1625582192558,"stop":1625582192562},{"name":"$(\"By.id: txtEmailAddress\") get wrapped element()","status":"passed","stage":"finished","steps":[],"attachments":[],"parameters":[],"start":1625582192565,"stop":1625582192570},{"name":"$(\"By.id: txtEmailAddress\") set value(syed.rcg)","status":"passed","stage":"finished","steps":[],"attachments":[],"parameters":[],"start":1625582192573,"stop":1625582192641},{"name":"$(\"By.id: txtPassword[0]\") should be([exist, 30 s.])","status":"passed","stage":"finished","steps":[],"attachments":[],"parameters":[],"start":1625582192641,"stop":1625582192661},{"name":"$(\"By.id: txtPassword[0]\") should be([exist, 30 s.])","status":"passed","stage":"finished","steps":[],"attachments":[],"parameters":[],"start":1625582192669,"stop":1625582192688},{"name":"$(\"$$(1 elements)[0]\") get wrapped element()","status":"passed","stage":"finished","steps":[],"attachments":[],"parameters":[],"start":1625582192688,"stop":1625582192688},{"name":"$(\"$$(1 elements)[0]\") get wrapped element()","status":"passed","stage":"finished","steps":[],"attachments":[],"parameters":[],"start":1625582192693,"stop":1625582192693},{"name":"$(\"By.id: txtPassword\") set value(RCG1234)","status":"passed","stage":"finished","steps":[],"attachments":[],"parameters":[],"start":1625582192816,"stop":1625582192892},{"name":"$(\"$$(1 elements)[0]\") is(visible)","status":"passed","stage":"finished","steps":[],"attachments":[],"parameters":[],"start":1625582193901,"stop":1625582193916},{"name":"$(\"By.id: txtPassword\") text()","status":"passed","stage":"finished","steps":[],"attachments":[],"parameters":[],"start":1625582193916,"stop":1625582193933},{"name":"$(\"By.id: txtPassword\") get text()","status":"passed","stage":"finished","steps":[],"attachments":[],"parameters":[],"start":1625582193933,"stop":1625582193945},{"name":"$(\"By.id: txtPassword\") inner text()","status":"passed","stage":"finished","steps":[],"attachments":[],"parameters":[],"start":1625582193945,"stop":1625582193954},{"name":"$(\"By.id: txtPassword\") get wrapped element()","status":"passed","stage":"finished","steps":[],"attachments":[],"parameters":[],"start":1625582193955,"stop":1625582193959},{"name":"$(\"By.id: txtPassword\") get text()","status":"passed","stage":"finished","steps":[],"attachments":[],"parameters":[],"start":1625582193963,"stop":1625582193973},{"name":"$(\"By.id: txtPassword\") inner text()","status":"passed","stage":"finished","steps":[],"attachments":[],"parameters":[],"start":1625582193973,"stop":1625582193983},{"name":"$(\"By.id: txtPassword\") get wrapped element()","status":"passed","stage":"finished","steps":[],"attachments":[],"parameters":[],"start":1625582193983,"stop":1625582193987},{"name":"$(\"By.id: txtPassword\") inner text()","status":"passed","stage":"finished","steps":[],"attachments":[],"parameters":[],"start":1625582193991,"stop":1625582194000},{"name":"$(\"By.id: txtPassword\") get wrapped element()","status":"passed","stage":"finished","steps":[],"attachments":[],"parameters":[],"start":1625582194000,"stop":1625582194005},{"name":"$(\"By.id: txtPassword\") get wrapped element()","status":"passed","stage":"finished","steps":[],"attachments":[],"parameters":[],"start":1625582194008,"stop":1625582194013},{"name":"$(\"By.id: txtPassword\") set value(RCG1234)","status":"passed","stage":"finished","steps":[],"attachments":[],"parameters":[],"start":1625582194016,"stop":1625582194075},{"name":"$(\"By.id: lbnLogin[0]\") should be([exist, 30 s.])","status":"passed","stage":"finished","steps":[],"attachments":[],"parameters":[],"start":1625582194075,"stop":1625582194095},{"name":"$(\"By.id: lbnLogin[0]\") should be([exist, 30 s.])","status":"passed","stage":"finished","steps":[],"attachments":[],"parameters":[],"start":1625582194095,"stop":1625582194111},{"name":"$(\"By.id: lbnLogin[0]\") should be([exist, 30 s.])","status":"passed","stage":"finished","steps":[],"attachments":[],"parameters":[],"start":1625582194119,"stop":1625582194136},{"name":"$(\"$$(1 elements)[0]\") get wrapped element()","status":"passed","stage":"finished","steps":[],"attachments":[],"parameters":[],"start":1625582194136,"stop":1625582194136},{"name":"$(\"$$(1 elements)[0]\") get wrapped element()","status":"passed","stage":"finished","steps":[],"attachments":[],"parameters":[],"start":1625582194141,"stop":1625582194141},{"name":"$(\"$$(1 elements)[0]\") should be([exist, 30 s.])","status":"passed","stage":"finished","steps":[],"attachments":[],"parameters":[],"start":1625582194317,"stop":1625582194329},{"name":"$(\"$$(1 elements)[0]\") click()","status":"passed","stage":"finished","steps":[],"attachments":[],"parameters":[],"start":1625582194329,"stop":1625582200308},{"name":"$(\"By.xpath: (//*[normalize-space(text())='' or normalize-space(@value)='']|//text()[normalize-space()=''])[1][0]\") should be([exist, 30 s.])","status":"passed","stage":"finished","steps":[],"attachments":[],"parameters":[],"start":1625582213321,"stop":1625582213353},{"name":"$(\"$$(1 elements)[0]\") is(visible)","status":"passed","stage":"finished","steps":[],"attachments":[],"parameters":[],"start":1625582214366,"stop":1625582214383},{"name":"$(\"$$(1 elements)[0]\") should be([exist, 0 ms.])","status":"passed","stage":"finished","steps":[],"attachments":[],"parameters":[],"start":1625582214427,"stop":1625582214437},{"name":"$(\"$$(1 elements)[0]\") click()","status":"passed","stage":"finished","steps":[],"attachments":[],"parameters":[],"start":1625582214437,"stop":1625582214504},{"name":"$(\"$$(1 elements)[0]\") is(visible)","status":"passed","stage":"finished","steps":[],"attachments":[],"parameters":[],"start":1625582215549,"stop":1625582215565},{"name":"$(\"$$(1 elements)[0]\") should be([exist, 0 ms.])","status":"passed","stage":"finished","steps":[],"attachments":[],"parameters":[],"start":1625582215612,"stop":1625582215621},{"name":"$(\"$$(1 elements)[0]\") click()","status":"passed","stage":"finished","steps":[],"attachments":[],"parameters":[],"start":1625582215621,"stop":1625582215711},{"name":"$(\"By.xpath: //div[@class='tourClose']/a[0]\") should be([exist, 0 ms.])","status":"passed","stage":"finished","steps":[],"attachments":[],"parameters":[],"start":1625582237156,"stop":1625582239092},{"name":"$(\"By.xpath: //div[@class='tourClose']/a[0]\") should be([exist, 0 ms.])","status":"passed","stage":"finished","steps":[],"attachments":[],"parameters":[],"start":1625582239092,"stop":1625582239114},{"name":"$(\"By.xpath: //div[@class='tourClose']/a[0]\") should be([exist, 0 ms.])","status":"passed","stage":"finished","steps":[],"attachments":[],"parameters":[],"start":1625582239114,"stop":1625582239132},{"name":"$(\"By.xpath: //div[@class='tourClose']/a[0]\") should be([exist, 0 ms.])","status":"passed","stage":"finished","steps":[],"attachments":[],"parameters":[],"start":1625582239141,"stop":1625582239159},{"name":"$(\"$$(1 elements)[0]\") get wrapped element()","status":"passed","stage":"finished","steps":[],"attachments":[],"parameters":[],"start":1625582239159,"stop":1625582239159},{"name":"$(\"$$(1 elements)[0]\") get wrapped element()","status":"passed","stage":"finished","steps":[],"attachments":[],"parameters":[],"start":1625582239164,"stop":1625582239164},{"name":"$(\"$$(1 elements)[0]\") should be([exist, 0 ms.])","status":"passed","stage":"finished","steps":[],"attachments":[],"parameters":[],"start":1625582240286,"stop":1625582240295},{"name":"$(\"$$(1 elements)[0]\") click()","status":"passed","stage":"finished","steps":[],"attachments":[],"parameters":[],"start":1625582240295,"stop":1625582240332},{"name":"$(\"By.xpath: (//*[normalize-space(text())='Dashboard' or normalize-space(@value)='Dashboard']|//text()[normalize-space()='Dashboard'])[1]\") get wrapped element()","status":"passed","stage":"finished","steps":[],"attachments":[],"parameters":[],"start":1625582240340,"stop":1625582240354},{"name":"$(\"By.xpath: //ul[@class='mzr-content smallIconList']/descendant::*/descendant::span[contains(normalize-space(text()),'Digital Assessments')][0]\") should be([exist, 30 s.])","status":"passed","stage":"finished","steps":[],"attachments":[],"parameters":[],"start":1625582240484,"stop":1625582240512},{"name":"$(\"By.xpath: //ul[@class='mzr-content smallIconList']/descendant::*/descendant::span[contains(normalize-space(text()),'Digital Assessments')][0]\") should be([exist, 30 s.])","status":"passed","stage":"finished","steps":[],"attachments":[],"parameters":[],"start":1625582240522,"stop":1625582240542},{"name":"$(\"$$(2 elements)[0]\") get wrapped element()","status":"passed","stage":"finished","steps":[],"attachments":[],"parameters":[],"start":1625582240542,"stop":1625582240542},{"name":"$(\"$$(2 elements)[0]\") get wrapped element()","status":"passed","stage":"finished","steps":[],"attachments":[],"parameters":[],"start":1625582240549,"stop":1625582240549},{"name":"$(\"$$(2 elements)[0]\") should be([exist, 30 s.])","status":"passed","stage":"finished","steps":[],"attachments":[],"parameters":[],"start":1625582240728,"stop":1625582240739},{"name":"$(\"$$(2 elements)[0]\") click()","status":"passed","stage":"finished","steps":[],"attachments":[],"parameters":[],"start":1625582240739,"stop":1625582243636},{"name":"$(\"By.xpath: //span[@id='lblSubject' and normalize-space(text())='Hebrew History']/parent::h4/following-sibling::p/descendant::a[@id='lbtnAssessment' and normalize-space(text())='Test 1 (Nine-Weeks/Quarter) Content Exam' and @href and @class='assessmentBtn'][0]\") should be([exist, 0 ms.])","status":"failed","statusDetails":{"known":false,"muted":false,"flaky":false,"message":"Element not found {By.xpath: //span[@id='lblSubject' and normalize-space(text())='Hebrew History']/parent::h4/following-sibling::p/descendant::a[@id='lbtnAssessment' and normalize-space(text())='Test 1 (Nine-Weeks/Quarter) Content Exam' and @href and @class='assessmentBtn'][0]}\nExpected: visible\nScreenshot: file:/Users/admin/Automation/AbekaTemp/QA-Automation/build/reports/tests/1625582307251.2.png\nPage source: file:/Users/admin/Automation/AbekaTemp/QA-Automation/build/reports/tests/1625582307251.2.html\nTimeout: 0 ms.\nCaused by: NoSuchElementException: no such element: Unable to locate element: {\"method\":\"xpath\",\"selector\":\"//span[@id='lblSubject' and normalize-space(text())='Hebrew History']/parent::h4/following-sibling::p/descendant::a[@id='lbtnAssessment' and normalize-space(text())='Test 1 (Nine-Weeks/Quarter) Content Exam' and @href and @class='assessmentBtn']\"}","trace":"Element not found {By.xpath: //span[@id='lblSubject' and normalize-space(text())='Hebrew History']/parent::h4/following-sibling::p/descendant::a[@id='lbtnAssessment' and normalize-space(text())='Test 1 (Nine-Weeks/Quarter) Content Exam' and @href and @class='assessmentBtn'][0]}\nExpected: visible\nScreenshot: file:/Users/admin/Automation/AbekaTemp/QA-Automation/build/reports/tests/1625582307251.2.png\nPage source: file:/Users/admin/Automation/AbekaTemp/QA-Automation/build/reports/tests/1625582307251.2.html\nTimeout: 0 ms.\nCaused by: NoSuchElementException: no such element: Unable to locate element: {\"method\":\"xpath\",\"selector\":\"//span[@id='lblSubject' and normalize-space(text())='Hebrew History']/parent::h4/following-sibling::p/descendant::a[@id='lbtnAssessment' and normalize-space(text())='Test 1 (Nine-Weeks/Quarter) Content Exam' and @href and @class='assessmentBtn']\"}\n\tat com.codeborne.selenide.impl.CollectionElement.createElementNotFoundError(CollectionElement.java:61)\n\tat com.codeborne.selenide.impl.WebElementSource.checkCondition(WebElementSource.java:114)\n\tat com.codeborne.selenide.commands.Should.execute(Should.java:30)\n\tat com.codeborne.selenide.commands.Should.execute(Should.java:14)\n\tat com.codeborne.selenide.commands.Commands.execute(Commands.java:155)\n\tat com.codeborne.selenide.impl.SelenideElementProxy.dispatchAndRetry(SelenideElementProxy.java:133)\n\tat com.codeborne.selenide.impl.SelenideElementProxy.invoke(SelenideElementProxy.java:85)\n\tat com.sun.proxy.$Proxy26.shouldBe(Unknown Source)\n\tat base.SelenideExtended.waitForElementTobeExist(SelenideExtended.java:698)\n\tat base.SelenideExtended.bringElementIntoView(SelenideExtended.java:425)\n\tat pageObjects.StudentsScreen.answerAndSubmitDigitalAssessment(StudentsScreen.java:949)\n\tat abekaUISuite.ParentTestCaseSuiteTest.testValidateStudentAbleToCompleteDigitalAssessmentSuccessfully(ParentTestCaseSuiteTest.java:98)\n\tat java.base/jdk.internal.reflect.NativeMethodAccessorImpl.invoke0(Native Method)\n\tat java.base/jdk.internal.reflect.NativeMethodAccessorImpl.invoke(NativeMethodAccessorImpl.java:62)\n\tat java.base/jdk.internal.reflect.DelegatingMethodAccessorImpl.invoke(DelegatingMethodAccessorImpl.java:43)\n\tat java.base/java.lang.reflect.Method.invoke(Method.java:566)\n\tat org.testng.internal.MethodInvocationHelper.invokeMethod(MethodInvocationHelper.java:133)\n\tat org.testng.internal.TestInvoker.invokeMethod(TestInvoker.java:598)\n\tat org.testng.internal.TestInvoker.invokeTestMethod(TestInvoker.java:173)\n\tat org.testng.internal.MethodRunner.runInSequence(MethodRunner.java:46)\n\tat org.testng.internal.TestInvoker$MethodInvocationAgent.invoke(TestInvoker.java:824)\n\tat org.testng.internal.TestInvoker.invokeTestMethods(TestInvoker.java:146)\n\tat org.testng.internal.TestMethodWorker.invokeTestMethods(TestMethodWorker.java:146)\n\tat org.testng.internal.TestMethodWorker.run(TestMethodWorker.java:128)\n\tat java.base/java.util.ArrayList.forEach(ArrayList.java:1541)\n\tat org.testng.TestRunner.privateRun(TestRunner.java:794)\n\tat org.testng.TestRunner.run(TestRunner.java:596)\n\tat org.testng.SuiteRunner.runTest(SuiteRunner.java:377)\n\tat org.testng.SuiteRunner.runSequentially(SuiteRunner.java:371)\n\tat org.testng.SuiteRunner.privateRun(SuiteRunner.java:332)\n\tat org.testng.SuiteRunner.run(SuiteRunner.java:276)\n\tat org.testng.SuiteRunnerWorker.runSuite(SuiteRunnerWorker.java:53)\n\tat org.testng.SuiteRunnerWorker.run(SuiteRunnerWorker.java:96)\n\tat org.testng.TestNG.runSuitesSequentially(TestNG.java:1212)\n\tat org.testng.TestNG.runSuitesLocally(TestNG.java:1134)\n\tat org.testng.TestNG.runSuites(TestNG.java:1063)\n\tat org.testng.TestNG.run(TestNG.java:1031)\n\tat com.intellij.rt.testng.IDEARemoteTestNG.run(IDEARemoteTestNG.java:66)\n\tat com.intellij.rt.testng.RemoteTestNGStarter.main(RemoteTestNGStarter.java:109)\nCaused by: org.openqa.selenium.NoSuchElementException: no such element: Unable to locate element: {\"method\":\"xpath\",\"selector\":\"//span[@id='lblSubject' and normalize-space(text())='Hebrew History']/parent::h4/following-sibling::p/descendant::a[@id='lbtnAssessment' and normalize-space(text())='Test 1 (Nine-Weeks/Quarter) Content Exam' and @href and @class='assessmentBtn']\"}\n  (Session info: chrome=91.0.4472.114)\nFor documentation on this error, please visit: https://www.seleniumhq.org/exceptions/no_such_element.html\nBuild info: version: '3.141.59', revision: 'e82be7d358', time: '2018-11-14T08:17:03'\nSystem info: host: 'Admins-MacBook-Pro.local', ip: '2401:4900:5029:8c15:1018:935d:efd:574f%en0', os.name: 'Mac OS X', os.arch: 'x86_64', os.version: '10.16', java.version: '11.0.11'\nDriver info: org.openqa.selenium.chrome.ChromeDriver\nCapabilities {acceptInsecureCerts: false, browserName: chrome, browserVersion: 91.0.4472.114, chrome: {chromedriverVersion: 91.0.4472.101 (af52a90bf870..., userDataDir: /var/folders/f3/yksbpmdj1dj...}, goog:chromeOptions: {debuggerAddress: localhost:63325}, javascriptEnabled: true, networkConnectionEnabled: false, pageLoadStrategy: normal, platform: MAC, platformName: MAC, proxy: Proxy(), setWindowRect: true, strictFileInteractability: false, timeouts: {implicit: 0, pageLoad: 300000, script: 30000}, unhandledPromptBehavior: dismiss and notify, webauthn:extension:largeBlob: true, webauthn:virtualAuthenticators: true}\nSession ID: 6fb9d40871e258fa6955b20c7706813c\n*** Element info: {Using=xpath, value=//span[@id='lblSubject' and normalize-space(text())='Hebrew History']/parent::h4/following-sibling::p/descendant::a[@id='lbtnAssessment' and normalize-space(text())='Test 1 (Nine-Weeks/Quarter) Content Exam' and @href and @class='assessmentBtn']}\n\tat java.base/jdk.internal.reflect.NativeConstructorAccessorImpl.newInstance0(Native Method)\n\tat java.base/jdk.internal.reflect.NativeConstructorAccessorImpl.newInstance(NativeConstructorAccessorImpl.java:62)\n\tat java.base/jdk.internal.reflect.DelegatingConstructorAccessorImpl.newInstance(DelegatingConstructorAccessorImpl.java:45)\n\tat java.base/java.lang.reflect.Constructor.newInstance(Constructor.java:490)\n\tat org.openqa.selenium.remote.http.W3CHttpResponseCodec.createException(W3CHttpResponseCodec.java:187)\n\tat org.openqa.selenium.remote.http.W3CHttpResponseCodec.decode(W3CHttpResponseCodec.java:122)\n\tat org.openqa.selenium.remote.http.W3CHttpResponseCodec.decode(W3CHttpResponseCodec.java:49)\n\tat org.openqa.selenium.remote.HttpCommandExecutor.execute(HttpCommandExecutor.java:158)\n\tat org.openqa.selenium.remote.service.DriverCommandExecutor.execute(DriverCommandExecutor.java:83)\n\tat org.openqa.selenium.remote.RemoteWebDriver.execute(RemoteWebDriver.java:552)\n\tat org.openqa.selenium.remote.RemoteWebDriver.findElement(RemoteWebDriver.java:323)\n\tat org.openqa.selenium.remote.RemoteWebDriver.findElementByXPath(RemoteWebDriver.java:428)\n\tat org.openqa.selenium.By$ByXPath.findElement(By.java:353)\n\tat org.openqa.selenium.remote.RemoteWebDriver.findElement(RemoteWebDriver.java:315)\n\tat com.codeborne.selenide.impl.WebElementSelector.findElement(WebElementSelector.java:59)\n\tat com.codeborne.selenide.impl.WebElementSelector.findElement(WebElementSelector.java:34)\n\tat com.codeborne.selenide.impl.BySelectorCollection.getElement(BySelectorCollection.java:51)\n\tat com.codeborne.selenide.impl.CollectionElement.getWebElement(CollectionElement.java:46)\n\tat com.codeborne.selenide.impl.WebElementSource.checkCondition(WebElementSource.java:99)\n\t... 37 more\n"},"stage":"finished","steps":[],"attachments":[{"name":"Screenshot","source":"16278393-0b98-4669-89a9-4ff29d18621a-attachment.png","type":"image/png"}],"parameters":[],"start":1625582287160,"stop":1625582307947}],"attachments":[],"parameters":[{"name":"arg3","value":""},{"name":"arg2","value":""},{"name":"platform","value":"Mac"},{"name":"arg1","value":"RCG1234"},{"name":"browser","value":"chrome"},{"name":"arg0","value":"syed.rcg"}],"start":1625582178633,"stop":1625582307954,"uuid":"f296910c-7588-4464-afe7-20df5f1e250c","historyId":"86a1bda5a00d6238984952b6c4b39e3c","fullName":"abekaUISuite.ParentTestCaseSuiteTest.testValidateStudentAbleToCompleteDigitalAssessmentSuccessfully","labels":[{"name":"package","value":"abekaUISuite.ParentTestCaseSuiteTest"},{"name":"testClass","value":"abekaUISuite.ParentTestCaseSuiteTest"},{"name":"testMethod","value":"testValidateStudentAbleToCompleteDigitalAssessmentSuccessfully"},{"name":"parentSuite","value":"All Test Suite"},{"name":"suite","value":"Smoke Suite test"},{"name":"subSuite","value":"abekaUISuite.ParentTestCaseSuiteTest"},{"name":"host","value":"Admins-MacBook-Pro.local"},{"name":"thread","value":"9067@Admins-MacBook-Pro.local.main(1)"},{"name":"framework","value":"testng"},{"name":"language","value":"java"}],"links":[]}